Apr  2 20:39:40.014 2021@LM_INFO@Init QY_Log_Report Succ...
Apr  2 20:39:40.014 2021@LM_INFO@Size of ROLE_NAME_STRUCT 44 .
Apr  2 20:39:40.015 2021@LM_INFO@Need 90768 bytes MMAP Memory, Hold 1019 Role .
Apr  2 20:39:44.820 2021@LM_INFO@Name_Role_Name_Mgr::InitRoleNameMgr Succ.
Apr  2 20:39:44.821 2021@LM_INFO@Pkg_Malloc_Mgr::Pkg_Malloc_Mgr init num256.
Apr  2 20:39:45.127 2021@LM_INFO@TransMangerWithNotify<ACE_MT_SYNCH>::ActiveNotifyTask before TaskClone(), index=0
Apr  2 20:39:45.129 2021@LM_INFO@TransMangerWithNotify<ACE_MT_SYNCH>::ActiveNotifyTask before TaskClone(), index=1
Apr  2 20:39:45.131 2021@LM_INFO@TransMangerWithNotify<ACE_MT_SYNCH>::ActiveNotifyTask before TaskClone(), index=2
Apr  2 20:39:45.134 2021@LM_INFO@TransMangerWithNotify<ACE_MT_SYNCH>::ActiveNotifyTask before TaskClone(), index=3
Apr  2 20:39:45.140 2021@LM_INFO@Get config db data server_type_=1,server_id_=1000001,lan_ip=2130706433,lan_port=11001,wan_ip_1=0,wan_port_1=0,wan_ip_2=0,wan_port_2=0,udp_lan_ip=0, udp_wan_ip=0, udp_port=0, set_no_=1, game_set_id=0,idc_no_=0,cfg_info_=.
Apr  2 20:39:45.142 2021@LM_INFO@Get config db data server_type_=2,server_id_=1000001,lan_ip=2130706433,lan_port=12001,wan_ip_1=0,wan_port_1=0,wan_ip_2=0,wan_port_2=0,udp_lan_ip=0, udp_wan_ip=0, udp_port=0, set_no_=1, game_set_id=0,idc_no_=0,cfg_info_=.
Apr  2 20:39:45.144 2021@LM_INFO@Get config db data server_type_=3,server_id_=1000001,lan_ip=2130706433,lan_port=13001,wan_ip_1=3232286820,wan_port_1=13001,wan_ip_2=0,wan_port_2=0,udp_lan_ip=0, udp_wan_ip=0, udp_port=0, set_no_=1, game_set_id=0,idc_no_=0,cfg_info_=.
Apr  2 20:39:45.146 2021@LM_INFO@Get config db data server_type_=4,server_id_=1000001,lan_ip=2130706433,lan_port=14001,wan_ip_1=0,wan_port_1=0,wan_ip_2=0,wan_port_2=0,udp_lan_ip=0, udp_wan_ip=0, udp_port=0, set_no_=1, game_set_id=0,idc_no_=0,cfg_info_=.
Apr  2 20:39:45.147 2021@LM_INFO@Get config db data server_type_=5,server_id_=1000001,lan_ip=2130706433,lan_port=15001,wan_ip_1=0,wan_port_1=0,wan_ip_2=0,wan_port_2=0,udp_lan_ip=0, udp_wan_ip=0, udp_port=0, set_no_=1, game_set_id=0,idc_no_=0,cfg_info_=.
Apr  2 20:39:45.149 2021@LM_INFO@Get config db data server_type_=6,server_id_=1000001,lan_ip=2130706433,lan_port=16001,wan_ip_1=3232286820,wan_port_1=16001,wan_ip_2=0,wan_port_2=0,udp_lan_ip=0, udp_wan_ip=0, udp_port=0, set_no_=1, game_set_id=0,idc_no_=0,cfg_info_=.
Apr  2 20:39:45.151 2021@LM_INFO@Get config db data server_type_=7,server_id_=1000001,lan_ip=2130706433,lan_port=17001,wan_ip_1=0,wan_port_1=0,wan_ip_2=0,wan_port_2=0,udp_lan_ip=0, udp_wan_ip=0, udp_port=0, set_no_=1, game_set_id=0,idc_no_=0,cfg_info_=.
Apr  2 20:39:45.153 2021@LM_INFO@Get config db data server_type_=10,server_id_=1000001,lan_ip=2130706433,lan_port=20001,wan_ip_1=0,wan_port_1=0,wan_ip_2=0,wan_port_2=0,udp_lan_ip=0, udp_wan_ip=0, udp_port=0, set_no_=1, game_set_id=0,idc_no_=0,cfg_info_=.
Apr  2 20:39:45.155 2021@LM_INFO@Get config db data server_type_=12,server_id_=1000001,lan_ip=2130706433,lan_port=22001,wan_ip_1=0,wan_port_1=0,wan_ip_2=0,wan_port_2=0,udp_lan_ip=0, udp_wan_ip=0, udp_port=0, set_no_=1, game_set_id=0,idc_no_=0,cfg_info_=.
Apr  2 20:39:45.157 2021@LM_INFO@Get config db data server_type_=13,server_id_=1000001,lan_ip=2130706433,lan_port=23001,wan_ip_1=0,wan_port_1=0,wan_ip_2=0,wan_port_2=0,udp_lan_ip=0, udp_wan_ip=0, udp_port=0, set_no_=1, game_set_id=0,idc_no_=0,cfg_info_=.
Apr  2 20:39:45.159 2021@LM_INFO@Get config db data server_type_=14,server_id_=1000001,lan_ip=2130706433,lan_port=24001,wan_ip_1=0,wan_port_1=0,wan_ip_2=0,wan_port_2=0,udp_lan_ip=0, udp_wan_ip=0, udp_port=0, set_no_=1, game_set_id=0,idc_no_=0,cfg_info_=.
Apr  2 20:39:45.161 2021@LM_INFO@Get config db data server_type_=15,server_id_=1000001,lan_ip=2130706433,lan_port=25001,wan_ip_1=0,wan_port_1=0,wan_ip_2=0,wan_port_2=0,udp_lan_ip=0, udp_wan_ip=0, udp_port=0, set_no_=1, game_set_id=0,idc_no_=0,cfg_info_=.
Apr  2 20:39:45.163 2021@LM_INFO@Get config db data server_type_=17,server_id_=1000001,lan_ip=2130706433,lan_port=27001,wan_ip_1=0,wan_port_1=0,wan_ip_2=0,wan_port_2=0,udp_lan_ip=0, udp_wan_ip=0, udp_port=0, set_no_=1, game_set_id=0,idc_no_=0,cfg_info_=.
Apr  2 20:39:45.165 2021@LM_INFO@Get config db data server_type_=18,server_id_=1000001,lan_ip=2130706433,lan_port=28001,wan_ip_1=0,wan_port_1=0,wan_ip_2=0,wan_port_2=0,udp_lan_ip=0, udp_wan_ip=0, udp_port=0, set_no_=1, game_set_id=0,idc_no_=0,cfg_info_=.
Apr  2 20:39:45.167 2021@LM_INFO@Get config db data server_type_=19,server_id_=1000001,lan_ip=2130706433,lan_port=29001,wan_ip_1=0,wan_port_1=0,wan_ip_2=0,wan_port_2=0,udp_lan_ip=0, udp_wan_ip=0, udp_port=0, set_no_=1, game_set_id=0,idc_no_=0,cfg_info_=.
Apr  2 20:39:45.168 2021@LM_INFO@Get config db data server_type_=20,server_id_=1000001,lan_ip=2130706433,lan_port=30001,wan_ip_1=3232286820,wan_port_1=0,wan_ip_2=0,wan_port_2=0,udp_lan_ip=0, udp_wan_ip=0, udp_port=0, set_no_=1, game_set_id=0,idc_no_=0,cfg_info_=.
Apr  2 20:39:45.170 2021@LM_INFO@Get config db data server_type_=21,server_id_=1000001,lan_ip=2130706433,lan_port=31001,wan_ip_1=0,wan_port_1=0,wan_ip_2=0,wan_port_2=0,udp_lan_ip=0, udp_wan_ip=0, udp_port=0, set_no_=1, game_set_id=0,idc_no_=0,cfg_info_=.
Apr  2 20:39:45.172 2021@LM_INFO@Get config db data server_type_=22,server_id_=1000001,lan_ip=2130706433,lan_port=32001,wan_ip_1=0,wan_port_1=0,wan_ip_2=0,wan_port_2=0,udp_lan_ip=2130706433, udp_wan_ip=3232286820, udp_port=52431, set_no_=1, game_set_id=0,idc_no_=0,cfg_info_=.
Apr  2 20:39:45.174 2021@LM_INFO@Get config db data server_type_=8,server_id_=1001101,lan_ip=2130706433,lan_port=18001,wan_ip_1=0,wan_port_1=0,wan_ip_2=0,wan_port_2=0,udp_lan_ip=0, udp_wan_ip=0, udp_port=0, set_no_=1, game_set_id=11,idc_no_=0,cfg_info_=.
Apr  2 20:39:45.176 2021@LM_INFO@Get config db data server_type_=9,server_id_=1001101,lan_ip=2130706433,lan_port=19001,wan_ip_1=0,wan_port_1=0,wan_ip_2=0,wan_port_2=0,udp_lan_ip=0, udp_wan_ip=0, udp_port=0, set_no_=1, game_set_id=11,idc_no_=0,cfg_info_=.
Apr  2 20:39:45.178 2021@LM_INFO@Get config db data server_type_=11,server_id_=1001101,lan_ip=2130706433,lan_port=21001,wan_ip_1=0,wan_port_1=0,wan_ip_2=0,wan_port_2=0,udp_lan_ip=0, udp_wan_ip=0, udp_port=0, set_no_=1, game_set_id=11,idc_no_=0,cfg_info_=.
Apr  2 20:39:45.180 2021@LM_INFO@Get config db data server_type_=8,server_id_=1001201,lan_ip=2130706433,lan_port=18002,wan_ip_1=0,wan_port_1=0,wan_ip_2=0,wan_port_2=0,udp_lan_ip=0, udp_wan_ip=0, udp_port=0, set_no_=1, game_set_id=12,idc_no_=0,cfg_info_=.
Apr  2 20:39:45.182 2021@LM_INFO@Get config db data server_type_=9,server_id_=1001201,lan_ip=2130706433,lan_port=19002,wan_ip_1=0,wan_port_1=0,wan_ip_2=0,wan_port_2=0,udp_lan_ip=0, udp_wan_ip=0, udp_port=0, set_no_=1, game_set_id=12,idc_no_=0,cfg_info_=.
Apr  2 20:39:45.184 2021@LM_INFO@Get config db data server_type_=11,server_id_=1001201,lan_ip=2130706433,lan_port=21002,wan_ip_1=0,wan_port_1=0,wan_ip_2=0,wan_port_2=0,udp_lan_ip=0, udp_wan_ip=0, udp_port=0, set_no_=1, game_set_id=12,idc_no_=0,cfg_info_=.
Apr  2 20:39:45.187 2021@LM_INFO@ReLoadSvrList server_info set_no:1, svr_info:8|1001201.
Apr  2 20:39:45.187 2021@LM_INFO@ReLoadSvrList server_info set_no:1, svr_info:19|1000001.
Apr  2 20:39:45.188 2021@LM_INFO@ReLoadSvrList server_info set_no:1, svr_info:13|1000001.
Apr  2 20:39:45.189 2021@LM_INFO@ReLoadSvrList server_info set_no:1, svr_info:10|1000001.
Apr  2 20:39:45.190 2021@LM_INFO@ReLoadSvrList server_info set_no:1, svr_info:7|1000001.
Apr  2 20:39:45.191 2021@LM_INFO@ReLoadSvrList server_info set_no:1, svr_info:4|1000001.
Apr  2 20:39:45.191 2021@LM_INFO@ReLoadSvrList server_info set_no:1, svr_info:1|1000001.
Apr  2 20:39:45.192 2021@LM_INFO@ReLoadSvrList server_info set_no:1, svr_info:21|1000001.
Apr  2 20:39:45.192 2021@LM_INFO@ReLoadSvrList server_info set_no:1, svr_info:18|1000001.
Apr  2 20:39:45.193 2021@LM_INFO@ReLoadSvrList server_info set_no:1, svr_info:15|1000001.
Apr  2 20:39:45.193 2021@LM_INFO@ReLoadSvrList server_info set_no:1, svr_info:12|1000001.
Apr  2 20:39:45.194 2021@LM_INFO@ReLoadSvrList server_info set_no:1, svr_info:6|1000001.
Apr  2 20:39:45.195 2021@LM_INFO@ReLoadSvrList server_info set_no:1, svr_info:3|1000001.
Apr  2 20:39:45.196 2021@LM_INFO@ReLoadSvrList server_info set_no:1, svr_info:9|1001101.
Apr  2 20:39:45.197 2021@LM_INFO@ReLoadSvrList server_info set_no:1, svr_info:9|1001201.
Apr  2 20:39:45.197 2021@LM_INFO@ReLoadSvrList server_info set_no:1, svr_info:20|1000001.
Apr  2 20:39:45.198 2021@LM_INFO@ReLoadSvrList server_info set_no:1, svr_info:17|1000001.
Apr  2 20:39:45.199 2021@LM_INFO@ReLoadSvrList server_info set_no:1, svr_info:14|1000001.
Apr  2 20:39:45.200 2021@LM_INFO@ReLoadSvrList server_info set_no:1, svr_info:5|1000001.
Apr  2 20:39:45.200 2021@LM_INFO@ReLoadSvrList server_info set_no:1, svr_info:2|1000001.
Apr  2 20:39:45.201 2021@LM_INFO@ReLoadSvrList server_info set_no:1, svr_info:11|1001101.
Apr  2 20:39:45.201 2021@LM_INFO@ReLoadSvrList server_info set_no:1, svr_info:11|1001201.
Apr  2 20:39:45.201 2021@LM_INFO@ReLoadSvrList server_info set_no:1, svr_info:22|1000001.
Apr  2 20:39:45.202 2021@LM_INFO@ReLoadSvrList server_info set_no:1, svr_info:8|1001101.
Apr  2 20:39:45.202 2021@LM_INFO@Read Server Configure File. [./cfg/namesvrd.conf] .
Apr  2 20:39:45.202 2021@LM_INFO@Read CommSvrd Server Configure File. [./cfg/namesvrd.conf] .
Apr  2 20:39:45.291 2021@LM_INFO@Inst_Name_Svrd_App::InitInstance end.
Apr  2 20:39:45.291 2021@LM_INFO@Inst_Name_Svrd_App::Run.
Apr  2 20:55:31.062 2021@LM_INFO@Init QY_Log_Report Succ...
Apr  2 20:55:31.328 2021@LM_INFO@Size of ROLE_NAME_STRUCT 44 .
Apr  2 20:55:31.334 2021@LM_INFO@Need 90768 bytes MMAP Memory, Hold 1019 Role .
Apr  2 20:56:01.165 2021@LM_INFO@Name_Role_Name_Mgr::InitRoleNameMgr Succ.
Apr  2 20:56:01.165 2021@LM_INFO@Pkg_Malloc_Mgr::Pkg_Malloc_Mgr init num256.
Apr  2 20:56:01.391 2021@LM_INFO@TransMangerWithNotify<ACE_MT_SYNCH>::ActiveNotifyTask before TaskClone(), index=0
Apr  2 20:56:01.392 2021@LM_INFO@TransMangerWithNotify<ACE_MT_SYNCH>::ActiveNotifyTask before TaskClone(), index=1
Apr  2 20:56:01.392 2021@LM_INFO@TransMangerWithNotify<ACE_MT_SYNCH>::ActiveNotifyTask before TaskClone(), index=2
Apr  2 20:56:01.394 2021@LM_INFO@TransMangerWithNotify<ACE_MT_SYNCH>::ActiveNotifyTask before TaskClone(), index=3
Apr  2 20:56:01.396 2021@LM_INFO@Get config db data server_type_=1,server_id_=1000001,lan_ip=2130706433,lan_port=11001,wan_ip_1=0,wan_port_1=0,wan_ip_2=0,wan_port_2=0,udp_lan_ip=0, udp_wan_ip=0, udp_port=0, set_no_=1, game_set_id=0,idc_no_=0,cfg_info_=.
Apr  2 20:56:01.397 2021@LM_INFO@Get config db data server_type_=2,server_id_=1000001,lan_ip=2130706433,lan_port=12001,wan_ip_1=0,wan_port_1=0,wan_ip_2=0,wan_port_2=0,udp_lan_ip=0, udp_wan_ip=0, udp_port=0, set_no_=1, game_set_id=0,idc_no_=0,cfg_info_=.
Apr  2 20:56:01.398 2021@LM_INFO@Get config db data server_type_=3,server_id_=1000001,lan_ip=2130706433,lan_port=13001,wan_ip_1=3232286820,wan_port_1=13001,wan_ip_2=0,wan_port_2=0,udp_lan_ip=0, udp_wan_ip=0, udp_port=0, set_no_=1, game_set_id=0,idc_no_=0,cfg_info_=.
Apr  2 20:56:01.399 2021@LM_INFO@Get config db data server_type_=4,server_id_=1000001,lan_ip=2130706433,lan_port=14001,wan_ip_1=0,wan_port_1=0,wan_ip_2=0,wan_port_2=0,udp_lan_ip=0, udp_wan_ip=0, udp_port=0, set_no_=1, game_set_id=0,idc_no_=0,cfg_info_=.
Apr  2 20:56:01.402 2021@LM_INFO@Get config db data server_type_=5,server_id_=1000001,lan_ip=2130706433,lan_port=15001,wan_ip_1=0,wan_port_1=0,wan_ip_2=0,wan_port_2=0,udp_lan_ip=0, udp_wan_ip=0, udp_port=0, set_no_=1, game_set_id=0,idc_no_=0,cfg_info_=.
Apr  2 20:56:01.405 2021@LM_INFO@Get config db data server_type_=6,server_id_=1000001,lan_ip=2130706433,lan_port=16001,wan_ip_1=3232286820,wan_port_1=16001,wan_ip_2=0,wan_port_2=0,udp_lan_ip=0, udp_wan_ip=0, udp_port=0, set_no_=1, game_set_id=0,idc_no_=0,cfg_info_=.
Apr  2 20:56:01.408 2021@LM_INFO@Get config db data server_type_=7,server_id_=1000001,lan_ip=2130706433,lan_port=17001,wan_ip_1=0,wan_port_1=0,wan_ip_2=0,wan_port_2=0,udp_lan_ip=0, udp_wan_ip=0, udp_port=0, set_no_=1, game_set_id=0,idc_no_=0,cfg_info_=.
Apr  2 20:56:01.410 2021@LM_INFO@Get config db data server_type_=10,server_id_=1000001,lan_ip=2130706433,lan_port=20001,wan_ip_1=0,wan_port_1=0,wan_ip_2=0,wan_port_2=0,udp_lan_ip=0, udp_wan_ip=0, udp_port=0, set_no_=1, game_set_id=0,idc_no_=0,cfg_info_=.
Apr  2 20:56:01.418 2021@LM_INFO@Get config db data server_type_=12,server_id_=1000001,lan_ip=2130706433,lan_port=22001,wan_ip_1=0,wan_port_1=0,wan_ip_2=0,wan_port_2=0,udp_lan_ip=0, udp_wan_ip=0, udp_port=0, set_no_=1, game_set_id=0,idc_no_=0,cfg_info_=.
Apr  2 20:56:01.424 2021@LM_INFO@Get config db data server_type_=13,server_id_=1000001,lan_ip=2130706433,lan_port=23001,wan_ip_1=0,wan_port_1=0,wan_ip_2=0,wan_port_2=0,udp_lan_ip=0, udp_wan_ip=0, udp_port=0, set_no_=1, game_set_id=0,idc_no_=0,cfg_info_=.
Apr  2 20:56:01.427 2021@LM_INFO@Get config db data server_type_=14,server_id_=1000001,lan_ip=2130706433,lan_port=24001,wan_ip_1=0,wan_port_1=0,wan_ip_2=0,wan_port_2=0,udp_lan_ip=0, udp_wan_ip=0, udp_port=0, set_no_=1, game_set_id=0,idc_no_=0,cfg_info_=.
Apr  2 20:56:01.429 2021@LM_INFO@Get config db data server_type_=15,server_id_=1000001,lan_ip=2130706433,lan_port=25001,wan_ip_1=0,wan_port_1=0,wan_ip_2=0,wan_port_2=0,udp_lan_ip=0, udp_wan_ip=0, udp_port=0, set_no_=1, game_set_id=0,idc_no_=0,cfg_info_=.
Apr  2 20:56:01.431 2021@LM_INFO@Get config db data server_type_=17,server_id_=1000001,lan_ip=2130706433,lan_port=27001,wan_ip_1=0,wan_port_1=0,wan_ip_2=0,wan_port_2=0,udp_lan_ip=0, udp_wan_ip=0, udp_port=0, set_no_=1, game_set_id=0,idc_no_=0,cfg_info_=.
Apr  2 20:56:01.435 2021@LM_INFO@Get config db data server_type_=18,server_id_=1000001,lan_ip=2130706433,lan_port=28001,wan_ip_1=0,wan_port_1=0,wan_ip_2=0,wan_port_2=0,udp_lan_ip=0, udp_wan_ip=0, udp_port=0, set_no_=1, game_set_id=0,idc_no_=0,cfg_info_=.
Apr  2 20:56:01.437 2021@LM_INFO@Get config db data server_type_=19,server_id_=1000001,lan_ip=2130706433,lan_port=29001,wan_ip_1=0,wan_port_1=0,wan_ip_2=0,wan_port_2=0,udp_lan_ip=0, udp_wan_ip=0, udp_port=0, set_no_=1, game_set_id=0,idc_no_=0,cfg_info_=.
Apr  2 20:56:01.439 2021@LM_INFO@Get config db data server_type_=20,server_id_=1000001,lan_ip=2130706433,lan_port=30001,wan_ip_1=3232286820,wan_port_1=0,wan_ip_2=0,wan_port_2=0,udp_lan_ip=0, udp_wan_ip=0, udp_port=0, set_no_=1, game_set_id=0,idc_no_=0,cfg_info_=.
Apr  2 20:56:01.441 2021@LM_INFO@Get config db data server_type_=21,server_id_=1000001,lan_ip=2130706433,lan_port=31001,wan_ip_1=0,wan_port_1=0,wan_ip_2=0,wan_port_2=0,udp_lan_ip=0, udp_wan_ip=0, udp_port=0, set_no_=1, game_set_id=0,idc_no_=0,cfg_info_=.
Apr  2 20:56:01.443 2021@LM_INFO@Get config db data server_type_=22,server_id_=1000001,lan_ip=2130706433,lan_port=32001,wan_ip_1=0,wan_port_1=0,wan_ip_2=0,wan_port_2=0,udp_lan_ip=2130706433, udp_wan_ip=3232286820, udp_port=52431, set_no_=1, game_set_id=0,idc_no_=0,cfg_info_=.
Apr  2 20:56:01.445 2021@LM_INFO@Get config db data server_type_=8,server_id_=1001101,lan_ip=2130706433,lan_port=18001,wan_ip_1=0,wan_port_1=0,wan_ip_2=0,wan_port_2=0,udp_lan_ip=0, udp_wan_ip=0, udp_port=0, set_no_=1, game_set_id=11,idc_no_=0,cfg_info_=.
Apr  2 20:56:01.448 2021@LM_INFO@Get config db data server_type_=9,server_id_=1001101,lan_ip=2130706433,lan_port=19001,wan_ip_1=0,wan_port_1=0,wan_ip_2=0,wan_port_2=0,udp_lan_ip=0, udp_wan_ip=0, udp_port=0, set_no_=1, game_set_id=11,idc_no_=0,cfg_info_=.
Apr  2 20:56:01.451 2021@LM_INFO@Get config db data server_type_=11,server_id_=1001101,lan_ip=2130706433,lan_port=21001,wan_ip_1=0,wan_port_1=0,wan_ip_2=0,wan_port_2=0,udp_lan_ip=0, udp_wan_ip=0, udp_port=0, set_no_=1, game_set_id=11,idc_no_=0,cfg_info_=.
Apr  2 20:56:01.453 2021@LM_INFO@Get config db data server_type_=8,server_id_=1001201,lan_ip=2130706433,lan_port=18002,wan_ip_1=0,wan_port_1=0,wan_ip_2=0,wan_port_2=0,udp_lan_ip=0, udp_wan_ip=0, udp_port=0, set_no_=1, game_set_id=12,idc_no_=0,cfg_info_=.
Apr  2 20:56:01.455 2021@LM_INFO@Get config db data server_type_=9,server_id_=1001201,lan_ip=2130706433,lan_port=19002,wan_ip_1=0,wan_port_1=0,wan_ip_2=0,wan_port_2=0,udp_lan_ip=0, udp_wan_ip=0, udp_port=0, set_no_=1, game_set_id=12,idc_no_=0,cfg_info_=.
Apr  2 20:56:01.458 2021@LM_INFO@Get config db data server_type_=11,server_id_=1001201,lan_ip=2130706433,lan_port=21002,wan_ip_1=0,wan_port_1=0,wan_ip_2=0,wan_port_2=0,udp_lan_ip=0, udp_wan_ip=0, udp_port=0, set_no_=1, game_set_id=12,idc_no_=0,cfg_info_=.
Apr  2 20:56:01.460 2021@LM_INFO@ReLoadSvrList server_info set_no:1, svr_info:8|1001201.
Apr  2 20:56:01.461 2021@LM_INFO@ReLoadSvrList server_info set_no:1, svr_info:19|1000001.
Apr  2 20:56:01.462 2021@LM_INFO@ReLoadSvrList server_info set_no:1, svr_info:13|1000001.
Apr  2 20:56:01.463 2021@LM_INFO@ReLoadSvrList server_info set_no:1, svr_info:10|1000001.
Apr  2 20:56:01.464 2021@LM_INFO@ReLoadSvrList server_info set_no:1, svr_info:7|1000001.
Apr  2 20:56:01.465 2021@LM_INFO@ReLoadSvrList server_info set_no:1, svr_info:4|1000001.
Apr  2 20:56:01.466 2021@LM_INFO@ReLoadSvrList server_info set_no:1, svr_info:1|1000001.
Apr  2 20:56:01.467 2021@LM_INFO@ReLoadSvrList server_info set_no:1, svr_info:21|1000001.
Apr  2 20:56:01.468 2021@LM_INFO@ReLoadSvrList server_info set_no:1, svr_info:18|1000001.
Apr  2 20:56:01.469 2021@LM_INFO@ReLoadSvrList server_info set_no:1, svr_info:15|1000001.
Apr  2 20:56:01.470 2021@LM_INFO@ReLoadSvrList server_info set_no:1, svr_info:12|1000001.
Apr  2 20:56:01.471 2021@LM_INFO@ReLoadSvrList server_info set_no:1, svr_info:6|1000001.
Apr  2 20:56:01.472 2021@LM_INFO@ReLoadSvrList server_info set_no:1, svr_info:3|1000001.
Apr  2 20:56:01.472 2021@LM_INFO@ReLoadSvrList server_info set_no:1, svr_info:9|1001101.
Apr  2 20:56:01.473 2021@LM_INFO@ReLoadSvrList server_info set_no:1, svr_info:9|1001201.
Apr  2 20:56:01.474 2021@LM_INFO@ReLoadSvrList server_info set_no:1, svr_info:20|1000001.
Apr  2 20:56:01.475 2021@LM_INFO@ReLoadSvrList server_info set_no:1, svr_info:17|1000001.
Apr  2 20:56:01.476 2021@LM_INFO@ReLoadSvrList server_info set_no:1, svr_info:14|1000001.
Apr  2 20:56:01.476 2021@LM_INFO@ReLoadSvrList server_info set_no:1, svr_info:5|1000001.
Apr  2 20:56:01.476 2021@LM_INFO@ReLoadSvrList server_info set_no:1, svr_info:2|1000001.
Apr  2 20:56:01.477 2021@LM_INFO@ReLoadSvrList server_info set_no:1, svr_info:11|1001101.
Apr  2 20:56:01.477 2021@LM_INFO@ReLoadSvrList server_info set_no:1, svr_info:11|1001201.
Apr  2 20:56:01.477 2021@LM_INFO@ReLoadSvrList server_info set_no:1, svr_info:22|1000001.
Apr  2 20:56:01.478 2021@LM_INFO@ReLoadSvrList server_info set_no:1, svr_info:8|1001101.
Apr  2 20:56:01.478 2021@LM_INFO@Read Server Configure File. [./cfg/namesvrd.conf] .
Apr  2 20:56:01.510 2021@LM_INFO@Read CommSvrd Server Configure File. [./cfg/namesvrd.conf] .
Apr  2 20:56:01.523 2021@LM_INFO@Inst_Name_Svrd_App::InitInstance end.
Apr  2 20:56:01.523 2021@LM_INFO@Inst_Name_Svrd_App::Run.
Apr  2 21:04:37.557 2021@LM_ERROR@Name_Role_Name_Mgr::ROLE_NAME_TEST1 LouLx
Apr  2 21:04:45.159 2021@LM_ERROR@Name_Role_Name_Mgr::ROLE_NAME_TEST1 高雅鄒康順
Apr  2 21:05:19.645 2021@LM_ERROR@Name_Role_Name_Mgr::ROLE_NAME_TEST1 脫俗的婁乘雲
Apr  2 21:06:00.338 2021@LM_ERROR@Name_Role_Name_Mgr::ROLE_NAME_TEST1 LouLX1
Apr  2 21:21:42.969 2021@LM_INFO@Init QY_Log_Report Succ...
Apr  2 21:21:43.015 2021@LM_INFO@Size of ROLE_NAME_STRUCT 44 .
Apr  2 21:21:43.015 2021@LM_INFO@Need 90768 bytes MMAP Memory, Hold 1019 Role .
Apr  2 21:21:43.842 2021@LM_INFO@Name_Role_Name_Mgr::InitRoleNameMgr Succ.
Apr  2 21:21:43.842 2021@LM_INFO@Pkg_Malloc_Mgr::Pkg_Malloc_Mgr init num256.
Apr  2 21:21:43.868 2021@LM_INFO@TransMangerWithNotify<ACE_MT_SYNCH>::ActiveNotifyTask before TaskClone(), index=0
Apr  2 21:21:43.869 2021@LM_INFO@TransMangerWithNotify<ACE_MT_SYNCH>::ActiveNotifyTask before TaskClone(), index=1
Apr  2 21:21:43.870 2021@LM_INFO@TransMangerWithNotify<ACE_MT_SYNCH>::ActiveNotifyTask before TaskClone(), index=2
Apr  2 21:21:43.871 2021@LM_INFO@TransMangerWithNotify<ACE_MT_SYNCH>::ActiveNotifyTask before TaskClone(), index=3
Apr  2 21:21:43.874 2021@LM_INFO@Get config db data server_type_=1,server_id_=1000001,lan_ip=2130706433,lan_port=11001,wan_ip_1=0,wan_port_1=0,wan_ip_2=0,wan_port_2=0,udp_lan_ip=0, udp_wan_ip=0, udp_port=0, set_no_=1, game_set_id=0,idc_no_=0,cfg_info_=.
Apr  2 21:21:43.875 2021@LM_INFO@Get config db data server_type_=2,server_id_=1000001,lan_ip=2130706433,lan_port=12001,wan_ip_1=0,wan_port_1=0,wan_ip_2=0,wan_port_2=0,udp_lan_ip=0, udp_wan_ip=0, udp_port=0, set_no_=1, game_set_id=0,idc_no_=0,cfg_info_=.
Apr  2 21:21:43.877 2021@LM_INFO@Get config db data server_type_=3,server_id_=1000001,lan_ip=2130706433,lan_port=13001,wan_ip_1=3232286820,wan_port_1=13001,wan_ip_2=0,wan_port_2=0,udp_lan_ip=0, udp_wan_ip=0, udp_port=0, set_no_=1, game_set_id=0,idc_no_=0,cfg_info_=.
Apr  2 21:21:43.878 2021@LM_INFO@Get config db data server_type_=4,server_id_=1000001,lan_ip=2130706433,lan_port=14001,wan_ip_1=0,wan_port_1=0,wan_ip_2=0,wan_port_2=0,udp_lan_ip=0, udp_wan_ip=0, udp_port=0, set_no_=1, game_set_id=0,idc_no_=0,cfg_info_=.
Apr  2 21:21:43.880 2021@LM_INFO@Get config db data server_type_=5,server_id_=1000001,lan_ip=2130706433,lan_port=15001,wan_ip_1=0,wan_port_1=0,wan_ip_2=0,wan_port_2=0,udp_lan_ip=0, udp_wan_ip=0, udp_port=0, set_no_=1, game_set_id=0,idc_no_=0,cfg_info_=.
Apr  2 21:21:43.882 2021@LM_INFO@Get config db data server_type_=6,server_id_=1000001,lan_ip=2130706433,lan_port=16001,wan_ip_1=3232286820,wan_port_1=16001,wan_ip_2=0,wan_port_2=0,udp_lan_ip=0, udp_wan_ip=0, udp_port=0, set_no_=1, game_set_id=0,idc_no_=0,cfg_info_=.
Apr  2 21:21:43.884 2021@LM_INFO@Get config db data server_type_=7,server_id_=1000001,lan_ip=2130706433,lan_port=17001,wan_ip_1=0,wan_port_1=0,wan_ip_2=0,wan_port_2=0,udp_lan_ip=0, udp_wan_ip=0, udp_port=0, set_no_=1, game_set_id=0,idc_no_=0,cfg_info_=.
Apr  2 21:21:43.885 2021@LM_INFO@Get config db data server_type_=10,server_id_=1000001,lan_ip=2130706433,lan_port=20001,wan_ip_1=0,wan_port_1=0,wan_ip_2=0,wan_port_2=0,udp_lan_ip=0, udp_wan_ip=0, udp_port=0, set_no_=1, game_set_id=0,idc_no_=0,cfg_info_=.
Apr  2 21:21:43.887 2021@LM_INFO@Get config db data server_type_=12,server_id_=1000001,lan_ip=2130706433,lan_port=22001,wan_ip_1=0,wan_port_1=0,wan_ip_2=0,wan_port_2=0,udp_lan_ip=0, udp_wan_ip=0, udp_port=0, set_no_=1, game_set_id=0,idc_no_=0,cfg_info_=.
Apr  2 21:21:43.889 2021@LM_INFO@Get config db data server_type_=13,server_id_=1000001,lan_ip=2130706433,lan_port=23001,wan_ip_1=0,wan_port_1=0,wan_ip_2=0,wan_port_2=0,udp_lan_ip=0, udp_wan_ip=0, udp_port=0, set_no_=1, game_set_id=0,idc_no_=0,cfg_info_=.
Apr  2 21:21:43.891 2021@LM_INFO@Get config db data server_type_=14,server_id_=1000001,lan_ip=2130706433,lan_port=24001,wan_ip_1=0,wan_port_1=0,wan_ip_2=0,wan_port_2=0,udp_lan_ip=0, udp_wan_ip=0, udp_port=0, set_no_=1, game_set_id=0,idc_no_=0,cfg_info_=.
Apr  2 21:21:43.893 2021@LM_INFO@Get config db data server_type_=15,server_id_=1000001,lan_ip=2130706433,lan_port=25001,wan_ip_1=0,wan_port_1=0,wan_ip_2=0,wan_port_2=0,udp_lan_ip=0, udp_wan_ip=0, udp_port=0, set_no_=1, game_set_id=0,idc_no_=0,cfg_info_=.
Apr  2 21:21:43.895 2021@LM_INFO@Get config db data server_type_=17,server_id_=1000001,lan_ip=2130706433,lan_port=27001,wan_ip_1=0,wan_port_1=0,wan_ip_2=0,wan_port_2=0,udp_lan_ip=0, udp_wan_ip=0, udp_port=0, set_no_=1, game_set_id=0,idc_no_=0,cfg_info_=.
Apr  2 21:21:43.897 2021@LM_INFO@Get config db data server_type_=18,server_id_=1000001,lan_ip=2130706433,lan_port=28001,wan_ip_1=0,wan_port_1=0,wan_ip_2=0,wan_port_2=0,udp_lan_ip=0, udp_wan_ip=0, udp_port=0, set_no_=1, game_set_id=0,idc_no_=0,cfg_info_=.
Apr  2 21:21:43.898 2021@LM_INFO@Get config db data server_type_=19,server_id_=1000001,lan_ip=2130706433,lan_port=29001,wan_ip_1=0,wan_port_1=0,wan_ip_2=0,wan_port_2=0,udp_lan_ip=0, udp_wan_ip=0, udp_port=0, set_no_=1, game_set_id=0,idc_no_=0,cfg_info_=.
Apr  2 21:21:43.900 2021@LM_INFO@Get config db data server_type_=20,server_id_=1000001,lan_ip=2130706433,lan_port=30001,wan_ip_1=3232286820,wan_port_1=0,wan_ip_2=0,wan_port_2=0,udp_lan_ip=0, udp_wan_ip=0, udp_port=0, set_no_=1, game_set_id=0,idc_no_=0,cfg_info_=.
Apr  2 21:21:43.902 2021@LM_INFO@Get config db data server_type_=21,server_id_=1000001,lan_ip=2130706433,lan_port=31001,wan_ip_1=0,wan_port_1=0,wan_ip_2=0,wan_port_2=0,udp_lan_ip=0, udp_wan_ip=0, udp_port=0, set_no_=1, game_set_id=0,idc_no_=0,cfg_info_=.
Apr  2 21:21:43.904 2021@LM_INFO@Get config db data server_type_=22,server_id_=1000001,lan_ip=2130706433,lan_port=32001,wan_ip_1=0,wan_port_1=0,wan_ip_2=0,wan_port_2=0,udp_lan_ip=2130706433, udp_wan_ip=3232286820, udp_port=52431, set_no_=1, game_set_id=0,idc_no_=0,cfg_info_=.
Apr  2 21:21:43.906 2021@LM_INFO@Get config db data server_type_=8,server_id_=1001101,lan_ip=2130706433,lan_port=18001,wan_ip_1=0,wan_port_1=0,wan_ip_2=0,wan_port_2=0,udp_lan_ip=0, udp_wan_ip=0, udp_port=0, set_no_=1, game_set_id=11,idc_no_=0,cfg_info_=.
Apr  2 21:21:43.907 2021@LM_INFO@Get config db data server_type_=9,server_id_=1001101,lan_ip=2130706433,lan_port=19001,wan_ip_1=0,wan_port_1=0,wan_ip_2=0,wan_port_2=0,udp_lan_ip=0, udp_wan_ip=0, udp_port=0, set_no_=1, game_set_id=11,idc_no_=0,cfg_info_=.
Apr  2 21:21:43.910 2021@LM_INFO@Get config db data server_type_=11,server_id_=1001101,lan_ip=2130706433,lan_port=21001,wan_ip_1=0,wan_port_1=0,wan_ip_2=0,wan_port_2=0,udp_lan_ip=0, udp_wan_ip=0, udp_port=0, set_no_=1, game_set_id=11,idc_no_=0,cfg_info_=.
Apr  2 21:21:43.912 2021@LM_INFO@Get config db data server_type_=8,server_id_=1001201,lan_ip=2130706433,lan_port=18002,wan_ip_1=0,wan_port_1=0,wan_ip_2=0,wan_port_2=0,udp_lan_ip=0, udp_wan_ip=0, udp_port=0, set_no_=1, game_set_id=12,idc_no_=0,cfg_info_=.
Apr  2 21:21:43.914 2021@LM_INFO@Get config db data server_type_=9,server_id_=1001201,lan_ip=2130706433,lan_port=19002,wan_ip_1=0,wan_port_1=0,wan_ip_2=0,wan_port_2=0,udp_lan_ip=0, udp_wan_ip=0, udp_port=0, set_no_=1, game_set_id=12,idc_no_=0,cfg_info_=.
Apr  2 21:21:43.916 2021@LM_INFO@Get config db data server_type_=11,server_id_=1001201,lan_ip=2130706433,lan_port=21002,wan_ip_1=0,wan_port_1=0,wan_ip_2=0,wan_port_2=0,udp_lan_ip=0, udp_wan_ip=0, udp_port=0, set_no_=1, game_set_id=12,idc_no_=0,cfg_info_=.
Apr  2 21:21:43.919 2021@LM_INFO@ReLoadSvrList server_info set_no:1, svr_info:8|1001201.
Apr  2 21:21:43.920 2021@LM_INFO@ReLoadSvrList server_info set_no:1, svr_info:19|1000001.
Apr  2 21:21:43.921 2021@LM_INFO@ReLoadSvrList server_info set_no:1, svr_info:13|1000001.
Apr  2 21:21:43.921 2021@LM_INFO@ReLoadSvrList server_info set_no:1, svr_info:10|1000001.
Apr  2 21:21:43.922 2021@LM_INFO@ReLoadSvrList server_info set_no:1, svr_info:7|1000001.
Apr  2 21:21:43.923 2021@LM_INFO@ReLoadSvrList server_info set_no:1, svr_info:4|1000001.
Apr  2 21:21:43.923 2021@LM_INFO@ReLoadSvrList server_info set_no:1, svr_info:1|1000001.
Apr  2 21:21:43.924 2021@LM_INFO@ReLoadSvrList server_info set_no:1, svr_info:21|1000001.
Apr  2 21:21:43.924 2021@LM_INFO@ReLoadSvrList server_info set_no:1, svr_info:18|1000001.
Apr  2 21:21:43.925 2021@LM_INFO@ReLoadSvrList server_info set_no:1, svr_info:15|1000001.
Apr  2 21:21:43.925 2021@LM_INFO@ReLoadSvrList server_info set_no:1, svr_info:12|1000001.
Apr  2 21:21:43.926 2021@LM_INFO@ReLoadSvrList server_info set_no:1, svr_info:6|1000001.
Apr  2 21:21:43.927 2021@LM_INFO@ReLoadSvrList server_info set_no:1, svr_info:3|1000001.
Apr  2 21:21:43.927 2021@LM_INFO@ReLoadSvrList server_info set_no:1, svr_info:9|1001101.
Apr  2 21:21:43.928 2021@LM_INFO@ReLoadSvrList server_info set_no:1, svr_info:9|1001201.
Apr  2 21:21:43.928 2021@LM_INFO@ReLoadSvrList server_info set_no:1, svr_info:20|1000001.
Apr  2 21:21:43.928 2021@LM_INFO@ReLoadSvrList server_info set_no:1, svr_info:17|1000001.
Apr  2 21:21:43.929 2021@LM_INFO@ReLoadSvrList server_info set_no:1, svr_info:14|1000001.
Apr  2 21:21:43.929 2021@LM_INFO@ReLoadSvrList server_info set_no:1, svr_info:5|1000001.
Apr  2 21:21:43.929 2021@LM_INFO@ReLoadSvrList server_info set_no:1, svr_info:2|1000001.
Apr  2 21:21:43.930 2021@LM_INFO@ReLoadSvrList server_info set_no:1, svr_info:11|1001101.
Apr  2 21:21:43.930 2021@LM_INFO@ReLoadSvrList server_info set_no:1, svr_info:11|1001201.
Apr  2 21:21:43.930 2021@LM_INFO@ReLoadSvrList server_info set_no:1, svr_info:22|1000001.
Apr  2 21:21:43.931 2021@LM_INFO@ReLoadSvrList server_info set_no:1, svr_info:8|1001101.
Apr  2 21:21:43.931 2021@LM_INFO@Read Server Configure File. [./cfg/namesvrd.conf] .
Apr  2 21:21:43.931 2021@LM_INFO@Read CommSvrd Server Configure File. [./cfg/namesvrd.conf] .
Apr  2 21:21:43.972 2021@LM_INFO@Inst_Name_Svrd_App::InitInstance end.
Apr  2 21:21:43.972 2021@LM_INFO@Inst_Name_Svrd_App::Run.
