Mar 24 10:00:02.260 2023@LM_INFO@Init QY_Log_Report Succ...
Mar 24 10:00:02.264 2023@LM_INFO@Base_Mmap_Cache::GetMollocTotalSize i:0, size:2197340.
Mar 24 10:00:02.265 2023@LM_INFO@Base_Mmap_Cache::GetMollocTotalSize i:1, size:2902808.
Mar 24 10:00:02.270 2023@LM_INFO@Chat_Listen_Data_Mgr::InitListenMgr Succ.
Mar 24 10:00:02.270 2023@LM_INFO@Chat_Item_Data_Mgr::InitDataMgr Succ.
Mar 24 10:00:02.283 2023@LM_INFO@Get config db data server_type_=1,server_id_=1000001,lan_ip=2130706433,lan_port=11001,wan_ip_1=0,wan_port_1=0,wan_ip_2=0,wan_port_2=0,udp_lan_ip=0, udp_wan_ip=0, udp_port=0, set_no_=1, game_set_id=0,idc_no_=0,cfg_info_=.
Mar 24 10:00:02.285 2023@LM_INFO@Get config db data server_type_=2,server_id_=1000001,lan_ip=2130706433,lan_port=12001,wan_ip_1=0,wan_port_1=0,wan_ip_2=0,wan_port_2=0,udp_lan_ip=0, udp_wan_ip=0, udp_port=0, set_no_=1, game_set_id=0,idc_no_=0,cfg_info_=.
Mar 24 10:00:02.287 2023@LM_INFO@Get config db data server_type_=3,server_id_=1000001,lan_ip=2130706433,lan_port=13001,wan_ip_1=3232286820,wan_port_1=13001,wan_ip_2=0,wan_port_2=0,udp_lan_ip=0, udp_wan_ip=0, udp_port=0, set_no_=1, game_set_id=0,idc_no_=0,cfg_info_=.
Mar 24 10:00:02.288 2023@LM_INFO@Get config db data server_type_=4,server_id_=1000001,lan_ip=2130706433,lan_port=14001,wan_ip_1=0,wan_port_1=0,wan_ip_2=0,wan_port_2=0,udp_lan_ip=0, udp_wan_ip=0, udp_port=0, set_no_=1, game_set_id=0,idc_no_=0,cfg_info_=.
Mar 24 10:00:02.289 2023@LM_INFO@Get config db data server_type_=5,server_id_=1000001,lan_ip=2130706433,lan_port=15001,wan_ip_1=0,wan_port_1=0,wan_ip_2=0,wan_port_2=0,udp_lan_ip=0, udp_wan_ip=0, udp_port=0, set_no_=1, game_set_id=0,idc_no_=0,cfg_info_=.
Mar 24 10:00:02.294 2023@LM_INFO@Get config db data server_type_=6,server_id_=1000001,lan_ip=2130706433,lan_port=16001,wan_ip_1=3232286820,wan_port_1=16001,wan_ip_2=0,wan_port_2=0,udp_lan_ip=0, udp_wan_ip=0, udp_port=0, set_no_=1, game_set_id=0,idc_no_=0,cfg_info_=.
Mar 24 10:00:02.303 2023@LM_INFO@Get config db data server_type_=7,server_id_=1000001,lan_ip=2130706433,lan_port=17001,wan_ip_1=0,wan_port_1=0,wan_ip_2=0,wan_port_2=0,udp_lan_ip=0, udp_wan_ip=0, udp_port=0, set_no_=1, game_set_id=0,idc_no_=0,cfg_info_=.
Mar 24 10:00:02.307 2023@LM_INFO@Get config db data server_type_=10,server_id_=1000001,lan_ip=2130706433,lan_port=20001,wan_ip_1=0,wan_port_1=0,wan_ip_2=0,wan_port_2=0,udp_lan_ip=0, udp_wan_ip=0, udp_port=0, set_no_=1, game_set_id=0,idc_no_=0,cfg_info_=.
Mar 24 10:00:02.313 2023@LM_INFO@Get config db data server_type_=12,server_id_=1000001,lan_ip=2130706433,lan_port=22001,wan_ip_1=0,wan_port_1=0,wan_ip_2=0,wan_port_2=0,udp_lan_ip=0, udp_wan_ip=0, udp_port=0, set_no_=1, game_set_id=0,idc_no_=0,cfg_info_=.
Mar 24 10:00:02.319 2023@LM_INFO@Get config db data server_type_=13,server_id_=1000001,lan_ip=2130706433,lan_port=23001,wan_ip_1=0,wan_port_1=0,wan_ip_2=0,wan_port_2=0,udp_lan_ip=0, udp_wan_ip=0, udp_port=0, set_no_=1, game_set_id=0,idc_no_=0,cfg_info_=.
Mar 24 10:00:02.324 2023@LM_INFO@Get config db data server_type_=14,server_id_=1000001,lan_ip=2130706433,lan_port=24001,wan_ip_1=0,wan_port_1=0,wan_ip_2=0,wan_port_2=0,udp_lan_ip=0, udp_wan_ip=0, udp_port=0, set_no_=1, game_set_id=0,idc_no_=0,cfg_info_=.
Mar 24 10:00:02.334 2023@LM_INFO@Get config db data server_type_=15,server_id_=1000001,lan_ip=2130706433,lan_port=25001,wan_ip_1=0,wan_port_1=0,wan_ip_2=0,wan_port_2=0,udp_lan_ip=0, udp_wan_ip=0, udp_port=0, set_no_=1, game_set_id=0,idc_no_=0,cfg_info_=.
Mar 24 10:00:02.340 2023@LM_INFO@Get config db data server_type_=17,server_id_=1000001,lan_ip=2130706433,lan_port=27001,wan_ip_1=0,wan_port_1=0,wan_ip_2=0,wan_port_2=0,udp_lan_ip=0, udp_wan_ip=0, udp_port=0, set_no_=1, game_set_id=0,idc_no_=0,cfg_info_=.
Mar 24 10:00:02.349 2023@LM_INFO@Get config db data server_type_=18,server_id_=1000001,lan_ip=2130706433,lan_port=28001,wan_ip_1=0,wan_port_1=0,wan_ip_2=0,wan_port_2=0,udp_lan_ip=0, udp_wan_ip=0, udp_port=0, set_no_=1, game_set_id=0,idc_no_=0,cfg_info_=.
Mar 24 10:00:02.353 2023@LM_INFO@Get config db data server_type_=19,server_id_=1000001,lan_ip=2130706433,lan_port=29001,wan_ip_1=0,wan_port_1=0,wan_ip_2=0,wan_port_2=0,udp_lan_ip=0, udp_wan_ip=0, udp_port=0, set_no_=1, game_set_id=0,idc_no_=0,cfg_info_=.
Mar 24 10:00:02.359 2023@LM_INFO@Get config db data server_type_=20,server_id_=1000001,lan_ip=2130706433,lan_port=30001,wan_ip_1=3232286820,wan_port_1=0,wan_ip_2=0,wan_port_2=0,udp_lan_ip=0, udp_wan_ip=0, udp_port=0, set_no_=1, game_set_id=0,idc_no_=0,cfg_info_=.
Mar 24 10:00:02.369 2023@LM_INFO@Get config db data server_type_=21,server_id_=1000001,lan_ip=2130706433,lan_port=31001,wan_ip_1=0,wan_port_1=0,wan_ip_2=0,wan_port_2=0,udp_lan_ip=0, udp_wan_ip=0, udp_port=0, set_no_=1, game_set_id=0,idc_no_=0,cfg_info_=.
Mar 24 10:00:02.375 2023@LM_INFO@Get config db data server_type_=22,server_id_=1000001,lan_ip=2130706433,lan_port=32001,wan_ip_1=0,wan_port_1=0,wan_ip_2=0,wan_port_2=0,udp_lan_ip=2130706433, udp_wan_ip=3232286820, udp_port=52431, set_no_=1, game_set_id=0,idc_no_=0,cfg_info_=.
Mar 24 10:00:02.382 2023@LM_INFO@Get config db data server_type_=8,server_id_=1001101,lan_ip=2130706433,lan_port=18001,wan_ip_1=0,wan_port_1=0,wan_ip_2=0,wan_port_2=0,udp_lan_ip=0, udp_wan_ip=0, udp_port=0, set_no_=1, game_set_id=11,idc_no_=0,cfg_info_=.
Mar 24 10:00:02.393 2023@LM_INFO@Get config db data server_type_=9,server_id_=1001101,lan_ip=2130706433,lan_port=19001,wan_ip_1=0,wan_port_1=0,wan_ip_2=0,wan_port_2=0,udp_lan_ip=0, udp_wan_ip=0, udp_port=0, set_no_=1, game_set_id=11,idc_no_=0,cfg_info_=.
Mar 24 10:00:02.403 2023@LM_INFO@Get config db data server_type_=11,server_id_=1001101,lan_ip=2130706433,lan_port=21001,wan_ip_1=0,wan_port_1=0,wan_ip_2=0,wan_port_2=0,udp_lan_ip=0, udp_wan_ip=0, udp_port=0, set_no_=1, game_set_id=11,idc_no_=0,cfg_info_=.
Mar 24 10:00:02.411 2023@LM_INFO@Get config db data server_type_=8,server_id_=1001201,lan_ip=2130706433,lan_port=18002,wan_ip_1=0,wan_port_1=0,wan_ip_2=0,wan_port_2=0,udp_lan_ip=0, udp_wan_ip=0, udp_port=0, set_no_=1, game_set_id=12,idc_no_=0,cfg_info_=.
Mar 24 10:00:02.417 2023@LM_INFO@Get config db data server_type_=9,server_id_=1001201,lan_ip=2130706433,lan_port=19002,wan_ip_1=0,wan_port_1=0,wan_ip_2=0,wan_port_2=0,udp_lan_ip=0, udp_wan_ip=0, udp_port=0, set_no_=1, game_set_id=12,idc_no_=0,cfg_info_=.
Mar 24 10:00:02.422 2023@LM_INFO@Get config db data server_type_=11,server_id_=1001201,lan_ip=2130706433,lan_port=21002,wan_ip_1=0,wan_port_1=0,wan_ip_2=0,wan_port_2=0,udp_lan_ip=0, udp_wan_ip=0, udp_port=0, set_no_=1, game_set_id=12,idc_no_=0,cfg_info_=.
Mar 24 10:00:02.424 2023@LM_INFO@ReLoadSvrList server_info set_no:1, svr_info:8|1001201.
Mar 24 10:00:02.424 2023@LM_INFO@ReLoadSvrList server_info set_no:1, svr_info:19|1000001.
Mar 24 10:00:02.425 2023@LM_INFO@ReLoadSvrList server_info set_no:1, svr_info:13|1000001.
Mar 24 10:00:02.425 2023@LM_INFO@ReLoadSvrList server_info set_no:1, svr_info:10|1000001.
Mar 24 10:00:02.426 2023@LM_INFO@ReLoadSvrList server_info set_no:1, svr_info:7|1000001.
Mar 24 10:00:02.427 2023@LM_INFO@ReLoadSvrList server_info set_no:1, svr_info:4|1000001.
Mar 24 10:00:02.428 2023@LM_INFO@ReLoadSvrList server_info set_no:1, svr_info:1|1000001.
Mar 24 10:00:02.429 2023@LM_INFO@ReLoadSvrList server_info set_no:1, svr_info:21|1000001.
Mar 24 10:00:02.432 2023@LM_INFO@ReLoadSvrList server_info set_no:1, svr_info:18|1000001.
Mar 24 10:00:02.435 2023@LM_INFO@ReLoadSvrList server_info set_no:1, svr_info:15|1000001.
Mar 24 10:00:02.436 2023@LM_INFO@ReLoadSvrList server_info set_no:1, svr_info:12|1000001.
Mar 24 10:00:02.438 2023@LM_INFO@ReLoadSvrList server_info set_no:1, svr_info:6|1000001.
Mar 24 10:00:02.439 2023@LM_INFO@ReLoadSvrList server_info set_no:1, svr_info:3|1000001.
Mar 24 10:00:02.448 2023@LM_INFO@ReLoadSvrList server_info set_no:1, svr_info:9|1001101.
Mar 24 10:00:02.448 2023@LM_INFO@ReLoadSvrList server_info set_no:1, svr_info:9|1001201.
Mar 24 10:00:02.453 2023@LM_INFO@ReLoadSvrList server_info set_no:1, svr_info:20|1000001.
Mar 24 10:00:02.456 2023@LM_INFO@ReLoadSvrList server_info set_no:1, svr_info:17|1000001.
Mar 24 10:00:02.457 2023@LM_INFO@ReLoadSvrList server_info set_no:1, svr_info:14|1000001.
Mar 24 10:00:02.457 2023@LM_INFO@ReLoadSvrList server_info set_no:1, svr_info:5|1000001.
Mar 24 10:00:02.462 2023@LM_INFO@ReLoadSvrList server_info set_no:1, svr_info:2|1000001.
Mar 24 10:00:02.462 2023@LM_INFO@ReLoadSvrList server_info set_no:1, svr_info:11|1001101.
Mar 24 10:00:02.463 2023@LM_INFO@ReLoadSvrList server_info set_no:1, svr_info:11|1001201.
Mar 24 10:00:02.463 2023@LM_INFO@ReLoadSvrList server_info set_no:1, svr_info:22|1000001.
Mar 24 10:00:02.464 2023@LM_INFO@ReLoadSvrList server_info set_no:1, svr_info:8|1001101.
Mar 24 10:00:02.464 2023@LM_INFO@Read Server Configure File. [./cfg/chatsvrd.conf] .
Mar 24 10:00:02.467 2023@LM_INFO@Read CommSvrd Server Configure File. [./cfg/chatsvrd.conf] .
Mar 24 10:00:02.467 2023@LM_INFO@Inst_Chat_Svrd_App::InitInstance end.
Mar 24 10:00:02.468 2023@LM_INFO@Inst_Chat_Svrd_App::Run.
Mar 24 10:15:07.826 2023@LM_INFO@Init QY_Log_Report Succ...
Mar 24 10:15:07.832 2023@LM_INFO@Base_Mmap_Cache::GetMollocTotalSize i:0, size:2197340.
Mar 24 10:15:07.832 2023@LM_INFO@Base_Mmap_Cache::GetMollocTotalSize i:1, size:2902808.
Mar 24 10:15:07.838 2023@LM_INFO@Chat_Listen_Data_Mgr::InitListenMgr Succ.
Mar 24 10:15:07.838 2023@LM_INFO@Chat_Item_Data_Mgr::InitDataMgr Succ.
Mar 24 10:15:07.874 2023@LM_INFO@Get config db data server_type_=1,server_id_=1000001,lan_ip=2130706433,lan_port=11001,wan_ip_1=0,wan_port_1=0,wan_ip_2=0,wan_port_2=0,udp_lan_ip=0, udp_wan_ip=0, udp_port=0, set_no_=1, game_set_id=0,idc_no_=0,cfg_info_=.
Mar 24 10:15:07.875 2023@LM_INFO@Get config db data server_type_=2,server_id_=1000001,lan_ip=2130706433,lan_port=12001,wan_ip_1=0,wan_port_1=0,wan_ip_2=0,wan_port_2=0,udp_lan_ip=0, udp_wan_ip=0, udp_port=0, set_no_=1, game_set_id=0,idc_no_=0,cfg_info_=.
Mar 24 10:15:07.875 2023@LM_INFO@Get config db data server_type_=3,server_id_=1000001,lan_ip=2130706433,lan_port=13001,wan_ip_1=3232286820,wan_port_1=13001,wan_ip_2=0,wan_port_2=0,udp_lan_ip=0, udp_wan_ip=0, udp_port=0, set_no_=1, game_set_id=0,idc_no_=0,cfg_info_=.
Mar 24 10:15:07.875 2023@LM_INFO@Get config db data server_type_=4,server_id_=1000001,lan_ip=2130706433,lan_port=14001,wan_ip_1=0,wan_port_1=0,wan_ip_2=0,wan_port_2=0,udp_lan_ip=0, udp_wan_ip=0, udp_port=0, set_no_=1, game_set_id=0,idc_no_=0,cfg_info_=.
Mar 24 10:15:07.875 2023@LM_INFO@Get config db data server_type_=5,server_id_=1000001,lan_ip=2130706433,lan_port=15001,wan_ip_1=0,wan_port_1=0,wan_ip_2=0,wan_port_2=0,udp_lan_ip=0, udp_wan_ip=0, udp_port=0, set_no_=1, game_set_id=0,idc_no_=0,cfg_info_=.
Mar 24 10:15:07.875 2023@LM_INFO@Get config db data server_type_=6,server_id_=1000001,lan_ip=2130706433,lan_port=16001,wan_ip_1=3232286820,wan_port_1=16001,wan_ip_2=0,wan_port_2=0,udp_lan_ip=0, udp_wan_ip=0, udp_port=0, set_no_=1, game_set_id=0,idc_no_=0,cfg_info_=.
Mar 24 10:15:07.875 2023@LM_INFO@Get config db data server_type_=7,server_id_=1000001,lan_ip=2130706433,lan_port=17001,wan_ip_1=0,wan_port_1=0,wan_ip_2=0,wan_port_2=0,udp_lan_ip=0, udp_wan_ip=0, udp_port=0, set_no_=1, game_set_id=0,idc_no_=0,cfg_info_=.
Mar 24 10:15:07.875 2023@LM_INFO@Get config db data server_type_=10,server_id_=1000001,lan_ip=2130706433,lan_port=20001,wan_ip_1=0,wan_port_1=0,wan_ip_2=0,wan_port_2=0,udp_lan_ip=0, udp_wan_ip=0, udp_port=0, set_no_=1, game_set_id=0,idc_no_=0,cfg_info_=.
Mar 24 10:15:07.875 2023@LM_INFO@Get config db data server_type_=12,server_id_=1000001,lan_ip=2130706433,lan_port=22001,wan_ip_1=0,wan_port_1=0,wan_ip_2=0,wan_port_2=0,udp_lan_ip=0, udp_wan_ip=0, udp_port=0, set_no_=1, game_set_id=0,idc_no_=0,cfg_info_=.
Mar 24 10:15:07.875 2023@LM_INFO@Get config db data server_type_=13,server_id_=1000001,lan_ip=2130706433,lan_port=23001,wan_ip_1=0,wan_port_1=0,wan_ip_2=0,wan_port_2=0,udp_lan_ip=0, udp_wan_ip=0, udp_port=0, set_no_=1, game_set_id=0,idc_no_=0,cfg_info_=.
Mar 24 10:15:07.875 2023@LM_INFO@Get config db data server_type_=14,server_id_=1000001,lan_ip=2130706433,lan_port=24001,wan_ip_1=0,wan_port_1=0,wan_ip_2=0,wan_port_2=0,udp_lan_ip=0, udp_wan_ip=0, udp_port=0, set_no_=1, game_set_id=0,idc_no_=0,cfg_info_=.
Mar 24 10:15:07.875 2023@LM_INFO@Get config db data server_type_=15,server_id_=1000001,lan_ip=2130706433,lan_port=25001,wan_ip_1=0,wan_port_1=0,wan_ip_2=0,wan_port_2=0,udp_lan_ip=0, udp_wan_ip=0, udp_port=0, set_no_=1, game_set_id=0,idc_no_=0,cfg_info_=.
Mar 24 10:15:07.875 2023@LM_INFO@Get config db data server_type_=17,server_id_=1000001,lan_ip=2130706433,lan_port=27001,wan_ip_1=0,wan_port_1=0,wan_ip_2=0,wan_port_2=0,udp_lan_ip=0, udp_wan_ip=0, udp_port=0, set_no_=1, game_set_id=0,idc_no_=0,cfg_info_=.
Mar 24 10:15:07.875 2023@LM_INFO@Get config db data server_type_=18,server_id_=1000001,lan_ip=2130706433,lan_port=28001,wan_ip_1=0,wan_port_1=0,wan_ip_2=0,wan_port_2=0,udp_lan_ip=0, udp_wan_ip=0, udp_port=0, set_no_=1, game_set_id=0,idc_no_=0,cfg_info_=.
Mar 24 10:15:07.875 2023@LM_INFO@Get config db data server_type_=19,server_id_=1000001,lan_ip=2130706433,lan_port=29001,wan_ip_1=0,wan_port_1=0,wan_ip_2=0,wan_port_2=0,udp_lan_ip=0, udp_wan_ip=0, udp_port=0, set_no_=1, game_set_id=0,idc_no_=0,cfg_info_=.
Mar 24 10:15:07.875 2023@LM_INFO@Get config db data server_type_=20,server_id_=1000001,lan_ip=2130706433,lan_port=30001,wan_ip_1=3232286820,wan_port_1=0,wan_ip_2=0,wan_port_2=0,udp_lan_ip=0, udp_wan_ip=0, udp_port=0, set_no_=1, game_set_id=0,idc_no_=0,cfg_info_=.
Mar 24 10:15:07.875 2023@LM_INFO@Get config db data server_type_=21,server_id_=1000001,lan_ip=2130706433,lan_port=31001,wan_ip_1=0,wan_port_1=0,wan_ip_2=0,wan_port_2=0,udp_lan_ip=0, udp_wan_ip=0, udp_port=0, set_no_=1, game_set_id=0,idc_no_=0,cfg_info_=.
Mar 24 10:15:07.875 2023@LM_INFO@Get config db data server_type_=22,server_id_=1000001,lan_ip=2130706433,lan_port=32001,wan_ip_1=0,wan_port_1=0,wan_ip_2=0,wan_port_2=0,udp_lan_ip=2130706433, udp_wan_ip=3232286820, udp_port=52431, set_no_=1, game_set_id=0,idc_no_=0,cfg_info_=.
Mar 24 10:15:07.875 2023@LM_INFO@Get config db data server_type_=8,server_id_=1001101,lan_ip=2130706433,lan_port=18001,wan_ip_1=0,wan_port_1=0,wan_ip_2=0,wan_port_2=0,udp_lan_ip=0, udp_wan_ip=0, udp_port=0, set_no_=1, game_set_id=11,idc_no_=0,cfg_info_=.
Mar 24 10:15:07.875 2023@LM_INFO@Get config db data server_type_=9,server_id_=1001101,lan_ip=2130706433,lan_port=19001,wan_ip_1=0,wan_port_1=0,wan_ip_2=0,wan_port_2=0,udp_lan_ip=0, udp_wan_ip=0, udp_port=0, set_no_=1, game_set_id=11,idc_no_=0,cfg_info_=.
Mar 24 10:15:07.875 2023@LM_INFO@Get config db data server_type_=11,server_id_=1001101,lan_ip=2130706433,lan_port=21001,wan_ip_1=0,wan_port_1=0,wan_ip_2=0,wan_port_2=0,udp_lan_ip=0, udp_wan_ip=0, udp_port=0, set_no_=1, game_set_id=11,idc_no_=0,cfg_info_=.
Mar 24 10:15:07.875 2023@LM_INFO@Get config db data server_type_=8,server_id_=1001201,lan_ip=2130706433,lan_port=18002,wan_ip_1=0,wan_port_1=0,wan_ip_2=0,wan_port_2=0,udp_lan_ip=0, udp_wan_ip=0, udp_port=0, set_no_=1, game_set_id=12,idc_no_=0,cfg_info_=.
Mar 24 10:15:07.875 2023@LM_INFO@Get config db data server_type_=9,server_id_=1001201,lan_ip=2130706433,lan_port=19002,wan_ip_1=0,wan_port_1=0,wan_ip_2=0,wan_port_2=0,udp_lan_ip=0, udp_wan_ip=0, udp_port=0, set_no_=1, game_set_id=12,idc_no_=0,cfg_info_=.
Mar 24 10:15:07.875 2023@LM_INFO@Get config db data server_type_=11,server_id_=1001201,lan_ip=2130706433,lan_port=21002,wan_ip_1=0,wan_port_1=0,wan_ip_2=0,wan_port_2=0,udp_lan_ip=0, udp_wan_ip=0, udp_port=0, set_no_=1, game_set_id=12,idc_no_=0,cfg_info_=.
Mar 24 10:15:07.875 2023@LM_INFO@ReLoadSvrList server_info set_no:1, svr_info:8|1001201.
Mar 24 10:15:07.875 2023@LM_INFO@ReLoadSvrList server_info set_no:1, svr_info:19|1000001.
Mar 24 10:15:07.875 2023@LM_INFO@ReLoadSvrList server_info set_no:1, svr_info:13|1000001.
Mar 24 10:15:07.877 2023@LM_INFO@ReLoadSvrList server_info set_no:1, svr_info:10|1000001.
Mar 24 10:15:07.877 2023@LM_INFO@ReLoadSvrList server_info set_no:1, svr_info:7|1000001.
Mar 24 10:15:07.877 2023@LM_INFO@ReLoadSvrList server_info set_no:1, svr_info:4|1000001.
Mar 24 10:15:07.877 2023@LM_INFO@ReLoadSvrList server_info set_no:1, svr_info:1|1000001.
Mar 24 10:15:07.877 2023@LM_INFO@ReLoadSvrList server_info set_no:1, svr_info:21|1000001.
Mar 24 10:15:07.877 2023@LM_INFO@ReLoadSvrList server_info set_no:1, svr_info:18|1000001.
Mar 24 10:15:07.877 2023@LM_INFO@ReLoadSvrList server_info set_no:1, svr_info:15|1000001.
Mar 24 10:15:07.877 2023@LM_INFO@ReLoadSvrList server_info set_no:1, svr_info:12|1000001.
Mar 24 10:15:07.877 2023@LM_INFO@ReLoadSvrList server_info set_no:1, svr_info:6|1000001.
Mar 24 10:15:07.877 2023@LM_INFO@ReLoadSvrList server_info set_no:1, svr_info:3|1000001.
Mar 24 10:15:07.877 2023@LM_INFO@ReLoadSvrList server_info set_no:1, svr_info:9|1001101.
Mar 24 10:15:07.877 2023@LM_INFO@ReLoadSvrList server_info set_no:1, svr_info:9|1001201.
Mar 24 10:15:07.877 2023@LM_INFO@ReLoadSvrList server_info set_no:1, svr_info:20|1000001.
Mar 24 10:15:07.877 2023@LM_INFO@ReLoadSvrList server_info set_no:1, svr_info:17|1000001.
Mar 24 10:15:07.877 2023@LM_INFO@ReLoadSvrList server_info set_no:1, svr_info:14|1000001.
Mar 24 10:15:07.877 2023@LM_INFO@ReLoadSvrList server_info set_no:1, svr_info:5|1000001.
Mar 24 10:15:07.877 2023@LM_INFO@ReLoadSvrList server_info set_no:1, svr_info:2|1000001.
Mar 24 10:15:07.877 2023@LM_INFO@ReLoadSvrList server_info set_no:1, svr_info:11|1001101.
Mar 24 10:15:07.877 2023@LM_INFO@ReLoadSvrList server_info set_no:1, svr_info:11|1001201.
Mar 24 10:15:07.877 2023@LM_INFO@ReLoadSvrList server_info set_no:1, svr_info:22|1000001.
Mar 24 10:15:07.877 2023@LM_INFO@ReLoadSvrList server_info set_no:1, svr_info:8|1001101.
Mar 24 10:15:07.877 2023@LM_INFO@Read Server Configure File. [./cfg/chatsvrd.conf] .
Mar 24 10:15:07.877 2023@LM_INFO@Read CommSvrd Server Configure File. [./cfg/chatsvrd.conf] .
Mar 24 10:15:07.877 2023@LM_INFO@Inst_Chat_Svrd_App::InitInstance end.
Mar 24 10:15:07.877 2023@LM_INFO@Inst_Chat_Svrd_App::Run.
