Jan 16 04:18:03.867 2019@LM_INFO@Read DB Conf Configure File. [../../cfg/set_common.conf] .
Jan 16 04:18:03.883 2019@LM_INFO@Read DB Conf From DB. [127.0.0.1|root|qy22players|3306] .
Jan 16 04:18:03.893 2019@LM_INFO@Read MailSvrd DB Config Form Mysql [127.0.0.1] Succ.
Jan 16 04:18:05.185 2019@LM_INFO@QY_DB_Config_Mgr::Initialize Succ.
Jan 16 04:18:05.193 2019@LM_INFO@Pkg_Malloc_Mgr::Pkg_Malloc_Mgr init num256.
Jan 16 04:18:08.834 2019@LM_INFO@TransMangerWithNotify<ACE_MT_SYNCH>::ActiveNotifyTask before TaskClone(), index=0
Jan 16 04:18:08.863 2019@LM_INFO@TransMangerWithNotify<ACE_MT_SYNCH>::ActiveNotifyTask before TaskClone(), index=1
Jan 16 04:18:08.890 2019@LM_INFO@TransMangerWithNotify<ACE_MT_SYNCH>::ActiveNotifyTask before TaskClone(), index=2
Jan 16 04:18:08.930 2019@LM_INFO@TransMangerWithNotify<ACE_MT_SYNCH>::ActiveNotifyTask before TaskClone(), index=3
Jan 16 04:18:09.354 2019@LM_INFO@Get config db data server_type_=1,server_id_=1000001,lan_ip=2130706433,lan_port=11001,wan_ip_1=0,wan_port_1=0,wan_ip_2=0,wan_port_2=0,udp_lan_ip=0, udp_wan_ip=0, udp_port=0, set_no_=1, game_set_id=0,idc_no_=0,cfg_info_=.
Jan 16 04:18:09.372 2019@LM_INFO@Get config db data server_type_=2,server_id_=1000001,lan_ip=2130706433,lan_port=12001,wan_ip_1=0,wan_port_1=0,wan_ip_2=0,wan_port_2=0,udp_lan_ip=0, udp_wan_ip=0, udp_port=0, set_no_=1, game_set_id=0,idc_no_=0,cfg_info_=.
Jan 16 04:18:09.384 2019@LM_INFO@Get config db data server_type_=3,server_id_=1000001,lan_ip=2130706433,lan_port=13001,wan_ip_1=3232286820,wan_port_1=13001,wan_ip_2=0,wan_port_2=0,udp_lan_ip=0, udp_wan_ip=0, udp_port=0, set_no_=1, game_set_id=0,idc_no_=0,cfg_info_=.
Jan 16 04:18:09.405 2019@LM_INFO@Get config db data server_type_=4,server_id_=1000001,lan_ip=2130706433,lan_port=14001,wan_ip_1=0,wan_port_1=0,wan_ip_2=0,wan_port_2=0,udp_lan_ip=0, udp_wan_ip=0, udp_port=0, set_no_=1, game_set_id=0,idc_no_=0,cfg_info_=.
Jan 16 04:18:09.424 2019@LM_INFO@Get config db data server_type_=5,server_id_=1000001,lan_ip=2130706433,lan_port=15001,wan_ip_1=0,wan_port_1=0,wan_ip_2=0,wan_port_2=0,udp_lan_ip=0, udp_wan_ip=0, udp_port=0, set_no_=1, game_set_id=0,idc_no_=0,cfg_info_=.
Jan 16 04:18:09.447 2019@LM_INFO@Get config db data server_type_=6,server_id_=1000001,lan_ip=2130706433,lan_port=16001,wan_ip_1=3232286820,wan_port_1=16001,wan_ip_2=0,wan_port_2=0,udp_lan_ip=0, udp_wan_ip=0, udp_port=0, set_no_=1, game_set_id=0,idc_no_=0,cfg_info_=.
Jan 16 04:18:09.477 2019@LM_INFO@Get config db data server_type_=7,server_id_=1000001,lan_ip=2130706433,lan_port=17001,wan_ip_1=0,wan_port_1=0,wan_ip_2=0,wan_port_2=0,udp_lan_ip=0, udp_wan_ip=0, udp_port=0, set_no_=1, game_set_id=0,idc_no_=0,cfg_info_=.
Jan 16 04:18:09.523 2019@LM_INFO@Get config db data server_type_=10,server_id_=1000001,lan_ip=2130706433,lan_port=20001,wan_ip_1=0,wan_port_1=0,wan_ip_2=0,wan_port_2=0,udp_lan_ip=0, udp_wan_ip=0, udp_port=0, set_no_=1, game_set_id=0,idc_no_=0,cfg_info_=.
Jan 16 04:18:09.550 2019@LM_INFO@Get config db data server_type_=12,server_id_=1000001,lan_ip=2130706433,lan_port=22001,wan_ip_1=0,wan_port_1=0,wan_ip_2=0,wan_port_2=0,udp_lan_ip=0, udp_wan_ip=0, udp_port=0, set_no_=1, game_set_id=0,idc_no_=0,cfg_info_=.
Jan 16 04:18:09.591 2019@LM_INFO@Get config db data server_type_=13,server_id_=1000001,lan_ip=2130706433,lan_port=23001,wan_ip_1=0,wan_port_1=0,wan_ip_2=0,wan_port_2=0,udp_lan_ip=0, udp_wan_ip=0, udp_port=0, set_no_=1, game_set_id=0,idc_no_=0,cfg_info_=.
Jan 16 04:18:09.615 2019@LM_INFO@Get config db data server_type_=14,server_id_=1000001,lan_ip=2130706433,lan_port=24001,wan_ip_1=0,wan_port_1=0,wan_ip_2=0,wan_port_2=0,udp_lan_ip=0, udp_wan_ip=0, udp_port=0, set_no_=1, game_set_id=0,idc_no_=0,cfg_info_=.
Jan 16 04:18:09.656 2019@LM_INFO@Get config db data server_type_=15,server_id_=1000001,lan_ip=2130706433,lan_port=25001,wan_ip_1=0,wan_port_1=0,wan_ip_2=0,wan_port_2=0,udp_lan_ip=0, udp_wan_ip=0, udp_port=0, set_no_=1, game_set_id=0,idc_no_=0,cfg_info_=.
Jan 16 04:18:09.685 2019@LM_INFO@Get config db data server_type_=17,server_id_=1000001,lan_ip=2130706433,lan_port=27001,wan_ip_1=0,wan_port_1=0,wan_ip_2=0,wan_port_2=0,udp_lan_ip=0, udp_wan_ip=0, udp_port=0, set_no_=1, game_set_id=0,idc_no_=0,cfg_info_=.
Jan 16 04:18:09.705 2019@LM_INFO@Get config db data server_type_=18,server_id_=1000001,lan_ip=2130706433,lan_port=28001,wan_ip_1=0,wan_port_1=0,wan_ip_2=0,wan_port_2=0,udp_lan_ip=0, udp_wan_ip=0, udp_port=0, set_no_=1, game_set_id=0,idc_no_=0,cfg_info_=.
Jan 16 04:18:09.744 2019@LM_INFO@Get config db data server_type_=19,server_id_=1000001,lan_ip=2130706433,lan_port=29001,wan_ip_1=0,wan_port_1=0,wan_ip_2=0,wan_port_2=0,udp_lan_ip=0, udp_wan_ip=0, udp_port=0, set_no_=1, game_set_id=0,idc_no_=0,cfg_info_=.
Jan 16 04:18:09.852 2019@LM_INFO@Get config db data server_type_=20,server_id_=1000001,lan_ip=2130706433,lan_port=30001,wan_ip_1=3232286820,wan_port_1=0,wan_ip_2=0,wan_port_2=0,udp_lan_ip=0, udp_wan_ip=0, udp_port=0, set_no_=1, game_set_id=0,idc_no_=0,cfg_info_=.
Jan 16 04:18:09.909 2019@LM_INFO@Get config db data server_type_=21,server_id_=1000001,lan_ip=2130706433,lan_port=31001,wan_ip_1=0,wan_port_1=0,wan_ip_2=0,wan_port_2=0,udp_lan_ip=0, udp_wan_ip=0, udp_port=0, set_no_=1, game_set_id=0,idc_no_=0,cfg_info_=.
Jan 16 04:18:09.940 2019@LM_INFO@Get config db data server_type_=22,server_id_=1000001,lan_ip=2130706433,lan_port=32001,wan_ip_1=0,wan_port_1=0,wan_ip_2=0,wan_port_2=0,udp_lan_ip=2130706433, udp_wan_ip=3232286820, udp_port=52431, set_no_=1, game_set_id=0,idc_no_=0,cfg_info_=.
Jan 16 04:18:09.976 2019@LM_INFO@Get config db data server_type_=8,server_id_=1001101,lan_ip=2130706433,lan_port=18001,wan_ip_1=0,wan_port_1=0,wan_ip_2=0,wan_port_2=0,udp_lan_ip=0, udp_wan_ip=0, udp_port=0, set_no_=1, game_set_id=11,idc_no_=0,cfg_info_=.
Jan 16 04:18:10.006 2019@LM_INFO@Get config db data server_type_=9,server_id_=1001101,lan_ip=2130706433,lan_port=19001,wan_ip_1=0,wan_port_1=0,wan_ip_2=0,wan_port_2=0,udp_lan_ip=0, udp_wan_ip=0, udp_port=0, set_no_=1, game_set_id=11,idc_no_=0,cfg_info_=.
Jan 16 04:18:10.044 2019@LM_INFO@Get config db data server_type_=11,server_id_=1001101,lan_ip=2130706433,lan_port=21001,wan_ip_1=0,wan_port_1=0,wan_ip_2=0,wan_port_2=0,udp_lan_ip=0, udp_wan_ip=0, udp_port=0, set_no_=1, game_set_id=11,idc_no_=0,cfg_info_=.
Jan 16 04:18:10.068 2019@LM_INFO@Get config db data server_type_=8,server_id_=1001201,lan_ip=2130706433,lan_port=18002,wan_ip_1=0,wan_port_1=0,wan_ip_2=0,wan_port_2=0,udp_lan_ip=0, udp_wan_ip=0, udp_port=0, set_no_=1, game_set_id=12,idc_no_=0,cfg_info_=.
Jan 16 04:18:10.097 2019@LM_INFO@Get config db data server_type_=9,server_id_=1001201,lan_ip=2130706433,lan_port=19002,wan_ip_1=0,wan_port_1=0,wan_ip_2=0,wan_port_2=0,udp_lan_ip=0, udp_wan_ip=0, udp_port=0, set_no_=1, game_set_id=12,idc_no_=0,cfg_info_=.
Jan 16 04:18:10.123 2019@LM_INFO@Get config db data server_type_=11,server_id_=1001201,lan_ip=2130706433,lan_port=21002,wan_ip_1=0,wan_port_1=0,wan_ip_2=0,wan_port_2=0,udp_lan_ip=0, udp_wan_ip=0, udp_port=0, set_no_=1, game_set_id=12,idc_no_=0,cfg_info_=.
Jan 16 04:18:10.152 2019@LM_INFO@ReLoadSvrList server_info set_no:1, svr_info:8|1001201.
Jan 16 04:18:10.161 2019@LM_INFO@ReLoadSvrList server_info set_no:1, svr_info:19|1000001.
Jan 16 04:18:10.163 2019@LM_INFO@ReLoadSvrList server_info set_no:1, svr_info:13|1000001.
Jan 16 04:18:10.171 2019@LM_INFO@ReLoadSvrList server_info set_no:1, svr_info:10|1000001.
Jan 16 04:18:10.180 2019@LM_INFO@ReLoadSvrList server_info set_no:1, svr_info:7|1000001.
Jan 16 04:18:10.191 2019@LM_INFO@ReLoadSvrList server_info set_no:1, svr_info:4|1000001.
Jan 16 04:18:10.200 2019@LM_INFO@ReLoadSvrList server_info set_no:1, svr_info:1|1000001.
Jan 16 04:18:10.201 2019@LM_INFO@ReLoadSvrList server_info set_no:1, svr_info:21|1000001.
Jan 16 04:18:10.210 2019@LM_INFO@ReLoadSvrList server_info set_no:1, svr_info:18|1000001.
Jan 16 04:18:10.219 2019@LM_INFO@ReLoadSvrList server_info set_no:1, svr_info:15|1000001.
Jan 16 04:18:10.220 2019@LM_INFO@ReLoadSvrList server_info set_no:1, svr_info:12|1000001.
Jan 16 04:18:10.227 2019@LM_INFO@ReLoadSvrList server_info set_no:1, svr_info:6|1000001.
Jan 16 04:18:10.235 2019@LM_INFO@ReLoadSvrList server_info set_no:1, svr_info:3|1000001.
Jan 16 04:18:10.237 2019@LM_INFO@ReLoadSvrList server_info set_no:1, svr_info:9|1001101.
Jan 16 04:18:10.249 2019@LM_INFO@ReLoadSvrList server_info set_no:1, svr_info:9|1001201.
Jan 16 04:18:10.250 2019@LM_INFO@ReLoadSvrList server_info set_no:1, svr_info:20|1000001.
Jan 16 04:18:10.262 2019@LM_INFO@ReLoadSvrList server_info set_no:1, svr_info:17|1000001.
Jan 16 04:18:10.264 2019@LM_INFO@ReLoadSvrList server_info set_no:1, svr_info:14|1000001.
Jan 16 04:18:10.272 2019@LM_INFO@ReLoadSvrList server_info set_no:1, svr_info:5|1000001.
Jan 16 04:18:10.273 2019@LM_INFO@ReLoadSvrList server_info set_no:1, svr_info:2|1000001.
Jan 16 04:18:10.273 2019@LM_INFO@ReLoadSvrList server_info set_no:1, svr_info:11|1001101.
Jan 16 04:18:10.282 2019@LM_INFO@ReLoadSvrList server_info set_no:1, svr_info:11|1001201.
Jan 16 04:18:10.283 2019@LM_INFO@ReLoadSvrList server_info set_no:1, svr_info:22|1000001.
Jan 16 04:18:10.292 2019@LM_INFO@ReLoadSvrList server_info set_no:1, svr_info:8|1001101.
Jan 16 04:18:10.296 2019@LM_INFO@Read Server Configure File. [./cfg/mailsvrd.conf] .
Jan 16 04:18:10.307 2019@LM_INFO@Read CommSvrd Server Configure File. [./cfg/mailsvrd.conf] .
Jan 16 04:18:10.315 2019@LM_INFO@Inst_Mail_Svrd_App::InitInstance end.
Jan 16 04:18:10.316 2019@LM_INFO@Inst_Mail_Svrd_App::Run.
Jan 16 04:18:10.317 2019@LM_ERROR@MailAppEventHandler::handle_timeout map_of_state_num:0.
Jan 16 04:18:38.780 2019@LM_ERROR@MailAppEventHandler::handle_timeout map_of_state_num:0.
Jan 16 04:19:08.780 2019@LM_ERROR@MailAppEventHandler::handle_timeout map_of_state_num:0.
Jan 16 04:19:38.803 2019@LM_ERROR@MailAppEventHandler::handle_timeout map_of_state_num:0.
Jan 16 04:20:08.780 2019@LM_ERROR@MailAppEventHandler::handle_timeout map_of_state_num:0.
Jan 16 04:20:38.781 2019@LM_ERROR@MailAppEventHandler::handle_timeout map_of_state_num:0.
Jan 16 04:21:08.780 2019@LM_ERROR@MailAppEventHandler::handle_timeout map_of_state_num:0.
Jan 16 04:21:38.780 2019@LM_ERROR@MailAppEventHandler::handle_timeout map_of_state_num:0.
Jan 16 04:22:08.780 2019@LM_ERROR@MailAppEventHandler::handle_timeout map_of_state_num:0.
Jan 16 04:22:38.780 2019@LM_ERROR@MailAppEventHandler::handle_timeout map_of_state_num:0.
Jan 16 04:23:08.780 2019@LM_ERROR@MailAppEventHandler::handle_timeout map_of_state_num:0.
Jan 16 04:23:38.780 2019@LM_ERROR@MailAppEventHandler::handle_timeout map_of_state_num:0.
Jan 16 04:24:08.780 2019@LM_ERROR@MailAppEventHandler::handle_timeout map_of_state_num:0.
Jan 16 04:24:38.780 2019@LM_ERROR@MailAppEventHandler::handle_timeout map_of_state_num:0.
Jan 16 04:25:08.780 2019@LM_ERROR@MailAppEventHandler::handle_timeout map_of_state_num:0.
Jan 16 04:25:38.780 2019@LM_ERROR@MailAppEventHandler::handle_timeout map_of_state_num:0.
Jan 16 04:26:08.780 2019@LM_ERROR@MailAppEventHandler::handle_timeout map_of_state_num:0.
Jan 16 04:26:38.780 2019@LM_ERROR@MailAppEventHandler::handle_timeout map_of_state_num:0.
Jan 16 04:27:08.780 2019@LM_ERROR@MailAppEventHandler::handle_timeout map_of_state_num:0.
Jan 16 04:27:38.780 2019@LM_ERROR@MailAppEventHandler::handle_timeout map_of_state_num:0.
Jan 16 04:28:08.782 2019@LM_ERROR@MailAppEventHandler::handle_timeout map_of_state_num:0.
Jan 16 04:28:38.780 2019@LM_ERROR@MailAppEventHandler::handle_timeout map_of_state_num:0.
Jan 16 04:29:08.780 2019@LM_ERROR@MailAppEventHandler::handle_timeout map_of_state_num:0.
Jan 16 04:29:38.781 2019@LM_ERROR@MailAppEventHandler::handle_timeout map_of_state_num:0.
Jan 16 04:30:08.780 2019@LM_ERROR@MailAppEventHandler::handle_timeout map_of_state_num:0.
Jan 16 04:30:38.780 2019@LM_ERROR@MailAppEventHandler::handle_timeout map_of_state_num:0.
Jan 16 04:31:08.780 2019@LM_ERROR@MailAppEventHandler::handle_timeout map_of_state_num:0.
Jan 16 04:31:38.780 2019@LM_ERROR@MailAppEventHandler::handle_timeout map_of_state_num:0.
Jan 16 04:32:08.780 2019@LM_ERROR@MailAppEventHandler::handle_timeout map_of_state_num:0.
Jan 16 04:32:38.780 2019@LM_ERROR@MailAppEventHandler::handle_timeout map_of_state_num:0.
Jan 16 04:33:08.780 2019@LM_ERROR@MailAppEventHandler::handle_timeout map_of_state_num:0.
Jan 16 04:33:38.780 2019@LM_ERROR@MailAppEventHandler::handle_timeout map_of_state_num:0.
Jan 16 04:34:08.780 2019@LM_ERROR@MailAppEventHandler::handle_timeout map_of_state_num:0.
Jan 16 04:34:38.780 2019@LM_ERROR@MailAppEventHandler::handle_timeout map_of_state_num:0.
Jan 16 04:35:08.780 2019@LM_ERROR@MailAppEventHandler::handle_timeout map_of_state_num:0.
Jan 16 04:35:38.780 2019@LM_ERROR@MailAppEventHandler::handle_timeout map_of_state_num:0.
Jan 16 04:36:08.784 2019@LM_ERROR@MailAppEventHandler::handle_timeout map_of_state_num:0.
Jan 16 04:36:38.781 2019@LM_ERROR@MailAppEventHandler::handle_timeout map_of_state_num:0.
Jan 16 04:37:08.780 2019@LM_ERROR@MailAppEventHandler::handle_timeout map_of_state_num:0.
Jan 16 04:37:19.641 2019@LM_INFO@Mail_Trans_Send_SYS_Mail::OnInit req_data:9998|11.
Jan 16 04:37:21.185 2019@LM_INFO@Mail_Trans_Send_SYS_Mail::OnInit req_data:9998|11.
Jan 16 04:37:22.388 2019@LM_INFO@Mail_Trans_Send_SYS_Mail::OnInit req_data:9998|11.
Jan 16 04:37:23.639 2019@LM_INFO@Mail_Trans_Send_SYS_Mail::OnInit req_data:9998|11.
Jan 16 04:37:24.694 2019@LM_INFO@Mail_Trans_Send_SYS_Mail::OnInit req_data:9998|11.
Jan 16 04:37:26.036 2019@LM_INFO@Mail_Trans_Send_SYS_Mail::OnInit req_data:9998|11.
Jan 16 04:37:27.287 2019@LM_INFO@Mail_Trans_Send_SYS_Mail::OnInit req_data:9998|11.
Jan 16 04:37:27.983 2019@LM_INFO@Mail_Trans_Send_SYS_Mail::OnInit req_data:9998|11.
Jan 16 04:37:27.996 2019@LM_INFO@Mail_Trans_Send_SYS_Mail::OnInit req_data:9998|11.
Jan 16 04:37:38.780 2019@LM_ERROR@MailAppEventHandler::handle_timeout map_of_state_num:0.
Jan 16 04:38:08.780 2019@LM_ERROR@MailAppEventHandler::handle_timeout map_of_state_num:0.
Jan 16 04:38:13.034 2019@LM_INFO@Mail_Trans_Send_SYS_Mail::OnInit req_data:9998|11.
Jan 16 04:38:14.934 2019@LM_INFO@Mail_Trans_Send_SYS_Mail::OnInit req_data:9998|11.
Jan 16 04:38:17.540 2019@LM_INFO@Mail_Trans_Send_SYS_Mail::OnInit req_data:9998|11.
Jan 16 04:38:18.691 2019@LM_INFO@Mail_Trans_Send_SYS_Mail::OnInit req_data:9998|11.
Jan 16 04:38:18.780 2019@LM_INFO@Mail_Trans_Send_SYS_Mail::OnInit req_data:9998|11.
Jan 16 04:38:19.345 2019@LM_INFO@Mail_Trans_Send_SYS_Mail::OnInit req_data:9998|11.
Jan 16 04:38:38.780 2019@LM_ERROR@MailAppEventHandler::handle_timeout map_of_state_num:0.
Jan 16 04:39:08.781 2019@LM_ERROR@MailAppEventHandler::handle_timeout map_of_state_num:0.
Jan 16 04:39:13.339 2019@LM_INFO@Mail_Trans_Send_SYS_Mail::OnInit req_data:9998|11.
Jan 16 04:39:14.690 2019@LM_INFO@Mail_Trans_Send_SYS_Mail::OnInit req_data:9998|11.
Jan 16 04:39:15.932 2019@LM_INFO@Mail_Trans_Send_SYS_Mail::OnInit req_data:9998|11.
Jan 16 04:39:17.830 2019@LM_INFO@Mail_Trans_Send_SYS_Mail::OnInit req_data:9998|11.
Jan 16 04:39:19.488 2019@LM_INFO@Mail_Trans_Send_SYS_Mail::OnInit req_data:9998|11.
Jan 16 04:39:20.440 2019@LM_INFO@Mail_Trans_Send_SYS_Mail::OnInit req_data:9998|11.
Jan 16 04:39:38.791 2019@LM_ERROR@MailAppEventHandler::handle_timeout map_of_state_num:0.
Jan 16 04:40:08.780 2019@LM_ERROR@MailAppEventHandler::handle_timeout map_of_state_num:0.
Jan 16 04:40:12.933 2019@LM_INFO@Mail_Trans_Send_SYS_Mail::OnInit req_data:9998|11.
Jan 16 04:40:15.538 2019@LM_INFO@Mail_Trans_Send_SYS_Mail::OnInit req_data:9998|11.
Jan 16 04:40:17.035 2019@LM_INFO@Mail_Trans_Send_SYS_Mail::OnInit req_data:9998|11.
Jan 16 04:40:19.882 2019@LM_INFO@Mail_Trans_Send_SYS_Mail::OnInit req_data:9998|11.
Jan 16 04:40:20.056 2019@LM_INFO@Mail_Trans_Send_SYS_Mail::OnInit req_data:9998|11.
Jan 16 04:40:21.236 2019@LM_INFO@Mail_Trans_Send_SYS_Mail::OnInit req_data:9998|11.
Jan 16 04:40:22.831 2019@LM_INFO@Mail_Trans_Send_SYS_Mail::OnInit req_data:9998|11.
Jan 16 04:40:24.134 2019@LM_INFO@Mail_Trans_Send_SYS_Mail::OnInit req_data:9998|11.
Jan 16 04:40:24.671 2019@LM_INFO@Mail_Trans_Send_SYS_Mail::OnInit req_data:9998|11.
Jan 16 04:40:24.733 2019@LM_INFO@Mail_Trans_Send_SYS_Mail::OnInit req_data:9998|11.
Jan 16 04:40:38.780 2019@LM_ERROR@MailAppEventHandler::handle_timeout map_of_state_num:0.
Jan 16 04:41:08.780 2019@LM_ERROR@MailAppEventHandler::handle_timeout map_of_state_num:0.
Jan 16 04:41:13.136 2019@LM_INFO@Mail_Trans_Send_SYS_Mail::OnInit req_data:9998|11.
Jan 16 04:41:14.884 2019@LM_INFO@Mail_Trans_Send_SYS_Mail::OnInit req_data:9998|11.
Jan 16 04:41:38.780 2019@LM_ERROR@MailAppEventHandler::handle_timeout map_of_state_num:0.
Jan 16 04:42:08.784 2019@LM_ERROR@MailAppEventHandler::handle_timeout map_of_state_num:0.
Jan 16 04:42:38.780 2019@LM_ERROR@MailAppEventHandler::handle_timeout map_of_state_num:0.
Jan 16 04:43:08.780 2019@LM_ERROR@MailAppEventHandler::handle_timeout map_of_state_num:0.
Jan 16 04:43:38.784 2019@LM_ERROR@MailAppEventHandler::handle_timeout map_of_state_num:0.
Jan 16 04:44:08.783 2019@LM_ERROR@MailAppEventHandler::handle_timeout map_of_state_num:0.
Jan 16 04:44:38.780 2019@LM_ERROR@MailAppEventHandler::handle_timeout map_of_state_num:0.
Jan 16 04:45:08.784 2019@LM_ERROR@MailAppEventHandler::handle_timeout map_of_state_num:0.
Jan 16 04:45:38.780 2019@LM_ERROR@MailAppEventHandler::handle_timeout map_of_state_num:0.
Jan 16 04:46:08.780 2019@LM_ERROR@MailAppEventHandler::handle_timeout map_of_state_num:0.
Jan 16 04:46:38.781 2019@LM_ERROR@MailAppEventHandler::handle_timeout map_of_state_num:0.
Jan 16 04:47:08.780 2019@LM_ERROR@MailAppEventHandler::handle_timeout map_of_state_num:0.
Jan 16 04:47:38.780 2019@LM_ERROR@MailAppEventHandler::handle_timeout map_of_state_num:0.
Jan 16 04:48:08.780 2019@LM_ERROR@MailAppEventHandler::handle_timeout map_of_state_num:0.
Jan 16 04:48:38.781 2019@LM_ERROR@MailAppEventHandler::handle_timeout map_of_state_num:0.
Jan 16 04:49:08.780 2019@LM_ERROR@MailAppEventHandler::handle_timeout map_of_state_num:0.
Jan 16 04:49:38.780 2019@LM_ERROR@MailAppEventHandler::handle_timeout map_of_state_num:0.
Jan 16 04:50:08.782 2019@LM_ERROR@MailAppEventHandler::handle_timeout map_of_state_num:0.
Jan 16 04:50:38.781 2019@LM_ERROR@MailAppEventHandler::handle_timeout map_of_state_num:0.
Jan 16 04:51:08.780 2019@LM_ERROR@MailAppEventHandler::handle_timeout map_of_state_num:0.
Jan 16 04:51:38.785 2019@LM_ERROR@MailAppEventHandler::handle_timeout map_of_state_num:0.
Jan 16 04:52:08.781 2019@LM_ERROR@MailAppEventHandler::handle_timeout map_of_state_num:0.
Jan 16 04:52:38.780 2019@LM_ERROR@MailAppEventHandler::handle_timeout map_of_state_num:0.
Jan 16 04:53:08.780 2019@LM_ERROR@MailAppEventHandler::handle_timeout map_of_state_num:0.
Jan 16 04:53:38.780 2019@LM_ERROR@MailAppEventHandler::handle_timeout map_of_state_num:0.
Jan 16 04:54:08.780 2019@LM_ERROR@MailAppEventHandler::handle_timeout map_of_state_num:0.
Jan 16 04:54:38.782 2019@LM_ERROR@MailAppEventHandler::handle_timeout map_of_state_num:0.
Jan 16 04:55:08.780 2019@LM_ERROR@MailAppEventHandler::handle_timeout map_of_state_num:0.
Jan 16 04:55:38.780 2019@LM_ERROR@MailAppEventHandler::handle_timeout map_of_state_num:0.
Jan 16 04:56:08.783 2019@LM_ERROR@MailAppEventHandler::handle_timeout map_of_state_num:0.
Jan 16 04:56:38.786 2019@LM_ERROR@MailAppEventHandler::handle_timeout map_of_state_num:0.
Jan 16 04:56:55.172 2019@LM_INFO@Mail_Trans_Send_SYS_Mail::OnInit req_data:1526|11.
Jan 16 04:57:08.785 2019@LM_ERROR@MailAppEventHandler::handle_timeout map_of_state_num:0.
Jan 16 04:57:38.780 2019@LM_ERROR@MailAppEventHandler::handle_timeout map_of_state_num:0.
Jan 16 04:58:08.780 2019@LM_ERROR@MailAppEventHandler::handle_timeout map_of_state_num:0.
Jan 16 04:58:38.790 2019@LM_ERROR@MailAppEventHandler::handle_timeout map_of_state_num:0.
Jan 16 04:59:08.780 2019@LM_ERROR@MailAppEventHandler::handle_timeout map_of_state_num:0.
Jan 16 04:59:38.780 2019@LM_ERROR@MailAppEventHandler::handle_timeout map_of_state_num:0.
Jan 16 05:00:08.780 2019@LM_ERROR@MailAppEventHandler::handle_timeout map_of_state_num:0.
Jan 16 05:00:38.780 2019@LM_ERROR@MailAppEventHandler::handle_timeout map_of_state_num:0.
Jan 16 05:01:08.781 2019@LM_ERROR@MailAppEventHandler::handle_timeout map_of_state_num:0.
Jan 16 05:01:38.780 2019@LM_ERROR@MailAppEventHandler::handle_timeout map_of_state_num:0.
Jan 16 05:02:08.781 2019@LM_ERROR@MailAppEventHandler::handle_timeout map_of_state_num:0.
Jan 16 05:02:38.780 2019@LM_ERROR@MailAppEventHandler::handle_timeout map_of_state_num:0.
Jan 16 05:02:48.084 2019@LM_INFO@Mail_Trans_Send_SYS_Mail::OnInit req_data:1401|11.
Jan 16 05:02:48.086 2019@LM_ERROR@GetSystemMailInfoById() Can not find key! key=1401.
Jan 16 05:02:48.088 2019@LM_ERROR@Mail_Trans_Send_SYS_Mail::GenAndSendMail ERR sys_mail_id_=1401.
Jan 16 05:03:08.780 2019@LM_ERROR@MailAppEventHandler::handle_timeout map_of_state_num:0.
Jan 16 05:03:38.780 2019@LM_ERROR@MailAppEventHandler::handle_timeout map_of_state_num:0.
Jan 16 05:04:08.781 2019@LM_ERROR@MailAppEventHandler::handle_timeout map_of_state_num:0.
Jan 16 05:04:38.780 2019@LM_ERROR@MailAppEventHandler::handle_timeout map_of_state_num:0.
Jan 16 05:05:08.780 2019@LM_ERROR@MailAppEventHandler::handle_timeout map_of_state_num:0.
Jan 16 05:05:38.780 2019@LM_ERROR@MailAppEventHandler::handle_timeout map_of_state_num:0.
Jan 16 05:06:08.780 2019@LM_ERROR@MailAppEventHandler::handle_timeout map_of_state_num:0.
Jan 16 05:06:38.780 2019@LM_ERROR@MailAppEventHandler::handle_timeout map_of_state_num:0.
Jan 16 05:07:08.780 2019@LM_ERROR@MailAppEventHandler::handle_timeout map_of_state_num:0.
Jan 16 05:07:38.780 2019@LM_ERROR@MailAppEventHandler::handle_timeout map_of_state_num:0.
Jan 16 05:08:08.780 2019@LM_ERROR@MailAppEventHandler::handle_timeout map_of_state_num:0.
Jan 16 05:08:38.780 2019@LM_ERROR@MailAppEventHandler::handle_timeout map_of_state_num:0.
Jan 16 05:09:08.780 2019@LM_ERROR@MailAppEventHandler::handle_timeout map_of_state_num:0.
Jan 16 05:09:38.780 2019@LM_ERROR@MailAppEventHandler::handle_timeout map_of_state_num:0.
Jan 16 05:10:08.780 2019@LM_ERROR@MailAppEventHandler::handle_timeout map_of_state_num:0.
Jan 16 05:10:38.780 2019@LM_ERROR@MailAppEventHandler::handle_timeout map_of_state_num:0.
Jan 16 05:11:08.780 2019@LM_ERROR@MailAppEventHandler::handle_timeout map_of_state_num:0.
Jan 16 05:11:38.780 2019@LM_ERROR@MailAppEventHandler::handle_timeout map_of_state_num:0.
Jan 16 05:12:08.780 2019@LM_ERROR@MailAppEventHandler::handle_timeout map_of_state_num:0.
Jan 16 05:12:38.787 2019@LM_ERROR@MailAppEventHandler::handle_timeout map_of_state_num:0.
Jan 16 05:13:08.780 2019@LM_ERROR@MailAppEventHandler::handle_timeout map_of_state_num:0.
Jan 16 05:13:38.784 2019@LM_ERROR@MailAppEventHandler::handle_timeout map_of_state_num:0.
Jan 16 05:14:08.786 2019@LM_ERROR@MailAppEventHandler::handle_timeout map_of_state_num:0.
Jan 16 05:14:38.780 2019@LM_ERROR@MailAppEventHandler::handle_timeout map_of_state_num:0.
Jan 16 05:15:08.783 2019@LM_ERROR@MailAppEventHandler::handle_timeout map_of_state_num:0.
Jan 16 05:15:38.780 2019@LM_ERROR@MailAppEventHandler::handle_timeout map_of_state_num:0.
Jan 16 05:16:08.780 2019@LM_ERROR@MailAppEventHandler::handle_timeout map_of_state_num:0.
Jan 16 05:16:38.780 2019@LM_ERROR@MailAppEventHandler::handle_timeout map_of_state_num:0.
Jan 16 05:17:08.780 2019@LM_ERROR@MailAppEventHandler::handle_timeout map_of_state_num:0.
Jan 16 05:17:38.780 2019@LM_ERROR@MailAppEventHandler::handle_timeout map_of_state_num:0.
Jan 16 05:18:08.780 2019@LM_ERROR@MailAppEventHandler::handle_timeout map_of_state_num:0.
Jan 16 05:18:38.781 2019@LM_ERROR@MailAppEventHandler::handle_timeout map_of_state_num:0.
Jan 16 05:19:08.780 2019@LM_ERROR@MailAppEventHandler::handle_timeout map_of_state_num:0.
Jan 16 05:19:38.790 2019@LM_ERROR@MailAppEventHandler::handle_timeout map_of_state_num:0.
Jan 16 05:20:08.780 2019@LM_ERROR@MailAppEventHandler::handle_timeout map_of_state_num:0.
Jan 16 05:20:38.780 2019@LM_ERROR@MailAppEventHandler::handle_timeout map_of_state_num:0.
Jan 16 05:21:08.780 2019@LM_ERROR@MailAppEventHandler::handle_timeout map_of_state_num:0.
Jan 16 05:21:38.780 2019@LM_ERROR@MailAppEventHandler::handle_timeout map_of_state_num:0.
Jan 16 05:22:08.781 2019@LM_ERROR@MailAppEventHandler::handle_timeout map_of_state_num:0.
Jan 16 05:22:12.993 2019@LM_INFO@Mail_Trans_Send_SYS_Mail::OnInit req_data:1402|11.
Jan 16 05:22:13.030 2019@LM_INFO@Mail_Trans_Send_SYS_Mail::OnInit req_data:1403|11.
Jan 16 05:22:13.046 2019@LM_INFO@Mail_Trans_Send_SYS_Mail::OnInit req_data:2715|11.
Jan 16 05:22:38.780 2019@LM_ERROR@MailAppEventHandler::handle_timeout map_of_state_num:0.
Jan 16 05:23:08.790 2019@LM_ERROR@MailAppEventHandler::handle_timeout map_of_state_num:0.
Jan 16 05:23:38.780 2019@LM_ERROR@MailAppEventHandler::handle_timeout map_of_state_num:0.
Jan 16 05:24:08.780 2019@LM_ERROR@MailAppEventHandler::handle_timeout map_of_state_num:0.
Jan 16 05:24:38.781 2019@LM_ERROR@MailAppEventHandler::handle_timeout map_of_state_num:0.
Jan 16 05:25:08.780 2019@LM_ERROR@MailAppEventHandler::handle_timeout map_of_state_num:0.
Jan 16 05:25:38.780 2019@LM_ERROR@MailAppEventHandler::handle_timeout map_of_state_num:0.
Jan 16 05:26:08.787 2019@LM_ERROR@MailAppEventHandler::handle_timeout map_of_state_num:0.
Jan 16 05:26:38.780 2019@LM_ERROR@MailAppEventHandler::handle_timeout map_of_state_num:0.
Jan 16 05:27:08.780 2019@LM_ERROR@MailAppEventHandler::handle_timeout map_of_state_num:0.
Jan 16 05:27:38.785 2019@LM_ERROR@MailAppEventHandler::handle_timeout map_of_state_num:0.
Jan 16 05:28:08.780 2019@LM_ERROR@MailAppEventHandler::handle_timeout map_of_state_num:0.
Jan 16 05:28:38.780 2019@LM_ERROR@MailAppEventHandler::handle_timeout map_of_state_num:0.
Jan 16 05:29:08.780 2019@LM_ERROR@MailAppEventHandler::handle_timeout map_of_state_num:0.
Jan 16 05:29:38.784 2019@LM_ERROR@MailAppEventHandler::handle_timeout map_of_state_num:0.
Jan 16 05:30:08.780 2019@LM_ERROR@MailAppEventHandler::handle_timeout map_of_state_num:0.
Jan 16 05:30:38.780 2019@LM_ERROR@MailAppEventHandler::handle_timeout map_of_state_num:0.
Jan 16 05:31:08.780 2019@LM_ERROR@MailAppEventHandler::handle_timeout map_of_state_num:0.
Jan 16 05:31:38.780 2019@LM_ERROR@MailAppEventHandler::handle_timeout map_of_state_num:0.
Jan 16 05:32:08.780 2019@LM_ERROR@MailAppEventHandler::handle_timeout map_of_state_num:0.
Jan 16 05:32:38.780 2019@LM_ERROR@MailAppEventHandler::handle_timeout map_of_state_num:0.
Jan 16 05:33:08.780 2019@LM_ERROR@MailAppEventHandler::handle_timeout map_of_state_num:0.
Jan 16 05:33:38.780 2019@LM_ERROR@MailAppEventHandler::handle_timeout map_of_state_num:0.
Jan 16 05:34:08.785 2019@LM_ERROR@MailAppEventHandler::handle_timeout map_of_state_num:0.
Jan 16 05:34:38.781 2019@LM_ERROR@MailAppEventHandler::handle_timeout map_of_state_num:0.
Jan 16 05:35:08.780 2019@LM_ERROR@MailAppEventHandler::handle_timeout map_of_state_num:0.
Jan 16 05:35:38.780 2019@LM_ERROR@MailAppEventHandler::handle_timeout map_of_state_num:0.
Jan 16 05:36:08.780 2019@LM_ERROR@MailAppEventHandler::handle_timeout map_of_state_num:0.
Jan 16 05:36:38.780 2019@LM_ERROR@MailAppEventHandler::handle_timeout map_of_state_num:0.
Jan 16 05:37:08.780 2019@LM_ERROR@MailAppEventHandler::handle_timeout map_of_state_num:0.
Jan 16 05:37:38.782 2019@LM_ERROR@MailAppEventHandler::handle_timeout map_of_state_num:0.
Jan 16 05:38:08.780 2019@LM_ERROR@MailAppEventHandler::handle_timeout map_of_state_num:0.
Jan 16 05:38:38.794 2019@LM_ERROR@MailAppEventHandler::handle_timeout map_of_state_num:0.
Jan 16 05:39:08.780 2019@LM_ERROR@MailAppEventHandler::handle_timeout map_of_state_num:0.
Jan 16 05:39:35.987 2019@LM_INFO@Mail_Trans_Send_SYS_Mail::OnInit req_data:2010|11.
Jan 16 05:39:38.780 2019@LM_ERROR@MailAppEventHandler::handle_timeout map_of_state_num:0.
Jan 16 05:40:08.780 2019@LM_ERROR@MailAppEventHandler::handle_timeout map_of_state_num:0.
Jan 16 05:40:34.464 2019@LM_INFO@Mail_Trans_Send_SYS_Mail::OnInit req_data:2102|11.
Jan 16 05:40:38.780 2019@LM_ERROR@MailAppEventHandler::handle_timeout map_of_state_num:0.
Jan 16 05:41:08.780 2019@LM_ERROR@MailAppEventHandler::handle_timeout map_of_state_num:0.
Jan 16 05:41:38.780 2019@LM_ERROR@MailAppEventHandler::handle_timeout map_of_state_num:0.
Jan 16 05:42:08.780 2019@LM_ERROR@MailAppEventHandler::handle_timeout map_of_state_num:0.
Jan 16 05:42:38.780 2019@LM_ERROR@MailAppEventHandler::handle_timeout map_of_state_num:0.
Jan 16 05:43:08.780 2019@LM_ERROR@MailAppEventHandler::handle_timeout map_of_state_num:0.
Jan 16 05:43:38.785 2019@LM_ERROR@MailAppEventHandler::handle_timeout map_of_state_num:0.
Jan 16 05:44:08.780 2019@LM_ERROR@MailAppEventHandler::handle_timeout map_of_state_num:0.
Jan 16 05:44:38.780 2019@LM_ERROR@MailAppEventHandler::handle_timeout map_of_state_num:0.
Jan 16 05:45:08.780 2019@LM_ERROR@MailAppEventHandler::handle_timeout map_of_state_num:0.
Jan 16 05:45:38.780 2019@LM_ERROR@MailAppEventHandler::handle_timeout map_of_state_num:0.
Jan 16 05:46:08.781 2019@LM_ERROR@MailAppEventHandler::handle_timeout map_of_state_num:0.
Jan 16 05:46:38.781 2019@LM_ERROR@MailAppEventHandler::handle_timeout map_of_state_num:0.
Jan 16 05:47:08.780 2019@LM_ERROR@MailAppEventHandler::handle_timeout map_of_state_num:0.
Jan 16 05:47:38.780 2019@LM_ERROR@MailAppEventHandler::handle_timeout map_of_state_num:0.
Jan 16 05:48:08.780 2019@LM_ERROR@MailAppEventHandler::handle_timeout map_of_state_num:0.
Jan 16 05:48:38.780 2019@LM_ERROR@MailAppEventHandler::handle_timeout map_of_state_num:0.
Jan 16 05:49:08.794 2019@LM_ERROR@MailAppEventHandler::handle_timeout map_of_state_num:0.
Jan 16 05:49:38.780 2019@LM_ERROR@MailAppEventHandler::handle_timeout map_of_state_num:0.
Jan 16 05:50:08.781 2019@LM_ERROR@MailAppEventHandler::handle_timeout map_of_state_num:0.
Jan 16 05:50:38.780 2019@LM_ERROR@MailAppEventHandler::handle_timeout map_of_state_num:0.
Jan 16 05:51:08.780 2019@LM_ERROR@MailAppEventHandler::handle_timeout map_of_state_num:0.
Jan 16 05:51:38.780 2019@LM_ERROR@MailAppEventHandler::handle_timeout map_of_state_num:0.
Jan 16 05:52:08.780 2019@LM_ERROR@MailAppEventHandler::handle_timeout map_of_state_num:0.
Jan 16 05:52:38.780 2019@LM_ERROR@MailAppEventHandler::handle_timeout map_of_state_num:0.
Jan 16 05:53:08.790 2019@LM_ERROR@MailAppEventHandler::handle_timeout map_of_state_num:0.
Jan 16 05:53:38.781 2019@LM_ERROR@MailAppEventHandler::handle_timeout map_of_state_num:0.
Jan 16 05:54:08.780 2019@LM_ERROR@MailAppEventHandler::handle_timeout map_of_state_num:0.
Jan 16 05:54:38.781 2019@LM_ERROR@MailAppEventHandler::handle_timeout map_of_state_num:0.
Jan 16 05:55:08.780 2019@LM_ERROR@MailAppEventHandler::handle_timeout map_of_state_num:0.
Jan 16 05:55:38.780 2019@LM_ERROR@MailAppEventHandler::handle_timeout map_of_state_num:0.
Jan 16 05:56:08.792 2019@LM_ERROR@MailAppEventHandler::handle_timeout map_of_state_num:0.
Jan 16 05:56:38.780 2019@LM_ERROR@MailAppEventHandler::handle_timeout map_of_state_num:0.
Jan 16 05:57:08.780 2019@LM_ERROR@MailAppEventHandler::handle_timeout map_of_state_num:0.
Jan 16 05:57:38.780 2019@LM_ERROR@MailAppEventHandler::handle_timeout map_of_state_num:0.
Jan 16 05:58:08.780 2019@LM_ERROR@MailAppEventHandler::handle_timeout map_of_state_num:0.
Jan 16 05:58:38.787 2019@LM_ERROR@MailAppEventHandler::handle_timeout map_of_state_num:0.
Jan 16 05:59:08.780 2019@LM_ERROR@MailAppEventHandler::handle_timeout map_of_state_num:0.
Jan 16 05:59:38.786 2019@LM_ERROR@MailAppEventHandler::handle_timeout map_of_state_num:0.
Jan 16 06:00:08.786 2019@LM_ERROR@MailAppEventHandler::handle_timeout map_of_state_num:0.
Jan 16 06:00:38.780 2019@LM_ERROR@MailAppEventHandler::handle_timeout map_of_state_num:0.
Jan 16 06:01:08.780 2019@LM_ERROR@MailAppEventHandler::handle_timeout map_of_state_num:0.
Jan 16 06:01:38.780 2019@LM_ERROR@MailAppEventHandler::handle_timeout map_of_state_num:0.
Jan 16 06:02:08.781 2019@LM_ERROR@MailAppEventHandler::handle_timeout map_of_state_num:0.
Jan 16 06:02:38.780 2019@LM_ERROR@MailAppEventHandler::handle_timeout map_of_state_num:0.
Jan 16 06:03:08.780 2019@LM_ERROR@MailAppEventHandler::handle_timeout map_of_state_num:0.
Jan 16 06:03:38.780 2019@LM_ERROR@MailAppEventHandler::handle_timeout map_of_state_num:0.
Jan 16 06:04:08.781 2019@LM_ERROR@MailAppEventHandler::handle_timeout map_of_state_num:0.
Jan 16 06:04:38.780 2019@LM_ERROR@MailAppEventHandler::handle_timeout map_of_state_num:0.
Jan 16 06:05:08.780 2019@LM_ERROR@MailAppEventHandler::handle_timeout map_of_state_num:0.
Jan 16 06:05:38.784 2019@LM_ERROR@MailAppEventHandler::handle_timeout map_of_state_num:0.
Jan 16 06:06:08.780 2019@LM_ERROR@MailAppEventHandler::handle_timeout map_of_state_num:0.
Jan 16 06:06:38.780 2019@LM_ERROR@MailAppEventHandler::handle_timeout map_of_state_num:0.
Jan 16 06:07:08.780 2019@LM_ERROR@MailAppEventHandler::handle_timeout map_of_state_num:0.
Jan 16 06:07:38.780 2019@LM_ERROR@MailAppEventHandler::handle_timeout map_of_state_num:0.
Jan 16 06:08:08.781 2019@LM_ERROR@MailAppEventHandler::handle_timeout map_of_state_num:0.
Jan 16 06:08:38.780 2019@LM_ERROR@MailAppEventHandler::handle_timeout map_of_state_num:0.
Jan 16 06:09:08.781 2019@LM_ERROR@MailAppEventHandler::handle_timeout map_of_state_num:0.
Jan 16 06:09:38.781 2019@LM_ERROR@MailAppEventHandler::handle_timeout map_of_state_num:0.
Jan 16 06:10:08.780 2019@LM_ERROR@MailAppEventHandler::handle_timeout map_of_state_num:0.
Jan 16 06:10:38.780 2019@LM_ERROR@MailAppEventHandler::handle_timeout map_of_state_num:0.
Jan 16 06:11:08.781 2019@LM_ERROR@MailAppEventHandler::handle_timeout map_of_state_num:0.
Jan 16 06:11:38.780 2019@LM_ERROR@MailAppEventHandler::handle_timeout map_of_state_num:0.
Jan 16 06:12:08.780 2019@LM_ERROR@MailAppEventHandler::handle_timeout map_of_state_num:0.
Jan 16 06:12:38.788 2019@LM_ERROR@MailAppEventHandler::handle_timeout map_of_state_num:0.
Jan 16 06:13:08.780 2019@LM_ERROR@MailAppEventHandler::handle_timeout map_of_state_num:0.
Jan 16 06:13:38.780 2019@LM_ERROR@MailAppEventHandler::handle_timeout map_of_state_num:0.
Jan 16 06:14:08.780 2019@LM_ERROR@MailAppEventHandler::handle_timeout map_of_state_num:0.
Jan 16 06:14:38.780 2019@LM_ERROR@MailAppEventHandler::handle_timeout map_of_state_num:0.
Jan 16 06:15:08.780 2019@LM_ERROR@MailAppEventHandler::handle_timeout map_of_state_num:0.
Jan 16 06:15:25.045 2019@LM_INFO@Mail_Trans_Send_SYS_Mail::OnInit req_data:2014|11.
Jan 16 06:15:38.781 2019@LM_ERROR@MailAppEventHandler::handle_timeout map_of_state_num:0.
Jan 16 06:16:08.780 2019@LM_ERROR@MailAppEventHandler::handle_timeout map_of_state_num:0.
Jan 16 06:16:38.780 2019@LM_ERROR@MailAppEventHandler::handle_timeout map_of_state_num:0.
Jan 16 06:17:08.780 2019@LM_ERROR@MailAppEventHandler::handle_timeout map_of_state_num:0.
Jan 16 06:17:38.780 2019@LM_ERROR@MailAppEventHandler::handle_timeout map_of_state_num:0.
Jan 16 06:18:08.780 2019@LM_ERROR@MailAppEventHandler::handle_timeout map_of_state_num:0.
Jan 16 06:18:38.780 2019@LM_ERROR@MailAppEventHandler::handle_timeout map_of_state_num:0.
Jan 16 06:19:08.780 2019@LM_ERROR@MailAppEventHandler::handle_timeout map_of_state_num:0.
Jan 16 06:19:09.409 2019@LM_INFO@Mail_Trans_Send_SYS_Mail::OnInit req_data:4901|11.
Jan 16 06:19:38.780 2019@LM_ERROR@MailAppEventHandler::handle_timeout map_of_state_num:0.
Jan 16 06:19:59.748 2019@LM_INFO@Mail_Trans_Send_SYS_Mail::OnInit req_data:4902|11.
Jan 16 06:20:08.781 2019@LM_ERROR@MailAppEventHandler::handle_timeout map_of_state_num:0.
Jan 16 06:20:38.780 2019@LM_ERROR@MailAppEventHandler::handle_timeout map_of_state_num:0.
Jan 16 06:21:08.782 2019@LM_ERROR@MailAppEventHandler::handle_timeout map_of_state_num:0.
Jan 16 06:21:14.300 2019@LM_INFO@Mail_Trans_Send_SYS_Mail::OnInit req_data:4903|11.
Jan 16 06:21:38.780 2019@LM_ERROR@MailAppEventHandler::handle_timeout map_of_state_num:0.
Jan 16 06:22:08.780 2019@LM_ERROR@MailAppEventHandler::handle_timeout map_of_state_num:0.
Jan 16 06:22:38.780 2019@LM_ERROR@MailAppEventHandler::handle_timeout map_of_state_num:0.
Jan 16 06:23:08.780 2019@LM_ERROR@MailAppEventHandler::handle_timeout map_of_state_num:0.
Jan 16 06:23:38.790 2019@LM_ERROR@MailAppEventHandler::handle_timeout map_of_state_num:0.
Jan 16 06:24:08.780 2019@LM_ERROR@MailAppEventHandler::handle_timeout map_of_state_num:0.
Jan 16 06:24:38.780 2019@LM_ERROR@MailAppEventHandler::handle_timeout map_of_state_num:0.
Jan 16 06:25:08.781 2019@LM_ERROR@MailAppEventHandler::handle_timeout map_of_state_num:0.
Jan 16 06:25:38.781 2019@LM_ERROR@MailAppEventHandler::handle_timeout map_of_state_num:0.
Jan 16 06:26:08.780 2019@LM_ERROR@MailAppEventHandler::handle_timeout map_of_state_num:0.
Jan 16 06:26:38.780 2019@LM_ERROR@MailAppEventHandler::handle_timeout map_of_state_num:0.
Jan 16 06:27:08.780 2019@LM_ERROR@MailAppEventHandler::handle_timeout map_of_state_num:0.
Jan 16 06:27:38.781 2019@LM_ERROR@MailAppEventHandler::handle_timeout map_of_state_num:0.
Jan 16 06:28:08.787 2019@LM_ERROR@MailAppEventHandler::handle_timeout map_of_state_num:0.
Jan 16 06:28:38.780 2019@LM_ERROR@MailAppEventHandler::handle_timeout map_of_state_num:0.
Jan 16 06:29:08.785 2019@LM_ERROR@MailAppEventHandler::handle_timeout map_of_state_num:0.
Jan 16 06:29:38.785 2019@LM_ERROR@MailAppEventHandler::handle_timeout map_of_state_num:0.
Jan 16 06:30:08.780 2019@LM_ERROR@MailAppEventHandler::handle_timeout map_of_state_num:0.
Jan 16 06:30:38.785 2019@LM_ERROR@MailAppEventHandler::handle_timeout map_of_state_num:0.
Jan 16 06:31:08.780 2019@LM_ERROR@MailAppEventHandler::handle_timeout map_of_state_num:0.
Jan 16 06:31:38.786 2019@LM_ERROR@MailAppEventHandler::handle_timeout map_of_state_num:0.
Jan 16 06:32:08.783 2019@LM_ERROR@MailAppEventHandler::handle_timeout map_of_state_num:0.
Jan 16 06:32:38.780 2019@LM_ERROR@MailAppEventHandler::handle_timeout map_of_state_num:0.
Jan 16 06:33:08.780 2019@LM_ERROR@MailAppEventHandler::handle_timeout map_of_state_num:0.
Jan 16 06:33:38.783 2019@LM_ERROR@MailAppEventHandler::handle_timeout map_of_state_num:0.
Jan 16 06:34:08.780 2019@LM_ERROR@MailAppEventHandler::handle_timeout map_of_state_num:0.
Jan 16 06:34:38.780 2019@LM_ERROR@MailAppEventHandler::handle_timeout map_of_state_num:0.
Jan 16 06:35:08.781 2019@LM_ERROR@MailAppEventHandler::handle_timeout map_of_state_num:0.
Jan 16 06:35:38.780 2019@LM_ERROR@MailAppEventHandler::handle_timeout map_of_state_num:0.
Jan 16 06:36:08.780 2019@LM_ERROR@MailAppEventHandler::handle_timeout map_of_state_num:0.
Jan 16 06:36:38.780 2019@LM_ERROR@MailAppEventHandler::handle_timeout map_of_state_num:0.
Jan 16 06:37:08.780 2019@LM_ERROR@MailAppEventHandler::handle_timeout map_of_state_num:0.
Jan 16 06:37:38.780 2019@LM_ERROR@MailAppEventHandler::handle_timeout map_of_state_num:0.
Jan 16 06:38:08.782 2019@LM_ERROR@MailAppEventHandler::handle_timeout map_of_state_num:0.
Jan 16 06:38:38.780 2019@LM_ERROR@MailAppEventHandler::handle_timeout map_of_state_num:0.
Jan 16 06:39:08.782 2019@LM_ERROR@MailAppEventHandler::handle_timeout map_of_state_num:0.
Jan 16 06:39:38.780 2019@LM_ERROR@MailAppEventHandler::handle_timeout map_of_state_num:0.
Jan 16 06:40:08.780 2019@LM_ERROR@MailAppEventHandler::handle_timeout map_of_state_num:0.
Jan 16 06:40:38.780 2019@LM_ERROR@MailAppEventHandler::handle_timeout map_of_state_num:0.
Jan 16 06:41:08.780 2019@LM_ERROR@MailAppEventHandler::handle_timeout map_of_state_num:0.
Jan 16 06:41:38.780 2019@LM_ERROR@MailAppEventHandler::handle_timeout map_of_state_num:0.
Jan 16 06:42:08.780 2019@LM_ERROR@MailAppEventHandler::handle_timeout map_of_state_num:0.
Jan 16 06:42:38.780 2019@LM_ERROR@MailAppEventHandler::handle_timeout map_of_state_num:0.
Jan 16 06:43:08.781 2019@LM_ERROR@MailAppEventHandler::handle_timeout map_of_state_num:0.
Jan 16 06:43:38.780 2019@LM_ERROR@MailAppEventHandler::handle_timeout map_of_state_num:0.
Jan 16 06:44:08.780 2019@LM_ERROR@MailAppEventHandler::handle_timeout map_of_state_num:0.
Jan 16 06:44:38.780 2019@LM_ERROR@MailAppEventHandler::handle_timeout map_of_state_num:0.
Jan 16 06:45:08.780 2019@LM_ERROR@MailAppEventHandler::handle_timeout map_of_state_num:0.
Jan 16 06:45:38.781 2019@LM_ERROR@MailAppEventHandler::handle_timeout map_of_state_num:0.
Jan 16 06:46:08.780 2019@LM_ERROR@MailAppEventHandler::handle_timeout map_of_state_num:0.
Jan 16 06:46:38.780 2019@LM_ERROR@MailAppEventHandler::handle_timeout map_of_state_num:0.
Jan 16 06:47:08.780 2019@LM_ERROR@MailAppEventHandler::handle_timeout map_of_state_num:0.
Jan 16 06:47:38.780 2019@LM_ERROR@MailAppEventHandler::handle_timeout map_of_state_num:0.
Jan 16 06:48:08.780 2019@LM_ERROR@MailAppEventHandler::handle_timeout map_of_state_num:0.
Jan 16 06:48:38.781 2019@LM_ERROR@MailAppEventHandler::handle_timeout map_of_state_num:0.
Jan 16 06:49:08.780 2019@LM_ERROR@MailAppEventHandler::handle_timeout map_of_state_num:0.
Jan 16 06:49:38.781 2019@LM_ERROR@MailAppEventHandler::handle_timeout map_of_state_num:0.
Jan 16 06:50:08.780 2019@LM_ERROR@MailAppEventHandler::handle_timeout map_of_state_num:0.
Jan 16 06:50:38.780 2019@LM_ERROR@MailAppEventHandler::handle_timeout map_of_state_num:0.
Jan 16 06:51:08.780 2019@LM_ERROR@MailAppEventHandler::handle_timeout map_of_state_num:0.
Jan 16 06:51:38.780 2019@LM_ERROR@MailAppEventHandler::handle_timeout map_of_state_num:0.
Jan 16 06:52:08.780 2019@LM_ERROR@MailAppEventHandler::handle_timeout map_of_state_num:0.
Jan 16 06:52:38.781 2019@LM_ERROR@MailAppEventHandler::handle_timeout map_of_state_num:0.
Jan 16 06:53:08.780 2019@LM_ERROR@MailAppEventHandler::handle_timeout map_of_state_num:0.
Jan 16 06:53:35.537 2019@LM_INFO@Mail_Trans_Send_SYS_Mail::OnInit req_data:4904|11.
Jan 16 06:53:38.780 2019@LM_ERROR@MailAppEventHandler::handle_timeout map_of_state_num:0.
Jan 16 06:54:08.780 2019@LM_ERROR@MailAppEventHandler::handle_timeout map_of_state_num:0.
Jan 16 06:54:38.780 2019@LM_ERROR@MailAppEventHandler::handle_timeout map_of_state_num:0.
Jan 16 06:55:08.780 2019@LM_ERROR@MailAppEventHandler::handle_timeout map_of_state_num:0.
Jan 16 06:55:38.781 2019@LM_ERROR@MailAppEventHandler::handle_timeout map_of_state_num:0.
Jan 16 06:55:45.503 2019@LM_INFO@Mail_Trans_Send_SYS_Mail::OnInit req_data:4905|11.
Jan 16 06:56:08.780 2019@LM_ERROR@MailAppEventHandler::handle_timeout map_of_state_num:0.
Jan 16 06:56:38.293 2019@LM_INFO@Mail_Trans_Send_SYS_Mail::OnInit req_data:4906|11.
Jan 16 06:56:38.781 2019@LM_ERROR@MailAppEventHandler::handle_timeout map_of_state_num:0.
Jan 16 06:57:08.780 2019@LM_ERROR@MailAppEventHandler::handle_timeout map_of_state_num:0.
Jan 16 06:57:38.780 2019@LM_ERROR@MailAppEventHandler::handle_timeout map_of_state_num:0.
Jan 16 06:58:06.550 2019@LM_INFO@Mail_Trans_Send_SYS_Mail::OnInit req_data:4907|11.
Jan 16 06:58:08.781 2019@LM_ERROR@MailAppEventHandler::handle_timeout map_of_state_num:0.
Jan 16 06:58:38.780 2019@LM_ERROR@MailAppEventHandler::handle_timeout map_of_state_num:0.
Jan 16 06:59:08.780 2019@LM_ERROR@MailAppEventHandler::handle_timeout map_of_state_num:0.
Jan 16 06:59:38.780 2019@LM_ERROR@MailAppEventHandler::handle_timeout map_of_state_num:0.
Jan 16 06:59:43.057 2019@LM_INFO@Mail_Trans_Send_SYS_Mail::OnInit req_data:4909|11.
Jan 16 07:00:08.780 2019@LM_ERROR@MailAppEventHandler::handle_timeout map_of_state_num:0.
Jan 16 07:00:38.780 2019@LM_ERROR@MailAppEventHandler::handle_timeout map_of_state_num:0.
Jan 16 07:01:08.780 2019@LM_ERROR@MailAppEventHandler::handle_timeout map_of_state_num:0.
Jan 16 07:01:38.780 2019@LM_ERROR@MailAppEventHandler::handle_timeout map_of_state_num:0.
Jan 16 07:02:08.783 2019@LM_ERROR@MailAppEventHandler::handle_timeout map_of_state_num:0.
Jan 16 07:02:38.784 2019@LM_ERROR@MailAppEventHandler::handle_timeout map_of_state_num:0.
Jan 16 07:03:08.781 2019@LM_ERROR@MailAppEventHandler::handle_timeout map_of_state_num:0.
Jan 16 07:03:38.780 2019@LM_ERROR@MailAppEventHandler::handle_timeout map_of_state_num:0.
Jan 16 07:04:08.780 2019@LM_ERROR@MailAppEventHandler::handle_timeout map_of_state_num:0.
Jan 16 07:04:38.780 2019@LM_ERROR@MailAppEventHandler::handle_timeout map_of_state_num:0.
Jan 16 07:05:08.782 2019@LM_ERROR@MailAppEventHandler::handle_timeout map_of_state_num:0.
Jan 16 07:05:38.780 2019@LM_ERROR@MailAppEventHandler::handle_timeout map_of_state_num:0.
Jan 16 07:06:08.780 2019@LM_ERROR@MailAppEventHandler::handle_timeout map_of_state_num:0.
Jan 16 07:06:38.780 2019@LM_ERROR@MailAppEventHandler::handle_timeout map_of_state_num:0.
Jan 16 07:07:08.780 2019@LM_ERROR@MailAppEventHandler::handle_timeout map_of_state_num:0.
Jan 16 07:07:38.780 2019@LM_ERROR@MailAppEventHandler::handle_timeout map_of_state_num:0.
Jan 16 07:08:08.780 2019@LM_ERROR@MailAppEventHandler::handle_timeout map_of_state_num:0.
Jan 16 07:08:38.780 2019@LM_ERROR@MailAppEventHandler::handle_timeout map_of_state_num:0.
Jan 16 07:09:08.780 2019@LM_ERROR@MailAppEventHandler::handle_timeout map_of_state_num:0.
Jan 16 07:09:38.781 2019@LM_ERROR@MailAppEventHandler::handle_timeout map_of_state_num:0.
Jan 16 07:10:08.781 2019@LM_ERROR@MailAppEventHandler::handle_timeout map_of_state_num:0.
Jan 16 07:10:38.780 2019@LM_ERROR@MailAppEventHandler::handle_timeout map_of_state_num:0.
Jan 16 07:11:08.780 2019@LM_ERROR@MailAppEventHandler::handle_timeout map_of_state_num:0.
Jan 16 07:11:38.780 2019@LM_ERROR@MailAppEventHandler::handle_timeout map_of_state_num:0.
Jan 16 07:12:08.780 2019@LM_ERROR@MailAppEventHandler::handle_timeout map_of_state_num:0.
Jan 16 07:12:38.780 2019@LM_ERROR@MailAppEventHandler::handle_timeout map_of_state_num:0.
Jan 16 07:13:08.781 2019@LM_ERROR@MailAppEventHandler::handle_timeout map_of_state_num:0.
Jan 16 07:13:38.780 2019@LM_ERROR@MailAppEventHandler::handle_timeout map_of_state_num:0.
Jan 16 07:14:08.780 2019@LM_ERROR@MailAppEventHandler::handle_timeout map_of_state_num:0.
Jan 16 07:14:38.780 2019@LM_ERROR@MailAppEventHandler::handle_timeout map_of_state_num:0.
Jan 16 07:15:08.796 2019@LM_ERROR@MailAppEventHandler::handle_timeout map_of_state_num:0.
Jan 16 07:15:32.734 2019@LM_INFO@Mail_Trans_Send_SYS_Mail::OnInit req_data:1001|11.
Jan 16 07:15:32.735 2019@LM_ERROR@GetSystemMailInfoById() Can not find key! key=1001.
Jan 16 07:15:32.735 2019@LM_ERROR@Mail_Trans_Send_SYS_Mail::GenAndSendMail ERR sys_mail_id_=1001.
Jan 16 07:15:38.787 2019@LM_ERROR@MailAppEventHandler::handle_timeout map_of_state_num:0.
Jan 16 07:16:08.781 2019@LM_ERROR@MailAppEventHandler::handle_timeout map_of_state_num:0.
Jan 16 07:16:38.780 2019@LM_ERROR@MailAppEventHandler::handle_timeout map_of_state_num:0.
Jan 16 07:17:08.780 2019@LM_ERROR@MailAppEventHandler::handle_timeout map_of_state_num:0.
Jan 16 07:17:38.780 2019@LM_ERROR@MailAppEventHandler::handle_timeout map_of_state_num:0.
Jan 16 07:17:57.545 2019@LM_INFO@Mail_Trans_Send_SYS_Mail::OnInit req_data:2012|11.
Jan 16 07:18:08.780 2019@LM_ERROR@MailAppEventHandler::handle_timeout map_of_state_num:0.
Jan 16 07:18:38.783 2019@LM_ERROR@MailAppEventHandler::handle_timeout map_of_state_num:0.
Jan 16 07:19:08.780 2019@LM_ERROR@MailAppEventHandler::handle_timeout map_of_state_num:0.
Jan 16 07:19:37.231 2019@LM_INFO@Mail_Trans_Send_SYS_Mail::OnInit req_data:1002|11.
Jan 16 07:19:37.233 2019@LM_ERROR@GetSystemMailInfoById() Can not find key! key=1002.
Jan 16 07:19:37.236 2019@LM_ERROR@Mail_Trans_Send_SYS_Mail::GenAndSendMail ERR sys_mail_id_=1002.
Jan 16 07:19:38.787 2019@LM_ERROR@MailAppEventHandler::handle_timeout map_of_state_num:0.
Jan 16 07:20:08.781 2019@LM_ERROR@MailAppEventHandler::handle_timeout map_of_state_num:0.
Jan 16 07:20:38.780 2019@LM_ERROR@MailAppEventHandler::handle_timeout map_of_state_num:0.
Jan 16 07:21:08.780 2019@LM_ERROR@MailAppEventHandler::handle_timeout map_of_state_num:0.
Jan 16 07:21:38.780 2019@LM_ERROR@MailAppEventHandler::handle_timeout map_of_state_num:0.
Jan 16 07:22:08.780 2019@LM_ERROR@MailAppEventHandler::handle_timeout map_of_state_num:0.
Jan 16 07:22:38.780 2019@LM_ERROR@MailAppEventHandler::handle_timeout map_of_state_num:0.
Jan 16 07:23:08.780 2019@LM_ERROR@MailAppEventHandler::handle_timeout map_of_state_num:0.
Jan 16 07:23:38.781 2019@LM_ERROR@MailAppEventHandler::handle_timeout map_of_state_num:0.
Jan 16 07:24:08.780 2019@LM_ERROR@MailAppEventHandler::handle_timeout map_of_state_num:0.
Jan 16 07:24:38.781 2019@LM_ERROR@MailAppEventHandler::handle_timeout map_of_state_num:0.
Jan 16 07:25:08.780 2019@LM_ERROR@MailAppEventHandler::handle_timeout map_of_state_num:0.
Jan 16 07:25:38.780 2019@LM_ERROR@MailAppEventHandler::handle_timeout map_of_state_num:0.
Jan 16 07:26:08.780 2019@LM_ERROR@MailAppEventHandler::handle_timeout map_of_state_num:0.
Jan 16 07:26:38.780 2019@LM_ERROR@MailAppEventHandler::handle_timeout map_of_state_num:0.
Jan 16 07:27:08.780 2019@LM_ERROR@MailAppEventHandler::handle_timeout map_of_state_num:0.
Jan 16 07:27:38.780 2019@LM_ERROR@MailAppEventHandler::handle_timeout map_of_state_num:0.
Jan 16 07:28:08.781 2019@LM_ERROR@MailAppEventHandler::handle_timeout map_of_state_num:0.
Jan 16 07:28:38.781 2019@LM_ERROR@MailAppEventHandler::handle_timeout map_of_state_num:0.
Jan 16 07:29:08.781 2019@LM_ERROR@MailAppEventHandler::handle_timeout map_of_state_num:0.
