Apr  2 20:41:34.262 2021@LM_INFO@Read DB Conf Configure File. [../../cfg/set_common.conf] .
Apr  2 20:41:34.299 2021@LM_INFO@Read DB Conf From DB. [127.0.0.1|root|qy22players|3306] .
Apr  2 20:41:34.301 2021@LM_INFO@Read MailSvrd DB Config Form Mysql [127.0.0.1] Succ.
Apr  2 20:41:49.265 2021@LM_INFO@QY_DB_Config_Mgr::Initialize Succ.
Apr  2 20:42:49.091 2021@LM_INFO@Pkg_Malloc_Mgr::Pkg_Malloc_Mgr init num256.
Apr  2 20:42:54.582 2021@LM_INFO@TransMangerWithNotify<ACE_MT_SYNCH>::ActiveNotifyTask before TaskClone(), index=0
Apr  2 20:42:54.675 2021@LM_INFO@TransMangerWithNotify<ACE_MT_SYNCH>::ActiveNotifyTask before TaskClone(), index=1
Apr  2 20:42:54.758 2021@LM_INFO@TransMangerWithNotify<ACE_MT_SYNCH>::ActiveNotifyTask before TaskClone(), index=2
Apr  2 20:42:54.772 2021@LM_INFO@TransMangerWithNotify<ACE_MT_SYNCH>::ActiveNotifyTask before TaskClone(), index=3
Apr  2 20:42:55.118 2021@LM_INFO@Get config db data server_type_=1,server_id_=1000001,lan_ip=2130706433,lan_port=11001,wan_ip_1=0,wan_port_1=0,wan_ip_2=0,wan_port_2=0,udp_lan_ip=0, udp_wan_ip=0, udp_port=0, set_no_=1, game_set_id=0,idc_no_=0,cfg_info_=.
Apr  2 20:42:55.119 2021@LM_INFO@Get config db data server_type_=2,server_id_=1000001,lan_ip=2130706433,lan_port=12001,wan_ip_1=0,wan_port_1=0,wan_ip_2=0,wan_port_2=0,udp_lan_ip=0, udp_wan_ip=0, udp_port=0, set_no_=1, game_set_id=0,idc_no_=0,cfg_info_=.
Apr  2 20:42:55.120 2021@LM_INFO@Get config db data server_type_=3,server_id_=1000001,lan_ip=2130706433,lan_port=13001,wan_ip_1=3232286820,wan_port_1=13001,wan_ip_2=0,wan_port_2=0,udp_lan_ip=0, udp_wan_ip=0, udp_port=0, set_no_=1, game_set_id=0,idc_no_=0,cfg_info_=.
Apr  2 20:42:55.122 2021@LM_INFO@Get config db data server_type_=4,server_id_=1000001,lan_ip=2130706433,lan_port=14001,wan_ip_1=0,wan_port_1=0,wan_ip_2=0,wan_port_2=0,udp_lan_ip=0, udp_wan_ip=0, udp_port=0, set_no_=1, game_set_id=0,idc_no_=0,cfg_info_=.
Apr  2 20:42:55.146 2021@LM_INFO@Get config db data server_type_=5,server_id_=1000001,lan_ip=2130706433,lan_port=15001,wan_ip_1=0,wan_port_1=0,wan_ip_2=0,wan_port_2=0,udp_lan_ip=0, udp_wan_ip=0, udp_port=0, set_no_=1, game_set_id=0,idc_no_=0,cfg_info_=.
Apr  2 20:42:55.147 2021@LM_INFO@Get config db data server_type_=6,server_id_=1000001,lan_ip=2130706433,lan_port=16001,wan_ip_1=3232286820,wan_port_1=16001,wan_ip_2=0,wan_port_2=0,udp_lan_ip=0, udp_wan_ip=0, udp_port=0, set_no_=1, game_set_id=0,idc_no_=0,cfg_info_=.
Apr  2 20:42:55.168 2021@LM_INFO@Get config db data server_type_=7,server_id_=1000001,lan_ip=2130706433,lan_port=17001,wan_ip_1=0,wan_port_1=0,wan_ip_2=0,wan_port_2=0,udp_lan_ip=0, udp_wan_ip=0, udp_port=0, set_no_=1, game_set_id=0,idc_no_=0,cfg_info_=.
Apr  2 20:42:55.178 2021@LM_INFO@Get config db data server_type_=10,server_id_=1000001,lan_ip=2130706433,lan_port=20001,wan_ip_1=0,wan_port_1=0,wan_ip_2=0,wan_port_2=0,udp_lan_ip=0, udp_wan_ip=0, udp_port=0, set_no_=1, game_set_id=0,idc_no_=0,cfg_info_=.
Apr  2 20:42:55.197 2021@LM_INFO@Get config db data server_type_=12,server_id_=1000001,lan_ip=2130706433,lan_port=22001,wan_ip_1=0,wan_port_1=0,wan_ip_2=0,wan_port_2=0,udp_lan_ip=0, udp_wan_ip=0, udp_port=0, set_no_=1, game_set_id=0,idc_no_=0,cfg_info_=.
Apr  2 20:42:55.252 2021@LM_INFO@Get config db data server_type_=13,server_id_=1000001,lan_ip=2130706433,lan_port=23001,wan_ip_1=0,wan_port_1=0,wan_ip_2=0,wan_port_2=0,udp_lan_ip=0, udp_wan_ip=0, udp_port=0, set_no_=1, game_set_id=0,idc_no_=0,cfg_info_=.
Apr  2 20:42:55.267 2021@LM_INFO@Get config db data server_type_=14,server_id_=1000001,lan_ip=2130706433,lan_port=24001,wan_ip_1=0,wan_port_1=0,wan_ip_2=0,wan_port_2=0,udp_lan_ip=0, udp_wan_ip=0, udp_port=0, set_no_=1, game_set_id=0,idc_no_=0,cfg_info_=.
Apr  2 20:42:55.294 2021@LM_INFO@Get config db data server_type_=15,server_id_=1000001,lan_ip=2130706433,lan_port=25001,wan_ip_1=0,wan_port_1=0,wan_ip_2=0,wan_port_2=0,udp_lan_ip=0, udp_wan_ip=0, udp_port=0, set_no_=1, game_set_id=0,idc_no_=0,cfg_info_=.
Apr  2 20:42:55.311 2021@LM_INFO@Get config db data server_type_=17,server_id_=1000001,lan_ip=2130706433,lan_port=27001,wan_ip_1=0,wan_port_1=0,wan_ip_2=0,wan_port_2=0,udp_lan_ip=0, udp_wan_ip=0, udp_port=0, set_no_=1, game_set_id=0,idc_no_=0,cfg_info_=.
Apr  2 20:42:55.324 2021@LM_INFO@Get config db data server_type_=18,server_id_=1000001,lan_ip=2130706433,lan_port=28001,wan_ip_1=0,wan_port_1=0,wan_ip_2=0,wan_port_2=0,udp_lan_ip=0, udp_wan_ip=0, udp_port=0, set_no_=1, game_set_id=0,idc_no_=0,cfg_info_=.
Apr  2 20:42:55.343 2021@LM_INFO@Get config db data server_type_=19,server_id_=1000001,lan_ip=2130706433,lan_port=29001,wan_ip_1=0,wan_port_1=0,wan_ip_2=0,wan_port_2=0,udp_lan_ip=0, udp_wan_ip=0, udp_port=0, set_no_=1, game_set_id=0,idc_no_=0,cfg_info_=.
Apr  2 20:42:55.352 2021@LM_INFO@Get config db data server_type_=20,server_id_=1000001,lan_ip=2130706433,lan_port=30001,wan_ip_1=3232286820,wan_port_1=0,wan_ip_2=0,wan_port_2=0,udp_lan_ip=0, udp_wan_ip=0, udp_port=0, set_no_=1, game_set_id=0,idc_no_=0,cfg_info_=.
Apr  2 20:42:55.357 2021@LM_INFO@Get config db data server_type_=21,server_id_=1000001,lan_ip=2130706433,lan_port=31001,wan_ip_1=0,wan_port_1=0,wan_ip_2=0,wan_port_2=0,udp_lan_ip=0, udp_wan_ip=0, udp_port=0, set_no_=1, game_set_id=0,idc_no_=0,cfg_info_=.
Apr  2 20:42:55.365 2021@LM_INFO@Get config db data server_type_=22,server_id_=1000001,lan_ip=2130706433,lan_port=32001,wan_ip_1=0,wan_port_1=0,wan_ip_2=0,wan_port_2=0,udp_lan_ip=2130706433, udp_wan_ip=3232286820, udp_port=52431, set_no_=1, game_set_id=0,idc_no_=0,cfg_info_=.
Apr  2 20:42:55.380 2021@LM_INFO@Get config db data server_type_=8,server_id_=1001101,lan_ip=2130706433,lan_port=18001,wan_ip_1=0,wan_port_1=0,wan_ip_2=0,wan_port_2=0,udp_lan_ip=0, udp_wan_ip=0, udp_port=0, set_no_=1, game_set_id=11,idc_no_=0,cfg_info_=.
Apr  2 20:42:55.400 2021@LM_INFO@Get config db data server_type_=9,server_id_=1001101,lan_ip=2130706433,lan_port=19001,wan_ip_1=0,wan_port_1=0,wan_ip_2=0,wan_port_2=0,udp_lan_ip=0, udp_wan_ip=0, udp_port=0, set_no_=1, game_set_id=11,idc_no_=0,cfg_info_=.
Apr  2 20:42:55.406 2021@LM_INFO@Get config db data server_type_=11,server_id_=1001101,lan_ip=2130706433,lan_port=21001,wan_ip_1=0,wan_port_1=0,wan_ip_2=0,wan_port_2=0,udp_lan_ip=0, udp_wan_ip=0, udp_port=0, set_no_=1, game_set_id=11,idc_no_=0,cfg_info_=.
Apr  2 20:42:55.435 2021@LM_INFO@Get config db data server_type_=8,server_id_=1001201,lan_ip=2130706433,lan_port=18002,wan_ip_1=0,wan_port_1=0,wan_ip_2=0,wan_port_2=0,udp_lan_ip=0, udp_wan_ip=0, udp_port=0, set_no_=1, game_set_id=12,idc_no_=0,cfg_info_=.
Apr  2 20:42:55.437 2021@LM_INFO@Get config db data server_type_=9,server_id_=1001201,lan_ip=2130706433,lan_port=19002,wan_ip_1=0,wan_port_1=0,wan_ip_2=0,wan_port_2=0,udp_lan_ip=0, udp_wan_ip=0, udp_port=0, set_no_=1, game_set_id=12,idc_no_=0,cfg_info_=.
Apr  2 20:42:55.445 2021@LM_INFO@Get config db data server_type_=11,server_id_=1001201,lan_ip=2130706433,lan_port=21002,wan_ip_1=0,wan_port_1=0,wan_ip_2=0,wan_port_2=0,udp_lan_ip=0, udp_wan_ip=0, udp_port=0, set_no_=1, game_set_id=12,idc_no_=0,cfg_info_=.
Apr  2 20:42:55.447 2021@LM_INFO@ReLoadSvrList server_info set_no:1, svr_info:8|1001201.
Apr  2 20:42:55.449 2021@LM_INFO@ReLoadSvrList server_info set_no:1, svr_info:19|1000001.
Apr  2 20:42:55.450 2021@LM_INFO@ReLoadSvrList server_info set_no:1, svr_info:13|1000001.
Apr  2 20:42:55.451 2021@LM_INFO@ReLoadSvrList server_info set_no:1, svr_info:10|1000001.
Apr  2 20:42:55.451 2021@LM_INFO@ReLoadSvrList server_info set_no:1, svr_info:7|1000001.
Apr  2 20:42:55.452 2021@LM_INFO@ReLoadSvrList server_info set_no:1, svr_info:4|1000001.
Apr  2 20:42:55.454 2021@LM_INFO@ReLoadSvrList server_info set_no:1, svr_info:1|1000001.
Apr  2 20:42:55.455 2021@LM_INFO@ReLoadSvrList server_info set_no:1, svr_info:21|1000001.
Apr  2 20:42:55.455 2021@LM_INFO@ReLoadSvrList server_info set_no:1, svr_info:18|1000001.
Apr  2 20:42:55.456 2021@LM_INFO@ReLoadSvrList server_info set_no:1, svr_info:15|1000001.
Apr  2 20:42:55.456 2021@LM_INFO@ReLoadSvrList server_info set_no:1, svr_info:12|1000001.
Apr  2 20:42:55.457 2021@LM_INFO@ReLoadSvrList server_info set_no:1, svr_info:6|1000001.
Apr  2 20:42:55.458 2021@LM_INFO@ReLoadSvrList server_info set_no:1, svr_info:3|1000001.
Apr  2 20:42:55.464 2021@LM_INFO@ReLoadSvrList server_info set_no:1, svr_info:9|1001101.
Apr  2 20:42:55.465 2021@LM_INFO@ReLoadSvrList server_info set_no:1, svr_info:9|1001201.
Apr  2 20:42:55.465 2021@LM_INFO@ReLoadSvrList server_info set_no:1, svr_info:20|1000001.
Apr  2 20:42:55.466 2021@LM_INFO@ReLoadSvrList server_info set_no:1, svr_info:17|1000001.
Apr  2 20:42:55.471 2021@LM_INFO@ReLoadSvrList server_info set_no:1, svr_info:14|1000001.
Apr  2 20:42:55.472 2021@LM_INFO@ReLoadSvrList server_info set_no:1, svr_info:5|1000001.
Apr  2 20:42:55.472 2021@LM_INFO@ReLoadSvrList server_info set_no:1, svr_info:2|1000001.
Apr  2 20:42:55.472 2021@LM_INFO@ReLoadSvrList server_info set_no:1, svr_info:11|1001101.
Apr  2 20:42:55.473 2021@LM_INFO@ReLoadSvrList server_info set_no:1, svr_info:11|1001201.
Apr  2 20:42:55.474 2021@LM_INFO@ReLoadSvrList server_info set_no:1, svr_info:22|1000001.
Apr  2 20:42:55.474 2021@LM_INFO@ReLoadSvrList server_info set_no:1, svr_info:8|1001101.
Apr  2 20:42:55.474 2021@LM_INFO@Read Server Configure File. [./cfg/mailsvrd.conf] .
Apr  2 20:42:55.517 2021@LM_INFO@Read CommSvrd Server Configure File. [./cfg/mailsvrd.conf] .
Apr  2 20:42:55.517 2021@LM_INFO@Inst_Mail_Svrd_App::InitInstance end.
Apr  2 20:42:55.517 2021@LM_INFO@Inst_Mail_Svrd_App::Run.
Apr  2 20:42:55.548 2021@LM_ERROR@MailAppEventHandler::handle_timeout map_of_state_num:0.
Apr  2 20:42:57.581 2021@LM_INFO@Mail_Trans_Send_SYS_Mail::OnInit req_data:1602|11.
Apr  2 20:42:57.605 2021@LM_INFO@Mail_Trans_Send_SYS_Mail::OnInit req_data:1602|11.
Apr  2 20:42:57.606 2021@LM_INFO@Mail_Trans_Send_SYS_Mail::OnInit req_data:1602|11.
Apr  2 20:43:00.924 2021@LM_INFO@Mail_Trans_Send_SYS_Mail::OnInit req_data:4919|11.
Apr  2 20:43:24.571 2021@LM_ERROR@MailAppEventHandler::handle_timeout map_of_state_num:0.
Apr  2 20:43:54.754 2021@LM_ERROR@MailAppEventHandler::handle_timeout map_of_state_num:0.
Apr  2 20:44:24.571 2021@LM_ERROR@MailAppEventHandler::handle_timeout map_of_state_num:0.
Apr  2 20:44:54.572 2021@LM_ERROR@MailAppEventHandler::handle_timeout map_of_state_num:0.
Apr  2 20:56:49.942 2021@LM_INFO@Read DB Conf Configure File. [../../cfg/set_common.conf] .
Apr  2 20:56:49.954 2021@LM_INFO@Read DB Conf From DB. [127.0.0.1|root|qy22players|3306] .
Apr  2 20:56:50.004 2021@LM_INFO@Read MailSvrd DB Config Form Mysql [127.0.0.1] Succ.
Apr  2 20:56:50.902 2021@LM_INFO@QY_DB_Config_Mgr::Initialize Succ.
Apr  2 20:56:50.921 2021@LM_INFO@Pkg_Malloc_Mgr::Pkg_Malloc_Mgr init num256.
Apr  2 20:56:51.229 2021@LM_INFO@TransMangerWithNotify<ACE_MT_SYNCH>::ActiveNotifyTask before TaskClone(), index=0
Apr  2 20:56:51.430 2021@LM_INFO@TransMangerWithNotify<ACE_MT_SYNCH>::ActiveNotifyTask before TaskClone(), index=1
Apr  2 20:56:51.511 2021@LM_INFO@TransMangerWithNotify<ACE_MT_SYNCH>::ActiveNotifyTask before TaskClone(), index=2
Apr  2 20:56:51.549 2021@LM_INFO@TransMangerWithNotify<ACE_MT_SYNCH>::ActiveNotifyTask before TaskClone(), index=3
Apr  2 20:56:51.784 2021@LM_INFO@Get config db data server_type_=1,server_id_=1000001,lan_ip=2130706433,lan_port=11001,wan_ip_1=0,wan_port_1=0,wan_ip_2=0,wan_port_2=0,udp_lan_ip=0, udp_wan_ip=0, udp_port=0, set_no_=1, game_set_id=0,idc_no_=0,cfg_info_=.
Apr  2 20:56:51.794 2021@LM_INFO@Get config db data server_type_=2,server_id_=1000001,lan_ip=2130706433,lan_port=12001,wan_ip_1=0,wan_port_1=0,wan_ip_2=0,wan_port_2=0,udp_lan_ip=0, udp_wan_ip=0, udp_port=0, set_no_=1, game_set_id=0,idc_no_=0,cfg_info_=.
Apr  2 20:56:51.795 2021@LM_INFO@Get config db data server_type_=3,server_id_=1000001,lan_ip=2130706433,lan_port=13001,wan_ip_1=3232286820,wan_port_1=13001,wan_ip_2=0,wan_port_2=0,udp_lan_ip=0, udp_wan_ip=0, udp_port=0, set_no_=1, game_set_id=0,idc_no_=0,cfg_info_=.
Apr  2 20:56:51.797 2021@LM_INFO@Get config db data server_type_=4,server_id_=1000001,lan_ip=2130706433,lan_port=14001,wan_ip_1=0,wan_port_1=0,wan_ip_2=0,wan_port_2=0,udp_lan_ip=0, udp_wan_ip=0, udp_port=0, set_no_=1, game_set_id=0,idc_no_=0,cfg_info_=.
Apr  2 20:56:51.801 2021@LM_INFO@Get config db data server_type_=5,server_id_=1000001,lan_ip=2130706433,lan_port=15001,wan_ip_1=0,wan_port_1=0,wan_ip_2=0,wan_port_2=0,udp_lan_ip=0, udp_wan_ip=0, udp_port=0, set_no_=1, game_set_id=0,idc_no_=0,cfg_info_=.
Apr  2 20:56:51.814 2021@LM_INFO@Get config db data server_type_=6,server_id_=1000001,lan_ip=2130706433,lan_port=16001,wan_ip_1=3232286820,wan_port_1=16001,wan_ip_2=0,wan_port_2=0,udp_lan_ip=0, udp_wan_ip=0, udp_port=0, set_no_=1, game_set_id=0,idc_no_=0,cfg_info_=.
Apr  2 20:56:51.816 2021@LM_INFO@Get config db data server_type_=7,server_id_=1000001,lan_ip=2130706433,lan_port=17001,wan_ip_1=0,wan_port_1=0,wan_ip_2=0,wan_port_2=0,udp_lan_ip=0, udp_wan_ip=0, udp_port=0, set_no_=1, game_set_id=0,idc_no_=0,cfg_info_=.
Apr  2 20:56:51.823 2021@LM_INFO@Get config db data server_type_=10,server_id_=1000001,lan_ip=2130706433,lan_port=20001,wan_ip_1=0,wan_port_1=0,wan_ip_2=0,wan_port_2=0,udp_lan_ip=0, udp_wan_ip=0, udp_port=0, set_no_=1, game_set_id=0,idc_no_=0,cfg_info_=.
Apr  2 20:56:51.830 2021@LM_INFO@Get config db data server_type_=12,server_id_=1000001,lan_ip=2130706433,lan_port=22001,wan_ip_1=0,wan_port_1=0,wan_ip_2=0,wan_port_2=0,udp_lan_ip=0, udp_wan_ip=0, udp_port=0, set_no_=1, game_set_id=0,idc_no_=0,cfg_info_=.
Apr  2 20:56:51.832 2021@LM_INFO@Get config db data server_type_=13,server_id_=1000001,lan_ip=2130706433,lan_port=23001,wan_ip_1=0,wan_port_1=0,wan_ip_2=0,wan_port_2=0,udp_lan_ip=0, udp_wan_ip=0, udp_port=0, set_no_=1, game_set_id=0,idc_no_=0,cfg_info_=.
Apr  2 20:56:51.837 2021@LM_INFO@Get config db data server_type_=14,server_id_=1000001,lan_ip=2130706433,lan_port=24001,wan_ip_1=0,wan_port_1=0,wan_ip_2=0,wan_port_2=0,udp_lan_ip=0, udp_wan_ip=0, udp_port=0, set_no_=1, game_set_id=0,idc_no_=0,cfg_info_=.
Apr  2 20:56:51.844 2021@LM_INFO@Get config db data server_type_=15,server_id_=1000001,lan_ip=2130706433,lan_port=25001,wan_ip_1=0,wan_port_1=0,wan_ip_2=0,wan_port_2=0,udp_lan_ip=0, udp_wan_ip=0, udp_port=0, set_no_=1, game_set_id=0,idc_no_=0,cfg_info_=.
Apr  2 20:56:51.846 2021@LM_INFO@Get config db data server_type_=17,server_id_=1000001,lan_ip=2130706433,lan_port=27001,wan_ip_1=0,wan_port_1=0,wan_ip_2=0,wan_port_2=0,udp_lan_ip=0, udp_wan_ip=0, udp_port=0, set_no_=1, game_set_id=0,idc_no_=0,cfg_info_=.
Apr  2 20:56:51.849 2021@LM_INFO@Get config db data server_type_=18,server_id_=1000001,lan_ip=2130706433,lan_port=28001,wan_ip_1=0,wan_port_1=0,wan_ip_2=0,wan_port_2=0,udp_lan_ip=0, udp_wan_ip=0, udp_port=0, set_no_=1, game_set_id=0,idc_no_=0,cfg_info_=.
Apr  2 20:56:51.856 2021@LM_INFO@Get config db data server_type_=19,server_id_=1000001,lan_ip=2130706433,lan_port=29001,wan_ip_1=0,wan_port_1=0,wan_ip_2=0,wan_port_2=0,udp_lan_ip=0, udp_wan_ip=0, udp_port=0, set_no_=1, game_set_id=0,idc_no_=0,cfg_info_=.
Apr  2 20:56:51.858 2021@LM_INFO@Get config db data server_type_=20,server_id_=1000001,lan_ip=2130706433,lan_port=30001,wan_ip_1=3232286820,wan_port_1=0,wan_ip_2=0,wan_port_2=0,udp_lan_ip=0, udp_wan_ip=0, udp_port=0, set_no_=1, game_set_id=0,idc_no_=0,cfg_info_=.
Apr  2 20:56:51.859 2021@LM_INFO@Get config db data server_type_=21,server_id_=1000001,lan_ip=2130706433,lan_port=31001,wan_ip_1=0,wan_port_1=0,wan_ip_2=0,wan_port_2=0,udp_lan_ip=0, udp_wan_ip=0, udp_port=0, set_no_=1, game_set_id=0,idc_no_=0,cfg_info_=.
Apr  2 20:56:51.864 2021@LM_INFO@Get config db data server_type_=22,server_id_=1000001,lan_ip=2130706433,lan_port=32001,wan_ip_1=0,wan_port_1=0,wan_ip_2=0,wan_port_2=0,udp_lan_ip=2130706433, udp_wan_ip=3232286820, udp_port=52431, set_no_=1, game_set_id=0,idc_no_=0,cfg_info_=.
Apr  2 20:56:51.869 2021@LM_INFO@Get config db data server_type_=8,server_id_=1001101,lan_ip=2130706433,lan_port=18001,wan_ip_1=0,wan_port_1=0,wan_ip_2=0,wan_port_2=0,udp_lan_ip=0, udp_wan_ip=0, udp_port=0, set_no_=1, game_set_id=11,idc_no_=0,cfg_info_=.
Apr  2 20:56:51.872 2021@LM_INFO@Get config db data server_type_=9,server_id_=1001101,lan_ip=2130706433,lan_port=19001,wan_ip_1=0,wan_port_1=0,wan_ip_2=0,wan_port_2=0,udp_lan_ip=0, udp_wan_ip=0, udp_port=0, set_no_=1, game_set_id=11,idc_no_=0,cfg_info_=.
Apr  2 20:56:51.875 2021@LM_INFO@Get config db data server_type_=11,server_id_=1001101,lan_ip=2130706433,lan_port=21001,wan_ip_1=0,wan_port_1=0,wan_ip_2=0,wan_port_2=0,udp_lan_ip=0, udp_wan_ip=0, udp_port=0, set_no_=1, game_set_id=11,idc_no_=0,cfg_info_=.
Apr  2 20:56:51.881 2021@LM_INFO@Get config db data server_type_=8,server_id_=1001201,lan_ip=2130706433,lan_port=18002,wan_ip_1=0,wan_port_1=0,wan_ip_2=0,wan_port_2=0,udp_lan_ip=0, udp_wan_ip=0, udp_port=0, set_no_=1, game_set_id=12,idc_no_=0,cfg_info_=.
Apr  2 20:56:51.885 2021@LM_INFO@Get config db data server_type_=9,server_id_=1001201,lan_ip=2130706433,lan_port=19002,wan_ip_1=0,wan_port_1=0,wan_ip_2=0,wan_port_2=0,udp_lan_ip=0, udp_wan_ip=0, udp_port=0, set_no_=1, game_set_id=12,idc_no_=0,cfg_info_=.
Apr  2 20:56:51.888 2021@LM_INFO@Get config db data server_type_=11,server_id_=1001201,lan_ip=2130706433,lan_port=21002,wan_ip_1=0,wan_port_1=0,wan_ip_2=0,wan_port_2=0,udp_lan_ip=0, udp_wan_ip=0, udp_port=0, set_no_=1, game_set_id=12,idc_no_=0,cfg_info_=.
Apr  2 20:56:51.896 2021@LM_INFO@ReLoadSvrList server_info set_no:1, svr_info:8|1001201.
Apr  2 20:56:51.897 2021@LM_INFO@ReLoadSvrList server_info set_no:1, svr_info:19|1000001.
Apr  2 20:56:51.898 2021@LM_INFO@ReLoadSvrList server_info set_no:1, svr_info:13|1000001.
Apr  2 20:56:51.898 2021@LM_INFO@ReLoadSvrList server_info set_no:1, svr_info:10|1000001.
Apr  2 20:56:51.900 2021@LM_INFO@ReLoadSvrList server_info set_no:1, svr_info:7|1000001.
Apr  2 20:56:51.900 2021@LM_INFO@ReLoadSvrList server_info set_no:1, svr_info:4|1000001.
Apr  2 20:56:51.907 2021@LM_INFO@ReLoadSvrList server_info set_no:1, svr_info:1|1000001.
Apr  2 20:56:51.908 2021@LM_INFO@ReLoadSvrList server_info set_no:1, svr_info:21|1000001.
Apr  2 20:56:51.909 2021@LM_INFO@ReLoadSvrList server_info set_no:1, svr_info:18|1000001.
Apr  2 20:56:51.909 2021@LM_INFO@ReLoadSvrList server_info set_no:1, svr_info:15|1000001.
Apr  2 20:56:51.909 2021@LM_INFO@ReLoadSvrList server_info set_no:1, svr_info:12|1000001.
Apr  2 20:56:51.910 2021@LM_INFO@ReLoadSvrList server_info set_no:1, svr_info:6|1000001.
Apr  2 20:56:51.910 2021@LM_INFO@ReLoadSvrList server_info set_no:1, svr_info:3|1000001.
Apr  2 20:56:51.910 2021@LM_INFO@ReLoadSvrList server_info set_no:1, svr_info:9|1001101.
Apr  2 20:56:51.910 2021@LM_INFO@ReLoadSvrList server_info set_no:1, svr_info:9|1001201.
Apr  2 20:56:51.911 2021@LM_INFO@ReLoadSvrList server_info set_no:1, svr_info:20|1000001.
Apr  2 20:56:51.911 2021@LM_INFO@ReLoadSvrList server_info set_no:1, svr_info:17|1000001.
Apr  2 20:56:51.912 2021@LM_INFO@ReLoadSvrList server_info set_no:1, svr_info:14|1000001.
Apr  2 20:56:51.912 2021@LM_INFO@ReLoadSvrList server_info set_no:1, svr_info:5|1000001.
Apr  2 20:56:51.918 2021@LM_INFO@ReLoadSvrList server_info set_no:1, svr_info:2|1000001.
Apr  2 20:56:51.920 2021@LM_INFO@ReLoadSvrList server_info set_no:1, svr_info:11|1001101.
Apr  2 20:56:51.920 2021@LM_INFO@ReLoadSvrList server_info set_no:1, svr_info:11|1001201.
Apr  2 20:56:51.920 2021@LM_INFO@ReLoadSvrList server_info set_no:1, svr_info:22|1000001.
Apr  2 20:56:51.921 2021@LM_INFO@ReLoadSvrList server_info set_no:1, svr_info:8|1001101.
Apr  2 20:56:51.922 2021@LM_INFO@Read Server Configure File. [./cfg/mailsvrd.conf] .
Apr  2 20:56:51.927 2021@LM_INFO@Read CommSvrd Server Configure File. [./cfg/mailsvrd.conf] .
Apr  2 20:56:51.931 2021@LM_INFO@Inst_Mail_Svrd_App::InitInstance end.
Apr  2 20:56:51.931 2021@LM_INFO@Inst_Mail_Svrd_App::Run.
Apr  2 20:56:51.933 2021@LM_ERROR@MailAppEventHandler::handle_timeout map_of_state_num:0.
Apr  2 20:57:21.236 2021@LM_ERROR@MailAppEventHandler::handle_timeout map_of_state_num:0.
Apr  2 20:57:51.226 2021@LM_ERROR@MailAppEventHandler::handle_timeout map_of_state_num:0.
Apr  2 20:58:21.341 2021@LM_ERROR@MailAppEventHandler::handle_timeout map_of_state_num:0.
Apr  2 20:58:51.355 2021@LM_ERROR@MailAppEventHandler::handle_timeout map_of_state_num:0.
Apr  2 20:59:21.218 2021@LM_ERROR@MailAppEventHandler::handle_timeout map_of_state_num:0.
Apr  2 20:59:51.218 2021@LM_ERROR@MailAppEventHandler::handle_timeout map_of_state_num:0.
Apr  2 21:00:21.218 2021@LM_ERROR@MailAppEventHandler::handle_timeout map_of_state_num:0.
Apr  2 21:00:51.218 2021@LM_ERROR@MailAppEventHandler::handle_timeout map_of_state_num:0.
Apr  2 21:01:21.218 2021@LM_ERROR@MailAppEventHandler::handle_timeout map_of_state_num:0.
Apr  2 21:01:51.359 2021@LM_ERROR@MailAppEventHandler::handle_timeout map_of_state_num:0.
Apr  2 21:02:21.218 2021@LM_ERROR@MailAppEventHandler::handle_timeout map_of_state_num:0.
Apr  2 21:02:51.218 2021@LM_ERROR@MailAppEventHandler::handle_timeout map_of_state_num:0.
Apr  2 21:03:21.218 2021@LM_ERROR@MailAppEventHandler::handle_timeout map_of_state_num:0.
Apr  2 21:03:51.218 2021@LM_ERROR@MailAppEventHandler::handle_timeout map_of_state_num:0.
Apr  2 21:04:21.219 2021@LM_ERROR@MailAppEventHandler::handle_timeout map_of_state_num:0.
Apr  2 21:04:51.218 2021@LM_ERROR@MailAppEventHandler::handle_timeout map_of_state_num:0.
Apr  2 21:05:21.218 2021@LM_ERROR@MailAppEventHandler::handle_timeout map_of_state_num:0.
Apr  2 21:05:51.219 2021@LM_ERROR@MailAppEventHandler::handle_timeout map_of_state_num:0.
Apr  2 21:06:21.223 2021@LM_ERROR@MailAppEventHandler::handle_timeout map_of_state_num:0.
Apr  2 21:06:51.221 2021@LM_ERROR@MailAppEventHandler::handle_timeout map_of_state_num:0.
Apr  2 21:07:21.218 2021@LM_ERROR@MailAppEventHandler::handle_timeout map_of_state_num:0.
Apr  2 21:23:07.102 2021@LM_INFO@Read DB Conf Configure File. [../../cfg/set_common.conf] .
Apr  2 21:23:07.201 2021@LM_INFO@Read DB Conf From DB. [127.0.0.1|root|qy22players|3306] .
Apr  2 21:23:07.294 2021@LM_INFO@Read MailSvrd DB Config Form Mysql [127.0.0.1] Succ.
Apr  2 21:23:08.483 2021@LM_INFO@QY_DB_Config_Mgr::Initialize Succ.
Apr  2 21:23:08.533 2021@LM_INFO@Pkg_Malloc_Mgr::Pkg_Malloc_Mgr init num256.
Apr  2 21:23:08.748 2021@LM_INFO@TransMangerWithNotify<ACE_MT_SYNCH>::ActiveNotifyTask before TaskClone(), index=0
Apr  2 21:23:08.762 2021@LM_INFO@TransMangerWithNotify<ACE_MT_SYNCH>::ActiveNotifyTask before TaskClone(), index=1
Apr  2 21:23:09.867 2021@LM_INFO@TransMangerWithNotify<ACE_MT_SYNCH>::ActiveNotifyTask before TaskClone(), index=2
Apr  2 21:23:09.872 2021@LM_INFO@TransMangerWithNotify<ACE_MT_SYNCH>::ActiveNotifyTask before TaskClone(), index=3
Apr  2 21:23:09.996 2021@LM_INFO@Get config db data server_type_=1,server_id_=1000001,lan_ip=2130706433,lan_port=11001,wan_ip_1=0,wan_port_1=0,wan_ip_2=0,wan_port_2=0,udp_lan_ip=0, udp_wan_ip=0, udp_port=0, set_no_=1, game_set_id=0,idc_no_=0,cfg_info_=.
Apr  2 21:23:09.998 2021@LM_INFO@Get config db data server_type_=2,server_id_=1000001,lan_ip=2130706433,lan_port=12001,wan_ip_1=0,wan_port_1=0,wan_ip_2=0,wan_port_2=0,udp_lan_ip=0, udp_wan_ip=0, udp_port=0, set_no_=1, game_set_id=0,idc_no_=0,cfg_info_=.
Apr  2 21:23:10.003 2021@LM_INFO@Get config db data server_type_=3,server_id_=1000001,lan_ip=2130706433,lan_port=13001,wan_ip_1=3232286820,wan_port_1=13001,wan_ip_2=0,wan_port_2=0,udp_lan_ip=0, udp_wan_ip=0, udp_port=0, set_no_=1, game_set_id=0,idc_no_=0,cfg_info_=.
Apr  2 21:23:10.009 2021@LM_INFO@Get config db data server_type_=4,server_id_=1000001,lan_ip=2130706433,lan_port=14001,wan_ip_1=0,wan_port_1=0,wan_ip_2=0,wan_port_2=0,udp_lan_ip=0, udp_wan_ip=0, udp_port=0, set_no_=1, game_set_id=0,idc_no_=0,cfg_info_=.
Apr  2 21:23:10.014 2021@LM_INFO@Get config db data server_type_=5,server_id_=1000001,lan_ip=2130706433,lan_port=15001,wan_ip_1=0,wan_port_1=0,wan_ip_2=0,wan_port_2=0,udp_lan_ip=0, udp_wan_ip=0, udp_port=0, set_no_=1, game_set_id=0,idc_no_=0,cfg_info_=.
Apr  2 21:23:10.021 2021@LM_INFO@Get config db data server_type_=6,server_id_=1000001,lan_ip=2130706433,lan_port=16001,wan_ip_1=3232286820,wan_port_1=16001,wan_ip_2=0,wan_port_2=0,udp_lan_ip=0, udp_wan_ip=0, udp_port=0, set_no_=1, game_set_id=0,idc_no_=0,cfg_info_=.
Apr  2 21:23:10.028 2021@LM_INFO@Get config db data server_type_=7,server_id_=1000001,lan_ip=2130706433,lan_port=17001,wan_ip_1=0,wan_port_1=0,wan_ip_2=0,wan_port_2=0,udp_lan_ip=0, udp_wan_ip=0, udp_port=0, set_no_=1, game_set_id=0,idc_no_=0,cfg_info_=.
Apr  2 21:23:10.035 2021@LM_INFO@Get config db data server_type_=10,server_id_=1000001,lan_ip=2130706433,lan_port=20001,wan_ip_1=0,wan_port_1=0,wan_ip_2=0,wan_port_2=0,udp_lan_ip=0, udp_wan_ip=0, udp_port=0, set_no_=1, game_set_id=0,idc_no_=0,cfg_info_=.
Apr  2 21:23:10.042 2021@LM_INFO@Get config db data server_type_=12,server_id_=1000001,lan_ip=2130706433,lan_port=22001,wan_ip_1=0,wan_port_1=0,wan_ip_2=0,wan_port_2=0,udp_lan_ip=0, udp_wan_ip=0, udp_port=0, set_no_=1, game_set_id=0,idc_no_=0,cfg_info_=.
Apr  2 21:23:10.047 2021@LM_INFO@Get config db data server_type_=13,server_id_=1000001,lan_ip=2130706433,lan_port=23001,wan_ip_1=0,wan_port_1=0,wan_ip_2=0,wan_port_2=0,udp_lan_ip=0, udp_wan_ip=0, udp_port=0, set_no_=1, game_set_id=0,idc_no_=0,cfg_info_=.
Apr  2 21:23:10.054 2021@LM_INFO@Get config db data server_type_=14,server_id_=1000001,lan_ip=2130706433,lan_port=24001,wan_ip_1=0,wan_port_1=0,wan_ip_2=0,wan_port_2=0,udp_lan_ip=0, udp_wan_ip=0, udp_port=0, set_no_=1, game_set_id=0,idc_no_=0,cfg_info_=.
Apr  2 21:23:10.060 2021@LM_INFO@Get config db data server_type_=15,server_id_=1000001,lan_ip=2130706433,lan_port=25001,wan_ip_1=0,wan_port_1=0,wan_ip_2=0,wan_port_2=0,udp_lan_ip=0, udp_wan_ip=0, udp_port=0, set_no_=1, game_set_id=0,idc_no_=0,cfg_info_=.
Apr  2 21:23:10.065 2021@LM_INFO@Get config db data server_type_=17,server_id_=1000001,lan_ip=2130706433,lan_port=27001,wan_ip_1=0,wan_port_1=0,wan_ip_2=0,wan_port_2=0,udp_lan_ip=0, udp_wan_ip=0, udp_port=0, set_no_=1, game_set_id=0,idc_no_=0,cfg_info_=.
Apr  2 21:23:10.071 2021@LM_INFO@Get config db data server_type_=18,server_id_=1000001,lan_ip=2130706433,lan_port=28001,wan_ip_1=0,wan_port_1=0,wan_ip_2=0,wan_port_2=0,udp_lan_ip=0, udp_wan_ip=0, udp_port=0, set_no_=1, game_set_id=0,idc_no_=0,cfg_info_=.
Apr  2 21:23:10.078 2021@LM_INFO@Get config db data server_type_=19,server_id_=1000001,lan_ip=2130706433,lan_port=29001,wan_ip_1=0,wan_port_1=0,wan_ip_2=0,wan_port_2=0,udp_lan_ip=0, udp_wan_ip=0, udp_port=0, set_no_=1, game_set_id=0,idc_no_=0,cfg_info_=.
Apr  2 21:23:10.084 2021@LM_INFO@Get config db data server_type_=20,server_id_=1000001,lan_ip=2130706433,lan_port=30001,wan_ip_1=3232286820,wan_port_1=0,wan_ip_2=0,wan_port_2=0,udp_lan_ip=0, udp_wan_ip=0, udp_port=0, set_no_=1, game_set_id=0,idc_no_=0,cfg_info_=.
Apr  2 21:23:10.090 2021@LM_INFO@Get config db data server_type_=21,server_id_=1000001,lan_ip=2130706433,lan_port=31001,wan_ip_1=0,wan_port_1=0,wan_ip_2=0,wan_port_2=0,udp_lan_ip=0, udp_wan_ip=0, udp_port=0, set_no_=1, game_set_id=0,idc_no_=0,cfg_info_=.
Apr  2 21:23:10.095 2021@LM_INFO@Get config db data server_type_=22,server_id_=1000001,lan_ip=2130706433,lan_port=32001,wan_ip_1=0,wan_port_1=0,wan_ip_2=0,wan_port_2=0,udp_lan_ip=2130706433, udp_wan_ip=3232286820, udp_port=52431, set_no_=1, game_set_id=0,idc_no_=0,cfg_info_=.
Apr  2 21:23:10.102 2021@LM_INFO@Get config db data server_type_=8,server_id_=1001101,lan_ip=2130706433,lan_port=18001,wan_ip_1=0,wan_port_1=0,wan_ip_2=0,wan_port_2=0,udp_lan_ip=0, udp_wan_ip=0, udp_port=0, set_no_=1, game_set_id=11,idc_no_=0,cfg_info_=.
Apr  2 21:23:10.110 2021@LM_INFO@Get config db data server_type_=9,server_id_=1001101,lan_ip=2130706433,lan_port=19001,wan_ip_1=0,wan_port_1=0,wan_ip_2=0,wan_port_2=0,udp_lan_ip=0, udp_wan_ip=0, udp_port=0, set_no_=1, game_set_id=11,idc_no_=0,cfg_info_=.
Apr  2 21:23:10.112 2021@LM_INFO@Get config db data server_type_=11,server_id_=1001101,lan_ip=2130706433,lan_port=21001,wan_ip_1=0,wan_port_1=0,wan_ip_2=0,wan_port_2=0,udp_lan_ip=0, udp_wan_ip=0, udp_port=0, set_no_=1, game_set_id=11,idc_no_=0,cfg_info_=.
Apr  2 21:23:10.127 2021@LM_INFO@Get config db data server_type_=8,server_id_=1001201,lan_ip=2130706433,lan_port=18002,wan_ip_1=0,wan_port_1=0,wan_ip_2=0,wan_port_2=0,udp_lan_ip=0, udp_wan_ip=0, udp_port=0, set_no_=1, game_set_id=12,idc_no_=0,cfg_info_=.
Apr  2 21:23:10.134 2021@LM_INFO@Get config db data server_type_=9,server_id_=1001201,lan_ip=2130706433,lan_port=19002,wan_ip_1=0,wan_port_1=0,wan_ip_2=0,wan_port_2=0,udp_lan_ip=0, udp_wan_ip=0, udp_port=0, set_no_=1, game_set_id=12,idc_no_=0,cfg_info_=.
Apr  2 21:23:10.137 2021@LM_INFO@Get config db data server_type_=11,server_id_=1001201,lan_ip=2130706433,lan_port=21002,wan_ip_1=0,wan_port_1=0,wan_ip_2=0,wan_port_2=0,udp_lan_ip=0, udp_wan_ip=0, udp_port=0, set_no_=1, game_set_id=12,idc_no_=0,cfg_info_=.
Apr  2 21:23:10.145 2021@LM_INFO@ReLoadSvrList server_info set_no:1, svr_info:8|1001201.
Apr  2 21:23:10.149 2021@LM_INFO@ReLoadSvrList server_info set_no:1, svr_info:19|1000001.
Apr  2 21:23:10.149 2021@LM_INFO@ReLoadSvrList server_info set_no:1, svr_info:13|1000001.
Apr  2 21:23:10.151 2021@LM_INFO@ReLoadSvrList server_info set_no:1, svr_info:10|1000001.
Apr  2 21:23:10.153 2021@LM_INFO@ReLoadSvrList server_info set_no:1, svr_info:7|1000001.
Apr  2 21:23:10.154 2021@LM_INFO@ReLoadSvrList server_info set_no:1, svr_info:4|1000001.
Apr  2 21:23:10.155 2021@LM_INFO@ReLoadSvrList server_info set_no:1, svr_info:1|1000001.
Apr  2 21:23:10.159 2021@LM_INFO@ReLoadSvrList server_info set_no:1, svr_info:21|1000001.
Apr  2 21:23:10.159 2021@LM_INFO@ReLoadSvrList server_info set_no:1, svr_info:18|1000001.
Apr  2 21:23:10.159 2021@LM_INFO@ReLoadSvrList server_info set_no:1, svr_info:15|1000001.
Apr  2 21:23:10.160 2021@LM_INFO@ReLoadSvrList server_info set_no:1, svr_info:12|1000001.
Apr  2 21:23:10.160 2021@LM_INFO@ReLoadSvrList server_info set_no:1, svr_info:6|1000001.
Apr  2 21:23:10.161 2021@LM_INFO@ReLoadSvrList server_info set_no:1, svr_info:3|1000001.
Apr  2 21:23:10.161 2021@LM_INFO@ReLoadSvrList server_info set_no:1, svr_info:9|1001101.
Apr  2 21:23:10.163 2021@LM_INFO@ReLoadSvrList server_info set_no:1, svr_info:9|1001201.
Apr  2 21:23:10.170 2021@LM_INFO@ReLoadSvrList server_info set_no:1, svr_info:20|1000001.
Apr  2 21:23:10.170 2021@LM_INFO@ReLoadSvrList server_info set_no:1, svr_info:17|1000001.
Apr  2 21:23:10.170 2021@LM_INFO@ReLoadSvrList server_info set_no:1, svr_info:14|1000001.
Apr  2 21:23:10.170 2021@LM_INFO@ReLoadSvrList server_info set_no:1, svr_info:5|1000001.
Apr  2 21:23:10.170 2021@LM_INFO@ReLoadSvrList server_info set_no:1, svr_info:2|1000001.
Apr  2 21:23:10.171 2021@LM_INFO@ReLoadSvrList server_info set_no:1, svr_info:11|1001101.
Apr  2 21:23:10.171 2021@LM_INFO@ReLoadSvrList server_info set_no:1, svr_info:11|1001201.
Apr  2 21:23:10.171 2021@LM_INFO@ReLoadSvrList server_info set_no:1, svr_info:22|1000001.
Apr  2 21:23:10.174 2021@LM_INFO@ReLoadSvrList server_info set_no:1, svr_info:8|1001101.
Apr  2 21:23:10.174 2021@LM_INFO@Read Server Configure File. [./cfg/mailsvrd.conf] .
Apr  2 21:23:10.329 2021@LM_INFO@Read CommSvrd Server Configure File. [./cfg/mailsvrd.conf] .
Apr  2 21:23:10.913 2021@LM_INFO@Inst_Mail_Svrd_App::InitInstance end.
Apr  2 21:23:10.955 2021@LM_INFO@Inst_Mail_Svrd_App::Run.
Apr  2 21:23:11.032 2021@LM_ERROR@MailAppEventHandler::handle_timeout map_of_state_num:0.
Apr  2 21:23:38.735 2021@LM_ERROR@MailAppEventHandler::handle_timeout map_of_state_num:0.
Apr  2 21:24:08.776 2021@LM_ERROR@MailAppEventHandler::handle_timeout map_of_state_num:0.
Apr  2 21:24:38.734 2021@LM_ERROR@MailAppEventHandler::handle_timeout map_of_state_num:0.
Apr  2 21:25:08.735 2021@LM_ERROR@MailAppEventHandler::handle_timeout map_of_state_num:0.
Apr  2 21:25:38.737 2021@LM_ERROR@MailAppEventHandler::handle_timeout map_of_state_num:0.
Apr  2 21:26:08.735 2021@LM_ERROR@MailAppEventHandler::handle_timeout map_of_state_num:0.
Apr  2 21:26:38.734 2021@LM_ERROR@MailAppEventHandler::handle_timeout map_of_state_num:0.
Apr  2 21:27:08.734 2021@LM_ERROR@MailAppEventHandler::handle_timeout map_of_state_num:0.
Apr  2 21:27:38.735 2021@LM_ERROR@MailAppEventHandler::handle_timeout map_of_state_num:0.
Apr  2 21:28:08.735 2021@LM_ERROR@MailAppEventHandler::handle_timeout map_of_state_num:0.
Apr  2 21:28:38.735 2021@LM_ERROR@MailAppEventHandler::handle_timeout map_of_state_num:0.
Apr  2 21:29:08.735 2021@LM_ERROR@MailAppEventHandler::handle_timeout map_of_state_num:0.
Apr  2 21:29:38.734 2021@LM_ERROR@MailAppEventHandler::handle_timeout map_of_state_num:0.
Apr  2 21:30:08.735 2021@LM_ERROR@MailAppEventHandler::handle_timeout map_of_state_num:0.
Apr  2 21:30:38.735 2021@LM_ERROR@MailAppEventHandler::handle_timeout map_of_state_num:0.
Apr  2 21:31:08.735 2021@LM_ERROR@MailAppEventHandler::handle_timeout map_of_state_num:0.
Apr  2 21:31:38.738 2021@LM_ERROR@MailAppEventHandler::handle_timeout map_of_state_num:0.
Apr  2 21:32:08.755 2021@LM_ERROR@MailAppEventHandler::handle_timeout map_of_state_num:0.
Apr  2 21:32:38.778 2021@LM_ERROR@MailAppEventHandler::handle_timeout map_of_state_num:0.
Apr  2 21:33:08.735 2021@LM_ERROR@MailAppEventHandler::handle_timeout map_of_state_num:0.
Apr  2 21:33:38.734 2021@LM_ERROR@MailAppEventHandler::handle_timeout map_of_state_num:0.
Apr  2 21:34:08.734 2021@LM_ERROR@MailAppEventHandler::handle_timeout map_of_state_num:0.
Apr  2 21:34:38.735 2021@LM_ERROR@MailAppEventHandler::handle_timeout map_of_state_num:0.
Apr  2 21:35:08.735 2021@LM_ERROR@MailAppEventHandler::handle_timeout map_of_state_num:0.
Apr  2 21:35:38.734 2021@LM_ERROR@MailAppEventHandler::handle_timeout map_of_state_num:0.
Apr  2 21:36:08.735 2021@LM_ERROR@MailAppEventHandler::handle_timeout map_of_state_num:0.
Apr  2 21:36:38.734 2021@LM_ERROR@MailAppEventHandler::handle_timeout map_of_state_num:0.
Apr  2 21:37:08.734 2021@LM_ERROR@MailAppEventHandler::handle_timeout map_of_state_num:0.
Apr  2 21:37:38.734 2021@LM_ERROR@MailAppEventHandler::handle_timeout map_of_state_num:0.
Apr  2 21:38:08.770 2021@LM_ERROR@MailAppEventHandler::handle_timeout map_of_state_num:0.
Apr  2 21:38:38.735 2021@LM_ERROR@MailAppEventHandler::handle_timeout map_of_state_num:0.
Apr  2 21:39:08.735 2021@LM_ERROR@MailAppEventHandler::handle_timeout map_of_state_num:0.
Apr  2 21:39:38.735 2021@LM_ERROR@MailAppEventHandler::handle_timeout map_of_state_num:0.
Apr  2 21:40:08.735 2021@LM_ERROR@MailAppEventHandler::handle_timeout map_of_state_num:0.
Apr  2 21:40:38.734 2021@LM_ERROR@MailAppEventHandler::handle_timeout map_of_state_num:0.
Apr  2 21:41:08.735 2021@LM_ERROR@MailAppEventHandler::handle_timeout map_of_state_num:0.
Apr  2 21:41:38.737 2021@LM_ERROR@MailAppEventHandler::handle_timeout map_of_state_num:0.
Apr  2 21:42:08.734 2021@LM_ERROR@MailAppEventHandler::handle_timeout map_of_state_num:0.
Apr  2 21:42:38.735 2021@LM_ERROR@MailAppEventHandler::handle_timeout map_of_state_num:0.
Apr  2 21:43:08.735 2021@LM_ERROR@MailAppEventHandler::handle_timeout map_of_state_num:0.
Apr  2 21:43:38.734 2021@LM_ERROR@MailAppEventHandler::handle_timeout map_of_state_num:0.
Apr  2 21:44:08.735 2021@LM_ERROR@MailAppEventHandler::handle_timeout map_of_state_num:0.
Apr  2 21:44:38.735 2021@LM_ERROR@MailAppEventHandler::handle_timeout map_of_state_num:0.
Apr  2 21:45:08.735 2021@LM_ERROR@MailAppEventHandler::handle_timeout map_of_state_num:0.
Apr  2 21:45:38.735 2021@LM_ERROR@MailAppEventHandler::handle_timeout map_of_state_num:0.
Apr  2 21:46:08.735 2021@LM_ERROR@MailAppEventHandler::handle_timeout map_of_state_num:0.
Apr  2 21:46:38.734 2021@LM_ERROR@MailAppEventHandler::handle_timeout map_of_state_num:0.
Apr  2 21:47:08.734 2021@LM_ERROR@MailAppEventHandler::handle_timeout map_of_state_num:0.
Apr  2 21:47:38.735 2021@LM_ERROR@MailAppEventHandler::handle_timeout map_of_state_num:0.
Apr  2 21:48:08.735 2021@LM_ERROR@MailAppEventHandler::handle_timeout map_of_state_num:0.
Apr  2 21:48:38.735 2021@LM_ERROR@MailAppEventHandler::handle_timeout map_of_state_num:0.
Apr  2 21:49:08.735 2021@LM_ERROR@MailAppEventHandler::handle_timeout map_of_state_num:0.
Apr  2 21:49:38.735 2021@LM_ERROR@MailAppEventHandler::handle_timeout map_of_state_num:0.
Apr  2 21:50:08.734 2021@LM_ERROR@MailAppEventHandler::handle_timeout map_of_state_num:0.
Apr  2 21:50:38.735 2021@LM_ERROR@MailAppEventHandler::handle_timeout map_of_state_num:0.
Apr  2 21:51:08.735 2021@LM_ERROR@MailAppEventHandler::handle_timeout map_of_state_num:0.
Apr  2 21:51:38.735 2021@LM_ERROR@MailAppEventHandler::handle_timeout map_of_state_num:0.
Apr  2 21:52:08.734 2021@LM_ERROR@MailAppEventHandler::handle_timeout map_of_state_num:0.
Apr  2 21:52:38.734 2021@LM_ERROR@MailAppEventHandler::handle_timeout map_of_state_num:0.
Apr  2 21:53:08.735 2021@LM_ERROR@MailAppEventHandler::handle_timeout map_of_state_num:0.
Apr  2 21:53:38.734 2021@LM_ERROR@MailAppEventHandler::handle_timeout map_of_state_num:0.
Apr  2 21:54:08.735 2021@LM_ERROR@MailAppEventHandler::handle_timeout map_of_state_num:0.
Apr  2 21:54:38.734 2021@LM_ERROR@MailAppEventHandler::handle_timeout map_of_state_num:0.
Apr  2 21:55:08.735 2021@LM_ERROR@MailAppEventHandler::handle_timeout map_of_state_num:0.
Apr  2 21:55:38.736 2021@LM_ERROR@MailAppEventHandler::handle_timeout map_of_state_num:0.
Apr  2 21:56:08.734 2021@LM_ERROR@MailAppEventHandler::handle_timeout map_of_state_num:0.
Apr  2 21:56:38.734 2021@LM_ERROR@MailAppEventHandler::handle_timeout map_of_state_num:0.
Apr  2 21:57:08.734 2021@LM_ERROR@MailAppEventHandler::handle_timeout map_of_state_num:0.
Apr  2 21:57:38.734 2021@LM_ERROR@MailAppEventHandler::handle_timeout map_of_state_num:0.
Apr  2 21:58:08.734 2021@LM_ERROR@MailAppEventHandler::handle_timeout map_of_state_num:0.
Apr  2 21:58:38.735 2021@LM_ERROR@MailAppEventHandler::handle_timeout map_of_state_num:0.
Apr  2 21:59:08.735 2021@LM_ERROR@MailAppEventHandler::handle_timeout map_of_state_num:0.
Apr  2 21:59:38.734 2021@LM_ERROR@MailAppEventHandler::handle_timeout map_of_state_num:0.
Apr  2 22:00:08.734 2021@LM_ERROR@MailAppEventHandler::handle_timeout map_of_state_num:0.
Apr  2 22:00:38.734 2021@LM_ERROR@MailAppEventHandler::handle_timeout map_of_state_num:0.
