Apr  2 20:39:49.028 2021@LM_INFO@Init QY_Log_Report Succ...
Apr  2 20:39:49.055 2021@LM_INFO@Get config db data server_type_=1,server_id_=1000001,lan_ip=2130706433,lan_port=11001,wan_ip_1=0,wan_port_1=0,wan_ip_2=0,wan_port_2=0,udp_lan_ip=0, udp_wan_ip=0, udp_port=0, set_no_=1, game_set_id=0,idc_no_=0,cfg_info_=.
Apr  2 20:39:49.056 2021@LM_INFO@Get config db data server_type_=2,server_id_=1000001,lan_ip=2130706433,lan_port=12001,wan_ip_1=0,wan_port_1=0,wan_ip_2=0,wan_port_2=0,udp_lan_ip=0, udp_wan_ip=0, udp_port=0, set_no_=1, game_set_id=0,idc_no_=0,cfg_info_=.
Apr  2 20:39:49.057 2021@LM_INFO@Get config db data server_type_=3,server_id_=1000001,lan_ip=2130706433,lan_port=13001,wan_ip_1=3232286820,wan_port_1=13001,wan_ip_2=0,wan_port_2=0,udp_lan_ip=0, udp_wan_ip=0, udp_port=0, set_no_=1, game_set_id=0,idc_no_=0,cfg_info_=.
Apr  2 20:39:49.058 2021@LM_INFO@Get config db data server_type_=4,server_id_=1000001,lan_ip=2130706433,lan_port=14001,wan_ip_1=0,wan_port_1=0,wan_ip_2=0,wan_port_2=0,udp_lan_ip=0, udp_wan_ip=0, udp_port=0, set_no_=1, game_set_id=0,idc_no_=0,cfg_info_=.
Apr  2 20:39:49.059 2021@LM_INFO@Get config db data server_type_=5,server_id_=1000001,lan_ip=2130706433,lan_port=15001,wan_ip_1=0,wan_port_1=0,wan_ip_2=0,wan_port_2=0,udp_lan_ip=0, udp_wan_ip=0, udp_port=0, set_no_=1, game_set_id=0,idc_no_=0,cfg_info_=.
Apr  2 20:39:49.062 2021@LM_INFO@Get config db data server_type_=6,server_id_=1000001,lan_ip=2130706433,lan_port=16001,wan_ip_1=3232286820,wan_port_1=16001,wan_ip_2=0,wan_port_2=0,udp_lan_ip=0, udp_wan_ip=0, udp_port=0, set_no_=1, game_set_id=0,idc_no_=0,cfg_info_=.
Apr  2 20:39:49.064 2021@LM_INFO@Get config db data server_type_=7,server_id_=1000001,lan_ip=2130706433,lan_port=17001,wan_ip_1=0,wan_port_1=0,wan_ip_2=0,wan_port_2=0,udp_lan_ip=0, udp_wan_ip=0, udp_port=0, set_no_=1, game_set_id=0,idc_no_=0,cfg_info_=.
Apr  2 20:39:49.066 2021@LM_INFO@Get config db data server_type_=10,server_id_=1000001,lan_ip=2130706433,lan_port=20001,wan_ip_1=0,wan_port_1=0,wan_ip_2=0,wan_port_2=0,udp_lan_ip=0, udp_wan_ip=0, udp_port=0, set_no_=1, game_set_id=0,idc_no_=0,cfg_info_=.
Apr  2 20:39:49.068 2021@LM_INFO@Get config db data server_type_=12,server_id_=1000001,lan_ip=2130706433,lan_port=22001,wan_ip_1=0,wan_port_1=0,wan_ip_2=0,wan_port_2=0,udp_lan_ip=0, udp_wan_ip=0, udp_port=0, set_no_=1, game_set_id=0,idc_no_=0,cfg_info_=.
Apr  2 20:39:49.071 2021@LM_INFO@Get config db data server_type_=13,server_id_=1000001,lan_ip=2130706433,lan_port=23001,wan_ip_1=0,wan_port_1=0,wan_ip_2=0,wan_port_2=0,udp_lan_ip=0, udp_wan_ip=0, udp_port=0, set_no_=1, game_set_id=0,idc_no_=0,cfg_info_=.
Apr  2 20:39:49.072 2021@LM_INFO@Get config db data server_type_=14,server_id_=1000001,lan_ip=2130706433,lan_port=24001,wan_ip_1=0,wan_port_1=0,wan_ip_2=0,wan_port_2=0,udp_lan_ip=0, udp_wan_ip=0, udp_port=0, set_no_=1, game_set_id=0,idc_no_=0,cfg_info_=.
Apr  2 20:39:49.075 2021@LM_INFO@Get config db data server_type_=15,server_id_=1000001,lan_ip=2130706433,lan_port=25001,wan_ip_1=0,wan_port_1=0,wan_ip_2=0,wan_port_2=0,udp_lan_ip=0, udp_wan_ip=0, udp_port=0, set_no_=1, game_set_id=0,idc_no_=0,cfg_info_=.
Apr  2 20:39:49.077 2021@LM_INFO@Get config db data server_type_=17,server_id_=1000001,lan_ip=2130706433,lan_port=27001,wan_ip_1=0,wan_port_1=0,wan_ip_2=0,wan_port_2=0,udp_lan_ip=0, udp_wan_ip=0, udp_port=0, set_no_=1, game_set_id=0,idc_no_=0,cfg_info_=.
Apr  2 20:39:49.079 2021@LM_INFO@Get config db data server_type_=18,server_id_=1000001,lan_ip=2130706433,lan_port=28001,wan_ip_1=0,wan_port_1=0,wan_ip_2=0,wan_port_2=0,udp_lan_ip=0, udp_wan_ip=0, udp_port=0, set_no_=1, game_set_id=0,idc_no_=0,cfg_info_=.
Apr  2 20:39:49.081 2021@LM_INFO@Get config db data server_type_=19,server_id_=1000001,lan_ip=2130706433,lan_port=29001,wan_ip_1=0,wan_port_1=0,wan_ip_2=0,wan_port_2=0,udp_lan_ip=0, udp_wan_ip=0, udp_port=0, set_no_=1, game_set_id=0,idc_no_=0,cfg_info_=.
Apr  2 20:39:49.083 2021@LM_INFO@Get config db data server_type_=20,server_id_=1000001,lan_ip=2130706433,lan_port=30001,wan_ip_1=3232286820,wan_port_1=0,wan_ip_2=0,wan_port_2=0,udp_lan_ip=0, udp_wan_ip=0, udp_port=0, set_no_=1, game_set_id=0,idc_no_=0,cfg_info_=.
Apr  2 20:39:49.085 2021@LM_INFO@Get config db data server_type_=21,server_id_=1000001,lan_ip=2130706433,lan_port=31001,wan_ip_1=0,wan_port_1=0,wan_ip_2=0,wan_port_2=0,udp_lan_ip=0, udp_wan_ip=0, udp_port=0, set_no_=1, game_set_id=0,idc_no_=0,cfg_info_=.
Apr  2 20:39:49.087 2021@LM_INFO@Get config db data server_type_=22,server_id_=1000001,lan_ip=2130706433,lan_port=32001,wan_ip_1=0,wan_port_1=0,wan_ip_2=0,wan_port_2=0,udp_lan_ip=2130706433, udp_wan_ip=3232286820, udp_port=52431, set_no_=1, game_set_id=0,idc_no_=0,cfg_info_=.
Apr  2 20:39:49.090 2021@LM_INFO@Get config db data server_type_=8,server_id_=1001101,lan_ip=2130706433,lan_port=18001,wan_ip_1=0,wan_port_1=0,wan_ip_2=0,wan_port_2=0,udp_lan_ip=0, udp_wan_ip=0, udp_port=0, set_no_=1, game_set_id=11,idc_no_=0,cfg_info_=.
Apr  2 20:39:49.092 2021@LM_INFO@Get config db data server_type_=9,server_id_=1001101,lan_ip=2130706433,lan_port=19001,wan_ip_1=0,wan_port_1=0,wan_ip_2=0,wan_port_2=0,udp_lan_ip=0, udp_wan_ip=0, udp_port=0, set_no_=1, game_set_id=11,idc_no_=0,cfg_info_=.
Apr  2 20:39:49.095 2021@LM_INFO@Get config db data server_type_=11,server_id_=1001101,lan_ip=2130706433,lan_port=21001,wan_ip_1=0,wan_port_1=0,wan_ip_2=0,wan_port_2=0,udp_lan_ip=0, udp_wan_ip=0, udp_port=0, set_no_=1, game_set_id=11,idc_no_=0,cfg_info_=.
Apr  2 20:39:49.096 2021@LM_INFO@Get config db data server_type_=8,server_id_=1001201,lan_ip=2130706433,lan_port=18002,wan_ip_1=0,wan_port_1=0,wan_ip_2=0,wan_port_2=0,udp_lan_ip=0, udp_wan_ip=0, udp_port=0, set_no_=1, game_set_id=12,idc_no_=0,cfg_info_=.
Apr  2 20:39:49.098 2021@LM_INFO@Get config db data server_type_=9,server_id_=1001201,lan_ip=2130706433,lan_port=19002,wan_ip_1=0,wan_port_1=0,wan_ip_2=0,wan_port_2=0,udp_lan_ip=0, udp_wan_ip=0, udp_port=0, set_no_=1, game_set_id=12,idc_no_=0,cfg_info_=.
Apr  2 20:39:49.102 2021@LM_INFO@Get config db data server_type_=11,server_id_=1001201,lan_ip=2130706433,lan_port=21002,wan_ip_1=0,wan_port_1=0,wan_ip_2=0,wan_port_2=0,udp_lan_ip=0, udp_wan_ip=0, udp_port=0, set_no_=1, game_set_id=12,idc_no_=0,cfg_info_=.
Apr  2 20:39:49.106 2021@LM_INFO@Size of CFG_SVR_INFO 68 .
Apr  2 20:39:49.107 2021@LM_INFO@Need 7032 bytes MMAP Memory, Hold 53 Server .
Apr  2 20:39:49.108 2021@LM_INFO@CfgSvrInfolist::initialize Succ.
Apr  2 20:39:49.109 2021@LM_INFO@Inst_Cfg_Svr_Info_Mgr::InitSvrInfoManager Succ.
Apr  2 20:39:49.110 2021@LM_INFO@Inst_Cfg_Svrd_App::InitInstance end.
Apr  2 20:39:49.110 2021@LM_INFO@Inst_Cfg_Svrd_App::Run.
Apr  2 20:39:50.882 2021@LM_INFO@TIMEOUT_STONE cmd:14003, trans_id:0, uin:0, send_svr:1000001|15, recv_svr:1000001|5. 
Apr  2 20:40:00.822 2021@LM_INFO@TIMEOUT_STONE cmd:14003, trans_id:0, uin:0, send_svr:1000001|15, recv_svr:1000001|5. 
Apr  2 20:40:10.839 2021@LM_INFO@TIMEOUT_STONE cmd:14003, trans_id:0, uin:0, send_svr:1000001|15, recv_svr:1000001|5. 
Apr  2 20:40:20.865 2021@LM_INFO@TIMEOUT_STONE cmd:14003, trans_id:0, uin:0, send_svr:1000001|15, recv_svr:1000001|5. 
Apr  2 20:40:30.864 2021@LM_INFO@TIMEOUT_STONE cmd:14003, trans_id:0, uin:0, send_svr:1000001|15, recv_svr:1000001|5. 
Apr  2 20:40:40.876 2021@LM_INFO@TIMEOUT_STONE cmd:14003, trans_id:0, uin:0, send_svr:1000001|15, recv_svr:1000001|5. 
Apr  2 20:40:51.712 2021@LM_INFO@TIMEOUT_STONE cmd:14003, trans_id:0, uin:0, send_svr:1000001|15, recv_svr:1000001|5. 
Apr  2 20:41:01.767 2021@LM_INFO@TIMEOUT_STONE cmd:14003, trans_id:0, uin:0, send_svr:1000001|15, recv_svr:1000001|5. 
Apr  2 20:41:10.874 2021@LM_INFO@TIMEOUT_STONE cmd:14003, trans_id:0, uin:0, send_svr:1000001|15, recv_svr:1000001|5. 
Apr  2 20:41:20.904 2021@LM_INFO@TIMEOUT_STONE cmd:14003, trans_id:0, uin:0, send_svr:1000001|15, recv_svr:1000001|5. 
Apr  2 20:41:31.600 2021@LM_INFO@TIMEOUT_STONE cmd:14003, trans_id:0, uin:0, send_svr:1000001|15, recv_svr:1000001|5. 
Apr  2 20:41:41.354 2021@LM_INFO@TIMEOUT_STONE cmd:14003, trans_id:0, uin:0, send_svr:1000001|15, recv_svr:1000001|5. 
Apr  2 20:41:50.846 2021@LM_INFO@TIMEOUT_STONE cmd:14003, trans_id:0, uin:0, send_svr:1000001|15, recv_svr:1000001|5. 
Apr  2 20:42:00.906 2021@LM_INFO@TIMEOUT_STONE cmd:14003, trans_id:0, uin:0, send_svr:1000001|15, recv_svr:1000001|5. 
Apr  2 20:42:10.954 2021@LM_INFO@TIMEOUT_STONE cmd:14003, trans_id:0, uin:0, send_svr:1000001|15, recv_svr:1000001|5. 
Apr  2 20:42:21.245 2021@LM_INFO@TIMEOUT_STONE cmd:14003, trans_id:0, uin:0, send_svr:1000001|15, recv_svr:1000001|5. 
Apr  2 20:42:31.323 2021@LM_INFO@TIMEOUT_STONE cmd:14003, trans_id:0, uin:0, send_svr:1000001|15, recv_svr:1000001|5. 
Apr  2 20:42:40.886 2021@LM_INFO@TIMEOUT_STONE cmd:14003, trans_id:0, uin:0, send_svr:1000001|15, recv_svr:1000001|5. 
Apr  2 20:42:50.834 2021@LM_INFO@TIMEOUT_STONE cmd:14003, trans_id:0, uin:0, send_svr:1000001|15, recv_svr:1000001|5. 
Apr  2 20:43:00.843 2021@LM_INFO@TIMEOUT_STONE cmd:14003, trans_id:0, uin:0, send_svr:1000001|15, recv_svr:1000001|5. 
Apr  2 20:43:11.002 2021@LM_INFO@TIMEOUT_STONE cmd:14003, trans_id:0, uin:0, send_svr:1000001|15, recv_svr:1000001|5. 
Apr  2 20:43:20.842 2021@LM_INFO@TIMEOUT_STONE cmd:14003, trans_id:0, uin:0, send_svr:1000001|15, recv_svr:1000001|5. 
Apr  2 20:43:30.875 2021@LM_INFO@TIMEOUT_STONE cmd:14003, trans_id:0, uin:0, send_svr:1000001|15, recv_svr:1000001|5. 
Apr  2 20:43:40.852 2021@LM_INFO@TIMEOUT_STONE cmd:14003, trans_id:0, uin:0, send_svr:1000001|15, recv_svr:1000001|5. 
Apr  2 20:43:50.870 2021@LM_INFO@TIMEOUT_STONE cmd:14003, trans_id:0, uin:0, send_svr:1000001|15, recv_svr:1000001|5. 
Apr  2 20:44:00.918 2021@LM_INFO@TIMEOUT_STONE cmd:14003, trans_id:0, uin:0, send_svr:1000001|15, recv_svr:1000001|5. 
Apr  2 20:44:10.864 2021@LM_INFO@TIMEOUT_STONE cmd:14003, trans_id:0, uin:0, send_svr:1000001|15, recv_svr:1000001|5. 
Apr  2 20:44:20.865 2021@LM_INFO@TIMEOUT_STONE cmd:14003, trans_id:0, uin:0, send_svr:1000001|15, recv_svr:1000001|5. 
Apr  2 20:44:30.865 2021@LM_INFO@TIMEOUT_STONE cmd:14003, trans_id:0, uin:0, send_svr:1000001|15, recv_svr:1000001|5. 
Apr  2 20:44:40.865 2021@LM_INFO@TIMEOUT_STONE cmd:14003, trans_id:0, uin:0, send_svr:1000001|15, recv_svr:1000001|5. 
Apr  2 20:44:50.864 2021@LM_INFO@TIMEOUT_STONE cmd:14003, trans_id:0, uin:0, send_svr:1000001|15, recv_svr:1000001|5. 
Apr  2 20:45:00.905 2021@LM_INFO@TIMEOUT_STONE cmd:14003, trans_id:0, uin:0, send_svr:1000001|15, recv_svr:1000001|5. 
Apr  2 20:45:10.863 2021@LM_INFO@TIMEOUT_STONE cmd:14003, trans_id:0, uin:0, send_svr:1000001|15, recv_svr:1000001|5. 
Apr  2 20:55:36.722 2021@LM_INFO@Init QY_Log_Report Succ...
Apr  2 20:55:37.424 2021@LM_INFO@Get config db data server_type_=1,server_id_=1000001,lan_ip=2130706433,lan_port=11001,wan_ip_1=0,wan_port_1=0,wan_ip_2=0,wan_port_2=0,udp_lan_ip=0, udp_wan_ip=0, udp_port=0, set_no_=1, game_set_id=0,idc_no_=0,cfg_info_=.
Apr  2 20:55:37.428 2021@LM_INFO@Get config db data server_type_=2,server_id_=1000001,lan_ip=2130706433,lan_port=12001,wan_ip_1=0,wan_port_1=0,wan_ip_2=0,wan_port_2=0,udp_lan_ip=0, udp_wan_ip=0, udp_port=0, set_no_=1, game_set_id=0,idc_no_=0,cfg_info_=.
Apr  2 20:55:37.432 2021@LM_INFO@Get config db data server_type_=3,server_id_=1000001,lan_ip=2130706433,lan_port=13001,wan_ip_1=3232286820,wan_port_1=13001,wan_ip_2=0,wan_port_2=0,udp_lan_ip=0, udp_wan_ip=0, udp_port=0, set_no_=1, game_set_id=0,idc_no_=0,cfg_info_=.
Apr  2 20:55:37.446 2021@LM_INFO@Get config db data server_type_=4,server_id_=1000001,lan_ip=2130706433,lan_port=14001,wan_ip_1=0,wan_port_1=0,wan_ip_2=0,wan_port_2=0,udp_lan_ip=0, udp_wan_ip=0, udp_port=0, set_no_=1, game_set_id=0,idc_no_=0,cfg_info_=.
Apr  2 20:55:37.451 2021@LM_INFO@Get config db data server_type_=5,server_id_=1000001,lan_ip=2130706433,lan_port=15001,wan_ip_1=0,wan_port_1=0,wan_ip_2=0,wan_port_2=0,udp_lan_ip=0, udp_wan_ip=0, udp_port=0, set_no_=1, game_set_id=0,idc_no_=0,cfg_info_=.
Apr  2 20:55:37.453 2021@LM_INFO@Get config db data server_type_=6,server_id_=1000001,lan_ip=2130706433,lan_port=16001,wan_ip_1=3232286820,wan_port_1=16001,wan_ip_2=0,wan_port_2=0,udp_lan_ip=0, udp_wan_ip=0, udp_port=0, set_no_=1, game_set_id=0,idc_no_=0,cfg_info_=.
Apr  2 20:55:37.550 2021@LM_INFO@Get config db data server_type_=7,server_id_=1000001,lan_ip=2130706433,lan_port=17001,wan_ip_1=0,wan_port_1=0,wan_ip_2=0,wan_port_2=0,udp_lan_ip=0, udp_wan_ip=0, udp_port=0, set_no_=1, game_set_id=0,idc_no_=0,cfg_info_=.
Apr  2 20:55:37.589 2021@LM_INFO@Get config db data server_type_=10,server_id_=1000001,lan_ip=2130706433,lan_port=20001,wan_ip_1=0,wan_port_1=0,wan_ip_2=0,wan_port_2=0,udp_lan_ip=0, udp_wan_ip=0, udp_port=0, set_no_=1, game_set_id=0,idc_no_=0,cfg_info_=.
Apr  2 20:55:37.596 2021@LM_INFO@Get config db data server_type_=12,server_id_=1000001,lan_ip=2130706433,lan_port=22001,wan_ip_1=0,wan_port_1=0,wan_ip_2=0,wan_port_2=0,udp_lan_ip=0, udp_wan_ip=0, udp_port=0, set_no_=1, game_set_id=0,idc_no_=0,cfg_info_=.
Apr  2 20:55:37.601 2021@LM_INFO@Get config db data server_type_=13,server_id_=1000001,lan_ip=2130706433,lan_port=23001,wan_ip_1=0,wan_port_1=0,wan_ip_2=0,wan_port_2=0,udp_lan_ip=0, udp_wan_ip=0, udp_port=0, set_no_=1, game_set_id=0,idc_no_=0,cfg_info_=.
Apr  2 20:55:37.605 2021@LM_INFO@Get config db data server_type_=14,server_id_=1000001,lan_ip=2130706433,lan_port=24001,wan_ip_1=0,wan_port_1=0,wan_ip_2=0,wan_port_2=0,udp_lan_ip=0, udp_wan_ip=0, udp_port=0, set_no_=1, game_set_id=0,idc_no_=0,cfg_info_=.
Apr  2 20:55:37.633 2021@LM_INFO@Get config db data server_type_=15,server_id_=1000001,lan_ip=2130706433,lan_port=25001,wan_ip_1=0,wan_port_1=0,wan_ip_2=0,wan_port_2=0,udp_lan_ip=0, udp_wan_ip=0, udp_port=0, set_no_=1, game_set_id=0,idc_no_=0,cfg_info_=.
Apr  2 20:55:37.639 2021@LM_INFO@Get config db data server_type_=17,server_id_=1000001,lan_ip=2130706433,lan_port=27001,wan_ip_1=0,wan_port_1=0,wan_ip_2=0,wan_port_2=0,udp_lan_ip=0, udp_wan_ip=0, udp_port=0, set_no_=1, game_set_id=0,idc_no_=0,cfg_info_=.
Apr  2 20:55:37.669 2021@LM_INFO@Get config db data server_type_=18,server_id_=1000001,lan_ip=2130706433,lan_port=28001,wan_ip_1=0,wan_port_1=0,wan_ip_2=0,wan_port_2=0,udp_lan_ip=0, udp_wan_ip=0, udp_port=0, set_no_=1, game_set_id=0,idc_no_=0,cfg_info_=.
Apr  2 20:55:37.696 2021@LM_INFO@Get config db data server_type_=19,server_id_=1000001,lan_ip=2130706433,lan_port=29001,wan_ip_1=0,wan_port_1=0,wan_ip_2=0,wan_port_2=0,udp_lan_ip=0, udp_wan_ip=0, udp_port=0, set_no_=1, game_set_id=0,idc_no_=0,cfg_info_=.
Apr  2 20:55:37.698 2021@LM_INFO@Get config db data server_type_=20,server_id_=1000001,lan_ip=2130706433,lan_port=30001,wan_ip_1=3232286820,wan_port_1=0,wan_ip_2=0,wan_port_2=0,udp_lan_ip=0, udp_wan_ip=0, udp_port=0, set_no_=1, game_set_id=0,idc_no_=0,cfg_info_=.
Apr  2 20:55:37.712 2021@LM_INFO@Get config db data server_type_=21,server_id_=1000001,lan_ip=2130706433,lan_port=31001,wan_ip_1=0,wan_port_1=0,wan_ip_2=0,wan_port_2=0,udp_lan_ip=0, udp_wan_ip=0, udp_port=0, set_no_=1, game_set_id=0,idc_no_=0,cfg_info_=.
Apr  2 20:55:37.714 2021@LM_INFO@Get config db data server_type_=22,server_id_=1000001,lan_ip=2130706433,lan_port=32001,wan_ip_1=0,wan_port_1=0,wan_ip_2=0,wan_port_2=0,udp_lan_ip=2130706433, udp_wan_ip=3232286820, udp_port=52431, set_no_=1, game_set_id=0,idc_no_=0,cfg_info_=.
Apr  2 20:55:37.718 2021@LM_INFO@Get config db data server_type_=8,server_id_=1001101,lan_ip=2130706433,lan_port=18001,wan_ip_1=0,wan_port_1=0,wan_ip_2=0,wan_port_2=0,udp_lan_ip=0, udp_wan_ip=0, udp_port=0, set_no_=1, game_set_id=11,idc_no_=0,cfg_info_=.
Apr  2 20:55:37.723 2021@LM_INFO@Get config db data server_type_=9,server_id_=1001101,lan_ip=2130706433,lan_port=19001,wan_ip_1=0,wan_port_1=0,wan_ip_2=0,wan_port_2=0,udp_lan_ip=0, udp_wan_ip=0, udp_port=0, set_no_=1, game_set_id=11,idc_no_=0,cfg_info_=.
Apr  2 20:55:37.725 2021@LM_INFO@Get config db data server_type_=11,server_id_=1001101,lan_ip=2130706433,lan_port=21001,wan_ip_1=0,wan_port_1=0,wan_ip_2=0,wan_port_2=0,udp_lan_ip=0, udp_wan_ip=0, udp_port=0, set_no_=1, game_set_id=11,idc_no_=0,cfg_info_=.
Apr  2 20:55:37.730 2021@LM_INFO@Get config db data server_type_=8,server_id_=1001201,lan_ip=2130706433,lan_port=18002,wan_ip_1=0,wan_port_1=0,wan_ip_2=0,wan_port_2=0,udp_lan_ip=0, udp_wan_ip=0, udp_port=0, set_no_=1, game_set_id=12,idc_no_=0,cfg_info_=.
Apr  2 20:55:37.738 2021@LM_INFO@Get config db data server_type_=9,server_id_=1001201,lan_ip=2130706433,lan_port=19002,wan_ip_1=0,wan_port_1=0,wan_ip_2=0,wan_port_2=0,udp_lan_ip=0, udp_wan_ip=0, udp_port=0, set_no_=1, game_set_id=12,idc_no_=0,cfg_info_=.
Apr  2 20:55:37.745 2021@LM_INFO@Get config db data server_type_=11,server_id_=1001201,lan_ip=2130706433,lan_port=21002,wan_ip_1=0,wan_port_1=0,wan_ip_2=0,wan_port_2=0,udp_lan_ip=0, udp_wan_ip=0, udp_port=0, set_no_=1, game_set_id=12,idc_no_=0,cfg_info_=.
Apr  2 20:55:37.755 2021@LM_INFO@Size of CFG_SVR_INFO 68 .
Apr  2 20:55:37.759 2021@LM_INFO@Need 7032 bytes MMAP Memory, Hold 53 Server .
Apr  2 20:55:37.760 2021@LM_INFO@CfgSvrInfolist::initialize Succ.
Apr  2 20:55:37.761 2021@LM_INFO@Inst_Cfg_Svr_Info_Mgr::InitSvrInfoManager Succ.
Apr  2 20:55:37.765 2021@LM_INFO@Inst_Cfg_Svrd_App::InitInstance end.
Apr  2 20:55:37.766 2021@LM_INFO@Inst_Cfg_Svrd_App::Run.
Apr  2 20:56:03.543 2021@LM_INFO@TIMEOUT_STONE cmd:14003, trans_id:0, uin:0, send_svr:1000001|15, recv_svr:1000001|5. 
Apr  2 20:56:03.546 2021@LM_INFO@TIMEOUT_STONE cmd:14003, trans_id:0, uin:0, send_svr:1000001|15, recv_svr:1000001|5. 
Apr  2 20:56:03.552 2021@LM_INFO@TIMEOUT_STONE cmd:14003, trans_id:0, uin:0, send_svr:1000001|15, recv_svr:1000001|5. 
Apr  2 20:56:13.916 2021@LM_INFO@TIMEOUT_STONE cmd:14003, trans_id:0, uin:0, send_svr:1000001|15, recv_svr:1000001|5. 
Apr  2 20:56:23.902 2021@LM_INFO@TIMEOUT_STONE cmd:14003, trans_id:0, uin:0, send_svr:1000001|15, recv_svr:1000001|5. 
Apr  2 20:56:33.520 2021@LM_INFO@TIMEOUT_STONE cmd:14003, trans_id:0, uin:0, send_svr:1000001|15, recv_svr:1000001|5. 
Apr  2 20:56:43.573 2021@LM_INFO@TIMEOUT_STONE cmd:14003, trans_id:0, uin:0, send_svr:1000001|15, recv_svr:1000001|5. 
Apr  2 20:56:55.862 2021@LM_INFO@TIMEOUT_STONE cmd:14003, trans_id:0, uin:0, send_svr:1000001|15, recv_svr:1000001|5. 
Apr  2 20:57:03.716 2021@LM_INFO@TIMEOUT_STONE cmd:14003, trans_id:0, uin:0, send_svr:1000001|15, recv_svr:1000001|5. 
Apr  2 20:57:15.701 2021@LM_INFO@TIMEOUT_STONE cmd:14003, trans_id:0, uin:0, send_svr:1000001|15, recv_svr:1000001|5. 
Apr  2 20:57:23.804 2021@LM_INFO@TIMEOUT_STONE cmd:14003, trans_id:0, uin:0, send_svr:1000001|15, recv_svr:1000001|5. 
Apr  2 20:57:33.519 2021@LM_INFO@TIMEOUT_STONE cmd:14003, trans_id:0, uin:0, send_svr:1000001|15, recv_svr:1000001|5. 
Apr  2 20:57:43.568 2021@LM_INFO@TIMEOUT_STONE cmd:14003, trans_id:0, uin:0, send_svr:1000001|15, recv_svr:1000001|5. 
Apr  2 20:57:53.469 2021@LM_INFO@TIMEOUT_STONE cmd:14003, trans_id:0, uin:0, send_svr:1000001|15, recv_svr:1000001|5. 
Apr  2 20:58:03.669 2021@LM_INFO@TIMEOUT_STONE cmd:14003, trans_id:0, uin:0, send_svr:1000001|15, recv_svr:1000001|5. 
Apr  2 20:58:13.758 2021@LM_INFO@TIMEOUT_STONE cmd:14003, trans_id:0, uin:0, send_svr:1000001|15, recv_svr:1000001|5. 
Apr  2 20:58:23.617 2021@LM_INFO@TIMEOUT_STONE cmd:14003, trans_id:0, uin:0, send_svr:1000001|15, recv_svr:1000001|5. 
Apr  2 20:58:33.623 2021@LM_INFO@TIMEOUT_STONE cmd:14003, trans_id:0, uin:0, send_svr:1000001|15, recv_svr:1000001|5. 
Apr  2 20:58:43.568 2021@LM_INFO@TIMEOUT_STONE cmd:14003, trans_id:0, uin:0, send_svr:1000001|15, recv_svr:1000001|5. 
Apr  2 20:58:53.569 2021@LM_INFO@TIMEOUT_STONE cmd:14003, trans_id:0, uin:0, send_svr:1000001|15, recv_svr:1000001|5. 
Apr  2 20:59:03.518 2021@LM_INFO@TIMEOUT_STONE cmd:14003, trans_id:0, uin:0, send_svr:1000001|15, recv_svr:1000001|5. 
Apr  2 20:59:13.525 2021@LM_INFO@TIMEOUT_STONE cmd:14003, trans_id:0, uin:0, send_svr:1000001|15, recv_svr:1000001|5. 
Apr  2 20:59:23.725 2021@LM_INFO@TIMEOUT_STONE cmd:14003, trans_id:0, uin:0, send_svr:1000001|15, recv_svr:1000001|5. 
Apr  2 20:59:33.519 2021@LM_INFO@TIMEOUT_STONE cmd:14003, trans_id:0, uin:0, send_svr:1000001|15, recv_svr:1000001|5. 
Apr  2 20:59:43.520 2021@LM_INFO@TIMEOUT_STONE cmd:14003, trans_id:0, uin:0, send_svr:1000001|15, recv_svr:1000001|5. 
Apr  2 20:59:53.468 2021@LM_INFO@TIMEOUT_STONE cmd:14003, trans_id:0, uin:0, send_svr:1000001|15, recv_svr:1000001|5. 
Apr  2 21:00:03.815 2021@LM_INFO@TIMEOUT_STONE cmd:14003, trans_id:0, uin:0, send_svr:1000001|15, recv_svr:1000001|5. 
Apr  2 21:00:13.469 2021@LM_INFO@TIMEOUT_STONE cmd:14003, trans_id:0, uin:0, send_svr:1000001|15, recv_svr:1000001|5. 
Apr  2 21:00:23.469 2021@LM_INFO@TIMEOUT_STONE cmd:14003, trans_id:0, uin:0, send_svr:1000001|15, recv_svr:1000001|5. 
Apr  2 21:00:33.568 2021@LM_INFO@TIMEOUT_STONE cmd:14003, trans_id:0, uin:0, send_svr:1000001|15, recv_svr:1000001|5. 
Apr  2 21:00:43.474 2021@LM_INFO@TIMEOUT_STONE cmd:14003, trans_id:0, uin:0, send_svr:1000001|15, recv_svr:1000001|5. 
Apr  2 21:00:53.473 2021@LM_INFO@TIMEOUT_STONE cmd:14003, trans_id:0, uin:0, send_svr:1000001|15, recv_svr:1000001|5. 
Apr  2 21:01:03.469 2021@LM_INFO@TIMEOUT_STONE cmd:14003, trans_id:0, uin:0, send_svr:1000001|15, recv_svr:1000001|5. 
Apr  2 21:01:13.525 2021@LM_INFO@TIMEOUT_STONE cmd:14003, trans_id:0, uin:0, send_svr:1000001|15, recv_svr:1000001|5. 
Apr  2 21:01:23.670 2021@LM_INFO@TIMEOUT_STONE cmd:14003, trans_id:0, uin:0, send_svr:1000001|15, recv_svr:1000001|5. 
Apr  2 21:01:33.519 2021@LM_INFO@TIMEOUT_STONE cmd:14003, trans_id:0, uin:0, send_svr:1000001|15, recv_svr:1000001|5. 
Apr  2 21:01:43.967 2021@LM_INFO@TIMEOUT_STONE cmd:14003, trans_id:0, uin:0, send_svr:1000001|15, recv_svr:1000001|5. 
Apr  2 21:01:53.469 2021@LM_INFO@TIMEOUT_STONE cmd:14003, trans_id:0, uin:0, send_svr:1000001|15, recv_svr:1000001|5. 
Apr  2 21:02:03.469 2021@LM_INFO@TIMEOUT_STONE cmd:14003, trans_id:0, uin:0, send_svr:1000001|15, recv_svr:1000001|5. 
Apr  2 21:02:13.519 2021@LM_INFO@TIMEOUT_STONE cmd:14003, trans_id:0, uin:0, send_svr:1000001|15, recv_svr:1000001|5. 
Apr  2 21:02:23.472 2021@LM_INFO@TIMEOUT_STONE cmd:14003, trans_id:0, uin:0, send_svr:1000001|15, recv_svr:1000001|5. 
Apr  2 21:02:33.467 2021@LM_INFO@TIMEOUT_STONE cmd:14003, trans_id:0, uin:0, send_svr:1000001|15, recv_svr:1000001|5. 
Apr  2 21:02:43.470 2021@LM_INFO@TIMEOUT_STONE cmd:14003, trans_id:0, uin:0, send_svr:1000001|15, recv_svr:1000001|5. 
Apr  2 21:02:53.473 2021@LM_INFO@TIMEOUT_STONE cmd:14003, trans_id:0, uin:0, send_svr:1000001|15, recv_svr:1000001|5. 
Apr  2 21:03:03.470 2021@LM_INFO@TIMEOUT_STONE cmd:14003, trans_id:0, uin:0, send_svr:1000001|15, recv_svr:1000001|5. 
Apr  2 21:03:13.519 2021@LM_INFO@TIMEOUT_STONE cmd:14003, trans_id:0, uin:0, send_svr:1000001|15, recv_svr:1000001|5. 
Apr  2 21:03:23.467 2021@LM_INFO@TIMEOUT_STONE cmd:14003, trans_id:0, uin:0, send_svr:1000001|15, recv_svr:1000001|5. 
Apr  2 21:03:33.467 2021@LM_INFO@TIMEOUT_STONE cmd:14003, trans_id:0, uin:0, send_svr:1000001|15, recv_svr:1000001|5. 
Apr  2 21:03:43.473 2021@LM_INFO@TIMEOUT_STONE cmd:14003, trans_id:0, uin:0, send_svr:1000001|15, recv_svr:1000001|5. 
Apr  2 21:03:53.475 2021@LM_INFO@TIMEOUT_STONE cmd:14003, trans_id:0, uin:0, send_svr:1000001|15, recv_svr:1000001|5. 
Apr  2 21:04:03.467 2021@LM_INFO@TIMEOUT_STONE cmd:14003, trans_id:0, uin:0, send_svr:1000001|15, recv_svr:1000001|5. 
Apr  2 21:04:13.482 2021@LM_INFO@TIMEOUT_STONE cmd:14003, trans_id:0, uin:0, send_svr:1000001|15, recv_svr:1000001|5. 
Apr  2 21:04:23.470 2021@LM_INFO@TIMEOUT_STONE cmd:14003, trans_id:0, uin:0, send_svr:1000001|15, recv_svr:1000001|5. 
Apr  2 21:04:33.469 2021@LM_INFO@TIMEOUT_STONE cmd:14003, trans_id:0, uin:0, send_svr:1000001|15, recv_svr:1000001|5. 
Apr  2 21:04:43.474 2021@LM_INFO@TIMEOUT_STONE cmd:14003, trans_id:0, uin:0, send_svr:1000001|15, recv_svr:1000001|5. 
Apr  2 21:04:53.469 2021@LM_INFO@TIMEOUT_STONE cmd:14003, trans_id:0, uin:0, send_svr:1000001|15, recv_svr:1000001|5. 
Apr  2 21:05:03.474 2021@LM_INFO@TIMEOUT_STONE cmd:14003, trans_id:0, uin:0, send_svr:1000001|15, recv_svr:1000001|5. 
Apr  2 21:05:13.472 2021@LM_INFO@TIMEOUT_STONE cmd:14003, trans_id:0, uin:0, send_svr:1000001|15, recv_svr:1000001|5. 
Apr  2 21:05:23.473 2021@LM_INFO@TIMEOUT_STONE cmd:14003, trans_id:0, uin:0, send_svr:1000001|15, recv_svr:1000001|5. 
Apr  2 21:05:33.472 2021@LM_INFO@TIMEOUT_STONE cmd:14003, trans_id:0, uin:0, send_svr:1000001|15, recv_svr:1000001|5. 
Apr  2 21:05:43.472 2021@LM_INFO@TIMEOUT_STONE cmd:14003, trans_id:0, uin:0, send_svr:1000001|15, recv_svr:1000001|5. 
Apr  2 21:05:53.471 2021@LM_INFO@TIMEOUT_STONE cmd:14003, trans_id:0, uin:0, send_svr:1000001|15, recv_svr:1000001|5. 
Apr  2 21:06:03.480 2021@LM_INFO@TIMEOUT_STONE cmd:14003, trans_id:0, uin:0, send_svr:1000001|15, recv_svr:1000001|5. 
Apr  2 21:06:13.474 2021@LM_INFO@TIMEOUT_STONE cmd:14003, trans_id:0, uin:0, send_svr:1000001|15, recv_svr:1000001|5. 
Apr  2 21:06:23.468 2021@LM_INFO@TIMEOUT_STONE cmd:14003, trans_id:0, uin:0, send_svr:1000001|15, recv_svr:1000001|5. 
Apr  2 21:06:33.475 2021@LM_INFO@TIMEOUT_STONE cmd:14003, trans_id:0, uin:0, send_svr:1000001|15, recv_svr:1000001|5. 
Apr  2 21:06:43.468 2021@LM_INFO@TIMEOUT_STONE cmd:14003, trans_id:0, uin:0, send_svr:1000001|15, recv_svr:1000001|5. 
Apr  2 21:06:53.472 2021@LM_INFO@TIMEOUT_STONE cmd:14003, trans_id:0, uin:0, send_svr:1000001|15, recv_svr:1000001|5. 
Apr  2 21:07:03.469 2021@LM_INFO@TIMEOUT_STONE cmd:14003, trans_id:0, uin:0, send_svr:1000001|15, recv_svr:1000001|5. 
Apr  2 21:07:13.474 2021@LM_INFO@TIMEOUT_STONE cmd:14003, trans_id:0, uin:0, send_svr:1000001|15, recv_svr:1000001|5. 
Apr  2 21:07:23.477 2021@LM_INFO@TIMEOUT_STONE cmd:14003, trans_id:0, uin:0, send_svr:1000001|15, recv_svr:1000001|5. 
Apr  2 21:07:33.492 2021@LM_INFO@TIMEOUT_STONE cmd:14003, trans_id:0, uin:0, send_svr:1000001|15, recv_svr:1000001|5. 
Apr  2 21:21:51.891 2021@LM_INFO@Init QY_Log_Report Succ...
Apr  2 21:21:51.904 2021@LM_INFO@Get config db data server_type_=1,server_id_=1000001,lan_ip=2130706433,lan_port=11001,wan_ip_1=0,wan_port_1=0,wan_ip_2=0,wan_port_2=0,udp_lan_ip=0, udp_wan_ip=0, udp_port=0, set_no_=1, game_set_id=0,idc_no_=0,cfg_info_=.
Apr  2 21:21:51.905 2021@LM_INFO@Get config db data server_type_=2,server_id_=1000001,lan_ip=2130706433,lan_port=12001,wan_ip_1=0,wan_port_1=0,wan_ip_2=0,wan_port_2=0,udp_lan_ip=0, udp_wan_ip=0, udp_port=0, set_no_=1, game_set_id=0,idc_no_=0,cfg_info_=.
Apr  2 21:21:51.906 2021@LM_INFO@Get config db data server_type_=3,server_id_=1000001,lan_ip=2130706433,lan_port=13001,wan_ip_1=3232286820,wan_port_1=13001,wan_ip_2=0,wan_port_2=0,udp_lan_ip=0, udp_wan_ip=0, udp_port=0, set_no_=1, game_set_id=0,idc_no_=0,cfg_info_=.
Apr  2 21:21:51.906 2021@LM_INFO@Get config db data server_type_=4,server_id_=1000001,lan_ip=2130706433,lan_port=14001,wan_ip_1=0,wan_port_1=0,wan_ip_2=0,wan_port_2=0,udp_lan_ip=0, udp_wan_ip=0, udp_port=0, set_no_=1, game_set_id=0,idc_no_=0,cfg_info_=.
Apr  2 21:21:51.907 2021@LM_INFO@Get config db data server_type_=5,server_id_=1000001,lan_ip=2130706433,lan_port=15001,wan_ip_1=0,wan_port_1=0,wan_ip_2=0,wan_port_2=0,udp_lan_ip=0, udp_wan_ip=0, udp_port=0, set_no_=1, game_set_id=0,idc_no_=0,cfg_info_=.
Apr  2 21:21:51.908 2021@LM_INFO@Get config db data server_type_=6,server_id_=1000001,lan_ip=2130706433,lan_port=16001,wan_ip_1=3232286820,wan_port_1=16001,wan_ip_2=0,wan_port_2=0,udp_lan_ip=0, udp_wan_ip=0, udp_port=0, set_no_=1, game_set_id=0,idc_no_=0,cfg_info_=.
Apr  2 21:21:51.909 2021@LM_INFO@Get config db data server_type_=7,server_id_=1000001,lan_ip=2130706433,lan_port=17001,wan_ip_1=0,wan_port_1=0,wan_ip_2=0,wan_port_2=0,udp_lan_ip=0, udp_wan_ip=0, udp_port=0, set_no_=1, game_set_id=0,idc_no_=0,cfg_info_=.
Apr  2 21:21:51.910 2021@LM_INFO@Get config db data server_type_=10,server_id_=1000001,lan_ip=2130706433,lan_port=20001,wan_ip_1=0,wan_port_1=0,wan_ip_2=0,wan_port_2=0,udp_lan_ip=0, udp_wan_ip=0, udp_port=0, set_no_=1, game_set_id=0,idc_no_=0,cfg_info_=.
Apr  2 21:21:51.911 2021@LM_INFO@Get config db data server_type_=12,server_id_=1000001,lan_ip=2130706433,lan_port=22001,wan_ip_1=0,wan_port_1=0,wan_ip_2=0,wan_port_2=0,udp_lan_ip=0, udp_wan_ip=0, udp_port=0, set_no_=1, game_set_id=0,idc_no_=0,cfg_info_=.
Apr  2 21:21:51.913 2021@LM_INFO@Get config db data server_type_=13,server_id_=1000001,lan_ip=2130706433,lan_port=23001,wan_ip_1=0,wan_port_1=0,wan_ip_2=0,wan_port_2=0,udp_lan_ip=0, udp_wan_ip=0, udp_port=0, set_no_=1, game_set_id=0,idc_no_=0,cfg_info_=.
Apr  2 21:21:51.914 2021@LM_INFO@Get config db data server_type_=14,server_id_=1000001,lan_ip=2130706433,lan_port=24001,wan_ip_1=0,wan_port_1=0,wan_ip_2=0,wan_port_2=0,udp_lan_ip=0, udp_wan_ip=0, udp_port=0, set_no_=1, game_set_id=0,idc_no_=0,cfg_info_=.
Apr  2 21:21:51.917 2021@LM_INFO@Get config db data server_type_=15,server_id_=1000001,lan_ip=2130706433,lan_port=25001,wan_ip_1=0,wan_port_1=0,wan_ip_2=0,wan_port_2=0,udp_lan_ip=0, udp_wan_ip=0, udp_port=0, set_no_=1, game_set_id=0,idc_no_=0,cfg_info_=.
Apr  2 21:21:51.918 2021@LM_INFO@Get config db data server_type_=17,server_id_=1000001,lan_ip=2130706433,lan_port=27001,wan_ip_1=0,wan_port_1=0,wan_ip_2=0,wan_port_2=0,udp_lan_ip=0, udp_wan_ip=0, udp_port=0, set_no_=1, game_set_id=0,idc_no_=0,cfg_info_=.
Apr  2 21:21:51.921 2021@LM_INFO@Get config db data server_type_=18,server_id_=1000001,lan_ip=2130706433,lan_port=28001,wan_ip_1=0,wan_port_1=0,wan_ip_2=0,wan_port_2=0,udp_lan_ip=0, udp_wan_ip=0, udp_port=0, set_no_=1, game_set_id=0,idc_no_=0,cfg_info_=.
Apr  2 21:21:51.923 2021@LM_INFO@Get config db data server_type_=19,server_id_=1000001,lan_ip=2130706433,lan_port=29001,wan_ip_1=0,wan_port_1=0,wan_ip_2=0,wan_port_2=0,udp_lan_ip=0, udp_wan_ip=0, udp_port=0, set_no_=1, game_set_id=0,idc_no_=0,cfg_info_=.
Apr  2 21:21:51.925 2021@LM_INFO@Get config db data server_type_=20,server_id_=1000001,lan_ip=2130706433,lan_port=30001,wan_ip_1=3232286820,wan_port_1=0,wan_ip_2=0,wan_port_2=0,udp_lan_ip=0, udp_wan_ip=0, udp_port=0, set_no_=1, game_set_id=0,idc_no_=0,cfg_info_=.
Apr  2 21:21:51.927 2021@LM_INFO@Get config db data server_type_=21,server_id_=1000001,lan_ip=2130706433,lan_port=31001,wan_ip_1=0,wan_port_1=0,wan_ip_2=0,wan_port_2=0,udp_lan_ip=0, udp_wan_ip=0, udp_port=0, set_no_=1, game_set_id=0,idc_no_=0,cfg_info_=.
Apr  2 21:21:51.929 2021@LM_INFO@Get config db data server_type_=22,server_id_=1000001,lan_ip=2130706433,lan_port=32001,wan_ip_1=0,wan_port_1=0,wan_ip_2=0,wan_port_2=0,udp_lan_ip=2130706433, udp_wan_ip=3232286820, udp_port=52431, set_no_=1, game_set_id=0,idc_no_=0,cfg_info_=.
Apr  2 21:21:51.931 2021@LM_INFO@Get config db data server_type_=8,server_id_=1001101,lan_ip=2130706433,lan_port=18001,wan_ip_1=0,wan_port_1=0,wan_ip_2=0,wan_port_2=0,udp_lan_ip=0, udp_wan_ip=0, udp_port=0, set_no_=1, game_set_id=11,idc_no_=0,cfg_info_=.
Apr  2 21:21:51.933 2021@LM_INFO@Get config db data server_type_=9,server_id_=1001101,lan_ip=2130706433,lan_port=19001,wan_ip_1=0,wan_port_1=0,wan_ip_2=0,wan_port_2=0,udp_lan_ip=0, udp_wan_ip=0, udp_port=0, set_no_=1, game_set_id=11,idc_no_=0,cfg_info_=.
Apr  2 21:21:51.935 2021@LM_INFO@Get config db data server_type_=11,server_id_=1001101,lan_ip=2130706433,lan_port=21001,wan_ip_1=0,wan_port_1=0,wan_ip_2=0,wan_port_2=0,udp_lan_ip=0, udp_wan_ip=0, udp_port=0, set_no_=1, game_set_id=11,idc_no_=0,cfg_info_=.
Apr  2 21:21:51.937 2021@LM_INFO@Get config db data server_type_=8,server_id_=1001201,lan_ip=2130706433,lan_port=18002,wan_ip_1=0,wan_port_1=0,wan_ip_2=0,wan_port_2=0,udp_lan_ip=0, udp_wan_ip=0, udp_port=0, set_no_=1, game_set_id=12,idc_no_=0,cfg_info_=.
Apr  2 21:21:51.940 2021@LM_INFO@Get config db data server_type_=9,server_id_=1001201,lan_ip=2130706433,lan_port=19002,wan_ip_1=0,wan_port_1=0,wan_ip_2=0,wan_port_2=0,udp_lan_ip=0, udp_wan_ip=0, udp_port=0, set_no_=1, game_set_id=12,idc_no_=0,cfg_info_=.
Apr  2 21:21:51.942 2021@LM_INFO@Get config db data server_type_=11,server_id_=1001201,lan_ip=2130706433,lan_port=21002,wan_ip_1=0,wan_port_1=0,wan_ip_2=0,wan_port_2=0,udp_lan_ip=0, udp_wan_ip=0, udp_port=0, set_no_=1, game_set_id=12,idc_no_=0,cfg_info_=.
Apr  2 21:21:51.945 2021@LM_INFO@Size of CFG_SVR_INFO 68 .
Apr  2 21:21:51.946 2021@LM_INFO@Need 7032 bytes MMAP Memory, Hold 53 Server .
Apr  2 21:21:51.946 2021@LM_INFO@CfgSvrInfolist::initialize Succ.
Apr  2 21:21:51.947 2021@LM_INFO@Inst_Cfg_Svr_Info_Mgr::InitSvrInfoManager Succ.
Apr  2 21:21:51.948 2021@LM_INFO@Inst_Cfg_Svrd_App::InitInstance end.
Apr  2 21:21:51.950 2021@LM_INFO@Inst_Cfg_Svrd_App::Run.
Apr  2 21:21:54.300 2021@LM_INFO@TIMEOUT_STONE cmd:14003, trans_id:0, uin:0, send_svr:1000001|15, recv_svr:1000001|5. 
Apr  2 21:22:04.300 2021@LM_INFO@TIMEOUT_STONE cmd:14003, trans_id:0, uin:0, send_svr:1000001|15, recv_svr:1000001|5. 
Apr  2 21:22:14.302 2021@LM_INFO@TIMEOUT_STONE cmd:14003, trans_id:0, uin:0, send_svr:1000001|15, recv_svr:1000001|5. 
Apr  2 21:22:24.305 2021@LM_INFO@TIMEOUT_STONE cmd:14003, trans_id:0, uin:0, send_svr:1000001|15, recv_svr:1000001|5. 
Apr  2 21:22:34.300 2021@LM_INFO@TIMEOUT_STONE cmd:14003, trans_id:0, uin:0, send_svr:1000001|15, recv_svr:1000001|5. 
Apr  2 21:22:44.310 2021@LM_INFO@TIMEOUT_STONE cmd:14003, trans_id:0, uin:0, send_svr:1000001|15, recv_svr:1000001|5. 
Apr  2 21:22:54.496 2021@LM_INFO@TIMEOUT_STONE cmd:14003, trans_id:0, uin:0, send_svr:1000001|15, recv_svr:1000001|5. 
Apr  2 21:23:04.781 2021@LM_INFO@TIMEOUT_STONE cmd:14003, trans_id:0, uin:0, send_svr:1000001|15, recv_svr:1000001|5. 
Apr  2 21:23:14.357 2021@LM_INFO@TIMEOUT_STONE cmd:14003, trans_id:0, uin:0, send_svr:1000001|15, recv_svr:1000001|5. 
Apr  2 21:23:24.383 2021@LM_INFO@TIMEOUT_STONE cmd:14003, trans_id:0, uin:0, send_svr:1000001|15, recv_svr:1000001|5. 
Apr  2 21:23:34.300 2021@LM_INFO@TIMEOUT_STONE cmd:14003, trans_id:0, uin:0, send_svr:1000001|15, recv_svr:1000001|5. 
Apr  2 21:23:44.501 2021@LM_INFO@TIMEOUT_STONE cmd:14003, trans_id:0, uin:0, send_svr:1000001|15, recv_svr:1000001|5. 
Apr  2 21:23:54.301 2021@LM_INFO@TIMEOUT_STONE cmd:14003, trans_id:0, uin:0, send_svr:1000001|15, recv_svr:1000001|5. 
Apr  2 21:24:04.569 2021@LM_INFO@TIMEOUT_STONE cmd:14003, trans_id:0, uin:0, send_svr:1000001|15, recv_svr:1000001|5. 
Apr  2 21:24:15.099 2021@LM_INFO@TIMEOUT_STONE cmd:14003, trans_id:0, uin:0, send_svr:1000001|15, recv_svr:1000001|5. 
Apr  2 21:24:24.354 2021@LM_INFO@TIMEOUT_STONE cmd:14003, trans_id:0, uin:0, send_svr:1000001|15, recv_svr:1000001|5. 
Apr  2 21:24:34.353 2021@LM_INFO@TIMEOUT_STONE cmd:14003, trans_id:0, uin:0, send_svr:1000001|15, recv_svr:1000001|5. 
Apr  2 21:24:44.948 2021@LM_INFO@TIMEOUT_STONE cmd:14003, trans_id:0, uin:0, send_svr:1000001|15, recv_svr:1000001|5. 
Apr  2 21:24:54.308 2021@LM_INFO@TIMEOUT_STONE cmd:14003, trans_id:0, uin:0, send_svr:1000001|15, recv_svr:1000001|5. 
Apr  2 21:25:04.299 2021@LM_INFO@TIMEOUT_STONE cmd:14003, trans_id:0, uin:0, send_svr:1000001|15, recv_svr:1000001|5. 
Apr  2 21:25:14.301 2021@LM_INFO@TIMEOUT_STONE cmd:14003, trans_id:0, uin:0, send_svr:1000001|15, recv_svr:1000001|5. 
Apr  2 21:25:24.487 2021@LM_INFO@TIMEOUT_STONE cmd:14003, trans_id:0, uin:0, send_svr:1000001|15, recv_svr:1000001|5. 
Apr  2 21:25:34.948 2021@LM_INFO@TIMEOUT_STONE cmd:14003, trans_id:0, uin:0, send_svr:1000001|15, recv_svr:1000001|5. 
Apr  2 21:25:44.350 2021@LM_INFO@TIMEOUT_STONE cmd:14003, trans_id:0, uin:0, send_svr:1000001|15, recv_svr:1000001|5. 
Apr  2 21:25:54.302 2021@LM_INFO@TIMEOUT_STONE cmd:14003, trans_id:0, uin:0, send_svr:1000001|15, recv_svr:1000001|5. 
Apr  2 21:26:04.702 2021@LM_INFO@TIMEOUT_STONE cmd:14003, trans_id:0, uin:0, send_svr:1000001|15, recv_svr:1000001|5. 
Apr  2 21:26:14.303 2021@LM_INFO@TIMEOUT_STONE cmd:14003, trans_id:0, uin:0, send_svr:1000001|15, recv_svr:1000001|5. 
Apr  2 21:26:24.309 2021@LM_INFO@TIMEOUT_STONE cmd:14003, trans_id:0, uin:0, send_svr:1000001|15, recv_svr:1000001|5. 
Apr  2 21:26:34.703 2021@LM_INFO@TIMEOUT_STONE cmd:14003, trans_id:0, uin:0, send_svr:1000001|15, recv_svr:1000001|5. 
Apr  2 21:26:44.299 2021@LM_INFO@TIMEOUT_STONE cmd:14003, trans_id:0, uin:0, send_svr:1000001|15, recv_svr:1000001|5. 
Apr  2 21:26:54.304 2021@LM_INFO@TIMEOUT_STONE cmd:14003, trans_id:0, uin:0, send_svr:1000001|15, recv_svr:1000001|5. 
Apr  2 21:27:04.913 2021@LM_INFO@TIMEOUT_STONE cmd:14003, trans_id:0, uin:0, send_svr:1000001|15, recv_svr:1000001|5. 
Apr  2 21:27:14.300 2021@LM_INFO@TIMEOUT_STONE cmd:14003, trans_id:0, uin:0, send_svr:1000001|15, recv_svr:1000001|5. 
Apr  2 21:27:24.302 2021@LM_INFO@TIMEOUT_STONE cmd:14003, trans_id:0, uin:0, send_svr:1000001|15, recv_svr:1000001|5. 
Apr  2 21:27:34.654 2021@LM_INFO@TIMEOUT_STONE cmd:14003, trans_id:0, uin:0, send_svr:1000001|15, recv_svr:1000001|5. 
Apr  2 21:27:44.304 2021@LM_INFO@TIMEOUT_STONE cmd:14003, trans_id:0, uin:0, send_svr:1000001|15, recv_svr:1000001|5. 
Apr  2 21:27:54.305 2021@LM_INFO@TIMEOUT_STONE cmd:14003, trans_id:0, uin:0, send_svr:1000001|15, recv_svr:1000001|5. 
Apr  2 21:28:04.703 2021@LM_INFO@TIMEOUT_STONE cmd:14003, trans_id:0, uin:0, send_svr:1000001|15, recv_svr:1000001|5. 
Apr  2 21:28:14.349 2021@LM_INFO@TIMEOUT_STONE cmd:14003, trans_id:0, uin:0, send_svr:1000001|15, recv_svr:1000001|5. 
Apr  2 21:28:24.308 2021@LM_INFO@TIMEOUT_STONE cmd:14003, trans_id:0, uin:0, send_svr:1000001|15, recv_svr:1000001|5. 
Apr  2 21:28:34.759 2021@LM_INFO@TIMEOUT_STONE cmd:14003, trans_id:0, uin:0, send_svr:1000001|15, recv_svr:1000001|5. 
Apr  2 21:28:44.300 2021@LM_INFO@TIMEOUT_STONE cmd:14003, trans_id:0, uin:0, send_svr:1000001|15, recv_svr:1000001|5. 
Apr  2 21:28:54.299 2021@LM_INFO@TIMEOUT_STONE cmd:14003, trans_id:0, uin:0, send_svr:1000001|15, recv_svr:1000001|5. 
Apr  2 21:29:04.757 2021@LM_INFO@TIMEOUT_STONE cmd:14003, trans_id:0, uin:0, send_svr:1000001|15, recv_svr:1000001|5. 
Apr  2 21:29:14.299 2021@LM_INFO@TIMEOUT_STONE cmd:14003, trans_id:0, uin:0, send_svr:1000001|15, recv_svr:1000001|5. 
Apr  2 21:29:24.304 2021@LM_INFO@TIMEOUT_STONE cmd:14003, trans_id:0, uin:0, send_svr:1000001|15, recv_svr:1000001|5. 
Apr  2 21:29:34.804 2021@LM_INFO@TIMEOUT_STONE cmd:14003, trans_id:0, uin:0, send_svr:1000001|15, recv_svr:1000001|5. 
Apr  2 21:29:44.300 2021@LM_INFO@TIMEOUT_STONE cmd:14003, trans_id:0, uin:0, send_svr:1000001|15, recv_svr:1000001|5. 
Apr  2 21:29:54.300 2021@LM_INFO@TIMEOUT_STONE cmd:14003, trans_id:0, uin:0, send_svr:1000001|15, recv_svr:1000001|5. 
Apr  2 21:30:04.726 2021@LM_INFO@TIMEOUT_STONE cmd:14003, trans_id:0, uin:0, send_svr:1000001|15, recv_svr:1000001|5. 
Apr  2 21:30:14.303 2021@LM_INFO@TIMEOUT_STONE cmd:14003, trans_id:0, uin:0, send_svr:1000001|15, recv_svr:1000001|5. 
Apr  2 21:30:24.299 2021@LM_INFO@TIMEOUT_STONE cmd:14003, trans_id:0, uin:0, send_svr:1000001|15, recv_svr:1000001|5. 
Apr  2 21:30:34.811 2021@LM_INFO@TIMEOUT_STONE cmd:14003, trans_id:0, uin:0, send_svr:1000001|15, recv_svr:1000001|5. 
Apr  2 21:30:44.352 2021@LM_INFO@TIMEOUT_STONE cmd:14003, trans_id:0, uin:0, send_svr:1000001|15, recv_svr:1000001|5. 
Apr  2 21:30:54.300 2021@LM_INFO@TIMEOUT_STONE cmd:14003, trans_id:0, uin:0, send_svr:1000001|15, recv_svr:1000001|5. 
Apr  2 21:31:04.808 2021@LM_INFO@TIMEOUT_STONE cmd:14003, trans_id:0, uin:0, send_svr:1000001|15, recv_svr:1000001|5. 
Apr  2 21:31:14.305 2021@LM_INFO@TIMEOUT_STONE cmd:14003, trans_id:0, uin:0, send_svr:1000001|15, recv_svr:1000001|5. 
Apr  2 21:31:24.299 2021@LM_INFO@TIMEOUT_STONE cmd:14003, trans_id:0, uin:0, send_svr:1000001|15, recv_svr:1000001|5. 
Apr  2 21:31:34.656 2021@LM_INFO@TIMEOUT_STONE cmd:14003, trans_id:0, uin:0, send_svr:1000001|15, recv_svr:1000001|5. 
Apr  2 21:31:44.300 2021@LM_INFO@TIMEOUT_STONE cmd:14003, trans_id:0, uin:0, send_svr:1000001|15, recv_svr:1000001|5. 
Apr  2 21:31:54.299 2021@LM_INFO@TIMEOUT_STONE cmd:14003, trans_id:0, uin:0, send_svr:1000001|15, recv_svr:1000001|5. 
Apr  2 21:32:04.984 2021@LM_INFO@TIMEOUT_STONE cmd:14003, trans_id:0, uin:0, send_svr:1000001|15, recv_svr:1000001|5. 
Apr  2 21:32:14.300 2021@LM_INFO@TIMEOUT_STONE cmd:14003, trans_id:0, uin:0, send_svr:1000001|15, recv_svr:1000001|5. 
Apr  2 21:32:24.356 2021@LM_INFO@TIMEOUT_STONE cmd:14003, trans_id:0, uin:0, send_svr:1000001|15, recv_svr:1000001|5. 
Apr  2 21:32:34.807 2021@LM_INFO@TIMEOUT_STONE cmd:14003, trans_id:0, uin:0, send_svr:1000001|15, recv_svr:1000001|5. 
Apr  2 21:32:44.302 2021@LM_INFO@TIMEOUT_STONE cmd:14003, trans_id:0, uin:0, send_svr:1000001|15, recv_svr:1000001|5. 
Apr  2 21:32:54.307 2021@LM_INFO@TIMEOUT_STONE cmd:14003, trans_id:0, uin:0, send_svr:1000001|15, recv_svr:1000001|5. 
Apr  2 21:33:04.782 2021@LM_INFO@TIMEOUT_STONE cmd:14003, trans_id:0, uin:0, send_svr:1000001|15, recv_svr:1000001|5. 
Apr  2 21:33:14.299 2021@LM_INFO@TIMEOUT_STONE cmd:14003, trans_id:0, uin:0, send_svr:1000001|15, recv_svr:1000001|5. 
Apr  2 21:33:24.299 2021@LM_INFO@TIMEOUT_STONE cmd:14003, trans_id:0, uin:0, send_svr:1000001|15, recv_svr:1000001|5. 
Apr  2 21:33:34.858 2021@LM_INFO@TIMEOUT_STONE cmd:14003, trans_id:0, uin:0, send_svr:1000001|15, recv_svr:1000001|5. 
Apr  2 21:33:44.299 2021@LM_INFO@TIMEOUT_STONE cmd:14003, trans_id:0, uin:0, send_svr:1000001|15, recv_svr:1000001|5. 
Apr  2 21:33:54.310 2021@LM_INFO@TIMEOUT_STONE cmd:14003, trans_id:0, uin:0, send_svr:1000001|15, recv_svr:1000001|5. 
Apr  2 21:34:05.156 2021@LM_INFO@TIMEOUT_STONE cmd:14003, trans_id:0, uin:0, send_svr:1000001|15, recv_svr:1000001|5. 
Apr  2 21:34:14.311 2021@LM_INFO@TIMEOUT_STONE cmd:14003, trans_id:0, uin:0, send_svr:1000001|15, recv_svr:1000001|5. 
Apr  2 21:34:24.353 2021@LM_INFO@TIMEOUT_STONE cmd:14003, trans_id:0, uin:0, send_svr:1000001|15, recv_svr:1000001|5. 
Apr  2 21:34:35.508 2021@LM_INFO@TIMEOUT_STONE cmd:14003, trans_id:0, uin:0, send_svr:1000001|15, recv_svr:1000001|5. 
Apr  2 21:34:44.299 2021@LM_INFO@TIMEOUT_STONE cmd:14003, trans_id:0, uin:0, send_svr:1000001|15, recv_svr:1000001|5. 
Apr  2 21:34:54.352 2021@LM_INFO@TIMEOUT_STONE cmd:14003, trans_id:0, uin:0, send_svr:1000001|15, recv_svr:1000001|5. 
Apr  2 21:35:04.703 2021@LM_INFO@TIMEOUT_STONE cmd:14003, trans_id:0, uin:0, send_svr:1000001|15, recv_svr:1000001|5. 
Apr  2 21:35:14.302 2021@LM_INFO@TIMEOUT_STONE cmd:14003, trans_id:0, uin:0, send_svr:1000001|15, recv_svr:1000001|5. 
Apr  2 21:35:24.303 2021@LM_INFO@TIMEOUT_STONE cmd:14003, trans_id:0, uin:0, send_svr:1000001|15, recv_svr:1000001|5. 
Apr  2 21:35:34.860 2021@LM_INFO@TIMEOUT_STONE cmd:14003, trans_id:0, uin:0, send_svr:1000001|15, recv_svr:1000001|5. 
Apr  2 21:35:44.302 2021@LM_INFO@TIMEOUT_STONE cmd:14003, trans_id:0, uin:0, send_svr:1000001|15, recv_svr:1000001|5. 
Apr  2 21:35:54.303 2021@LM_INFO@TIMEOUT_STONE cmd:14003, trans_id:0, uin:0, send_svr:1000001|15, recv_svr:1000001|5. 
Apr  2 21:36:04.607 2021@LM_INFO@TIMEOUT_STONE cmd:14003, trans_id:0, uin:0, send_svr:1000001|15, recv_svr:1000001|5. 
Apr  2 21:36:14.300 2021@LM_INFO@TIMEOUT_STONE cmd:14003, trans_id:0, uin:0, send_svr:1000001|15, recv_svr:1000001|5. 
Apr  2 21:36:24.351 2021@LM_INFO@TIMEOUT_STONE cmd:14003, trans_id:0, uin:0, send_svr:1000001|15, recv_svr:1000001|5. 
Apr  2 21:36:34.812 2021@LM_INFO@TIMEOUT_STONE cmd:14003, trans_id:0, uin:0, send_svr:1000001|15, recv_svr:1000001|5. 
Apr  2 21:36:44.304 2021@LM_INFO@TIMEOUT_STONE cmd:14003, trans_id:0, uin:0, send_svr:1000001|15, recv_svr:1000001|5. 
Apr  2 21:36:54.300 2021@LM_INFO@TIMEOUT_STONE cmd:14003, trans_id:0, uin:0, send_svr:1000001|15, recv_svr:1000001|5. 
Apr  2 21:37:04.759 2021@LM_INFO@TIMEOUT_STONE cmd:14003, trans_id:0, uin:0, send_svr:1000001|15, recv_svr:1000001|5. 
Apr  2 21:37:14.300 2021@LM_INFO@TIMEOUT_STONE cmd:14003, trans_id:0, uin:0, send_svr:1000001|15, recv_svr:1000001|5. 
Apr  2 21:37:24.300 2021@LM_INFO@TIMEOUT_STONE cmd:14003, trans_id:0, uin:0, send_svr:1000001|15, recv_svr:1000001|5. 
Apr  2 21:37:34.707 2021@LM_INFO@TIMEOUT_STONE cmd:14003, trans_id:0, uin:0, send_svr:1000001|15, recv_svr:1000001|5. 
Apr  2 21:37:44.300 2021@LM_INFO@TIMEOUT_STONE cmd:14003, trans_id:0, uin:0, send_svr:1000001|15, recv_svr:1000001|5. 
Apr  2 21:37:54.300 2021@LM_INFO@TIMEOUT_STONE cmd:14003, trans_id:0, uin:0, send_svr:1000001|15, recv_svr:1000001|5. 
Apr  2 21:38:06.476 2021@LM_INFO@TIMEOUT_STONE cmd:14003, trans_id:0, uin:0, send_svr:1000001|15, recv_svr:1000001|5. 
Apr  2 21:38:14.299 2021@LM_INFO@TIMEOUT_STONE cmd:14003, trans_id:0, uin:0, send_svr:1000001|15, recv_svr:1000001|5. 
Apr  2 21:38:24.299 2021@LM_INFO@TIMEOUT_STONE cmd:14003, trans_id:0, uin:0, send_svr:1000001|15, recv_svr:1000001|5. 
Apr  2 21:38:34.402 2021@LM_INFO@TIMEOUT_STONE cmd:14003, trans_id:0, uin:0, send_svr:1000001|15, recv_svr:1000001|5. 
Apr  2 21:38:44.350 2021@LM_INFO@TIMEOUT_STONE cmd:14003, trans_id:0, uin:0, send_svr:1000001|15, recv_svr:1000001|5. 
Apr  2 21:38:54.299 2021@LM_INFO@TIMEOUT_STONE cmd:14003, trans_id:0, uin:0, send_svr:1000001|15, recv_svr:1000001|5. 
Apr  2 21:39:04.710 2021@LM_INFO@TIMEOUT_STONE cmd:14003, trans_id:0, uin:0, send_svr:1000001|15, recv_svr:1000001|5. 
Apr  2 21:39:14.299 2021@LM_INFO@TIMEOUT_STONE cmd:14003, trans_id:0, uin:0, send_svr:1000001|15, recv_svr:1000001|5. 
Apr  2 21:39:24.300 2021@LM_INFO@TIMEOUT_STONE cmd:14003, trans_id:0, uin:0, send_svr:1000001|15, recv_svr:1000001|5. 
Apr  2 21:39:34.759 2021@LM_INFO@TIMEOUT_STONE cmd:14003, trans_id:0, uin:0, send_svr:1000001|15, recv_svr:1000001|5. 
Apr  2 21:39:44.300 2021@LM_INFO@TIMEOUT_STONE cmd:14003, trans_id:0, uin:0, send_svr:1000001|15, recv_svr:1000001|5. 
Apr  2 21:39:54.300 2021@LM_INFO@TIMEOUT_STONE cmd:14003, trans_id:0, uin:0, send_svr:1000001|15, recv_svr:1000001|5. 
Apr  2 21:40:04.753 2021@LM_INFO@TIMEOUT_STONE cmd:14003, trans_id:0, uin:0, send_svr:1000001|15, recv_svr:1000001|5. 
Apr  2 21:40:14.300 2021@LM_INFO@TIMEOUT_STONE cmd:14003, trans_id:0, uin:0, send_svr:1000001|15, recv_svr:1000001|5. 
Apr  2 21:40:24.299 2021@LM_INFO@TIMEOUT_STONE cmd:14003, trans_id:0, uin:0, send_svr:1000001|15, recv_svr:1000001|5. 
Apr  2 21:40:34.754 2021@LM_INFO@TIMEOUT_STONE cmd:14003, trans_id:0, uin:0, send_svr:1000001|15, recv_svr:1000001|5. 
Apr  2 21:40:44.302 2021@LM_INFO@TIMEOUT_STONE cmd:14003, trans_id:0, uin:0, send_svr:1000001|15, recv_svr:1000001|5. 
Apr  2 21:40:54.300 2021@LM_INFO@TIMEOUT_STONE cmd:14003, trans_id:0, uin:0, send_svr:1000001|15, recv_svr:1000001|5. 
Apr  2 21:41:04.705 2021@LM_INFO@TIMEOUT_STONE cmd:14003, trans_id:0, uin:0, send_svr:1000001|15, recv_svr:1000001|5. 
Apr  2 21:41:14.302 2021@LM_INFO@TIMEOUT_STONE cmd:14003, trans_id:0, uin:0, send_svr:1000001|15, recv_svr:1000001|5. 
Apr  2 21:41:24.299 2021@LM_INFO@TIMEOUT_STONE cmd:14003, trans_id:0, uin:0, send_svr:1000001|15, recv_svr:1000001|5. 
Apr  2 21:41:34.710 2021@LM_INFO@TIMEOUT_STONE cmd:14003, trans_id:0, uin:0, send_svr:1000001|15, recv_svr:1000001|5. 
Apr  2 21:41:44.299 2021@LM_INFO@TIMEOUT_STONE cmd:14003, trans_id:0, uin:0, send_svr:1000001|15, recv_svr:1000001|5. 
Apr  2 21:41:54.300 2021@LM_INFO@TIMEOUT_STONE cmd:14003, trans_id:0, uin:0, send_svr:1000001|15, recv_svr:1000001|5. 
Apr  2 21:42:04.804 2021@LM_INFO@TIMEOUT_STONE cmd:14003, trans_id:0, uin:0, send_svr:1000001|15, recv_svr:1000001|5. 
Apr  2 21:42:14.300 2021@LM_INFO@TIMEOUT_STONE cmd:14003, trans_id:0, uin:0, send_svr:1000001|15, recv_svr:1000001|5. 
Apr  2 21:42:24.299 2021@LM_INFO@TIMEOUT_STONE cmd:14003, trans_id:0, uin:0, send_svr:1000001|15, recv_svr:1000001|5. 
Apr  2 21:42:34.810 2021@LM_INFO@TIMEOUT_STONE cmd:14003, trans_id:0, uin:0, send_svr:1000001|15, recv_svr:1000001|5. 
Apr  2 21:42:44.306 2021@LM_INFO@TIMEOUT_STONE cmd:14003, trans_id:0, uin:0, send_svr:1000001|15, recv_svr:1000001|5. 
Apr  2 21:42:54.299 2021@LM_INFO@TIMEOUT_STONE cmd:14003, trans_id:0, uin:0, send_svr:1000001|15, recv_svr:1000001|5. 
Apr  2 21:43:04.753 2021@LM_INFO@TIMEOUT_STONE cmd:14003, trans_id:0, uin:0, send_svr:1000001|15, recv_svr:1000001|5. 
Apr  2 21:43:14.300 2021@LM_INFO@TIMEOUT_STONE cmd:14003, trans_id:0, uin:0, send_svr:1000001|15, recv_svr:1000001|5. 
Apr  2 21:43:24.302 2021@LM_INFO@TIMEOUT_STONE cmd:14003, trans_id:0, uin:0, send_svr:1000001|15, recv_svr:1000001|5. 
Apr  2 21:43:34.753 2021@LM_INFO@TIMEOUT_STONE cmd:14003, trans_id:0, uin:0, send_svr:1000001|15, recv_svr:1000001|5. 
Apr  2 21:43:44.301 2021@LM_INFO@TIMEOUT_STONE cmd:14003, trans_id:0, uin:0, send_svr:1000001|15, recv_svr:1000001|5. 
Apr  2 21:43:54.299 2021@LM_INFO@TIMEOUT_STONE cmd:14003, trans_id:0, uin:0, send_svr:1000001|15, recv_svr:1000001|5. 
Apr  2 21:44:04.907 2021@LM_INFO@TIMEOUT_STONE cmd:14003, trans_id:0, uin:0, send_svr:1000001|15, recv_svr:1000001|5. 
Apr  2 21:44:14.300 2021@LM_INFO@TIMEOUT_STONE cmd:14003, trans_id:0, uin:0, send_svr:1000001|15, recv_svr:1000001|5. 
Apr  2 21:44:24.300 2021@LM_INFO@TIMEOUT_STONE cmd:14003, trans_id:0, uin:0, send_svr:1000001|15, recv_svr:1000001|5. 
Apr  2 21:44:34.859 2021@LM_INFO@TIMEOUT_STONE cmd:14003, trans_id:0, uin:0, send_svr:1000001|15, recv_svr:1000001|5. 
Apr  2 21:44:44.353 2021@LM_INFO@TIMEOUT_STONE cmd:14003, trans_id:0, uin:0, send_svr:1000001|15, recv_svr:1000001|5. 
Apr  2 21:44:54.299 2021@LM_INFO@TIMEOUT_STONE cmd:14003, trans_id:0, uin:0, send_svr:1000001|15, recv_svr:1000001|5. 
Apr  2 21:45:04.953 2021@LM_INFO@TIMEOUT_STONE cmd:14003, trans_id:0, uin:0, send_svr:1000001|15, recv_svr:1000001|5. 
Apr  2 21:45:14.300 2021@LM_INFO@TIMEOUT_STONE cmd:14003, trans_id:0, uin:0, send_svr:1000001|15, recv_svr:1000001|5. 
Apr  2 21:45:24.948 2021@LM_INFO@TIMEOUT_STONE cmd:14003, trans_id:0, uin:0, send_svr:1000001|15, recv_svr:1000001|5. 
Apr  2 21:45:34.807 2021@LM_INFO@TIMEOUT_STONE cmd:14003, trans_id:0, uin:0, send_svr:1000001|15, recv_svr:1000001|5. 
Apr  2 21:45:44.300 2021@LM_INFO@TIMEOUT_STONE cmd:14003, trans_id:0, uin:0, send_svr:1000001|15, recv_svr:1000001|5. 
Apr  2 21:45:54.302 2021@LM_INFO@TIMEOUT_STONE cmd:14003, trans_id:0, uin:0, send_svr:1000001|15, recv_svr:1000001|5. 
Apr  2 21:46:04.813 2021@LM_INFO@TIMEOUT_STONE cmd:14003, trans_id:0, uin:0, send_svr:1000001|15, recv_svr:1000001|5. 
Apr  2 21:46:14.299 2021@LM_INFO@TIMEOUT_STONE cmd:14003, trans_id:0, uin:0, send_svr:1000001|15, recv_svr:1000001|5. 
Apr  2 21:46:24.307 2021@LM_INFO@TIMEOUT_STONE cmd:14003, trans_id:0, uin:0, send_svr:1000001|15, recv_svr:1000001|5. 
Apr  2 21:46:34.702 2021@LM_INFO@TIMEOUT_STONE cmd:14003, trans_id:0, uin:0, send_svr:1000001|15, recv_svr:1000001|5. 
Apr  2 21:46:44.306 2021@LM_INFO@TIMEOUT_STONE cmd:14003, trans_id:0, uin:0, send_svr:1000001|15, recv_svr:1000001|5. 
Apr  2 21:46:54.300 2021@LM_INFO@TIMEOUT_STONE cmd:14003, trans_id:0, uin:0, send_svr:1000001|15, recv_svr:1000001|5. 
Apr  2 21:47:04.752 2021@LM_INFO@TIMEOUT_STONE cmd:14003, trans_id:0, uin:0, send_svr:1000001|15, recv_svr:1000001|5. 
Apr  2 21:47:14.307 2021@LM_INFO@TIMEOUT_STONE cmd:14003, trans_id:0, uin:0, send_svr:1000001|15, recv_svr:1000001|5. 
Apr  2 21:47:24.299 2021@LM_INFO@TIMEOUT_STONE cmd:14003, trans_id:0, uin:0, send_svr:1000001|15, recv_svr:1000001|5. 
Apr  2 21:47:34.710 2021@LM_INFO@TIMEOUT_STONE cmd:14003, trans_id:0, uin:0, send_svr:1000001|15, recv_svr:1000001|5. 
Apr  2 21:47:44.302 2021@LM_INFO@TIMEOUT_STONE cmd:14003, trans_id:0, uin:0, send_svr:1000001|15, recv_svr:1000001|5. 
Apr  2 21:47:54.300 2021@LM_INFO@TIMEOUT_STONE cmd:14003, trans_id:0, uin:0, send_svr:1000001|15, recv_svr:1000001|5. 
Apr  2 21:48:04.704 2021@LM_INFO@TIMEOUT_STONE cmd:14003, trans_id:0, uin:0, send_svr:1000001|15, recv_svr:1000001|5. 
Apr  2 21:48:14.300 2021@LM_INFO@TIMEOUT_STONE cmd:14003, trans_id:0, uin:0, send_svr:1000001|15, recv_svr:1000001|5. 
Apr  2 21:48:24.302 2021@LM_INFO@TIMEOUT_STONE cmd:14003, trans_id:0, uin:0, send_svr:1000001|15, recv_svr:1000001|5. 
Apr  2 21:48:34.601 2021@LM_INFO@TIMEOUT_STONE cmd:14003, trans_id:0, uin:0, send_svr:1000001|15, recv_svr:1000001|5. 
Apr  2 21:48:44.299 2021@LM_INFO@TIMEOUT_STONE cmd:14003, trans_id:0, uin:0, send_svr:1000001|15, recv_svr:1000001|5. 
Apr  2 21:48:54.299 2021@LM_INFO@TIMEOUT_STONE cmd:14003, trans_id:0, uin:0, send_svr:1000001|15, recv_svr:1000001|5. 
Apr  2 21:49:04.605 2021@LM_INFO@TIMEOUT_STONE cmd:14003, trans_id:0, uin:0, send_svr:1000001|15, recv_svr:1000001|5. 
Apr  2 21:49:14.299 2021@LM_INFO@TIMEOUT_STONE cmd:14003, trans_id:0, uin:0, send_svr:1000001|15, recv_svr:1000001|5. 
Apr  2 21:49:24.299 2021@LM_INFO@TIMEOUT_STONE cmd:14003, trans_id:0, uin:0, send_svr:1000001|15, recv_svr:1000001|5. 
Apr  2 21:49:34.657 2021@LM_INFO@TIMEOUT_STONE cmd:14003, trans_id:0, uin:0, send_svr:1000001|15, recv_svr:1000001|5. 
Apr  2 21:49:44.300 2021@LM_INFO@TIMEOUT_STONE cmd:14003, trans_id:0, uin:0, send_svr:1000001|15, recv_svr:1000001|5. 
Apr  2 21:49:54.306 2021@LM_INFO@TIMEOUT_STONE cmd:14003, trans_id:0, uin:0, send_svr:1000001|15, recv_svr:1000001|5. 
Apr  2 21:50:04.662 2021@LM_INFO@TIMEOUT_STONE cmd:14003, trans_id:0, uin:0, send_svr:1000001|15, recv_svr:1000001|5. 
Apr  2 21:50:14.299 2021@LM_INFO@TIMEOUT_STONE cmd:14003, trans_id:0, uin:0, send_svr:1000001|15, recv_svr:1000001|5. 
Apr  2 21:50:24.302 2021@LM_INFO@TIMEOUT_STONE cmd:14003, trans_id:0, uin:0, send_svr:1000001|15, recv_svr:1000001|5. 
Apr  2 21:50:34.652 2021@LM_INFO@TIMEOUT_STONE cmd:14003, trans_id:0, uin:0, send_svr:1000001|15, recv_svr:1000001|5. 
Apr  2 21:50:44.303 2021@LM_INFO@TIMEOUT_STONE cmd:14003, trans_id:0, uin:0, send_svr:1000001|15, recv_svr:1000001|5. 
Apr  2 21:50:54.310 2021@LM_INFO@TIMEOUT_STONE cmd:14003, trans_id:0, uin:0, send_svr:1000001|15, recv_svr:1000001|5. 
Apr  2 21:51:04.655 2021@LM_INFO@TIMEOUT_STONE cmd:14003, trans_id:0, uin:0, send_svr:1000001|15, recv_svr:1000001|5. 
Apr  2 21:51:14.301 2021@LM_INFO@TIMEOUT_STONE cmd:14003, trans_id:0, uin:0, send_svr:1000001|15, recv_svr:1000001|5. 
Apr  2 21:51:24.299 2021@LM_INFO@TIMEOUT_STONE cmd:14003, trans_id:0, uin:0, send_svr:1000001|15, recv_svr:1000001|5. 
Apr  2 21:51:34.756 2021@LM_INFO@TIMEOUT_STONE cmd:14003, trans_id:0, uin:0, send_svr:1000001|15, recv_svr:1000001|5. 
Apr  2 21:51:44.352 2021@LM_INFO@TIMEOUT_STONE cmd:14003, trans_id:0, uin:0, send_svr:1000001|15, recv_svr:1000001|5. 
Apr  2 21:51:54.299 2021@LM_INFO@TIMEOUT_STONE cmd:14003, trans_id:0, uin:0, send_svr:1000001|15, recv_svr:1000001|5. 
Apr  2 21:52:04.803 2021@LM_INFO@TIMEOUT_STONE cmd:14003, trans_id:0, uin:0, send_svr:1000001|15, recv_svr:1000001|5. 
Apr  2 21:52:14.299 2021@LM_INFO@TIMEOUT_STONE cmd:14003, trans_id:0, uin:0, send_svr:1000001|15, recv_svr:1000001|5. 
Apr  2 21:52:24.304 2021@LM_INFO@TIMEOUT_STONE cmd:14003, trans_id:0, uin:0, send_svr:1000001|15, recv_svr:1000001|5. 
Apr  2 21:52:34.604 2021@LM_INFO@TIMEOUT_STONE cmd:14003, trans_id:0, uin:0, send_svr:1000001|15, recv_svr:1000001|5. 
Apr  2 21:52:44.404 2021@LM_INFO@TIMEOUT_STONE cmd:14003, trans_id:0, uin:0, send_svr:1000001|15, recv_svr:1000001|5. 
Apr  2 21:52:54.300 2021@LM_INFO@TIMEOUT_STONE cmd:14003, trans_id:0, uin:0, send_svr:1000001|15, recv_svr:1000001|5. 
Apr  2 21:53:04.710 2021@LM_INFO@TIMEOUT_STONE cmd:14003, trans_id:0, uin:0, send_svr:1000001|15, recv_svr:1000001|5. 
Apr  2 21:53:14.349 2021@LM_INFO@TIMEOUT_STONE cmd:14003, trans_id:0, uin:0, send_svr:1000001|15, recv_svr:1000001|5. 
Apr  2 21:53:24.299 2021@LM_INFO@TIMEOUT_STONE cmd:14003, trans_id:0, uin:0, send_svr:1000001|15, recv_svr:1000001|5. 
Apr  2 21:53:34.758 2021@LM_INFO@TIMEOUT_STONE cmd:14003, trans_id:0, uin:0, send_svr:1000001|15, recv_svr:1000001|5. 
Apr  2 21:53:44.304 2021@LM_INFO@TIMEOUT_STONE cmd:14003, trans_id:0, uin:0, send_svr:1000001|15, recv_svr:1000001|5. 
Apr  2 21:53:54.300 2021@LM_INFO@TIMEOUT_STONE cmd:14003, trans_id:0, uin:0, send_svr:1000001|15, recv_svr:1000001|5. 
Apr  2 21:54:04.756 2021@LM_INFO@TIMEOUT_STONE cmd:14003, trans_id:0, uin:0, send_svr:1000001|15, recv_svr:1000001|5. 
Apr  2 21:54:14.302 2021@LM_INFO@TIMEOUT_STONE cmd:14003, trans_id:0, uin:0, send_svr:1000001|15, recv_svr:1000001|5. 
Apr  2 21:54:24.300 2021@LM_INFO@TIMEOUT_STONE cmd:14003, trans_id:0, uin:0, send_svr:1000001|15, recv_svr:1000001|5. 
Apr  2 21:54:34.753 2021@LM_INFO@TIMEOUT_STONE cmd:14003, trans_id:0, uin:0, send_svr:1000001|15, recv_svr:1000001|5. 
Apr  2 21:54:44.352 2021@LM_INFO@TIMEOUT_STONE cmd:14003, trans_id:0, uin:0, send_svr:1000001|15, recv_svr:1000001|5. 
Apr  2 21:54:54.299 2021@LM_INFO@TIMEOUT_STONE cmd:14003, trans_id:0, uin:0, send_svr:1000001|15, recv_svr:1000001|5. 
Apr  2 21:55:04.757 2021@LM_INFO@TIMEOUT_STONE cmd:14003, trans_id:0, uin:0, send_svr:1000001|15, recv_svr:1000001|5. 
Apr  2 21:55:14.310 2021@LM_INFO@TIMEOUT_STONE cmd:14003, trans_id:0, uin:0, send_svr:1000001|15, recv_svr:1000001|5. 
Apr  2 21:55:24.299 2021@LM_INFO@TIMEOUT_STONE cmd:14003, trans_id:0, uin:0, send_svr:1000001|15, recv_svr:1000001|5. 
Apr  2 21:55:34.701 2021@LM_INFO@TIMEOUT_STONE cmd:14003, trans_id:0, uin:0, send_svr:1000001|15, recv_svr:1000001|5. 
Apr  2 21:55:44.305 2021@LM_INFO@TIMEOUT_STONE cmd:14003, trans_id:0, uin:0, send_svr:1000001|15, recv_svr:1000001|5. 
Apr  2 21:55:54.299 2021@LM_INFO@TIMEOUT_STONE cmd:14003, trans_id:0, uin:0, send_svr:1000001|15, recv_svr:1000001|5. 
Apr  2 21:56:04.761 2021@LM_INFO@TIMEOUT_STONE cmd:14003, trans_id:0, uin:0, send_svr:1000001|15, recv_svr:1000001|5. 
Apr  2 21:56:14.299 2021@LM_INFO@TIMEOUT_STONE cmd:14003, trans_id:0, uin:0, send_svr:1000001|15, recv_svr:1000001|5. 
Apr  2 21:56:24.301 2021@LM_INFO@TIMEOUT_STONE cmd:14003, trans_id:0, uin:0, send_svr:1000001|15, recv_svr:1000001|5. 
Apr  2 21:56:34.756 2021@LM_INFO@TIMEOUT_STONE cmd:14003, trans_id:0, uin:0, send_svr:1000001|15, recv_svr:1000001|5. 
Apr  2 21:56:44.306 2021@LM_INFO@TIMEOUT_STONE cmd:14003, trans_id:0, uin:0, send_svr:1000001|15, recv_svr:1000001|5. 
Apr  2 21:56:54.299 2021@LM_INFO@TIMEOUT_STONE cmd:14003, trans_id:0, uin:0, send_svr:1000001|15, recv_svr:1000001|5. 
Apr  2 21:57:04.755 2021@LM_INFO@TIMEOUT_STONE cmd:14003, trans_id:0, uin:0, send_svr:1000001|15, recv_svr:1000001|5. 
Apr  2 21:57:14.299 2021@LM_INFO@TIMEOUT_STONE cmd:14003, trans_id:0, uin:0, send_svr:1000001|15, recv_svr:1000001|5. 
Apr  2 21:57:24.299 2021@LM_INFO@TIMEOUT_STONE cmd:14003, trans_id:0, uin:0, send_svr:1000001|15, recv_svr:1000001|5. 
Apr  2 21:57:34.651 2021@LM_INFO@TIMEOUT_STONE cmd:14003, trans_id:0, uin:0, send_svr:1000001|15, recv_svr:1000001|5. 
Apr  2 21:57:44.302 2021@LM_INFO@TIMEOUT_STONE cmd:14003, trans_id:0, uin:0, send_svr:1000001|15, recv_svr:1000001|5. 
Apr  2 21:57:54.299 2021@LM_INFO@TIMEOUT_STONE cmd:14003, trans_id:0, uin:0, send_svr:1000001|15, recv_svr:1000001|5. 
Apr  2 21:58:04.752 2021@LM_INFO@TIMEOUT_STONE cmd:14003, trans_id:0, uin:0, send_svr:1000001|15, recv_svr:1000001|5. 
Apr  2 21:58:14.300 2021@LM_INFO@TIMEOUT_STONE cmd:14003, trans_id:0, uin:0, send_svr:1000001|15, recv_svr:1000001|5. 
Apr  2 21:58:24.299 2021@LM_INFO@TIMEOUT_STONE cmd:14003, trans_id:0, uin:0, send_svr:1000001|15, recv_svr:1000001|5. 
Apr  2 21:58:34.758 2021@LM_INFO@TIMEOUT_STONE cmd:14003, trans_id:0, uin:0, send_svr:1000001|15, recv_svr:1000001|5. 
Apr  2 21:58:44.300 2021@LM_INFO@TIMEOUT_STONE cmd:14003, trans_id:0, uin:0, send_svr:1000001|15, recv_svr:1000001|5. 
Apr  2 21:58:54.302 2021@LM_INFO@TIMEOUT_STONE cmd:14003, trans_id:0, uin:0, send_svr:1000001|15, recv_svr:1000001|5. 
Apr  2 21:59:04.654 2021@LM_INFO@TIMEOUT_STONE cmd:14003, trans_id:0, uin:0, send_svr:1000001|15, recv_svr:1000001|5. 
Apr  2 21:59:14.312 2021@LM_INFO@TIMEOUT_STONE cmd:14003, trans_id:0, uin:0, send_svr:1000001|15, recv_svr:1000001|5. 
Apr  2 21:59:24.302 2021@LM_INFO@TIMEOUT_STONE cmd:14003, trans_id:0, uin:0, send_svr:1000001|15, recv_svr:1000001|5. 
Apr  2 21:59:34.757 2021@LM_INFO@TIMEOUT_STONE cmd:14003, trans_id:0, uin:0, send_svr:1000001|15, recv_svr:1000001|5. 
Apr  2 21:59:44.304 2021@LM_INFO@TIMEOUT_STONE cmd:14003, trans_id:0, uin:0, send_svr:1000001|15, recv_svr:1000001|5. 
Apr  2 21:59:54.299 2021@LM_INFO@TIMEOUT_STONE cmd:14003, trans_id:0, uin:0, send_svr:1000001|15, recv_svr:1000001|5. 
Apr  2 22:00:04.852 2021@LM_INFO@TIMEOUT_STONE cmd:14003, trans_id:0, uin:0, send_svr:1000001|15, recv_svr:1000001|5. 
Apr  2 22:00:14.299 2021@LM_INFO@TIMEOUT_STONE cmd:14003, trans_id:0, uin:0, send_svr:1000001|15, recv_svr:1000001|5. 
Apr  2 22:00:24.302 2021@LM_INFO@TIMEOUT_STONE cmd:14003, trans_id:0, uin:0, send_svr:1000001|15, recv_svr:1000001|5. 
Apr  2 22:00:34.652 2021@LM_INFO@TIMEOUT_STONE cmd:14003, trans_id:0, uin:0, send_svr:1000001|15, recv_svr:1000001|5. 
