Jan 15 10:09:37.752 2019@LM_INFO@Base_FJ_Report::GetFileName file_name:../../run/fj_login_log_report/ServerState_20190115_11.txt.
Jan 15 10:12:03.487 2019@LM_INFO@Base_FJ_Report::GetFileName file_name:../../run/fj_log_report/CreateChar_20190115_11.txt.
Jan 15 10:12:03.762 2019@LM_INFO@Base_FJ_Report::GetFileName file_name:../../run/fj_log_report/AddItem_20190115_11.txt.
Jan 15 10:12:03.829 2019@LM_INFO@Base_FJ_Report::GetFileName file_name:../../run/fj_login_log_report/Login_20190115_11.txt.
Jan 15 10:12:03.829 2019@LM_INFO@Base_FJ_Report::GetFileName file_name:../../run/fj_log_report/(null)_20190115_11.txt.
Jan 15 10:12:36.633 2019@LM_INFO@Base_FJ_Report::GetFileName file_name:../../run/fj_log_report/OSSTaskAccept_20190115_11.txt.
Jan 15 10:12:50.350 2019@LM_INFO@Base_FJ_Report::GetFileName file_name:../../run/fj_log_report/AddCash_20190115_11.txt.
Jan 15 10:12:50.350 2019@LM_INFO@Base_FJ_Report::GetFileName file_name:../../run/fj_log_report/TaskFinish_20190115_11.txt.
Jan 15 10:15:32.410 2019@LM_INFO@Base_FJ_Report::GetFileName file_name:../../run/fj_log_report/(null)_20190115_11.txt.
Jan 15 10:17:03.790 2019@LM_INFO@Base_FJ_Report::GetFileName file_name:../../run/fj_log_report/OnlineReport_20190115_11.txt.
Jan 15 13:10:53.650 2019@LM_INFO@Base_FJ_Report::GetFileName file_name:../../run/fj_login_log_report/ServerState_20190115_11.txt.
Jan 15 13:10:56.122 2019@LM_INFO@Base_FJ_Report::GetFileName file_name:../../run/fj_login_log_report/ServerState_20190115_11.txt.
Jan 15 13:11:05.593 2019@LM_INFO@Base_FJ_Report::GetFileName file_name:../../run/fj_login_log_report/ServerState_20190115_11.txt.
Jan 15 13:11:15.949 2019@LM_INFO@Base_FJ_Report::GetFileName file_name:../../run/fj_login_log_report/ServerState_20190115_11.txt.
Jan 15 13:11:30.000 2019@LM_INFO@Base_FJ_Report::GetFileName file_name:../../run/fj_login_log_report/ServerState_20190115_11.txt.
Jan 15 13:11:37.955 2019@LM_INFO@Base_FJ_Report::GetFileName file_name:../../run/fj_login_log_report/ServerState_20190115_11.txt.
Jan 15 13:11:46.026 2019@LM_INFO@Base_FJ_Report::GetFileName file_name:../../run/fj_login_log_report/ServerState_20190115_11.txt.
Jan 15 13:11:57.294 2019@LM_INFO@Base_FJ_Report::GetFileName file_name:../../run/fj_login_log_report/ServerState_20190115_11.txt.
Jan 15 13:12:06.164 2019@LM_INFO@Base_FJ_Report::GetFileName file_name:../../run/fj_login_log_report/ServerState_20190115_11.txt.
Jan 15 13:12:15.857 2019@LM_INFO@Base_FJ_Report::GetFileName file_name:../../run/fj_login_log_report/ServerState_20190115_11.txt.
Jan 15 13:12:25.698 2019@LM_INFO@Base_FJ_Report::GetFileName file_name:../../run/fj_login_log_report/ServerState_20190115_11.txt.
Jan 15 13:12:35.756 2019@LM_INFO@Base_FJ_Report::GetFileName file_name:../../run/fj_login_log_report/ServerState_20190115_11.txt.
Jan 15 13:12:46.401 2019@LM_INFO@Base_FJ_Report::GetFileName file_name:../../run/fj_login_log_report/ServerState_20190115_11.txt.
Jan 15 13:12:55.935 2019@LM_INFO@Base_FJ_Report::GetFileName file_name:../../run/fj_login_log_report/ServerState_20190115_11.txt.
Jan 15 13:13:05.739 2019@LM_INFO@Base_FJ_Report::GetFileName file_name:../../run/fj_login_log_report/ServerState_20190115_11.txt.
Jan 15 13:13:16.957 2019@LM_INFO@Base_FJ_Report::GetFileName file_name:../../run/fj_login_log_report/ServerState_20190115_11.txt.
Jan 15 13:13:27.140 2019@LM_INFO@Base_FJ_Report::GetFileName file_name:../../run/fj_login_log_report/ServerState_20190115_11.txt.
Jan 15 13:13:36.253 2019@LM_INFO@Base_FJ_Report::GetFileName file_name:../../run/fj_login_log_report/ServerState_20190115_11.txt.
Jan 15 13:13:46.778 2019@LM_INFO@Base_FJ_Report::GetFileName file_name:../../run/fj_login_log_report/ServerState_20190115_11.txt.
Jan 15 13:13:59.675 2019@LM_INFO@Base_FJ_Report::GetFileName file_name:../../run/fj_login_log_report/ServerState_20190115_11.txt.
Jan 15 13:14:07.004 2019@LM_INFO@Base_FJ_Report::GetFileName file_name:../../run/fj_login_log_report/ServerState_20190115_11.txt.
Jan 15 13:14:15.931 2019@LM_INFO@Base_FJ_Report::GetFileName file_name:../../run/fj_login_log_report/ServerState_20190115_11.txt.
Jan 15 13:14:26.119 2019@LM_INFO@Base_FJ_Report::GetFileName file_name:../../run/fj_login_log_report/ServerState_20190115_11.txt.
Jan 15 13:14:35.733 2019@LM_INFO@Base_FJ_Report::GetFileName file_name:../../run/fj_login_log_report/ServerState_20190115_11.txt.
Jan 15 13:14:45.948 2019@LM_INFO@Base_FJ_Report::GetFileName file_name:../../run/fj_login_log_report/ServerState_20190115_11.txt.
Jan 15 13:14:57.473 2019@LM_INFO@Base_FJ_Report::GetFileName file_name:../../run/fj_login_log_report/ServerState_20190115_11.txt.
Jan 15 13:15:06.401 2019@LM_INFO@Base_FJ_Report::GetFileName file_name:../../run/fj_login_log_report/ServerState_20190115_11.txt.
Jan 15 13:15:15.802 2019@LM_INFO@Base_FJ_Report::GetFileName file_name:../../run/fj_login_log_report/ServerState_20190115_11.txt.
Jan 15 13:15:25.700 2019@LM_INFO@Base_FJ_Report::GetFileName file_name:../../run/fj_login_log_report/ServerState_20190115_11.txt.
Jan 15 13:15:35.818 2019@LM_INFO@Base_FJ_Report::GetFileName file_name:../../run/fj_login_log_report/ServerState_20190115_11.txt.
Jan 15 13:15:47.093 2019@LM_INFO@Base_FJ_Report::GetFileName file_name:../../run/fj_login_log_report/ServerState_20190115_11.txt.
Jan 15 13:15:56.025 2019@LM_INFO@Base_FJ_Report::GetFileName file_name:../../run/fj_login_log_report/ServerState_20190115_11.txt.
Jan 15 13:16:07.092 2019@LM_INFO@Base_FJ_Report::GetFileName file_name:../../run/fj_login_log_report/ServerState_20190115_11.txt.
Jan 15 13:16:15.629 2019@LM_INFO@Base_FJ_Report::GetFileName file_name:../../run/fj_login_log_report/ServerState_20190115_11.txt.
Jan 15 13:16:25.699 2019@LM_INFO@Base_FJ_Report::GetFileName file_name:../../run/fj_login_log_report/ServerState_20190115_11.txt.
Jan 15 13:16:29.317 2019@LM_INFO@Base_FJ_Report::GetFileName file_name:../../run/fj_log_report/(null)_20190115_11.txt.
Jan 15 13:16:35.876 2019@LM_INFO@Base_FJ_Report::GetFileName file_name:../../run/fj_login_log_report/ServerState_20190115_11.txt.
Jan 15 13:16:45.862 2019@LM_INFO@Base_FJ_Report::GetFileName file_name:../../run/fj_login_log_report/ServerState_20190115_11.txt.
Jan 15 13:16:55.950 2019@LM_INFO@Base_FJ_Report::GetFileName file_name:../../run/fj_login_log_report/ServerState_20190115_11.txt.
Jan 15 13:17:08.290 2019@LM_INFO@Base_FJ_Report::GetFileName file_name:../../run/fj_login_log_report/ServerState_20190115_11.txt.
Jan 15 13:17:16.162 2019@LM_INFO@Base_FJ_Report::GetFileName file_name:../../run/fj_login_log_report/ServerState_20190115_11.txt.
Jan 15 13:17:27.178 2019@LM_INFO@Base_FJ_Report::GetFileName file_name:../../run/fj_login_log_report/ServerState_20190115_11.txt.
Jan 15 13:17:42.578 2019@LM_INFO@Base_FJ_Report::GetFileName file_name:../../run/fj_login_log_report/ServerState_20190115_11.txt.
Jan 15 13:17:46.229 2019@LM_INFO@Base_FJ_Report::GetFileName file_name:../../run/fj_login_log_report/ServerState_20190115_11.txt.
Jan 15 13:17:57.864 2019@LM_INFO@Base_FJ_Report::GetFileName file_name:../../run/fj_login_log_report/ServerState_20190115_11.txt.
Jan 15 13:18:06.367 2019@LM_INFO@Base_FJ_Report::GetFileName file_name:../../run/fj_login_log_report/ServerState_20190115_11.txt.
Jan 15 13:18:18.190 2019@LM_INFO@Base_FJ_Report::GetFileName file_name:../../run/fj_login_log_report/ServerState_20190115_11.txt.
Jan 15 13:18:25.834 2019@LM_INFO@Base_FJ_Report::GetFileName file_name:../../run/fj_login_log_report/ServerState_20190115_11.txt.
Jan 15 13:18:36.820 2019@LM_INFO@Base_FJ_Report::GetFileName file_name:../../run/fj_login_log_report/ServerState_20190115_11.txt.
Jan 15 13:18:46.056 2019@LM_INFO@Base_FJ_Report::GetFileName file_name:../../run/fj_login_log_report/ServerState_20190115_11.txt.
Jan 15 13:18:56.177 2019@LM_INFO@Base_FJ_Report::GetFileName file_name:../../run/fj_login_log_report/ServerState_20190115_11.txt.
Jan 15 13:19:09.778 2019@LM_INFO@Base_FJ_Report::GetFileName file_name:../../run/fj_login_log_report/ServerState_20190115_11.txt.
Jan 15 13:19:28.894 2019@LM_INFO@Base_FJ_Report::GetFileName file_name:../../run/fj_login_log_report/ServerState_20190115_11.txt.
Jan 15 13:19:46.118 2019@LM_INFO@Base_FJ_Report::GetFileName file_name:../../run/fj_login_log_report/ServerState_20190115_11.txt.
Jan 15 13:19:46.294 2019@LM_INFO@Base_FJ_Report::GetFileName file_name:../../run/fj_login_log_report/ServerState_20190115_11.txt.
Jan 15 13:19:56.082 2019@LM_INFO@Base_FJ_Report::GetFileName file_name:../../run/fj_login_log_report/ServerState_20190115_11.txt.
Jan 15 13:20:06.292 2019@LM_INFO@Base_FJ_Report::GetFileName file_name:../../run/fj_login_log_report/ServerState_20190115_11.txt.
Jan 15 13:20:18.785 2019@LM_INFO@Base_FJ_Report::GetFileName file_name:../../run/fj_login_log_report/ServerState_20190115_11.txt.
Jan 15 13:20:26.149 2019@LM_INFO@Base_FJ_Report::GetFileName file_name:../../run/fj_login_log_report/ServerState_20190115_11.txt.
Jan 15 13:20:35.542 2019@LM_INFO@Base_FJ_Report::GetFileName file_name:../../run/fj_login_log_report/ServerState_20190115_11.txt.
Jan 15 13:20:45.554 2019@LM_INFO@Base_FJ_Report::GetFileName file_name:../../run/fj_login_log_report/ServerState_20190115_11.txt.
Jan 15 13:20:55.541 2019@LM_INFO@Base_FJ_Report::GetFileName file_name:../../run/fj_login_log_report/ServerState_20190115_11.txt.
Jan 15 13:21:05.542 2019@LM_INFO@Base_FJ_Report::GetFileName file_name:../../run/fj_login_log_report/ServerState_20190115_11.txt.
Jan 15 13:21:15.540 2019@LM_INFO@Base_FJ_Report::GetFileName file_name:../../run/fj_login_log_report/ServerState_20190115_11.txt.
Jan 15 13:21:25.539 2019@LM_INFO@Base_FJ_Report::GetFileName file_name:../../run/fj_login_log_report/ServerState_20190115_11.txt.
Jan 15 13:21:35.538 2019@LM_INFO@Base_FJ_Report::GetFileName file_name:../../run/fj_login_log_report/ServerState_20190115_11.txt.
Jan 15 13:21:45.538 2019@LM_INFO@Base_FJ_Report::GetFileName file_name:../../run/fj_login_log_report/ServerState_20190115_11.txt.
Jan 15 13:21:55.535 2019@LM_INFO@Base_FJ_Report::GetFileName file_name:../../run/fj_login_log_report/ServerState_20190115_11.txt.
Jan 15 13:22:05.539 2019@LM_INFO@Base_FJ_Report::GetFileName file_name:../../run/fj_login_log_report/ServerState_20190115_11.txt.
Jan 15 13:22:15.540 2019@LM_INFO@Base_FJ_Report::GetFileName file_name:../../run/fj_login_log_report/ServerState_20190115_11.txt.
Jan 15 13:22:25.555 2019@LM_INFO@Base_FJ_Report::GetFileName file_name:../../run/fj_login_log_report/ServerState_20190115_11.txt.
Jan 15 13:22:35.537 2019@LM_INFO@Base_FJ_Report::GetFileName file_name:../../run/fj_login_log_report/ServerState_20190115_11.txt.
Jan 15 13:22:45.546 2019@LM_INFO@Base_FJ_Report::GetFileName file_name:../../run/fj_login_log_report/ServerState_20190115_11.txt.
Jan 15 13:22:55.540 2019@LM_INFO@Base_FJ_Report::GetFileName file_name:../../run/fj_login_log_report/ServerState_20190115_11.txt.
Jan 15 13:23:05.627 2019@LM_INFO@Base_FJ_Report::GetFileName file_name:../../run/fj_login_log_report/ServerState_20190115_11.txt.
Jan 15 14:23:34.672 2019@LM_INFO@Base_FJ_Report::GetFileName file_name:../../run/fj_login_log_report/ServerState_20190115_11.txt.
Jan 15 14:23:44.365 2019@LM_INFO@Base_FJ_Report::GetFileName file_name:../../run/fj_login_log_report/ServerState_20190115_11.txt.
Jan 15 14:23:55.024 2019@LM_INFO@Base_FJ_Report::GetFileName file_name:../../run/fj_login_log_report/ServerState_20190115_11.txt.
Jan 15 14:24:04.828 2019@LM_INFO@Base_FJ_Report::GetFileName file_name:../../run/fj_login_log_report/ServerState_20190115_11.txt.
Jan 15 14:24:14.373 2019@LM_INFO@Base_FJ_Report::GetFileName file_name:../../run/fj_login_log_report/ServerState_20190115_11.txt.
Jan 15 14:24:24.482 2019@LM_INFO@Base_FJ_Report::GetFileName file_name:../../run/fj_login_log_report/ServerState_20190115_11.txt.
Jan 15 14:24:34.382 2019@LM_INFO@Base_FJ_Report::GetFileName file_name:../../run/fj_login_log_report/ServerState_20190115_11.txt.
Jan 15 14:24:44.257 2019@LM_INFO@Base_FJ_Report::GetFileName file_name:../../run/fj_login_log_report/ServerState_20190115_11.txt.
Jan 15 14:24:54.383 2019@LM_INFO@Base_FJ_Report::GetFileName file_name:../../run/fj_login_log_report/ServerState_20190115_11.txt.
Jan 15 14:25:04.283 2019@LM_INFO@Base_FJ_Report::GetFileName file_name:../../run/fj_login_log_report/ServerState_20190115_11.txt.
Jan 15 14:25:14.785 2019@LM_INFO@Base_FJ_Report::GetFileName file_name:../../run/fj_login_log_report/ServerState_20190115_11.txt.
Jan 15 14:25:24.435 2019@LM_INFO@Base_FJ_Report::GetFileName file_name:../../run/fj_login_log_report/ServerState_20190115_11.txt.
Jan 15 14:25:34.291 2019@LM_INFO@Base_FJ_Report::GetFileName file_name:../../run/fj_login_log_report/ServerState_20190115_11.txt.
Jan 15 14:25:44.880 2019@LM_INFO@Base_FJ_Report::GetFileName file_name:../../run/fj_login_log_report/ServerState_20190115_11.txt.
Jan 15 14:25:54.874 2019@LM_INFO@Base_FJ_Report::GetFileName file_name:../../run/fj_login_log_report/ServerState_20190115_11.txt.
Jan 15 14:26:04.627 2019@LM_INFO@Base_FJ_Report::GetFileName file_name:../../run/fj_login_log_report/ServerState_20190115_11.txt.
Jan 15 14:26:14.297 2019@LM_INFO@Base_FJ_Report::GetFileName file_name:../../run/fj_login_log_report/ServerState_20190115_11.txt.
Jan 15 14:26:24.692 2019@LM_INFO@Base_FJ_Report::GetFileName file_name:../../run/fj_login_log_report/ServerState_20190115_11.txt.
Jan 15 14:26:34.621 2019@LM_INFO@Base_FJ_Report::GetFileName file_name:../../run/fj_login_log_report/ServerState_20190115_11.txt.
Jan 15 14:26:44.416 2019@LM_INFO@Base_FJ_Report::GetFileName file_name:../../run/fj_login_log_report/ServerState_20190115_11.txt.
Jan 15 14:26:54.384 2019@LM_INFO@Base_FJ_Report::GetFileName file_name:../../run/fj_login_log_report/ServerState_20190115_11.txt.
Jan 15 14:27:04.514 2019@LM_INFO@Base_FJ_Report::GetFileName file_name:../../run/fj_login_log_report/ServerState_20190115_11.txt.
Jan 15 14:27:14.326 2019@LM_INFO@Base_FJ_Report::GetFileName file_name:../../run/fj_login_log_report/ServerState_20190115_11.txt.
Jan 15 14:27:24.265 2019@LM_INFO@Base_FJ_Report::GetFileName file_name:../../run/fj_login_log_report/ServerState_20190115_11.txt.
Jan 15 14:27:34.311 2019@LM_INFO@Base_FJ_Report::GetFileName file_name:../../run/fj_login_log_report/ServerState_20190115_11.txt.
Jan 15 14:27:44.213 2019@LM_INFO@Base_FJ_Report::GetFileName file_name:../../run/fj_login_log_report/ServerState_20190115_11.txt.
Jan 15 14:27:54.215 2019@LM_INFO@Base_FJ_Report::GetFileName file_name:../../run/fj_login_log_report/ServerState_20190115_11.txt.
Jan 15 14:28:04.222 2019@LM_INFO@Base_FJ_Report::GetFileName file_name:../../run/fj_login_log_report/ServerState_20190115_11.txt.
Jan 15 14:28:14.321 2019@LM_INFO@Base_FJ_Report::GetFileName file_name:../../run/fj_login_log_report/ServerState_20190115_11.txt.
Jan 15 14:28:24.226 2019@LM_INFO@Base_FJ_Report::GetFileName file_name:../../run/fj_login_log_report/ServerState_20190115_11.txt.
Jan 15 14:28:34.228 2019@LM_INFO@Base_FJ_Report::GetFileName file_name:../../run/fj_login_log_report/ServerState_20190115_11.txt.
Jan 15 14:28:44.237 2019@LM_INFO@Base_FJ_Report::GetFileName file_name:../../run/fj_login_log_report/ServerState_20190115_11.txt.
Jan 15 14:28:54.236 2019@LM_INFO@Base_FJ_Report::GetFileName file_name:../../run/fj_login_log_report/ServerState_20190115_11.txt.
Jan 15 14:29:04.228 2019@LM_INFO@Base_FJ_Report::GetFileName file_name:../../run/fj_login_log_report/ServerState_20190115_11.txt.
Jan 15 14:29:14.237 2019@LM_INFO@Base_FJ_Report::GetFileName file_name:../../run/fj_login_log_report/ServerState_20190115_11.txt.
Jan 15 14:29:24.224 2019@LM_INFO@Base_FJ_Report::GetFileName file_name:../../run/fj_login_log_report/ServerState_20190115_11.txt.
Jan 15 14:29:34.226 2019@LM_INFO@Base_FJ_Report::GetFileName file_name:../../run/fj_login_log_report/ServerState_20190115_11.txt.
Jan 15 14:29:44.228 2019@LM_INFO@Base_FJ_Report::GetFileName file_name:../../run/fj_login_log_report/ServerState_20190115_11.txt.
Jan 15 14:29:54.225 2019@LM_INFO@Base_FJ_Report::GetFileName file_name:../../run/fj_login_log_report/ServerState_20190115_11.txt.
Jan 15 14:30:04.228 2019@LM_INFO@Base_FJ_Report::GetFileName file_name:../../run/fj_login_log_report/ServerState_20190115_11.txt.
Jan 15 14:30:14.233 2019@LM_INFO@Base_FJ_Report::GetFileName file_name:../../run/fj_login_log_report/ServerState_20190115_11.txt.
Jan 15 14:30:24.216 2019@LM_INFO@Base_FJ_Report::GetFileName file_name:../../run/fj_login_log_report/ServerState_20190115_11.txt.
Jan 15 14:30:34.209 2019@LM_INFO@Base_FJ_Report::GetFileName file_name:../../run/fj_login_log_report/ServerState_20190115_11.txt.
Jan 15 14:30:44.225 2019@LM_INFO@Base_FJ_Report::GetFileName file_name:../../run/fj_login_log_report/ServerState_20190115_11.txt.
Jan 15 14:30:54.222 2019@LM_INFO@Base_FJ_Report::GetFileName file_name:../../run/fj_login_log_report/ServerState_20190115_11.txt.
Jan 15 14:31:04.213 2019@LM_INFO@Base_FJ_Report::GetFileName file_name:../../run/fj_login_log_report/ServerState_20190115_11.txt.
Jan 15 14:31:14.225 2019@LM_INFO@Base_FJ_Report::GetFileName file_name:../../run/fj_login_log_report/ServerState_20190115_11.txt.
Jan 15 14:31:24.216 2019@LM_INFO@Base_FJ_Report::GetFileName file_name:../../run/fj_login_log_report/ServerState_20190115_11.txt.
Jan 15 14:31:34.216 2019@LM_INFO@Base_FJ_Report::GetFileName file_name:../../run/fj_login_log_report/ServerState_20190115_11.txt.
Jan 15 14:31:44.221 2019@LM_INFO@Base_FJ_Report::GetFileName file_name:../../run/fj_login_log_report/ServerState_20190115_11.txt.
Jan 15 14:31:54.214 2019@LM_INFO@Base_FJ_Report::GetFileName file_name:../../run/fj_login_log_report/ServerState_20190115_11.txt.
Jan 15 14:32:04.214 2019@LM_INFO@Base_FJ_Report::GetFileName file_name:../../run/fj_login_log_report/ServerState_20190115_11.txt.
Jan 15 14:32:14.225 2019@LM_INFO@Base_FJ_Report::GetFileName file_name:../../run/fj_login_log_report/ServerState_20190115_11.txt.
Jan 15 14:32:24.224 2019@LM_INFO@Base_FJ_Report::GetFileName file_name:../../run/fj_login_log_report/ServerState_20190115_11.txt.
Jan 15 14:32:34.212 2019@LM_INFO@Base_FJ_Report::GetFileName file_name:../../run/fj_login_log_report/ServerState_20190115_11.txt.
Jan 15 14:32:44.213 2019@LM_INFO@Base_FJ_Report::GetFileName file_name:../../run/fj_login_log_report/ServerState_20190115_11.txt.
Jan 15 14:32:54.216 2019@LM_INFO@Base_FJ_Report::GetFileName file_name:../../run/fj_login_log_report/ServerState_20190115_11.txt.
Jan 15 14:33:04.213 2019@LM_INFO@Base_FJ_Report::GetFileName file_name:../../run/fj_login_log_report/ServerState_20190115_11.txt.
Jan 15 14:33:14.223 2019@LM_INFO@Base_FJ_Report::GetFileName file_name:../../run/fj_login_log_report/ServerState_20190115_11.txt.
Jan 15 14:33:24.226 2019@LM_INFO@Base_FJ_Report::GetFileName file_name:../../run/fj_login_log_report/ServerState_20190115_11.txt.
Jan 15 14:33:34.233 2019@LM_INFO@Base_FJ_Report::GetFileName file_name:../../run/fj_login_log_report/ServerState_20190115_11.txt.
Jan 15 14:33:44.212 2019@LM_INFO@Base_FJ_Report::GetFileName file_name:../../run/fj_login_log_report/ServerState_20190115_11.txt.
Jan 15 14:33:54.215 2019@LM_INFO@Base_FJ_Report::GetFileName file_name:../../run/fj_login_log_report/ServerState_20190115_11.txt.
Jan 15 14:34:04.216 2019@LM_INFO@Base_FJ_Report::GetFileName file_name:../../run/fj_login_log_report/ServerState_20190115_11.txt.
Jan 15 14:34:14.211 2019@LM_INFO@Base_FJ_Report::GetFileName file_name:../../run/fj_login_log_report/ServerState_20190115_11.txt.
Jan 15 14:34:24.212 2019@LM_INFO@Base_FJ_Report::GetFileName file_name:../../run/fj_login_log_report/ServerState_20190115_11.txt.
Jan 15 14:34:34.210 2019@LM_INFO@Base_FJ_Report::GetFileName file_name:../../run/fj_login_log_report/ServerState_20190115_11.txt.
Jan 15 14:34:44.211 2019@LM_INFO@Base_FJ_Report::GetFileName file_name:../../run/fj_login_log_report/ServerState_20190115_11.txt.
Jan 15 14:34:54.213 2019@LM_INFO@Base_FJ_Report::GetFileName file_name:../../run/fj_login_log_report/ServerState_20190115_11.txt.
Jan 15 14:35:04.209 2019@LM_INFO@Base_FJ_Report::GetFileName file_name:../../run/fj_login_log_report/ServerState_20190115_11.txt.
Jan 15 14:35:14.212 2019@LM_INFO@Base_FJ_Report::GetFileName file_name:../../run/fj_login_log_report/ServerState_20190115_11.txt.
Jan 15 14:35:24.212 2019@LM_INFO@Base_FJ_Report::GetFileName file_name:../../run/fj_login_log_report/ServerState_20190115_11.txt.
Jan 15 14:35:34.209 2019@LM_INFO@Base_FJ_Report::GetFileName file_name:../../run/fj_login_log_report/ServerState_20190115_11.txt.
Jan 15 14:35:44.212 2019@LM_INFO@Base_FJ_Report::GetFileName file_name:../../run/fj_login_log_report/ServerState_20190115_11.txt.
Jan 15 14:35:54.215 2019@LM_INFO@Base_FJ_Report::GetFileName file_name:../../run/fj_login_log_report/ServerState_20190115_11.txt.
Jan 15 14:36:04.211 2019@LM_INFO@Base_FJ_Report::GetFileName file_name:../../run/fj_login_log_report/ServerState_20190115_11.txt.
Jan 15 14:36:14.206 2019@LM_INFO@Base_FJ_Report::GetFileName file_name:../../run/fj_login_log_report/ServerState_20190115_11.txt.
Jan 15 14:36:24.210 2019@LM_INFO@Base_FJ_Report::GetFileName file_name:../../run/fj_login_log_report/ServerState_20190115_11.txt.
Jan 15 14:36:34.205 2019@LM_INFO@Base_FJ_Report::GetFileName file_name:../../run/fj_login_log_report/ServerState_20190115_11.txt.
Jan 15 14:36:44.206 2019@LM_INFO@Base_FJ_Report::GetFileName file_name:../../run/fj_login_log_report/ServerState_20190115_11.txt.
Jan 15 14:36:54.208 2019@LM_INFO@Base_FJ_Report::GetFileName file_name:../../run/fj_login_log_report/ServerState_20190115_11.txt.
Jan 15 14:37:04.231 2019@LM_INFO@Base_FJ_Report::GetFileName file_name:../../run/fj_login_log_report/ServerState_20190115_11.txt.
Jan 15 14:37:14.210 2019@LM_INFO@Base_FJ_Report::GetFileName file_name:../../run/fj_login_log_report/ServerState_20190115_11.txt.
Jan 15 14:37:24.212 2019@LM_INFO@Base_FJ_Report::GetFileName file_name:../../run/fj_login_log_report/ServerState_20190115_11.txt.
Jan 15 14:37:34.229 2019@LM_INFO@Base_FJ_Report::GetFileName file_name:../../run/fj_login_log_report/ServerState_20190115_11.txt.
Jan 15 14:37:44.221 2019@LM_INFO@Base_FJ_Report::GetFileName file_name:../../run/fj_login_log_report/ServerState_20190115_11.txt.
Jan 15 14:37:54.210 2019@LM_INFO@Base_FJ_Report::GetFileName file_name:../../run/fj_login_log_report/ServerState_20190115_11.txt.
Jan 15 14:38:04.213 2019@LM_INFO@Base_FJ_Report::GetFileName file_name:../../run/fj_login_log_report/ServerState_20190115_11.txt.
Jan 15 14:38:14.231 2019@LM_INFO@Base_FJ_Report::GetFileName file_name:../../run/fj_login_log_report/ServerState_20190115_11.txt.
Jan 15 14:38:24.214 2019@LM_INFO@Base_FJ_Report::GetFileName file_name:../../run/fj_login_log_report/ServerState_20190115_11.txt.
Jan 15 14:38:34.206 2019@LM_INFO@Base_FJ_Report::GetFileName file_name:../../run/fj_login_log_report/ServerState_20190115_11.txt.
Jan 15 14:38:44.219 2019@LM_INFO@Base_FJ_Report::GetFileName file_name:../../run/fj_login_log_report/ServerState_20190115_11.txt.
Jan 15 14:38:54.209 2019@LM_INFO@Base_FJ_Report::GetFileName file_name:../../run/fj_login_log_report/ServerState_20190115_11.txt.
Jan 15 14:39:04.224 2019@LM_INFO@Base_FJ_Report::GetFileName file_name:../../run/fj_login_log_report/ServerState_20190115_11.txt.
Jan 15 14:39:14.220 2019@LM_INFO@Base_FJ_Report::GetFileName file_name:../../run/fj_login_log_report/ServerState_20190115_11.txt.
Jan 15 14:39:24.276 2019@LM_INFO@Base_FJ_Report::GetFileName file_name:../../run/fj_login_log_report/ServerState_20190115_11.txt.
Jan 15 14:39:34.240 2019@LM_INFO@Base_FJ_Report::GetFileName file_name:../../run/fj_login_log_report/ServerState_20190115_11.txt.
Jan 15 14:39:44.219 2019@LM_INFO@Base_FJ_Report::GetFileName file_name:../../run/fj_login_log_report/ServerState_20190115_11.txt.
Jan 15 14:39:54.241 2019@LM_INFO@Base_FJ_Report::GetFileName file_name:../../run/fj_login_log_report/ServerState_20190115_11.txt.
Jan 15 14:40:04.237 2019@LM_INFO@Base_FJ_Report::GetFileName file_name:../../run/fj_login_log_report/ServerState_20190115_11.txt.
Jan 15 14:40:14.229 2019@LM_INFO@Base_FJ_Report::GetFileName file_name:../../run/fj_login_log_report/ServerState_20190115_11.txt.
Jan 15 14:40:24.229 2019@LM_INFO@Base_FJ_Report::GetFileName file_name:../../run/fj_login_log_report/ServerState_20190115_11.txt.
Jan 15 14:40:34.211 2019@LM_INFO@Base_FJ_Report::GetFileName file_name:../../run/fj_login_log_report/ServerState_20190115_11.txt.
Jan 15 14:40:44.229 2019@LM_INFO@Base_FJ_Report::GetFileName file_name:../../run/fj_login_log_report/ServerState_20190115_11.txt.
Jan 15 14:40:54.224 2019@LM_INFO@Base_FJ_Report::GetFileName file_name:../../run/fj_login_log_report/ServerState_20190115_11.txt.
Jan 15 14:41:04.229 2019@LM_INFO@Base_FJ_Report::GetFileName file_name:../../run/fj_login_log_report/ServerState_20190115_11.txt.
Jan 15 14:41:14.213 2019@LM_INFO@Base_FJ_Report::GetFileName file_name:../../run/fj_login_log_report/ServerState_20190115_11.txt.
Jan 15 14:41:24.217 2019@LM_INFO@Base_FJ_Report::GetFileName file_name:../../run/fj_login_log_report/ServerState_20190115_11.txt.
Jan 15 14:41:34.287 2019@LM_INFO@Base_FJ_Report::GetFileName file_name:../../run/fj_login_log_report/ServerState_20190115_11.txt.
Jan 15 14:41:44.212 2019@LM_INFO@Base_FJ_Report::GetFileName file_name:../../run/fj_login_log_report/ServerState_20190115_11.txt.
Jan 15 14:41:54.224 2019@LM_INFO@Base_FJ_Report::GetFileName file_name:../../run/fj_login_log_report/ServerState_20190115_11.txt.
Jan 15 14:42:04.217 2019@LM_INFO@Base_FJ_Report::GetFileName file_name:../../run/fj_login_log_report/ServerState_20190115_11.txt.
Jan 15 14:42:14.225 2019@LM_INFO@Base_FJ_Report::GetFileName file_name:../../run/fj_login_log_report/ServerState_20190115_11.txt.
Jan 15 14:42:24.217 2019@LM_INFO@Base_FJ_Report::GetFileName file_name:../../run/fj_login_log_report/ServerState_20190115_11.txt.
Jan 15 14:42:34.246 2019@LM_INFO@Base_FJ_Report::GetFileName file_name:../../run/fj_login_log_report/ServerState_20190115_11.txt.
Jan 15 14:42:44.213 2019@LM_INFO@Base_FJ_Report::GetFileName file_name:../../run/fj_login_log_report/ServerState_20190115_11.txt.
Jan 15 14:42:54.213 2019@LM_INFO@Base_FJ_Report::GetFileName file_name:../../run/fj_login_log_report/ServerState_20190115_11.txt.
Jan 15 14:43:04.225 2019@LM_INFO@Base_FJ_Report::GetFileName file_name:../../run/fj_login_log_report/ServerState_20190115_11.txt.
Jan 15 14:43:14.215 2019@LM_INFO@Base_FJ_Report::GetFileName file_name:../../run/fj_login_log_report/ServerState_20190115_11.txt.
Jan 15 14:43:24.216 2019@LM_INFO@Base_FJ_Report::GetFileName file_name:../../run/fj_login_log_report/ServerState_20190115_11.txt.
Jan 15 14:43:34.212 2019@LM_INFO@Base_FJ_Report::GetFileName file_name:../../run/fj_login_log_report/ServerState_20190115_11.txt.
Jan 15 14:43:44.219 2019@LM_INFO@Base_FJ_Report::GetFileName file_name:../../run/fj_login_log_report/ServerState_20190115_11.txt.
Jan 15 14:43:54.205 2019@LM_INFO@Base_FJ_Report::GetFileName file_name:../../run/fj_login_log_report/ServerState_20190115_11.txt.
Jan 15 14:44:04.207 2019@LM_INFO@Base_FJ_Report::GetFileName file_name:../../run/fj_login_log_report/ServerState_20190115_11.txt.
Jan 15 14:44:14.215 2019@LM_INFO@Base_FJ_Report::GetFileName file_name:../../run/fj_login_log_report/ServerState_20190115_11.txt.
Jan 15 14:44:24.213 2019@LM_INFO@Base_FJ_Report::GetFileName file_name:../../run/fj_login_log_report/ServerState_20190115_11.txt.
Jan 15 14:44:34.212 2019@LM_INFO@Base_FJ_Report::GetFileName file_name:../../run/fj_login_log_report/ServerState_20190115_11.txt.
Jan 15 14:44:44.212 2019@LM_INFO@Base_FJ_Report::GetFileName file_name:../../run/fj_login_log_report/ServerState_20190115_11.txt.
Jan 15 14:44:54.228 2019@LM_INFO@Base_FJ_Report::GetFileName file_name:../../run/fj_login_log_report/ServerState_20190115_11.txt.
Jan 15 14:45:04.216 2019@LM_INFO@Base_FJ_Report::GetFileName file_name:../../run/fj_login_log_report/ServerState_20190115_11.txt.
Jan 15 14:45:14.237 2019@LM_INFO@Base_FJ_Report::GetFileName file_name:../../run/fj_login_log_report/ServerState_20190115_11.txt.
Jan 15 14:45:24.230 2019@LM_INFO@Base_FJ_Report::GetFileName file_name:../../run/fj_login_log_report/ServerState_20190115_11.txt.
Jan 15 14:45:34.227 2019@LM_INFO@Base_FJ_Report::GetFileName file_name:../../run/fj_login_log_report/ServerState_20190115_11.txt.
Jan 15 14:45:44.227 2019@LM_INFO@Base_FJ_Report::GetFileName file_name:../../run/fj_login_log_report/ServerState_20190115_11.txt.
Jan 15 14:45:54.216 2019@LM_INFO@Base_FJ_Report::GetFileName file_name:../../run/fj_login_log_report/ServerState_20190115_11.txt.
Jan 15 14:46:04.222 2019@LM_INFO@Base_FJ_Report::GetFileName file_name:../../run/fj_login_log_report/ServerState_20190115_11.txt.
Jan 15 14:46:14.211 2019@LM_INFO@Base_FJ_Report::GetFileName file_name:../../run/fj_login_log_report/ServerState_20190115_11.txt.
Jan 15 14:46:24.253 2019@LM_INFO@Base_FJ_Report::GetFileName file_name:../../run/fj_login_log_report/ServerState_20190115_11.txt.
Jan 15 14:46:34.226 2019@LM_INFO@Base_FJ_Report::GetFileName file_name:../../run/fj_login_log_report/ServerState_20190115_11.txt.
Jan 15 14:46:44.234 2019@LM_INFO@Base_FJ_Report::GetFileName file_name:../../run/fj_login_log_report/ServerState_20190115_11.txt.
Jan 15 14:46:54.232 2019@LM_INFO@Base_FJ_Report::GetFileName file_name:../../run/fj_login_log_report/ServerState_20190115_11.txt.
Jan 15 14:47:04.227 2019@LM_INFO@Base_FJ_Report::GetFileName file_name:../../run/fj_login_log_report/ServerState_20190115_11.txt.
Jan 15 14:47:14.223 2019@LM_INFO@Base_FJ_Report::GetFileName file_name:../../run/fj_login_log_report/ServerState_20190115_11.txt.
Jan 15 14:47:24.233 2019@LM_INFO@Base_FJ_Report::GetFileName file_name:../../run/fj_login_log_report/ServerState_20190115_11.txt.
Jan 15 14:47:34.225 2019@LM_INFO@Base_FJ_Report::GetFileName file_name:../../run/fj_login_log_report/ServerState_20190115_11.txt.
Jan 15 14:47:44.209 2019@LM_INFO@Base_FJ_Report::GetFileName file_name:../../run/fj_login_log_report/ServerState_20190115_11.txt.
Jan 15 14:57:21.641 2019@LM_INFO@Base_FJ_Report::GetFileName file_name:../../run/fj_login_log_report/ServerState_20190115_11.txt.
Jan 15 14:57:30.480 2019@LM_INFO@Base_FJ_Report::GetFileName file_name:../../run/fj_login_log_report/ServerState_20190115_11.txt.
Jan 15 14:57:40.448 2019@LM_INFO@Base_FJ_Report::GetFileName file_name:../../run/fj_login_log_report/ServerState_20190115_11.txt.
Jan 15 14:57:50.491 2019@LM_INFO@Base_FJ_Report::GetFileName file_name:../../run/fj_login_log_report/ServerState_20190115_11.txt.
Jan 15 14:58:01.369 2019@LM_INFO@Base_FJ_Report::GetFileName file_name:../../run/fj_login_log_report/ServerState_20190115_11.txt.
Jan 15 14:58:10.554 2019@LM_INFO@Base_FJ_Report::GetFileName file_name:../../run/fj_login_log_report/ServerState_20190115_11.txt.
Jan 15 14:58:20.707 2019@LM_INFO@Base_FJ_Report::GetFileName file_name:../../run/fj_login_log_report/ServerState_20190115_11.txt.
Jan 15 14:58:30.559 2019@LM_INFO@Base_FJ_Report::GetFileName file_name:../../run/fj_login_log_report/ServerState_20190115_11.txt.
Jan 15 14:58:40.559 2019@LM_INFO@Base_FJ_Report::GetFileName file_name:../../run/fj_login_log_report/ServerState_20190115_11.txt.
Jan 15 14:58:50.957 2019@LM_INFO@Base_FJ_Report::GetFileName file_name:../../run/fj_login_log_report/ServerState_20190115_11.txt.
Jan 15 14:59:00.492 2019@LM_INFO@Base_FJ_Report::GetFileName file_name:../../run/fj_login_log_report/ServerState_20190115_11.txt.
Jan 15 14:59:10.715 2019@LM_INFO@Base_FJ_Report::GetFileName file_name:../../run/fj_login_log_report/ServerState_20190115_11.txt.
Jan 15 14:59:20.856 2019@LM_INFO@Base_FJ_Report::GetFileName file_name:../../run/fj_login_log_report/ServerState_20190115_11.txt.
Jan 15 14:59:30.557 2019@LM_INFO@Base_FJ_Report::GetFileName file_name:../../run/fj_login_log_report/ServerState_20190115_11.txt.
Jan 15 14:59:40.493 2019@LM_INFO@Base_FJ_Report::GetFileName file_name:../../run/fj_login_log_report/ServerState_20190115_11.txt.
Jan 15 14:59:50.547 2019@LM_INFO@Base_FJ_Report::GetFileName file_name:../../run/fj_login_log_report/ServerState_20190115_11.txt.
Jan 15 15:00:02.222 2019@LM_INFO@Base_FJ_Report::GetFileName file_name:../../run/fj_login_log_report/ServerState_20190115_11.txt.
Jan 15 15:00:10.609 2019@LM_INFO@Base_FJ_Report::GetFileName file_name:../../run/fj_login_log_report/ServerState_20190115_11.txt.
Jan 15 15:00:20.569 2019@LM_INFO@Base_FJ_Report::GetFileName file_name:../../run/fj_login_log_report/ServerState_20190115_11.txt.
Jan 15 15:00:30.474 2019@LM_INFO@Base_FJ_Report::GetFileName file_name:../../run/fj_login_log_report/ServerState_20190115_11.txt.
Jan 15 15:00:41.378 2019@LM_INFO@Base_FJ_Report::GetFileName file_name:../../run/fj_login_log_report/ServerState_20190115_11.txt.
Jan 15 15:01:16.468 2019@LM_INFO@Base_FJ_Report::GetFileName file_name:../../run/fj_login_log_report/ServerState_20190115_11.txt.
Jan 15 15:01:16.506 2019@LM_INFO@Base_FJ_Report::GetFileName file_name:../../run/fj_login_log_report/ServerState_20190115_11.txt.
Jan 15 15:01:16.726 2019@LM_INFO@Base_FJ_Report::GetFileName file_name:../../run/fj_login_log_report/ServerState_20190115_11.txt.
Jan 15 15:01:21.996 2019@LM_INFO@Base_FJ_Report::GetFileName file_name:../../run/fj_login_log_report/ServerState_20190115_11.txt.
Jan 15 15:01:31.355 2019@LM_INFO@Base_FJ_Report::GetFileName file_name:../../run/fj_login_log_report/ServerState_20190115_11.txt.
Jan 15 15:01:40.989 2019@LM_INFO@Base_FJ_Report::GetFileName file_name:../../run/fj_login_log_report/ServerState_20190115_11.txt.
Jan 15 15:01:50.690 2019@LM_INFO@Base_FJ_Report::GetFileName file_name:../../run/fj_login_log_report/ServerState_20190115_11.txt.
Jan 15 15:02:04.525 2019@LM_INFO@Base_FJ_Report::GetFileName file_name:../../run/fj_login_log_report/ServerState_20190115_11.txt.
Jan 15 15:02:11.390 2019@LM_INFO@Base_FJ_Report::GetFileName file_name:../../run/fj_login_log_report/ServerState_20190115_11.txt.
Jan 15 15:02:20.550 2019@LM_INFO@Base_FJ_Report::GetFileName file_name:../../run/fj_login_log_report/ServerState_20190115_11.txt.
Jan 15 15:02:31.056 2019@LM_INFO@Base_FJ_Report::GetFileName file_name:../../run/fj_login_log_report/ServerState_20190115_11.txt.
Jan 15 15:02:40.474 2019@LM_INFO@Base_FJ_Report::GetFileName file_name:../../run/fj_login_log_report/ServerState_20190115_11.txt.
Jan 15 15:03:14.244 2019@LM_INFO@Base_FJ_Report::GetFileName file_name:../../run/fj_login_log_report/ServerState_20190115_11.txt.
Jan 15 15:03:14.257 2019@LM_INFO@Base_FJ_Report::GetFileName file_name:../../run/fj_login_log_report/ServerState_20190115_11.txt.
Jan 15 15:03:14.260 2019@LM_INFO@Base_FJ_Report::GetFileName file_name:../../run/fj_login_log_report/ServerState_20190115_11.txt.
Jan 15 15:03:20.677 2019@LM_INFO@Base_FJ_Report::GetFileName file_name:../../run/fj_login_log_report/ServerState_20190115_11.txt.
Jan 15 15:03:30.950 2019@LM_INFO@Base_FJ_Report::GetFileName file_name:../../run/fj_login_log_report/ServerState_20190115_11.txt.
Jan 15 15:03:40.573 2019@LM_INFO@Base_FJ_Report::GetFileName file_name:../../run/fj_login_log_report/ServerState_20190115_11.txt.
Jan 15 15:03:50.454 2019@LM_INFO@Base_FJ_Report::GetFileName file_name:../../run/fj_login_log_report/ServerState_20190115_11.txt.
Jan 15 15:04:00.907 2019@LM_INFO@Base_FJ_Report::GetFileName file_name:../../run/fj_login_log_report/ServerState_20190115_11.txt.
Jan 15 15:04:11.053 2019@LM_INFO@Base_FJ_Report::GetFileName file_name:../../run/fj_login_log_report/ServerState_20190115_11.txt.
Jan 15 15:04:20.505 2019@LM_INFO@Base_FJ_Report::GetFileName file_name:../../run/fj_login_log_report/ServerState_20190115_11.txt.
Jan 15 15:04:30.475 2019@LM_INFO@Base_FJ_Report::GetFileName file_name:../../run/fj_login_log_report/ServerState_20190115_11.txt.
Jan 15 15:04:40.469 2019@LM_INFO@Base_FJ_Report::GetFileName file_name:../../run/fj_login_log_report/ServerState_20190115_11.txt.
Jan 15 15:04:50.475 2019@LM_INFO@Base_FJ_Report::GetFileName file_name:../../run/fj_login_log_report/ServerState_20190115_11.txt.
Jan 15 15:05:00.543 2019@LM_INFO@Base_FJ_Report::GetFileName file_name:../../run/fj_login_log_report/ServerState_20190115_11.txt.
Jan 15 15:05:10.460 2019@LM_INFO@Base_FJ_Report::GetFileName file_name:../../run/fj_login_log_report/ServerState_20190115_11.txt.
Jan 15 15:05:20.472 2019@LM_INFO@Base_FJ_Report::GetFileName file_name:../../run/fj_login_log_report/ServerState_20190115_11.txt.
Jan 15 15:05:30.460 2019@LM_INFO@Base_FJ_Report::GetFileName file_name:../../run/fj_login_log_report/ServerState_20190115_11.txt.
Jan 15 15:05:40.461 2019@LM_INFO@Base_FJ_Report::GetFileName file_name:../../run/fj_login_log_report/ServerState_20190115_11.txt.
Jan 15 15:05:50.464 2019@LM_INFO@Base_FJ_Report::GetFileName file_name:../../run/fj_login_log_report/ServerState_20190115_11.txt.
Jan 15 15:06:00.478 2019@LM_INFO@Base_FJ_Report::GetFileName file_name:../../run/fj_login_log_report/ServerState_20190115_11.txt.
Jan 15 15:06:10.470 2019@LM_INFO@Base_FJ_Report::GetFileName file_name:../../run/fj_login_log_report/ServerState_20190115_11.txt.
Jan 15 15:06:20.461 2019@LM_INFO@Base_FJ_Report::GetFileName file_name:../../run/fj_login_log_report/ServerState_20190115_11.txt.
Jan 15 15:06:30.459 2019@LM_INFO@Base_FJ_Report::GetFileName file_name:../../run/fj_login_log_report/ServerState_20190115_11.txt.
Jan 15 15:06:40.463 2019@LM_INFO@Base_FJ_Report::GetFileName file_name:../../run/fj_login_log_report/ServerState_20190115_11.txt.
Jan 15 15:06:50.460 2019@LM_INFO@Base_FJ_Report::GetFileName file_name:../../run/fj_login_log_report/ServerState_20190115_11.txt.
Jan 15 15:07:00.459 2019@LM_INFO@Base_FJ_Report::GetFileName file_name:../../run/fj_login_log_report/ServerState_20190115_11.txt.
Jan 15 15:07:10.466 2019@LM_INFO@Base_FJ_Report::GetFileName file_name:../../run/fj_login_log_report/ServerState_20190115_11.txt.
Jan 15 15:07:20.467 2019@LM_INFO@Base_FJ_Report::GetFileName file_name:../../run/fj_login_log_report/ServerState_20190115_11.txt.
Jan 15 15:07:30.460 2019@LM_INFO@Base_FJ_Report::GetFileName file_name:../../run/fj_login_log_report/ServerState_20190115_11.txt.
Jan 15 15:07:40.459 2019@LM_INFO@Base_FJ_Report::GetFileName file_name:../../run/fj_login_log_report/ServerState_20190115_11.txt.
Jan 15 15:07:50.460 2019@LM_INFO@Base_FJ_Report::GetFileName file_name:../../run/fj_login_log_report/ServerState_20190115_11.txt.
Jan 15 15:08:00.469 2019@LM_INFO@Base_FJ_Report::GetFileName file_name:../../run/fj_login_log_report/ServerState_20190115_11.txt.
Jan 15 15:08:10.465 2019@LM_INFO@Base_FJ_Report::GetFileName file_name:../../run/fj_login_log_report/ServerState_20190115_11.txt.
Jan 15 15:08:20.464 2019@LM_INFO@Base_FJ_Report::GetFileName file_name:../../run/fj_login_log_report/ServerState_20190115_11.txt.
Jan 15 15:08:30.470 2019@LM_INFO@Base_FJ_Report::GetFileName file_name:../../run/fj_login_log_report/ServerState_20190115_11.txt.
Jan 15 15:08:40.458 2019@LM_INFO@Base_FJ_Report::GetFileName file_name:../../run/fj_login_log_report/ServerState_20190115_11.txt.
Jan 15 15:08:50.459 2019@LM_INFO@Base_FJ_Report::GetFileName file_name:../../run/fj_login_log_report/ServerState_20190115_11.txt.
Jan 15 15:09:00.469 2019@LM_INFO@Base_FJ_Report::GetFileName file_name:../../run/fj_login_log_report/ServerState_20190115_11.txt.
Jan 15 15:09:10.463 2019@LM_INFO@Base_FJ_Report::GetFileName file_name:../../run/fj_login_log_report/ServerState_20190115_11.txt.
Jan 15 15:09:20.467 2019@LM_INFO@Base_FJ_Report::GetFileName file_name:../../run/fj_login_log_report/ServerState_20190115_11.txt.
Jan 15 15:09:30.460 2019@LM_INFO@Base_FJ_Report::GetFileName file_name:../../run/fj_login_log_report/ServerState_20190115_11.txt.
Jan 15 15:09:40.474 2019@LM_INFO@Base_FJ_Report::GetFileName file_name:../../run/fj_login_log_report/ServerState_20190115_11.txt.
Jan 15 15:09:50.460 2019@LM_INFO@Base_FJ_Report::GetFileName file_name:../../run/fj_login_log_report/ServerState_20190115_11.txt.
Jan 15 15:10:00.524 2019@LM_INFO@Base_FJ_Report::GetFileName file_name:../../run/fj_login_log_report/ServerState_20190115_11.txt.
Jan 15 15:10:10.468 2019@LM_INFO@Base_FJ_Report::GetFileName file_name:../../run/fj_login_log_report/ServerState_20190115_11.txt.
Jan 15 15:10:20.470 2019@LM_INFO@Base_FJ_Report::GetFileName file_name:../../run/fj_login_log_report/ServerState_20190115_11.txt.
Jan 15 15:10:30.469 2019@LM_INFO@Base_FJ_Report::GetFileName file_name:../../run/fj_login_log_report/ServerState_20190115_11.txt.
Jan 15 15:10:40.481 2019@LM_INFO@Base_FJ_Report::GetFileName file_name:../../run/fj_login_log_report/ServerState_20190115_11.txt.
Jan 15 15:10:50.457 2019@LM_INFO@Base_FJ_Report::GetFileName file_name:../../run/fj_login_log_report/ServerState_20190115_11.txt.
Jan 15 15:11:00.471 2019@LM_INFO@Base_FJ_Report::GetFileName file_name:../../run/fj_login_log_report/ServerState_20190115_11.txt.
Jan 15 15:11:10.464 2019@LM_INFO@Base_FJ_Report::GetFileName file_name:../../run/fj_login_log_report/ServerState_20190115_11.txt.
Jan 15 15:11:20.461 2019@LM_INFO@Base_FJ_Report::GetFileName file_name:../../run/fj_login_log_report/ServerState_20190115_11.txt.
Jan 15 15:11:30.460 2019@LM_INFO@Base_FJ_Report::GetFileName file_name:../../run/fj_login_log_report/ServerState_20190115_11.txt.
Jan 15 15:11:40.475 2019@LM_INFO@Base_FJ_Report::GetFileName file_name:../../run/fj_login_log_report/ServerState_20190115_11.txt.
Jan 15 15:11:50.464 2019@LM_INFO@Base_FJ_Report::GetFileName file_name:../../run/fj_login_log_report/ServerState_20190115_11.txt.
Jan 15 15:12:00.475 2019@LM_INFO@Base_FJ_Report::GetFileName file_name:../../run/fj_login_log_report/ServerState_20190115_11.txt.
Jan 15 15:12:10.464 2019@LM_INFO@Base_FJ_Report::GetFileName file_name:../../run/fj_login_log_report/ServerState_20190115_11.txt.
Jan 15 15:12:20.463 2019@LM_INFO@Base_FJ_Report::GetFileName file_name:../../run/fj_login_log_report/ServerState_20190115_11.txt.
Jan 15 15:12:30.470 2019@LM_INFO@Base_FJ_Report::GetFileName file_name:../../run/fj_login_log_report/ServerState_20190115_11.txt.
Jan 15 15:12:40.457 2019@LM_INFO@Base_FJ_Report::GetFileName file_name:../../run/fj_login_log_report/ServerState_20190115_11.txt.
Jan 15 15:12:50.475 2019@LM_INFO@Base_FJ_Report::GetFileName file_name:../../run/fj_login_log_report/ServerState_20190115_11.txt.
Jan 15 15:13:00.464 2019@LM_INFO@Base_FJ_Report::GetFileName file_name:../../run/fj_login_log_report/ServerState_20190115_11.txt.
Jan 15 15:13:10.472 2019@LM_INFO@Base_FJ_Report::GetFileName file_name:../../run/fj_login_log_report/ServerState_20190115_11.txt.
Jan 15 15:13:20.459 2019@LM_INFO@Base_FJ_Report::GetFileName file_name:../../run/fj_login_log_report/ServerState_20190115_11.txt.
Jan 15 15:13:30.457 2019@LM_INFO@Base_FJ_Report::GetFileName file_name:../../run/fj_login_log_report/ServerState_20190115_11.txt.
Jan 15 15:13:40.461 2019@LM_INFO@Base_FJ_Report::GetFileName file_name:../../run/fj_login_log_report/ServerState_20190115_11.txt.
Jan 15 15:13:50.461 2019@LM_INFO@Base_FJ_Report::GetFileName file_name:../../run/fj_login_log_report/ServerState_20190115_11.txt.
Jan 15 15:14:00.470 2019@LM_INFO@Base_FJ_Report::GetFileName file_name:../../run/fj_login_log_report/ServerState_20190115_11.txt.
Jan 15 15:14:10.461 2019@LM_INFO@Base_FJ_Report::GetFileName file_name:../../run/fj_login_log_report/ServerState_20190115_11.txt.
Jan 15 15:14:20.470 2019@LM_INFO@Base_FJ_Report::GetFileName file_name:../../run/fj_login_log_report/ServerState_20190115_11.txt.
Jan 15 15:14:30.457 2019@LM_INFO@Base_FJ_Report::GetFileName file_name:../../run/fj_login_log_report/ServerState_20190115_11.txt.
Jan 15 15:14:40.464 2019@LM_INFO@Base_FJ_Report::GetFileName file_name:../../run/fj_login_log_report/ServerState_20190115_11.txt.
Jan 15 15:14:50.461 2019@LM_INFO@Base_FJ_Report::GetFileName file_name:../../run/fj_login_log_report/ServerState_20190115_11.txt.
Jan 15 15:15:00.507 2019@LM_INFO@Base_FJ_Report::GetFileName file_name:../../run/fj_login_log_report/ServerState_20190115_11.txt.
Jan 15 15:15:10.469 2019@LM_INFO@Base_FJ_Report::GetFileName file_name:../../run/fj_login_log_report/ServerState_20190115_11.txt.
Jan 15 15:15:20.462 2019@LM_INFO@Base_FJ_Report::GetFileName file_name:../../run/fj_login_log_report/ServerState_20190115_11.txt.
Jan 15 15:15:30.477 2019@LM_INFO@Base_FJ_Report::GetFileName file_name:../../run/fj_login_log_report/ServerState_20190115_11.txt.
Jan 15 15:15:40.460 2019@LM_INFO@Base_FJ_Report::GetFileName file_name:../../run/fj_login_log_report/ServerState_20190115_11.txt.
Jan 15 15:15:50.455 2019@LM_INFO@Base_FJ_Report::GetFileName file_name:../../run/fj_login_log_report/ServerState_20190115_11.txt.
Jan 15 15:16:00.471 2019@LM_INFO@Base_FJ_Report::GetFileName file_name:../../run/fj_login_log_report/ServerState_20190115_11.txt.
Jan 15 15:16:10.460 2019@LM_INFO@Base_FJ_Report::GetFileName file_name:../../run/fj_login_log_report/ServerState_20190115_11.txt.
Jan 15 15:16:20.467 2019@LM_INFO@Base_FJ_Report::GetFileName file_name:../../run/fj_login_log_report/ServerState_20190115_11.txt.
Jan 15 15:16:30.465 2019@LM_INFO@Base_FJ_Report::GetFileName file_name:../../run/fj_login_log_report/ServerState_20190115_11.txt.
Jan 15 15:16:40.474 2019@LM_INFO@Base_FJ_Report::GetFileName file_name:../../run/fj_login_log_report/ServerState_20190115_11.txt.
Jan 15 15:16:50.460 2019@LM_INFO@Base_FJ_Report::GetFileName file_name:../../run/fj_login_log_report/ServerState_20190115_11.txt.
Jan 15 15:17:00.460 2019@LM_INFO@Base_FJ_Report::GetFileName file_name:../../run/fj_login_log_report/ServerState_20190115_11.txt.
Jan 15 15:17:10.466 2019@LM_INFO@Base_FJ_Report::GetFileName file_name:../../run/fj_login_log_report/ServerState_20190115_11.txt.
Jan 15 15:17:20.459 2019@LM_INFO@Base_FJ_Report::GetFileName file_name:../../run/fj_login_log_report/ServerState_20190115_11.txt.
Jan 15 15:17:30.466 2019@LM_INFO@Base_FJ_Report::GetFileName file_name:../../run/fj_login_log_report/ServerState_20190115_11.txt.
Jan 15 15:17:40.463 2019@LM_INFO@Base_FJ_Report::GetFileName file_name:../../run/fj_login_log_report/ServerState_20190115_11.txt.
Jan 15 15:17:50.457 2019@LM_INFO@Base_FJ_Report::GetFileName file_name:../../run/fj_login_log_report/ServerState_20190115_11.txt.
Jan 15 15:18:00.461 2019@LM_INFO@Base_FJ_Report::GetFileName file_name:../../run/fj_login_log_report/ServerState_20190115_11.txt.
Jan 15 15:18:10.464 2019@LM_INFO@Base_FJ_Report::GetFileName file_name:../../run/fj_login_log_report/ServerState_20190115_11.txt.
Jan 15 15:18:20.457 2019@LM_INFO@Base_FJ_Report::GetFileName file_name:../../run/fj_login_log_report/ServerState_20190115_11.txt.
Jan 15 15:18:30.457 2019@LM_INFO@Base_FJ_Report::GetFileName file_name:../../run/fj_login_log_report/ServerState_20190115_11.txt.
Jan 15 15:18:40.454 2019@LM_INFO@Base_FJ_Report::GetFileName file_name:../../run/fj_login_log_report/ServerState_20190115_11.txt.
Jan 15 15:18:50.458 2019@LM_INFO@Base_FJ_Report::GetFileName file_name:../../run/fj_login_log_report/ServerState_20190115_11.txt.
Jan 15 15:19:00.455 2019@LM_INFO@Base_FJ_Report::GetFileName file_name:../../run/fj_login_log_report/ServerState_20190115_11.txt.
Jan 15 15:19:10.457 2019@LM_INFO@Base_FJ_Report::GetFileName file_name:../../run/fj_login_log_report/ServerState_20190115_11.txt.
Jan 15 15:19:20.456 2019@LM_INFO@Base_FJ_Report::GetFileName file_name:../../run/fj_login_log_report/ServerState_20190115_11.txt.
Jan 15 15:19:30.457 2019@LM_INFO@Base_FJ_Report::GetFileName file_name:../../run/fj_login_log_report/ServerState_20190115_11.txt.
Jan 15 15:25:10.793 2019@LM_INFO@Base_FJ_Report::GetFileName file_name:../../run/fj_login_log_report/ServerState_20190115_11.txt.
Jan 15 15:25:19.173 2019@LM_INFO@Base_FJ_Report::GetFileName file_name:../../run/fj_login_log_report/ServerState_20190115_11.txt.
Jan 15 15:25:29.170 2019@LM_INFO@Base_FJ_Report::GetFileName file_name:../../run/fj_login_log_report/ServerState_20190115_11.txt.
Jan 15 15:25:39.181 2019@LM_INFO@Base_FJ_Report::GetFileName file_name:../../run/fj_login_log_report/ServerState_20190115_11.txt.
Jan 15 15:25:49.216 2019@LM_INFO@Base_FJ_Report::GetFileName file_name:../../run/fj_login_log_report/ServerState_20190115_11.txt.
Jan 15 15:25:59.266 2019@LM_INFO@Base_FJ_Report::GetFileName file_name:../../run/fj_login_log_report/ServerState_20190115_11.txt.
Jan 15 15:26:09.162 2019@LM_INFO@Base_FJ_Report::GetFileName file_name:../../run/fj_login_log_report/ServerState_20190115_11.txt.
Jan 15 15:26:19.353 2019@LM_INFO@Base_FJ_Report::GetFileName file_name:../../run/fj_login_log_report/ServerState_20190115_11.txt.
Jan 15 15:26:29.265 2019@LM_INFO@Base_FJ_Report::GetFileName file_name:../../run/fj_login_log_report/ServerState_20190115_11.txt.
Jan 15 15:26:39.229 2019@LM_INFO@Base_FJ_Report::GetFileName file_name:../../run/fj_login_log_report/ServerState_20190115_11.txt.
Jan 15 15:26:49.291 2019@LM_INFO@Base_FJ_Report::GetFileName file_name:../../run/fj_login_log_report/ServerState_20190115_11.txt.
Jan 15 15:26:59.728 2019@LM_INFO@Base_FJ_Report::GetFileName file_name:../../run/fj_login_log_report/ServerState_20190115_11.txt.
Jan 15 15:27:09.599 2019@LM_INFO@Base_FJ_Report::GetFileName file_name:../../run/fj_login_log_report/ServerState_20190115_11.txt.
Jan 15 15:27:23.207 2019@LM_INFO@Base_FJ_Report::GetFileName file_name:../../run/fj_login_log_report/ServerState_20190115_11.txt.
Jan 15 15:27:29.613 2019@LM_INFO@Base_FJ_Report::GetFileName file_name:../../run/fj_login_log_report/ServerState_20190115_11.txt.
Jan 15 15:27:39.419 2019@LM_INFO@Base_FJ_Report::GetFileName file_name:../../run/fj_login_log_report/ServerState_20190115_11.txt.
Jan 15 15:27:49.179 2019@LM_INFO@Base_FJ_Report::GetFileName file_name:../../run/fj_login_log_report/ServerState_20190115_11.txt.
Jan 15 15:27:59.304 2019@LM_INFO@Base_FJ_Report::GetFileName file_name:../../run/fj_login_log_report/ServerState_20190115_11.txt.
Jan 15 15:28:09.178 2019@LM_INFO@Base_FJ_Report::GetFileName file_name:../../run/fj_login_log_report/ServerState_20190115_11.txt.
Jan 15 15:28:19.186 2019@LM_INFO@Base_FJ_Report::GetFileName file_name:../../run/fj_login_log_report/ServerState_20190115_11.txt.
Jan 15 15:28:29.181 2019@LM_INFO@Base_FJ_Report::GetFileName file_name:../../run/fj_login_log_report/ServerState_20190115_11.txt.
Jan 15 15:28:39.176 2019@LM_INFO@Base_FJ_Report::GetFileName file_name:../../run/fj_login_log_report/ServerState_20190115_11.txt.
Jan 15 15:28:49.166 2019@LM_INFO@Base_FJ_Report::GetFileName file_name:../../run/fj_login_log_report/ServerState_20190115_11.txt.
Jan 15 15:28:59.180 2019@LM_INFO@Base_FJ_Report::GetFileName file_name:../../run/fj_login_log_report/ServerState_20190115_11.txt.
Jan 15 15:29:09.188 2019@LM_INFO@Base_FJ_Report::GetFileName file_name:../../run/fj_login_log_report/ServerState_20190115_11.txt.
Jan 15 15:29:19.193 2019@LM_INFO@Base_FJ_Report::GetFileName file_name:../../run/fj_login_log_report/ServerState_20190115_11.txt.
Jan 15 15:29:29.183 2019@LM_INFO@Base_FJ_Report::GetFileName file_name:../../run/fj_login_log_report/ServerState_20190115_11.txt.
Jan 15 15:29:39.182 2019@LM_INFO@Base_FJ_Report::GetFileName file_name:../../run/fj_login_log_report/ServerState_20190115_11.txt.
Jan 15 15:29:49.184 2019@LM_INFO@Base_FJ_Report::GetFileName file_name:../../run/fj_login_log_report/ServerState_20190115_11.txt.
Jan 15 15:29:59.189 2019@LM_INFO@Base_FJ_Report::GetFileName file_name:../../run/fj_login_log_report/ServerState_20190115_11.txt.
Jan 15 15:30:09.186 2019@LM_INFO@Base_FJ_Report::GetFileName file_name:../../run/fj_login_log_report/ServerState_20190115_11.txt.
Jan 15 15:30:19.181 2019@LM_INFO@Base_FJ_Report::GetFileName file_name:../../run/fj_login_log_report/ServerState_20190115_11.txt.
Jan 15 15:30:29.202 2019@LM_INFO@Base_FJ_Report::GetFileName file_name:../../run/fj_login_log_report/ServerState_20190115_11.txt.
Jan 15 15:30:39.184 2019@LM_INFO@Base_FJ_Report::GetFileName file_name:../../run/fj_login_log_report/ServerState_20190115_11.txt.
Jan 15 15:30:49.188 2019@LM_INFO@Base_FJ_Report::GetFileName file_name:../../run/fj_login_log_report/ServerState_20190115_11.txt.
Jan 15 15:30:59.184 2019@LM_INFO@Base_FJ_Report::GetFileName file_name:../../run/fj_login_log_report/ServerState_20190115_11.txt.
Jan 15 15:31:09.193 2019@LM_INFO@Base_FJ_Report::GetFileName file_name:../../run/fj_login_log_report/ServerState_20190115_11.txt.
Jan 15 15:31:19.178 2019@LM_INFO@Base_FJ_Report::GetFileName file_name:../../run/fj_login_log_report/ServerState_20190115_11.txt.
Jan 15 15:31:29.185 2019@LM_INFO@Base_FJ_Report::GetFileName file_name:../../run/fj_login_log_report/ServerState_20190115_11.txt.
Jan 15 15:31:39.176 2019@LM_INFO@Base_FJ_Report::GetFileName file_name:../../run/fj_login_log_report/ServerState_20190115_11.txt.
Jan 15 15:31:49.182 2019@LM_INFO@Base_FJ_Report::GetFileName file_name:../../run/fj_login_log_report/ServerState_20190115_11.txt.
Jan 15 15:31:59.177 2019@LM_INFO@Base_FJ_Report::GetFileName file_name:../../run/fj_login_log_report/ServerState_20190115_11.txt.
Jan 15 15:32:09.181 2019@LM_INFO@Base_FJ_Report::GetFileName file_name:../../run/fj_login_log_report/ServerState_20190115_11.txt.
Jan 15 15:32:19.180 2019@LM_INFO@Base_FJ_Report::GetFileName file_name:../../run/fj_login_log_report/ServerState_20190115_11.txt.
Jan 15 15:32:29.174 2019@LM_INFO@Base_FJ_Report::GetFileName file_name:../../run/fj_login_log_report/ServerState_20190115_11.txt.
Jan 15 15:32:39.179 2019@LM_INFO@Base_FJ_Report::GetFileName file_name:../../run/fj_login_log_report/ServerState_20190115_11.txt.
Jan 15 15:32:49.180 2019@LM_INFO@Base_FJ_Report::GetFileName file_name:../../run/fj_login_log_report/ServerState_20190115_11.txt.
Jan 15 15:32:59.177 2019@LM_INFO@Base_FJ_Report::GetFileName file_name:../../run/fj_login_log_report/ServerState_20190115_11.txt.
Jan 15 15:33:09.185 2019@LM_INFO@Base_FJ_Report::GetFileName file_name:../../run/fj_login_log_report/ServerState_20190115_11.txt.
Jan 15 15:33:19.170 2019@LM_INFO@Base_FJ_Report::GetFileName file_name:../../run/fj_login_log_report/ServerState_20190115_11.txt.
Jan 15 15:33:29.171 2019@LM_INFO@Base_FJ_Report::GetFileName file_name:../../run/fj_login_log_report/ServerState_20190115_11.txt.
Jan 15 15:33:39.179 2019@LM_INFO@Base_FJ_Report::GetFileName file_name:../../run/fj_login_log_report/ServerState_20190115_11.txt.
Jan 15 15:33:49.191 2019@LM_INFO@Base_FJ_Report::GetFileName file_name:../../run/fj_login_log_report/ServerState_20190115_11.txt.
Jan 15 15:33:59.183 2019@LM_INFO@Base_FJ_Report::GetFileName file_name:../../run/fj_login_log_report/ServerState_20190115_11.txt.
Jan 15 15:34:09.183 2019@LM_INFO@Base_FJ_Report::GetFileName file_name:../../run/fj_login_log_report/ServerState_20190115_11.txt.
Jan 15 15:34:19.178 2019@LM_INFO@Base_FJ_Report::GetFileName file_name:../../run/fj_login_log_report/ServerState_20190115_11.txt.
Jan 15 15:34:29.169 2019@LM_INFO@Base_FJ_Report::GetFileName file_name:../../run/fj_login_log_report/ServerState_20190115_11.txt.
Jan 15 15:34:39.182 2019@LM_INFO@Base_FJ_Report::GetFileName file_name:../../run/fj_login_log_report/ServerState_20190115_11.txt.
Jan 15 15:34:49.184 2019@LM_INFO@Base_FJ_Report::GetFileName file_name:../../run/fj_login_log_report/ServerState_20190115_11.txt.
Jan 15 15:34:59.192 2019@LM_INFO@Base_FJ_Report::GetFileName file_name:../../run/fj_login_log_report/ServerState_20190115_11.txt.
Jan 15 15:35:09.180 2019@LM_INFO@Base_FJ_Report::GetFileName file_name:../../run/fj_login_log_report/ServerState_20190115_11.txt.
Jan 15 15:35:19.216 2019@LM_INFO@Base_FJ_Report::GetFileName file_name:../../run/fj_login_log_report/ServerState_20190115_11.txt.
Jan 15 15:35:29.180 2019@LM_INFO@Base_FJ_Report::GetFileName file_name:../../run/fj_login_log_report/ServerState_20190115_11.txt.
Jan 15 15:35:39.184 2019@LM_INFO@Base_FJ_Report::GetFileName file_name:../../run/fj_login_log_report/ServerState_20190115_11.txt.
Jan 15 15:35:49.181 2019@LM_INFO@Base_FJ_Report::GetFileName file_name:../../run/fj_login_log_report/ServerState_20190115_11.txt.
Jan 15 15:35:59.181 2019@LM_INFO@Base_FJ_Report::GetFileName file_name:../../run/fj_login_log_report/ServerState_20190115_11.txt.
Jan 15 15:36:09.192 2019@LM_INFO@Base_FJ_Report::GetFileName file_name:../../run/fj_login_log_report/ServerState_20190115_11.txt.
Jan 15 15:36:19.182 2019@LM_INFO@Base_FJ_Report::GetFileName file_name:../../run/fj_login_log_report/ServerState_20190115_11.txt.
Jan 15 15:36:29.166 2019@LM_INFO@Base_FJ_Report::GetFileName file_name:../../run/fj_login_log_report/ServerState_20190115_11.txt.
Jan 15 15:36:39.180 2019@LM_INFO@Base_FJ_Report::GetFileName file_name:../../run/fj_login_log_report/ServerState_20190115_11.txt.
Jan 15 15:36:49.183 2019@LM_INFO@Base_FJ_Report::GetFileName file_name:../../run/fj_login_log_report/ServerState_20190115_11.txt.
Jan 15 15:36:59.176 2019@LM_INFO@Base_FJ_Report::GetFileName file_name:../../run/fj_login_log_report/ServerState_20190115_11.txt.
Jan 15 15:37:09.166 2019@LM_INFO@Base_FJ_Report::GetFileName file_name:../../run/fj_login_log_report/ServerState_20190115_11.txt.
Jan 15 15:37:19.176 2019@LM_INFO@Base_FJ_Report::GetFileName file_name:../../run/fj_login_log_report/ServerState_20190115_11.txt.
Jan 15 15:37:29.171 2019@LM_INFO@Base_FJ_Report::GetFileName file_name:../../run/fj_login_log_report/ServerState_20190115_11.txt.
Jan 15 15:37:39.179 2019@LM_INFO@Base_FJ_Report::GetFileName file_name:../../run/fj_login_log_report/ServerState_20190115_11.txt.
Jan 15 15:37:49.181 2019@LM_INFO@Base_FJ_Report::GetFileName file_name:../../run/fj_login_log_report/ServerState_20190115_11.txt.
Jan 15 15:37:59.192 2019@LM_INFO@Base_FJ_Report::GetFileName file_name:../../run/fj_login_log_report/ServerState_20190115_11.txt.
Jan 15 15:38:09.171 2019@LM_INFO@Base_FJ_Report::GetFileName file_name:../../run/fj_login_log_report/ServerState_20190115_11.txt.
Jan 15 15:38:19.183 2019@LM_INFO@Base_FJ_Report::GetFileName file_name:../../run/fj_login_log_report/ServerState_20190115_11.txt.
Jan 15 15:38:29.180 2019@LM_INFO@Base_FJ_Report::GetFileName file_name:../../run/fj_login_log_report/ServerState_20190115_11.txt.
Jan 15 15:38:39.189 2019@LM_INFO@Base_FJ_Report::GetFileName file_name:../../run/fj_login_log_report/ServerState_20190115_11.txt.
Jan 15 15:38:49.180 2019@LM_INFO@Base_FJ_Report::GetFileName file_name:../../run/fj_login_log_report/ServerState_20190115_11.txt.
Jan 15 15:38:59.184 2019@LM_INFO@Base_FJ_Report::GetFileName file_name:../../run/fj_login_log_report/ServerState_20190115_11.txt.
Jan 15 15:39:09.180 2019@LM_INFO@Base_FJ_Report::GetFileName file_name:../../run/fj_login_log_report/ServerState_20190115_11.txt.
Jan 15 15:39:19.192 2019@LM_INFO@Base_FJ_Report::GetFileName file_name:../../run/fj_login_log_report/ServerState_20190115_11.txt.
Jan 15 15:39:29.186 2019@LM_INFO@Base_FJ_Report::GetFileName file_name:../../run/fj_login_log_report/ServerState_20190115_11.txt.
Jan 15 15:39:39.171 2019@LM_INFO@Base_FJ_Report::GetFileName file_name:../../run/fj_login_log_report/ServerState_20190115_11.txt.
Jan 15 15:39:49.187 2019@LM_INFO@Base_FJ_Report::GetFileName file_name:../../run/fj_login_log_report/ServerState_20190115_11.txt.
Jan 15 15:39:59.180 2019@LM_INFO@Base_FJ_Report::GetFileName file_name:../../run/fj_login_log_report/ServerState_20190115_11.txt.
Jan 15 15:40:09.172 2019@LM_INFO@Base_FJ_Report::GetFileName file_name:../../run/fj_login_log_report/ServerState_20190115_11.txt.
Jan 15 15:40:19.184 2019@LM_INFO@Base_FJ_Report::GetFileName file_name:../../run/fj_login_log_report/ServerState_20190115_11.txt.
Jan 15 15:40:29.172 2019@LM_INFO@Base_FJ_Report::GetFileName file_name:../../run/fj_login_log_report/ServerState_20190115_11.txt.
Jan 15 15:40:39.184 2019@LM_INFO@Base_FJ_Report::GetFileName file_name:../../run/fj_login_log_report/ServerState_20190115_11.txt.
Jan 15 15:40:49.179 2019@LM_INFO@Base_FJ_Report::GetFileName file_name:../../run/fj_login_log_report/ServerState_20190115_11.txt.
Jan 15 15:40:59.178 2019@LM_INFO@Base_FJ_Report::GetFileName file_name:../../run/fj_login_log_report/ServerState_20190115_11.txt.
Jan 15 15:41:09.189 2019@LM_INFO@Base_FJ_Report::GetFileName file_name:../../run/fj_login_log_report/ServerState_20190115_11.txt.
Jan 15 15:41:19.169 2019@LM_INFO@Base_FJ_Report::GetFileName file_name:../../run/fj_login_log_report/ServerState_20190115_11.txt.
Jan 15 15:41:29.178 2019@LM_INFO@Base_FJ_Report::GetFileName file_name:../../run/fj_login_log_report/ServerState_20190115_11.txt.
Jan 15 15:41:39.183 2019@LM_INFO@Base_FJ_Report::GetFileName file_name:../../run/fj_login_log_report/ServerState_20190115_11.txt.
Jan 15 15:41:49.184 2019@LM_INFO@Base_FJ_Report::GetFileName file_name:../../run/fj_login_log_report/ServerState_20190115_11.txt.
Jan 15 15:41:59.596 2019@LM_INFO@Base_FJ_Report::GetFileName file_name:../../run/fj_login_log_report/ServerState_20190115_11.txt.
Jan 15 15:42:09.176 2019@LM_INFO@Base_FJ_Report::GetFileName file_name:../../run/fj_login_log_report/ServerState_20190115_11.txt.
Jan 15 15:42:20.512 2019@LM_INFO@Base_FJ_Report::GetFileName file_name:../../run/fj_login_log_report/ServerState_20190115_11.txt.
Jan 15 15:42:29.195 2019@LM_INFO@Base_FJ_Report::GetFileName file_name:../../run/fj_login_log_report/ServerState_20190115_11.txt.
Jan 15 15:42:39.169 2019@LM_INFO@Base_FJ_Report::GetFileName file_name:../../run/fj_login_log_report/ServerState_20190115_11.txt.
Jan 15 15:42:49.179 2019@LM_INFO@Base_FJ_Report::GetFileName file_name:../../run/fj_login_log_report/ServerState_20190115_11.txt.
Jan 15 15:42:59.184 2019@LM_INFO@Base_FJ_Report::GetFileName file_name:../../run/fj_login_log_report/ServerState_20190115_11.txt.
Jan 15 15:43:09.187 2019@LM_INFO@Base_FJ_Report::GetFileName file_name:../../run/fj_login_log_report/ServerState_20190115_11.txt.
Jan 15 15:43:19.188 2019@LM_INFO@Base_FJ_Report::GetFileName file_name:../../run/fj_login_log_report/ServerState_20190115_11.txt.
Jan 15 15:43:29.169 2019@LM_INFO@Base_FJ_Report::GetFileName file_name:../../run/fj_login_log_report/ServerState_20190115_11.txt.
Jan 15 15:43:39.196 2019@LM_INFO@Base_FJ_Report::GetFileName file_name:../../run/fj_login_log_report/ServerState_20190115_11.txt.
Jan 15 15:43:49.180 2019@LM_INFO@Base_FJ_Report::GetFileName file_name:../../run/fj_login_log_report/ServerState_20190115_11.txt.
Jan 15 15:43:59.175 2019@LM_INFO@Base_FJ_Report::GetFileName file_name:../../run/fj_login_log_report/ServerState_20190115_11.txt.
Jan 15 15:44:09.185 2019@LM_INFO@Base_FJ_Report::GetFileName file_name:../../run/fj_login_log_report/ServerState_20190115_11.txt.
Jan 15 15:44:19.182 2019@LM_INFO@Base_FJ_Report::GetFileName file_name:../../run/fj_login_log_report/ServerState_20190115_11.txt.
Jan 15 15:44:29.183 2019@LM_INFO@Base_FJ_Report::GetFileName file_name:../../run/fj_login_log_report/ServerState_20190115_11.txt.
Jan 15 15:44:39.177 2019@LM_INFO@Base_FJ_Report::GetFileName file_name:../../run/fj_login_log_report/ServerState_20190115_11.txt.
Jan 15 15:44:49.185 2019@LM_INFO@Base_FJ_Report::GetFileName file_name:../../run/fj_login_log_report/ServerState_20190115_11.txt.
Jan 15 15:44:59.169 2019@LM_INFO@Base_FJ_Report::GetFileName file_name:../../run/fj_login_log_report/ServerState_20190115_11.txt.
Jan 15 15:45:09.178 2019@LM_INFO@Base_FJ_Report::GetFileName file_name:../../run/fj_login_log_report/ServerState_20190115_11.txt.
Jan 15 15:45:19.201 2019@LM_INFO@Base_FJ_Report::GetFileName file_name:../../run/fj_login_log_report/ServerState_20190115_11.txt.
Jan 15 15:45:29.184 2019@LM_INFO@Base_FJ_Report::GetFileName file_name:../../run/fj_login_log_report/ServerState_20190115_11.txt.
Jan 15 15:45:39.255 2019@LM_INFO@Base_FJ_Report::GetFileName file_name:../../run/fj_login_log_report/ServerState_20190115_11.txt.
Jan 15 15:45:49.178 2019@LM_INFO@Base_FJ_Report::GetFileName file_name:../../run/fj_login_log_report/ServerState_20190115_11.txt.
Jan 15 15:45:59.177 2019@LM_INFO@Base_FJ_Report::GetFileName file_name:../../run/fj_login_log_report/ServerState_20190115_11.txt.
Jan 15 15:46:09.180 2019@LM_INFO@Base_FJ_Report::GetFileName file_name:../../run/fj_login_log_report/ServerState_20190115_11.txt.
Jan 15 15:46:19.181 2019@LM_INFO@Base_FJ_Report::GetFileName file_name:../../run/fj_login_log_report/ServerState_20190115_11.txt.
Jan 15 15:46:29.189 2019@LM_INFO@Base_FJ_Report::GetFileName file_name:../../run/fj_login_log_report/ServerState_20190115_11.txt.
Jan 15 15:46:39.171 2019@LM_INFO@Base_FJ_Report::GetFileName file_name:../../run/fj_login_log_report/ServerState_20190115_11.txt.
Jan 15 15:46:49.184 2019@LM_INFO@Base_FJ_Report::GetFileName file_name:../../run/fj_login_log_report/ServerState_20190115_11.txt.
Jan 15 15:46:59.188 2019@LM_INFO@Base_FJ_Report::GetFileName file_name:../../run/fj_login_log_report/ServerState_20190115_11.txt.
Jan 15 15:47:09.181 2019@LM_INFO@Base_FJ_Report::GetFileName file_name:../../run/fj_login_log_report/ServerState_20190115_11.txt.
Jan 15 15:47:19.187 2019@LM_INFO@Base_FJ_Report::GetFileName file_name:../../run/fj_login_log_report/ServerState_20190115_11.txt.
Jan 15 15:47:29.176 2019@LM_INFO@Base_FJ_Report::GetFileName file_name:../../run/fj_login_log_report/ServerState_20190115_11.txt.
Jan 15 15:47:39.206 2019@LM_INFO@Base_FJ_Report::GetFileName file_name:../../run/fj_login_log_report/ServerState_20190115_11.txt.
Jan 15 15:47:49.170 2019@LM_INFO@Base_FJ_Report::GetFileName file_name:../../run/fj_login_log_report/ServerState_20190115_11.txt.
Jan 15 15:47:59.173 2019@LM_INFO@Base_FJ_Report::GetFileName file_name:../../run/fj_login_log_report/ServerState_20190115_11.txt.
Jan 15 15:48:09.181 2019@LM_INFO@Base_FJ_Report::GetFileName file_name:../../run/fj_login_log_report/ServerState_20190115_11.txt.
Jan 15 15:48:19.183 2019@LM_INFO@Base_FJ_Report::GetFileName file_name:../../run/fj_login_log_report/ServerState_20190115_11.txt.
Jan 15 15:48:29.181 2019@LM_INFO@Base_FJ_Report::GetFileName file_name:../../run/fj_login_log_report/ServerState_20190115_11.txt.
Jan 15 15:48:39.183 2019@LM_INFO@Base_FJ_Report::GetFileName file_name:../../run/fj_login_log_report/ServerState_20190115_11.txt.
Jan 15 15:48:49.183 2019@LM_INFO@Base_FJ_Report::GetFileName file_name:../../run/fj_login_log_report/ServerState_20190115_11.txt.
Jan 15 15:48:59.186 2019@LM_INFO@Base_FJ_Report::GetFileName file_name:../../run/fj_login_log_report/ServerState_20190115_11.txt.
Jan 15 15:49:09.188 2019@LM_INFO@Base_FJ_Report::GetFileName file_name:../../run/fj_login_log_report/ServerState_20190115_11.txt.
Jan 15 15:49:19.188 2019@LM_INFO@Base_FJ_Report::GetFileName file_name:../../run/fj_login_log_report/ServerState_20190115_11.txt.
Jan 15 15:49:29.188 2019@LM_INFO@Base_FJ_Report::GetFileName file_name:../../run/fj_login_log_report/ServerState_20190115_11.txt.
Jan 15 15:49:39.171 2019@LM_INFO@Base_FJ_Report::GetFileName file_name:../../run/fj_login_log_report/ServerState_20190115_11.txt.
Jan 15 15:49:49.180 2019@LM_INFO@Base_FJ_Report::GetFileName file_name:../../run/fj_login_log_report/ServerState_20190115_11.txt.
