Jan 15 10:10:10.852 2019@LM_INFO@Init QY_Log_Report Succ...
Jan 15 10:10:11.014 2019@LM_INFO@Read DB Conf Configure File. [../../cfg/set_common.conf] .
Jan 15 10:10:11.015 2019@LM_INFO@Read DB Conf From DB. [127.0.0.1|root|qy22players|3306] .
Jan 15 10:10:11.015 2019@LM_INFO@Read GMSvrd DB Config Form Mysql [127.0.0.1] Succ.
Jan 15 10:10:11.614 2019@LM_INFO@Get GMSvrd DB Config Data Succ.
Jan 15 10:10:11.668 2019@LM_INFO@QY_DB_Config_Mgr::Initialize Succ.
Jan 15 10:10:11.728 2019@LM_INFO@Get config db data server_type_=1,server_id_=1000001,lan_ip=2130706433,lan_port=11001,wan_ip_1=0,wan_port_1=0,wan_ip_2=0,wan_port_2=0,udp_lan_ip=0, udp_wan_ip=0, udp_port=0, set_no_=1, game_set_id=0,idc_no_=0,cfg_info_=.
Jan 15 10:10:11.730 2019@LM_INFO@Get config db data server_type_=2,server_id_=1000001,lan_ip=2130706433,lan_port=12001,wan_ip_1=0,wan_port_1=0,wan_ip_2=0,wan_port_2=0,udp_lan_ip=0, udp_wan_ip=0, udp_port=0, set_no_=1, game_set_id=0,idc_no_=0,cfg_info_=.
Jan 15 10:10:11.730 2019@LM_INFO@Get config db data server_type_=3,server_id_=1000001,lan_ip=2130706433,lan_port=13001,wan_ip_1=3232286820,wan_port_1=13001,wan_ip_2=0,wan_port_2=0,udp_lan_ip=0, udp_wan_ip=0, udp_port=0, set_no_=1, game_set_id=0,idc_no_=0,cfg_info_=.
Jan 15 10:10:11.730 2019@LM_INFO@Get config db data server_type_=4,server_id_=1000001,lan_ip=2130706433,lan_port=14001,wan_ip_1=0,wan_port_1=0,wan_ip_2=0,wan_port_2=0,udp_lan_ip=0, udp_wan_ip=0, udp_port=0, set_no_=1, game_set_id=0,idc_no_=0,cfg_info_=.
Jan 15 10:10:11.730 2019@LM_INFO@Get config db data server_type_=5,server_id_=1000001,lan_ip=2130706433,lan_port=15001,wan_ip_1=0,wan_port_1=0,wan_ip_2=0,wan_port_2=0,udp_lan_ip=0, udp_wan_ip=0, udp_port=0, set_no_=1, game_set_id=0,idc_no_=0,cfg_info_=.
Jan 15 10:10:11.730 2019@LM_INFO@Get config db data server_type_=6,server_id_=1000001,lan_ip=2130706433,lan_port=16001,wan_ip_1=3232286820,wan_port_1=16001,wan_ip_2=0,wan_port_2=0,udp_lan_ip=0, udp_wan_ip=0, udp_port=0, set_no_=1, game_set_id=0,idc_no_=0,cfg_info_=.
Jan 15 10:10:11.730 2019@LM_INFO@Get config db data server_type_=7,server_id_=1000001,lan_ip=2130706433,lan_port=17001,wan_ip_1=0,wan_port_1=0,wan_ip_2=0,wan_port_2=0,udp_lan_ip=0, udp_wan_ip=0, udp_port=0, set_no_=1, game_set_id=0,idc_no_=0,cfg_info_=.
Jan 15 10:10:11.730 2019@LM_INFO@Get config db data server_type_=10,server_id_=1000001,lan_ip=2130706433,lan_port=20001,wan_ip_1=0,wan_port_1=0,wan_ip_2=0,wan_port_2=0,udp_lan_ip=0, udp_wan_ip=0, udp_port=0, set_no_=1, game_set_id=0,idc_no_=0,cfg_info_=.
Jan 15 10:10:11.730 2019@LM_INFO@Get config db data server_type_=12,server_id_=1000001,lan_ip=2130706433,lan_port=22001,wan_ip_1=0,wan_port_1=0,wan_ip_2=0,wan_port_2=0,udp_lan_ip=0, udp_wan_ip=0, udp_port=0, set_no_=1, game_set_id=0,idc_no_=0,cfg_info_=.
Jan 15 10:10:11.730 2019@LM_INFO@Get config db data server_type_=13,server_id_=1000001,lan_ip=2130706433,lan_port=23001,wan_ip_1=0,wan_port_1=0,wan_ip_2=0,wan_port_2=0,udp_lan_ip=0, udp_wan_ip=0, udp_port=0, set_no_=1, game_set_id=0,idc_no_=0,cfg_info_=.
Jan 15 10:10:11.730 2019@LM_INFO@Get config db data server_type_=14,server_id_=1000001,lan_ip=2130706433,lan_port=24001,wan_ip_1=0,wan_port_1=0,wan_ip_2=0,wan_port_2=0,udp_lan_ip=0, udp_wan_ip=0, udp_port=0, set_no_=1, game_set_id=0,idc_no_=0,cfg_info_=.
Jan 15 10:10:11.730 2019@LM_INFO@Get config db data server_type_=15,server_id_=1000001,lan_ip=2130706433,lan_port=25001,wan_ip_1=0,wan_port_1=0,wan_ip_2=0,wan_port_2=0,udp_lan_ip=0, udp_wan_ip=0, udp_port=0, set_no_=1, game_set_id=0,idc_no_=0,cfg_info_=.
Jan 15 10:10:11.730 2019@LM_INFO@Get config db data server_type_=17,server_id_=1000001,lan_ip=2130706433,lan_port=27001,wan_ip_1=0,wan_port_1=0,wan_ip_2=0,wan_port_2=0,udp_lan_ip=0, udp_wan_ip=0, udp_port=0, set_no_=1, game_set_id=0,idc_no_=0,cfg_info_=.
Jan 15 10:10:11.730 2019@LM_INFO@Get config db data server_type_=18,server_id_=1000001,lan_ip=2130706433,lan_port=28001,wan_ip_1=0,wan_port_1=0,wan_ip_2=0,wan_port_2=0,udp_lan_ip=0, udp_wan_ip=0, udp_port=0, set_no_=1, game_set_id=0,idc_no_=0,cfg_info_=.
Jan 15 10:10:11.730 2019@LM_INFO@Get config db data server_type_=19,server_id_=1000001,lan_ip=2130706433,lan_port=29001,wan_ip_1=0,wan_port_1=0,wan_ip_2=0,wan_port_2=0,udp_lan_ip=0, udp_wan_ip=0, udp_port=0, set_no_=1, game_set_id=0,idc_no_=0,cfg_info_=.
Jan 15 10:10:11.730 2019@LM_INFO@Get config db data server_type_=20,server_id_=1000001,lan_ip=2130706433,lan_port=30001,wan_ip_1=3232286820,wan_port_1=0,wan_ip_2=0,wan_port_2=0,udp_lan_ip=0, udp_wan_ip=0, udp_port=0, set_no_=1, game_set_id=0,idc_no_=0,cfg_info_=.
Jan 15 10:10:11.731 2019@LM_INFO@Get config db data server_type_=21,server_id_=1000001,lan_ip=2130706433,lan_port=31001,wan_ip_1=0,wan_port_1=0,wan_ip_2=0,wan_port_2=0,udp_lan_ip=0, udp_wan_ip=0, udp_port=0, set_no_=1, game_set_id=0,idc_no_=0,cfg_info_=.
Jan 15 10:10:11.731 2019@LM_INFO@Get config db data server_type_=22,server_id_=1000001,lan_ip=2130706433,lan_port=32001,wan_ip_1=0,wan_port_1=0,wan_ip_2=0,wan_port_2=0,udp_lan_ip=2130706433, udp_wan_ip=3232286820, udp_port=52431, set_no_=1, game_set_id=0,idc_no_=0,cfg_info_=.
Jan 15 10:10:11.731 2019@LM_INFO@Get config db data server_type_=8,server_id_=1001101,lan_ip=2130706433,lan_port=18001,wan_ip_1=0,wan_port_1=0,wan_ip_2=0,wan_port_2=0,udp_lan_ip=0, udp_wan_ip=0, udp_port=0, set_no_=1, game_set_id=11,idc_no_=0,cfg_info_=.
Jan 15 10:10:11.731 2019@LM_INFO@Get config db data server_type_=9,server_id_=1001101,lan_ip=2130706433,lan_port=19001,wan_ip_1=0,wan_port_1=0,wan_ip_2=0,wan_port_2=0,udp_lan_ip=0, udp_wan_ip=0, udp_port=0, set_no_=1, game_set_id=11,idc_no_=0,cfg_info_=.
Jan 15 10:10:11.731 2019@LM_INFO@Get config db data server_type_=11,server_id_=1001101,lan_ip=2130706433,lan_port=21001,wan_ip_1=0,wan_port_1=0,wan_ip_2=0,wan_port_2=0,udp_lan_ip=0, udp_wan_ip=0, udp_port=0, set_no_=1, game_set_id=11,idc_no_=0,cfg_info_=.
Jan 15 10:10:11.731 2019@LM_INFO@Get config db data server_type_=8,server_id_=1001201,lan_ip=2130706433,lan_port=18002,wan_ip_1=0,wan_port_1=0,wan_ip_2=0,wan_port_2=0,udp_lan_ip=0, udp_wan_ip=0, udp_port=0, set_no_=1, game_set_id=12,idc_no_=0,cfg_info_=.
Jan 15 10:10:11.731 2019@LM_INFO@Get config db data server_type_=9,server_id_=1001201,lan_ip=2130706433,lan_port=19002,wan_ip_1=0,wan_port_1=0,wan_ip_2=0,wan_port_2=0,udp_lan_ip=0, udp_wan_ip=0, udp_port=0, set_no_=1, game_set_id=12,idc_no_=0,cfg_info_=.
Jan 15 10:10:11.731 2019@LM_INFO@Get config db data server_type_=11,server_id_=1001201,lan_ip=2130706433,lan_port=21002,wan_ip_1=0,wan_port_1=0,wan_ip_2=0,wan_port_2=0,udp_lan_ip=0, udp_wan_ip=0, udp_port=0, set_no_=1, game_set_id=12,idc_no_=0,cfg_info_=.
Jan 15 10:10:11.731 2019@LM_INFO@ReLoadSvrList server_info set_no:1, svr_info:8|1001201.
Jan 15 10:10:11.731 2019@LM_INFO@ReLoadSvrList server_info set_no:1, svr_info:19|1000001.
Jan 15 10:10:11.731 2019@LM_INFO@ReLoadSvrList server_info set_no:1, svr_info:13|1000001.
Jan 15 10:10:11.731 2019@LM_INFO@ReLoadSvrList server_info set_no:1, svr_info:10|1000001.
Jan 15 10:10:11.731 2019@LM_INFO@ReLoadSvrList server_info set_no:1, svr_info:7|1000001.
Jan 15 10:10:11.731 2019@LM_INFO@ReLoadSvrList server_info set_no:1, svr_info:4|1000001.
Jan 15 10:10:11.731 2019@LM_INFO@ReLoadSvrList server_info set_no:1, svr_info:1|1000001.
Jan 15 10:10:11.731 2019@LM_INFO@ReLoadSvrList server_info set_no:1, svr_info:21|1000001.
Jan 15 10:10:11.731 2019@LM_INFO@ReLoadSvrList server_info set_no:1, svr_info:18|1000001.
Jan 15 10:10:11.731 2019@LM_INFO@ReLoadSvrList server_info set_no:1, svr_info:15|1000001.
Jan 15 10:10:11.731 2019@LM_INFO@ReLoadSvrList server_info set_no:1, svr_info:12|1000001.
Jan 15 10:10:11.731 2019@LM_INFO@ReLoadSvrList server_info set_no:1, svr_info:6|1000001.
Jan 15 10:10:11.731 2019@LM_INFO@ReLoadSvrList server_info set_no:1, svr_info:3|1000001.
Jan 15 10:10:11.731 2019@LM_INFO@ReLoadSvrList server_info set_no:1, svr_info:9|1001101.
Jan 15 10:10:11.731 2019@LM_INFO@ReLoadSvrList server_info set_no:1, svr_info:9|1001201.
Jan 15 10:10:11.731 2019@LM_INFO@ReLoadSvrList server_info set_no:1, svr_info:20|1000001.
Jan 15 10:10:11.731 2019@LM_INFO@ReLoadSvrList server_info set_no:1, svr_info:17|1000001.
Jan 15 10:10:11.731 2019@LM_INFO@ReLoadSvrList server_info set_no:1, svr_info:14|1000001.
Jan 15 10:10:11.731 2019@LM_INFO@ReLoadSvrList server_info set_no:1, svr_info:5|1000001.
Jan 15 10:10:11.731 2019@LM_INFO@ReLoadSvrList server_info set_no:1, svr_info:2|1000001.
Jan 15 10:10:11.731 2019@LM_INFO@ReLoadSvrList server_info set_no:1, svr_info:11|1001101.
Jan 15 10:10:11.731 2019@LM_INFO@ReLoadSvrList server_info set_no:1, svr_info:11|1001201.
Jan 15 10:10:11.731 2019@LM_INFO@ReLoadSvrList server_info set_no:1, svr_info:22|1000001.
Jan 15 10:10:11.731 2019@LM_INFO@ReLoadSvrList server_info set_no:1, svr_info:8|1001101.
Jan 15 10:10:11.732 2019@LM_INFO@Read Server Configure File. [./cfg/gmsvrd.conf] .
Jan 15 10:10:11.732 2019@LM_INFO@Read CommSvrd Server Configure File. [./cfg/gmsvrd.conf] .
Jan 15 10:10:11.734 2019@LM_INFO@MML Console is close.
Jan 15 10:10:11.734 2019@LM_INFO@Console Initialize ret =6019 .
Jan 15 10:10:11.734 2019@LM_INFO@Inst_Gm_Svrd_App::InitInstance end.
Jan 15 10:10:11.734 2019@LM_INFO@Inst_Gm_Svrd_App::Run.
Jan 15 10:20:36.353 2019@LM_INFO@Inst_Gm_Svrd_App Run end.
Jan 15 10:20:36.353 2019@LM_INFO@TransactionManager::~TransactionManager start.
Jan 15 10:20:36.353 2019@LM_INFO@Close all transaction, transc_map_ size =0
Jan 15 10:20:36.353 2019@LM_INFO@Register command:27001 size of pool:64 capacity of pool:64.
Jan 15 10:20:36.368 2019@LM_INFO@Inst_Gm_Svrd_App::ExitInstance begin.
Jan 15 13:11:08.600 2019@LM_INFO@Init QY_Log_Report Succ...
Jan 15 13:11:08.657 2019@LM_INFO@Read DB Conf Configure File. [../../cfg/set_common.conf] .
Jan 15 13:11:08.668 2019@LM_INFO@Read DB Conf From DB. [127.0.0.1|root|qy22players|3306] .
Jan 15 13:11:08.673 2019@LM_INFO@Read GMSvrd DB Config Form Mysql [127.0.0.1] Succ.
Jan 15 13:11:09.602 2019@LM_INFO@Get GMSvrd DB Config Data Succ.
Jan 15 13:11:09.644 2019@LM_INFO@QY_DB_Config_Mgr::Initialize Succ.
Jan 15 13:11:09.689 2019@LM_INFO@Get config db data server_type_=1,server_id_=1000001,lan_ip=2130706433,lan_port=11001,wan_ip_1=0,wan_port_1=0,wan_ip_2=0,wan_port_2=0,udp_lan_ip=0, udp_wan_ip=0, udp_port=0, set_no_=1, game_set_id=0,idc_no_=0,cfg_info_=.
Jan 15 13:11:09.818 2019@LM_INFO@Get config db data server_type_=2,server_id_=1000001,lan_ip=2130706433,lan_port=12001,wan_ip_1=0,wan_port_1=0,wan_ip_2=0,wan_port_2=0,udp_lan_ip=0, udp_wan_ip=0, udp_port=0, set_no_=1, game_set_id=0,idc_no_=0,cfg_info_=.
Jan 15 13:11:09.886 2019@LM_INFO@Get config db data server_type_=3,server_id_=1000001,lan_ip=2130706433,lan_port=13001,wan_ip_1=3232286820,wan_port_1=13001,wan_ip_2=0,wan_port_2=0,udp_lan_ip=0, udp_wan_ip=0, udp_port=0, set_no_=1, game_set_id=0,idc_no_=0,cfg_info_=.
Jan 15 13:11:09.914 2019@LM_INFO@Get config db data server_type_=4,server_id_=1000001,lan_ip=2130706433,lan_port=14001,wan_ip_1=0,wan_port_1=0,wan_ip_2=0,wan_port_2=0,udp_lan_ip=0, udp_wan_ip=0, udp_port=0, set_no_=1, game_set_id=0,idc_no_=0,cfg_info_=.
Jan 15 13:11:09.934 2019@LM_INFO@Get config db data server_type_=5,server_id_=1000001,lan_ip=2130706433,lan_port=15001,wan_ip_1=0,wan_port_1=0,wan_ip_2=0,wan_port_2=0,udp_lan_ip=0, udp_wan_ip=0, udp_port=0, set_no_=1, game_set_id=0,idc_no_=0,cfg_info_=.
Jan 15 13:11:09.949 2019@LM_INFO@Get config db data server_type_=6,server_id_=1000001,lan_ip=2130706433,lan_port=16001,wan_ip_1=3232286820,wan_port_1=16001,wan_ip_2=0,wan_port_2=0,udp_lan_ip=0, udp_wan_ip=0, udp_port=0, set_no_=1, game_set_id=0,idc_no_=0,cfg_info_=.
Jan 15 13:11:09.963 2019@LM_INFO@Get config db data server_type_=7,server_id_=1000001,lan_ip=2130706433,lan_port=17001,wan_ip_1=0,wan_port_1=0,wan_ip_2=0,wan_port_2=0,udp_lan_ip=0, udp_wan_ip=0, udp_port=0, set_no_=1, game_set_id=0,idc_no_=0,cfg_info_=.
Jan 15 13:11:09.989 2019@LM_INFO@Get config db data server_type_=10,server_id_=1000001,lan_ip=2130706433,lan_port=20001,wan_ip_1=0,wan_port_1=0,wan_ip_2=0,wan_port_2=0,udp_lan_ip=0, udp_wan_ip=0, udp_port=0, set_no_=1, game_set_id=0,idc_no_=0,cfg_info_=.
Jan 15 13:11:10.003 2019@LM_INFO@Get config db data server_type_=12,server_id_=1000001,lan_ip=2130706433,lan_port=22001,wan_ip_1=0,wan_port_1=0,wan_ip_2=0,wan_port_2=0,udp_lan_ip=0, udp_wan_ip=0, udp_port=0, set_no_=1, game_set_id=0,idc_no_=0,cfg_info_=.
Jan 15 13:11:10.015 2019@LM_INFO@Get config db data server_type_=13,server_id_=1000001,lan_ip=2130706433,lan_port=23001,wan_ip_1=0,wan_port_1=0,wan_ip_2=0,wan_port_2=0,udp_lan_ip=0, udp_wan_ip=0, udp_port=0, set_no_=1, game_set_id=0,idc_no_=0,cfg_info_=.
Jan 15 13:11:10.032 2019@LM_INFO@Get config db data server_type_=14,server_id_=1000001,lan_ip=2130706433,lan_port=24001,wan_ip_1=0,wan_port_1=0,wan_ip_2=0,wan_port_2=0,udp_lan_ip=0, udp_wan_ip=0, udp_port=0, set_no_=1, game_set_id=0,idc_no_=0,cfg_info_=.
Jan 15 13:11:10.042 2019@LM_INFO@Get config db data server_type_=15,server_id_=1000001,lan_ip=2130706433,lan_port=25001,wan_ip_1=0,wan_port_1=0,wan_ip_2=0,wan_port_2=0,udp_lan_ip=0, udp_wan_ip=0, udp_port=0, set_no_=1, game_set_id=0,idc_no_=0,cfg_info_=.
Jan 15 13:11:10.055 2019@LM_INFO@Get config db data server_type_=17,server_id_=1000001,lan_ip=2130706433,lan_port=27001,wan_ip_1=0,wan_port_1=0,wan_ip_2=0,wan_port_2=0,udp_lan_ip=0, udp_wan_ip=0, udp_port=0, set_no_=1, game_set_id=0,idc_no_=0,cfg_info_=.
Jan 15 13:11:10.155 2019@LM_INFO@Get config db data server_type_=18,server_id_=1000001,lan_ip=2130706433,lan_port=28001,wan_ip_1=0,wan_port_1=0,wan_ip_2=0,wan_port_2=0,udp_lan_ip=0, udp_wan_ip=0, udp_port=0, set_no_=1, game_set_id=0,idc_no_=0,cfg_info_=.
Jan 15 13:11:10.171 2019@LM_INFO@Get config db data server_type_=19,server_id_=1000001,lan_ip=2130706433,lan_port=29001,wan_ip_1=0,wan_port_1=0,wan_ip_2=0,wan_port_2=0,udp_lan_ip=0, udp_wan_ip=0, udp_port=0, set_no_=1, game_set_id=0,idc_no_=0,cfg_info_=.
Jan 15 13:11:10.186 2019@LM_INFO@Get config db data server_type_=20,server_id_=1000001,lan_ip=2130706433,lan_port=30001,wan_ip_1=3232286820,wan_port_1=0,wan_ip_2=0,wan_port_2=0,udp_lan_ip=0, udp_wan_ip=0, udp_port=0, set_no_=1, game_set_id=0,idc_no_=0,cfg_info_=.
Jan 15 13:11:10.206 2019@LM_INFO@Get config db data server_type_=21,server_id_=1000001,lan_ip=2130706433,lan_port=31001,wan_ip_1=0,wan_port_1=0,wan_ip_2=0,wan_port_2=0,udp_lan_ip=0, udp_wan_ip=0, udp_port=0, set_no_=1, game_set_id=0,idc_no_=0,cfg_info_=.
Jan 15 13:11:10.220 2019@LM_INFO@Get config db data server_type_=22,server_id_=1000001,lan_ip=2130706433,lan_port=32001,wan_ip_1=0,wan_port_1=0,wan_ip_2=0,wan_port_2=0,udp_lan_ip=2130706433, udp_wan_ip=3232286820, udp_port=52431, set_no_=1, game_set_id=0,idc_no_=0,cfg_info_=.
Jan 15 13:11:10.234 2019@LM_INFO@Get config db data server_type_=8,server_id_=1001101,lan_ip=2130706433,lan_port=18001,wan_ip_1=0,wan_port_1=0,wan_ip_2=0,wan_port_2=0,udp_lan_ip=0, udp_wan_ip=0, udp_port=0, set_no_=1, game_set_id=11,idc_no_=0,cfg_info_=.
Jan 15 13:11:10.245 2019@LM_INFO@Get config db data server_type_=9,server_id_=1001101,lan_ip=2130706433,lan_port=19001,wan_ip_1=0,wan_port_1=0,wan_ip_2=0,wan_port_2=0,udp_lan_ip=0, udp_wan_ip=0, udp_port=0, set_no_=1, game_set_id=11,idc_no_=0,cfg_info_=.
Jan 15 13:11:10.260 2019@LM_INFO@Get config db data server_type_=11,server_id_=1001101,lan_ip=2130706433,lan_port=21001,wan_ip_1=0,wan_port_1=0,wan_ip_2=0,wan_port_2=0,udp_lan_ip=0, udp_wan_ip=0, udp_port=0, set_no_=1, game_set_id=11,idc_no_=0,cfg_info_=.
Jan 15 13:11:10.271 2019@LM_INFO@Get config db data server_type_=8,server_id_=1001201,lan_ip=2130706433,lan_port=18002,wan_ip_1=0,wan_port_1=0,wan_ip_2=0,wan_port_2=0,udp_lan_ip=0, udp_wan_ip=0, udp_port=0, set_no_=1, game_set_id=12,idc_no_=0,cfg_info_=.
Jan 15 13:11:10.289 2019@LM_INFO@Get config db data server_type_=9,server_id_=1001201,lan_ip=2130706433,lan_port=19002,wan_ip_1=0,wan_port_1=0,wan_ip_2=0,wan_port_2=0,udp_lan_ip=0, udp_wan_ip=0, udp_port=0, set_no_=1, game_set_id=12,idc_no_=0,cfg_info_=.
Jan 15 13:11:10.306 2019@LM_INFO@Get config db data server_type_=11,server_id_=1001201,lan_ip=2130706433,lan_port=21002,wan_ip_1=0,wan_port_1=0,wan_ip_2=0,wan_port_2=0,udp_lan_ip=0, udp_wan_ip=0, udp_port=0, set_no_=1, game_set_id=12,idc_no_=0,cfg_info_=.
Jan 15 13:11:10.357 2019@LM_INFO@ReLoadSvrList server_info set_no:1, svr_info:8|1001201.
Jan 15 13:11:10.368 2019@LM_INFO@ReLoadSvrList server_info set_no:1, svr_info:19|1000001.
Jan 15 13:11:10.397 2019@LM_INFO@ReLoadSvrList server_info set_no:1, svr_info:13|1000001.
Jan 15 13:11:10.400 2019@LM_INFO@ReLoadSvrList server_info set_no:1, svr_info:10|1000001.
Jan 15 13:11:10.410 2019@LM_INFO@ReLoadSvrList server_info set_no:1, svr_info:7|1000001.
Jan 15 13:11:10.412 2019@LM_INFO@ReLoadSvrList server_info set_no:1, svr_info:4|1000001.
Jan 15 13:11:10.416 2019@LM_INFO@ReLoadSvrList server_info set_no:1, svr_info:1|1000001.
Jan 15 13:11:10.428 2019@LM_INFO@ReLoadSvrList server_info set_no:1, svr_info:21|1000001.
Jan 15 13:11:10.430 2019@LM_INFO@ReLoadSvrList server_info set_no:1, svr_info:18|1000001.
Jan 15 13:11:10.431 2019@LM_INFO@ReLoadSvrList server_info set_no:1, svr_info:15|1000001.
Jan 15 13:11:10.437 2019@LM_INFO@ReLoadSvrList server_info set_no:1, svr_info:12|1000001.
Jan 15 13:11:10.443 2019@LM_INFO@ReLoadSvrList server_info set_no:1, svr_info:6|1000001.
Jan 15 13:11:10.445 2019@LM_INFO@ReLoadSvrList server_info set_no:1, svr_info:3|1000001.
Jan 15 13:11:10.450 2019@LM_INFO@ReLoadSvrList server_info set_no:1, svr_info:9|1001101.
Jan 15 13:11:10.452 2019@LM_INFO@ReLoadSvrList server_info set_no:1, svr_info:9|1001201.
Jan 15 13:11:10.459 2019@LM_INFO@ReLoadSvrList server_info set_no:1, svr_info:20|1000001.
Jan 15 13:11:10.460 2019@LM_INFO@ReLoadSvrList server_info set_no:1, svr_info:17|1000001.
Jan 15 13:11:10.472 2019@LM_INFO@ReLoadSvrList server_info set_no:1, svr_info:14|1000001.
Jan 15 13:11:10.480 2019@LM_INFO@ReLoadSvrList server_info set_no:1, svr_info:5|1000001.
Jan 15 13:11:10.483 2019@LM_INFO@ReLoadSvrList server_info set_no:1, svr_info:2|1000001.
Jan 15 13:11:10.483 2019@LM_INFO@ReLoadSvrList server_info set_no:1, svr_info:11|1001101.
Jan 15 13:11:10.493 2019@LM_INFO@ReLoadSvrList server_info set_no:1, svr_info:11|1001201.
Jan 15 13:11:10.498 2019@LM_INFO@ReLoadSvrList server_info set_no:1, svr_info:22|1000001.
Jan 15 13:11:10.499 2019@LM_INFO@ReLoadSvrList server_info set_no:1, svr_info:8|1001101.
Jan 15 13:11:10.501 2019@LM_INFO@Read Server Configure File. [./cfg/gmsvrd.conf] .
Jan 15 13:11:10.502 2019@LM_INFO@Read CommSvrd Server Configure File. [./cfg/gmsvrd.conf] .
Jan 15 13:11:10.507 2019@LM_INFO@MML Console is close.
Jan 15 13:11:10.508 2019@LM_INFO@Console Initialize ret =6019 .
Jan 15 13:11:10.509 2019@LM_INFO@Inst_Gm_Svrd_App::InitInstance end.
Jan 15 13:11:10.520 2019@LM_INFO@Inst_Gm_Svrd_App::Run.
Jan 15 14:22:44.925 2019@LM_INFO@Init QY_Log_Report Succ...
Jan 15 14:22:44.976 2019@LM_INFO@Read DB Conf Configure File. [../../cfg/set_common.conf] .
Jan 15 14:22:44.998 2019@LM_INFO@Read DB Conf From DB. [127.0.0.1|root|qy22players|3306] .
Jan 15 14:22:45.005 2019@LM_INFO@Read GMSvrd DB Config Form Mysql [127.0.0.1] Succ.
Jan 15 14:22:47.300 2019@LM_INFO@Get GMSvrd DB Config Data Succ.
Jan 15 14:22:47.362 2019@LM_INFO@QY_DB_Config_Mgr::Initialize Succ.
Jan 15 14:22:47.457 2019@LM_INFO@Get config db data server_type_=1,server_id_=1000001,lan_ip=2130706433,lan_port=11001,wan_ip_1=0,wan_port_1=0,wan_ip_2=0,wan_port_2=0,udp_lan_ip=0, udp_wan_ip=0, udp_port=0, set_no_=1, game_set_id=0,idc_no_=0,cfg_info_=.
Jan 15 14:22:47.667 2019@LM_INFO@Get config db data server_type_=2,server_id_=1000001,lan_ip=2130706433,lan_port=12001,wan_ip_1=0,wan_port_1=0,wan_ip_2=0,wan_port_2=0,udp_lan_ip=0, udp_wan_ip=0, udp_port=0, set_no_=1, game_set_id=0,idc_no_=0,cfg_info_=.
Jan 15 14:22:47.686 2019@LM_INFO@Get config db data server_type_=3,server_id_=1000001,lan_ip=2130706433,lan_port=13001,wan_ip_1=3232286820,wan_port_1=13001,wan_ip_2=0,wan_port_2=0,udp_lan_ip=0, udp_wan_ip=0, udp_port=0, set_no_=1, game_set_id=0,idc_no_=0,cfg_info_=.
Jan 15 14:22:47.967 2019@LM_INFO@Get config db data server_type_=4,server_id_=1000001,lan_ip=2130706433,lan_port=14001,wan_ip_1=0,wan_port_1=0,wan_ip_2=0,wan_port_2=0,udp_lan_ip=0, udp_wan_ip=0, udp_port=0, set_no_=1, game_set_id=0,idc_no_=0,cfg_info_=.
Jan 15 14:22:48.241 2019@LM_INFO@Get config db data server_type_=5,server_id_=1000001,lan_ip=2130706433,lan_port=15001,wan_ip_1=0,wan_port_1=0,wan_ip_2=0,wan_port_2=0,udp_lan_ip=0, udp_wan_ip=0, udp_port=0, set_no_=1, game_set_id=0,idc_no_=0,cfg_info_=.
Jan 15 14:22:48.392 2019@LM_INFO@Get config db data server_type_=6,server_id_=1000001,lan_ip=2130706433,lan_port=16001,wan_ip_1=3232286820,wan_port_1=16001,wan_ip_2=0,wan_port_2=0,udp_lan_ip=0, udp_wan_ip=0, udp_port=0, set_no_=1, game_set_id=0,idc_no_=0,cfg_info_=.
Jan 15 14:22:48.570 2019@LM_INFO@Get config db data server_type_=7,server_id_=1000001,lan_ip=2130706433,lan_port=17001,wan_ip_1=0,wan_port_1=0,wan_ip_2=0,wan_port_2=0,udp_lan_ip=0, udp_wan_ip=0, udp_port=0, set_no_=1, game_set_id=0,idc_no_=0,cfg_info_=.
Jan 15 14:22:48.682 2019@LM_INFO@Get config db data server_type_=10,server_id_=1000001,lan_ip=2130706433,lan_port=20001,wan_ip_1=0,wan_port_1=0,wan_ip_2=0,wan_port_2=0,udp_lan_ip=0, udp_wan_ip=0, udp_port=0, set_no_=1, game_set_id=0,idc_no_=0,cfg_info_=.
Jan 15 14:22:48.733 2019@LM_INFO@Get config db data server_type_=12,server_id_=1000001,lan_ip=2130706433,lan_port=22001,wan_ip_1=0,wan_port_1=0,wan_ip_2=0,wan_port_2=0,udp_lan_ip=0, udp_wan_ip=0, udp_port=0, set_no_=1, game_set_id=0,idc_no_=0,cfg_info_=.
Jan 15 14:22:48.774 2019@LM_INFO@Get config db data server_type_=13,server_id_=1000001,lan_ip=2130706433,lan_port=23001,wan_ip_1=0,wan_port_1=0,wan_ip_2=0,wan_port_2=0,udp_lan_ip=0, udp_wan_ip=0, udp_port=0, set_no_=1, game_set_id=0,idc_no_=0,cfg_info_=.
Jan 15 14:22:48.796 2019@LM_INFO@Get config db data server_type_=14,server_id_=1000001,lan_ip=2130706433,lan_port=24001,wan_ip_1=0,wan_port_1=0,wan_ip_2=0,wan_port_2=0,udp_lan_ip=0, udp_wan_ip=0, udp_port=0, set_no_=1, game_set_id=0,idc_no_=0,cfg_info_=.
Jan 15 14:22:48.861 2019@LM_INFO@Get config db data server_type_=15,server_id_=1000001,lan_ip=2130706433,lan_port=25001,wan_ip_1=0,wan_port_1=0,wan_ip_2=0,wan_port_2=0,udp_lan_ip=0, udp_wan_ip=0, udp_port=0, set_no_=1, game_set_id=0,idc_no_=0,cfg_info_=.
Jan 15 14:22:48.889 2019@LM_INFO@Get config db data server_type_=17,server_id_=1000001,lan_ip=2130706433,lan_port=27001,wan_ip_1=0,wan_port_1=0,wan_ip_2=0,wan_port_2=0,udp_lan_ip=0, udp_wan_ip=0, udp_port=0, set_no_=1, game_set_id=0,idc_no_=0,cfg_info_=.
Jan 15 14:22:49.049 2019@LM_INFO@Get config db data server_type_=18,server_id_=1000001,lan_ip=2130706433,lan_port=28001,wan_ip_1=0,wan_port_1=0,wan_ip_2=0,wan_port_2=0,udp_lan_ip=0, udp_wan_ip=0, udp_port=0, set_no_=1, game_set_id=0,idc_no_=0,cfg_info_=.
Jan 15 14:22:49.514 2019@LM_INFO@Get config db data server_type_=19,server_id_=1000001,lan_ip=2130706433,lan_port=29001,wan_ip_1=0,wan_port_1=0,wan_ip_2=0,wan_port_2=0,udp_lan_ip=0, udp_wan_ip=0, udp_port=0, set_no_=1, game_set_id=0,idc_no_=0,cfg_info_=.
Jan 15 14:22:49.636 2019@LM_INFO@Get config db data server_type_=20,server_id_=1000001,lan_ip=2130706433,lan_port=30001,wan_ip_1=3232286820,wan_port_1=0,wan_ip_2=0,wan_port_2=0,udp_lan_ip=0, udp_wan_ip=0, udp_port=0, set_no_=1, game_set_id=0,idc_no_=0,cfg_info_=.
Jan 15 14:22:49.656 2019@LM_INFO@Get config db data server_type_=21,server_id_=1000001,lan_ip=2130706433,lan_port=31001,wan_ip_1=0,wan_port_1=0,wan_ip_2=0,wan_port_2=0,udp_lan_ip=0, udp_wan_ip=0, udp_port=0, set_no_=1, game_set_id=0,idc_no_=0,cfg_info_=.
Jan 15 14:22:49.671 2019@LM_INFO@Get config db data server_type_=22,server_id_=1000001,lan_ip=2130706433,lan_port=32001,wan_ip_1=0,wan_port_1=0,wan_ip_2=0,wan_port_2=0,udp_lan_ip=2130706433, udp_wan_ip=3232286820, udp_port=52431, set_no_=1, game_set_id=0,idc_no_=0,cfg_info_=.
Jan 15 14:22:49.684 2019@LM_INFO@Get config db data server_type_=8,server_id_=1001101,lan_ip=2130706433,lan_port=18001,wan_ip_1=0,wan_port_1=0,wan_ip_2=0,wan_port_2=0,udp_lan_ip=0, udp_wan_ip=0, udp_port=0, set_no_=1, game_set_id=11,idc_no_=0,cfg_info_=.
Jan 15 14:22:49.707 2019@LM_INFO@Get config db data server_type_=9,server_id_=1001101,lan_ip=2130706433,lan_port=19001,wan_ip_1=0,wan_port_1=0,wan_ip_2=0,wan_port_2=0,udp_lan_ip=0, udp_wan_ip=0, udp_port=0, set_no_=1, game_set_id=11,idc_no_=0,cfg_info_=.
Jan 15 14:22:49.717 2019@LM_INFO@Get config db data server_type_=11,server_id_=1001101,lan_ip=2130706433,lan_port=21001,wan_ip_1=0,wan_port_1=0,wan_ip_2=0,wan_port_2=0,udp_lan_ip=0, udp_wan_ip=0, udp_port=0, set_no_=1, game_set_id=11,idc_no_=0,cfg_info_=.
Jan 15 14:22:49.856 2019@LM_INFO@Get config db data server_type_=8,server_id_=1001201,lan_ip=2130706433,lan_port=18002,wan_ip_1=0,wan_port_1=0,wan_ip_2=0,wan_port_2=0,udp_lan_ip=0, udp_wan_ip=0, udp_port=0, set_no_=1, game_set_id=12,idc_no_=0,cfg_info_=.
Jan 15 14:22:49.857 2019@LM_INFO@Get config db data server_type_=9,server_id_=1001201,lan_ip=2130706433,lan_port=19002,wan_ip_1=0,wan_port_1=0,wan_ip_2=0,wan_port_2=0,udp_lan_ip=0, udp_wan_ip=0, udp_port=0, set_no_=1, game_set_id=12,idc_no_=0,cfg_info_=.
Jan 15 14:22:49.867 2019@LM_INFO@Get config db data server_type_=11,server_id_=1001201,lan_ip=2130706433,lan_port=21002,wan_ip_1=0,wan_port_1=0,wan_ip_2=0,wan_port_2=0,udp_lan_ip=0, udp_wan_ip=0, udp_port=0, set_no_=1, game_set_id=12,idc_no_=0,cfg_info_=.
Jan 15 14:22:50.029 2019@LM_INFO@ReLoadSvrList server_info set_no:1, svr_info:8|1001201.
Jan 15 14:22:50.093 2019@LM_INFO@ReLoadSvrList server_info set_no:1, svr_info:19|1000001.
Jan 15 14:22:50.094 2019@LM_INFO@ReLoadSvrList server_info set_no:1, svr_info:13|1000001.
Jan 15 14:22:50.287 2019@LM_INFO@ReLoadSvrList server_info set_no:1, svr_info:10|1000001.
Jan 15 14:22:50.288 2019@LM_INFO@ReLoadSvrList server_info set_no:1, svr_info:7|1000001.
Jan 15 14:22:50.299 2019@LM_INFO@ReLoadSvrList server_info set_no:1, svr_info:4|1000001.
Jan 15 14:22:50.322 2019@LM_INFO@ReLoadSvrList server_info set_no:1, svr_info:1|1000001.
Jan 15 14:22:50.322 2019@LM_INFO@ReLoadSvrList server_info set_no:1, svr_info:21|1000001.
Jan 15 14:22:50.329 2019@LM_INFO@ReLoadSvrList server_info set_no:1, svr_info:18|1000001.
Jan 15 14:22:50.346 2019@LM_INFO@ReLoadSvrList server_info set_no:1, svr_info:15|1000001.
Jan 15 14:22:50.346 2019@LM_INFO@ReLoadSvrList server_info set_no:1, svr_info:12|1000001.
Jan 15 14:22:50.347 2019@LM_INFO@ReLoadSvrList server_info set_no:1, svr_info:6|1000001.
Jan 15 14:22:50.355 2019@LM_INFO@ReLoadSvrList server_info set_no:1, svr_info:3|1000001.
Jan 15 14:22:50.392 2019@LM_INFO@ReLoadSvrList server_info set_no:1, svr_info:9|1001101.
Jan 15 14:22:50.393 2019@LM_INFO@ReLoadSvrList server_info set_no:1, svr_info:9|1001201.
Jan 15 14:22:50.401 2019@LM_INFO@ReLoadSvrList server_info set_no:1, svr_info:20|1000001.
Jan 15 14:22:50.454 2019@LM_INFO@ReLoadSvrList server_info set_no:1, svr_info:17|1000001.
Jan 15 14:22:50.455 2019@LM_INFO@ReLoadSvrList server_info set_no:1, svr_info:14|1000001.
Jan 15 14:22:50.457 2019@LM_INFO@ReLoadSvrList server_info set_no:1, svr_info:5|1000001.
Jan 15 14:22:50.496 2019@LM_INFO@ReLoadSvrList server_info set_no:1, svr_info:2|1000001.
Jan 15 14:22:50.497 2019@LM_INFO@ReLoadSvrList server_info set_no:1, svr_info:11|1001101.
Jan 15 14:22:50.497 2019@LM_INFO@ReLoadSvrList server_info set_no:1, svr_info:11|1001201.
Jan 15 14:22:50.497 2019@LM_INFO@ReLoadSvrList server_info set_no:1, svr_info:22|1000001.
Jan 15 14:22:50.502 2019@LM_INFO@ReLoadSvrList server_info set_no:1, svr_info:8|1001101.
Jan 15 14:22:50.507 2019@LM_INFO@Read Server Configure File. [./cfg/gmsvrd.conf] .
Jan 15 14:22:50.508 2019@LM_INFO@Read CommSvrd Server Configure File. [./cfg/gmsvrd.conf] .
Jan 15 14:22:50.508 2019@LM_INFO@MML Console is close.
Jan 15 14:22:50.509 2019@LM_INFO@Console Initialize ret =6019 .
Jan 15 14:22:50.513 2019@LM_INFO@Inst_Gm_Svrd_App::InitInstance end.
Jan 15 14:22:51.077 2019@LM_INFO@Inst_Gm_Svrd_App::Run.
Jan 15 14:57:54.523 2019@LM_INFO@Init QY_Log_Report Succ...
Jan 15 14:57:54.638 2019@LM_INFO@Read DB Conf Configure File. [../../cfg/set_common.conf] .
Jan 15 14:57:54.669 2019@LM_INFO@Read DB Conf From DB. [127.0.0.1|root|qy22players|3306] .
Jan 15 14:57:54.684 2019@LM_INFO@Read GMSvrd DB Config Form Mysql [127.0.0.1] Succ.
Jan 15 14:57:55.767 2019@LM_INFO@Get GMSvrd DB Config Data Succ.
Jan 15 14:57:55.788 2019@LM_INFO@QY_DB_Config_Mgr::Initialize Succ.
Jan 15 14:57:55.852 2019@LM_INFO@Get config db data server_type_=1,server_id_=1000001,lan_ip=2130706433,lan_port=11001,wan_ip_1=0,wan_port_1=0,wan_ip_2=0,wan_port_2=0,udp_lan_ip=0, udp_wan_ip=0, udp_port=0, set_no_=1, game_set_id=0,idc_no_=0,cfg_info_=.
Jan 15 14:57:55.854 2019@LM_INFO@Get config db data server_type_=2,server_id_=1000001,lan_ip=2130706433,lan_port=12001,wan_ip_1=0,wan_port_1=0,wan_ip_2=0,wan_port_2=0,udp_lan_ip=0, udp_wan_ip=0, udp_port=0, set_no_=1, game_set_id=0,idc_no_=0,cfg_info_=.
Jan 15 14:57:55.876 2019@LM_INFO@Get config db data server_type_=3,server_id_=1000001,lan_ip=2130706433,lan_port=13001,wan_ip_1=3232286820,wan_port_1=13001,wan_ip_2=0,wan_port_2=0,udp_lan_ip=0, udp_wan_ip=0, udp_port=0, set_no_=1, game_set_id=0,idc_no_=0,cfg_info_=.
Jan 15 14:57:55.878 2019@LM_INFO@Get config db data server_type_=4,server_id_=1000001,lan_ip=2130706433,lan_port=14001,wan_ip_1=0,wan_port_1=0,wan_ip_2=0,wan_port_2=0,udp_lan_ip=0, udp_wan_ip=0, udp_port=0, set_no_=1, game_set_id=0,idc_no_=0,cfg_info_=.
Jan 15 14:57:55.887 2019@LM_INFO@Get config db data server_type_=5,server_id_=1000001,lan_ip=2130706433,lan_port=15001,wan_ip_1=0,wan_port_1=0,wan_ip_2=0,wan_port_2=0,udp_lan_ip=0, udp_wan_ip=0, udp_port=0, set_no_=1, game_set_id=0,idc_no_=0,cfg_info_=.
Jan 15 14:57:55.895 2019@LM_INFO@Get config db data server_type_=6,server_id_=1000001,lan_ip=2130706433,lan_port=16001,wan_ip_1=3232286820,wan_port_1=16001,wan_ip_2=0,wan_port_2=0,udp_lan_ip=0, udp_wan_ip=0, udp_port=0, set_no_=1, game_set_id=0,idc_no_=0,cfg_info_=.
Jan 15 14:57:55.902 2019@LM_INFO@Get config db data server_type_=7,server_id_=1000001,lan_ip=2130706433,lan_port=17001,wan_ip_1=0,wan_port_1=0,wan_ip_2=0,wan_port_2=0,udp_lan_ip=0, udp_wan_ip=0, udp_port=0, set_no_=1, game_set_id=0,idc_no_=0,cfg_info_=.
Jan 15 14:57:55.910 2019@LM_INFO@Get config db data server_type_=10,server_id_=1000001,lan_ip=2130706433,lan_port=20001,wan_ip_1=0,wan_port_1=0,wan_ip_2=0,wan_port_2=0,udp_lan_ip=0, udp_wan_ip=0, udp_port=0, set_no_=1, game_set_id=0,idc_no_=0,cfg_info_=.
Jan 15 14:57:55.923 2019@LM_INFO@Get config db data server_type_=12,server_id_=1000001,lan_ip=2130706433,lan_port=22001,wan_ip_1=0,wan_port_1=0,wan_ip_2=0,wan_port_2=0,udp_lan_ip=0, udp_wan_ip=0, udp_port=0, set_no_=1, game_set_id=0,idc_no_=0,cfg_info_=.
Jan 15 14:57:55.957 2019@LM_INFO@Get config db data server_type_=13,server_id_=1000001,lan_ip=2130706433,lan_port=23001,wan_ip_1=0,wan_port_1=0,wan_ip_2=0,wan_port_2=0,udp_lan_ip=0, udp_wan_ip=0, udp_port=0, set_no_=1, game_set_id=0,idc_no_=0,cfg_info_=.
Jan 15 14:57:55.982 2019@LM_INFO@Get config db data server_type_=14,server_id_=1000001,lan_ip=2130706433,lan_port=24001,wan_ip_1=0,wan_port_1=0,wan_ip_2=0,wan_port_2=0,udp_lan_ip=0, udp_wan_ip=0, udp_port=0, set_no_=1, game_set_id=0,idc_no_=0,cfg_info_=.
Jan 15 14:57:55.998 2019@LM_INFO@Get config db data server_type_=15,server_id_=1000001,lan_ip=2130706433,lan_port=25001,wan_ip_1=0,wan_port_1=0,wan_ip_2=0,wan_port_2=0,udp_lan_ip=0, udp_wan_ip=0, udp_port=0, set_no_=1, game_set_id=0,idc_no_=0,cfg_info_=.
Jan 15 14:57:56.030 2019@LM_INFO@Get config db data server_type_=17,server_id_=1000001,lan_ip=2130706433,lan_port=27001,wan_ip_1=0,wan_port_1=0,wan_ip_2=0,wan_port_2=0,udp_lan_ip=0, udp_wan_ip=0, udp_port=0, set_no_=1, game_set_id=0,idc_no_=0,cfg_info_=.
Jan 15 14:57:56.042 2019@LM_INFO@Get config db data server_type_=18,server_id_=1000001,lan_ip=2130706433,lan_port=28001,wan_ip_1=0,wan_port_1=0,wan_ip_2=0,wan_port_2=0,udp_lan_ip=0, udp_wan_ip=0, udp_port=0, set_no_=1, game_set_id=0,idc_no_=0,cfg_info_=.
Jan 15 14:57:56.057 2019@LM_INFO@Get config db data server_type_=19,server_id_=1000001,lan_ip=2130706433,lan_port=29001,wan_ip_1=0,wan_port_1=0,wan_ip_2=0,wan_port_2=0,udp_lan_ip=0, udp_wan_ip=0, udp_port=0, set_no_=1, game_set_id=0,idc_no_=0,cfg_info_=.
Jan 15 14:57:56.069 2019@LM_INFO@Get config db data server_type_=20,server_id_=1000001,lan_ip=2130706433,lan_port=30001,wan_ip_1=3232286820,wan_port_1=0,wan_ip_2=0,wan_port_2=0,udp_lan_ip=0, udp_wan_ip=0, udp_port=0, set_no_=1, game_set_id=0,idc_no_=0,cfg_info_=.
Jan 15 14:57:56.081 2019@LM_INFO@Get config db data server_type_=21,server_id_=1000001,lan_ip=2130706433,lan_port=31001,wan_ip_1=0,wan_port_1=0,wan_ip_2=0,wan_port_2=0,udp_lan_ip=0, udp_wan_ip=0, udp_port=0, set_no_=1, game_set_id=0,idc_no_=0,cfg_info_=.
Jan 15 14:57:56.103 2019@LM_INFO@Get config db data server_type_=22,server_id_=1000001,lan_ip=2130706433,lan_port=32001,wan_ip_1=0,wan_port_1=0,wan_ip_2=0,wan_port_2=0,udp_lan_ip=2130706433, udp_wan_ip=3232286820, udp_port=52431, set_no_=1, game_set_id=0,idc_no_=0,cfg_info_=.
Jan 15 14:57:56.113 2019@LM_INFO@Get config db data server_type_=8,server_id_=1001101,lan_ip=2130706433,lan_port=18001,wan_ip_1=0,wan_port_1=0,wan_ip_2=0,wan_port_2=0,udp_lan_ip=0, udp_wan_ip=0, udp_port=0, set_no_=1, game_set_id=11,idc_no_=0,cfg_info_=.
Jan 15 14:57:56.143 2019@LM_INFO@Get config db data server_type_=9,server_id_=1001101,lan_ip=2130706433,lan_port=19001,wan_ip_1=0,wan_port_1=0,wan_ip_2=0,wan_port_2=0,udp_lan_ip=0, udp_wan_ip=0, udp_port=0, set_no_=1, game_set_id=11,idc_no_=0,cfg_info_=.
Jan 15 14:57:56.160 2019@LM_INFO@Get config db data server_type_=11,server_id_=1001101,lan_ip=2130706433,lan_port=21001,wan_ip_1=0,wan_port_1=0,wan_ip_2=0,wan_port_2=0,udp_lan_ip=0, udp_wan_ip=0, udp_port=0, set_no_=1, game_set_id=11,idc_no_=0,cfg_info_=.
Jan 15 14:57:56.202 2019@LM_INFO@Get config db data server_type_=8,server_id_=1001201,lan_ip=2130706433,lan_port=18002,wan_ip_1=0,wan_port_1=0,wan_ip_2=0,wan_port_2=0,udp_lan_ip=0, udp_wan_ip=0, udp_port=0, set_no_=1, game_set_id=12,idc_no_=0,cfg_info_=.
Jan 15 14:57:56.217 2019@LM_INFO@Get config db data server_type_=9,server_id_=1001201,lan_ip=2130706433,lan_port=19002,wan_ip_1=0,wan_port_1=0,wan_ip_2=0,wan_port_2=0,udp_lan_ip=0, udp_wan_ip=0, udp_port=0, set_no_=1, game_set_id=12,idc_no_=0,cfg_info_=.
Jan 15 14:57:56.239 2019@LM_INFO@Get config db data server_type_=11,server_id_=1001201,lan_ip=2130706433,lan_port=21002,wan_ip_1=0,wan_port_1=0,wan_ip_2=0,wan_port_2=0,udp_lan_ip=0, udp_wan_ip=0, udp_port=0, set_no_=1, game_set_id=12,idc_no_=0,cfg_info_=.
Jan 15 14:57:56.254 2019@LM_INFO@ReLoadSvrList server_info set_no:1, svr_info:8|1001201.
Jan 15 14:57:56.262 2019@LM_INFO@ReLoadSvrList server_info set_no:1, svr_info:19|1000001.
Jan 15 14:57:56.275 2019@LM_INFO@ReLoadSvrList server_info set_no:1, svr_info:13|1000001.
Jan 15 14:57:56.276 2019@LM_INFO@ReLoadSvrList server_info set_no:1, svr_info:10|1000001.
Jan 15 14:57:56.278 2019@LM_INFO@ReLoadSvrList server_info set_no:1, svr_info:7|1000001.
Jan 15 14:57:56.295 2019@LM_INFO@ReLoadSvrList server_info set_no:1, svr_info:4|1000001.
Jan 15 14:57:56.305 2019@LM_INFO@ReLoadSvrList server_info set_no:1, svr_info:1|1000001.
Jan 15 14:57:56.306 2019@LM_INFO@ReLoadSvrList server_info set_no:1, svr_info:21|1000001.
Jan 15 14:57:56.319 2019@LM_INFO@ReLoadSvrList server_info set_no:1, svr_info:18|1000001.
Jan 15 14:57:56.321 2019@LM_INFO@ReLoadSvrList server_info set_no:1, svr_info:15|1000001.
Jan 15 14:57:56.330 2019@LM_INFO@ReLoadSvrList server_info set_no:1, svr_info:12|1000001.
Jan 15 14:57:56.351 2019@LM_INFO@ReLoadSvrList server_info set_no:1, svr_info:6|1000001.
Jan 15 14:57:56.352 2019@LM_INFO@ReLoadSvrList server_info set_no:1, svr_info:3|1000001.
Jan 15 14:57:56.352 2019@LM_INFO@ReLoadSvrList server_info set_no:1, svr_info:9|1001101.
Jan 15 14:57:56.360 2019@LM_INFO@ReLoadSvrList server_info set_no:1, svr_info:9|1001201.
Jan 15 14:57:56.362 2019@LM_INFO@ReLoadSvrList server_info set_no:1, svr_info:20|1000001.
Jan 15 14:57:56.377 2019@LM_INFO@ReLoadSvrList server_info set_no:1, svr_info:17|1000001.
Jan 15 14:57:56.387 2019@LM_INFO@ReLoadSvrList server_info set_no:1, svr_info:14|1000001.
Jan 15 14:57:56.388 2019@LM_INFO@ReLoadSvrList server_info set_no:1, svr_info:5|1000001.
Jan 15 14:57:56.389 2019@LM_INFO@ReLoadSvrList server_info set_no:1, svr_info:2|1000001.
Jan 15 14:57:56.389 2019@LM_INFO@ReLoadSvrList server_info set_no:1, svr_info:11|1001101.
Jan 15 14:57:56.390 2019@LM_INFO@ReLoadSvrList server_info set_no:1, svr_info:11|1001201.
Jan 15 14:57:56.408 2019@LM_INFO@ReLoadSvrList server_info set_no:1, svr_info:22|1000001.
Jan 15 14:57:56.409 2019@LM_INFO@ReLoadSvrList server_info set_no:1, svr_info:8|1001101.
Jan 15 14:57:56.410 2019@LM_INFO@Read Server Configure File. [./cfg/gmsvrd.conf] .
Jan 15 14:57:56.418 2019@LM_INFO@Read CommSvrd Server Configure File. [./cfg/gmsvrd.conf] .
Jan 15 14:57:56.419 2019@LM_INFO@MML Console is close.
Jan 15 14:57:56.432 2019@LM_INFO@Console Initialize ret =6019 .
Jan 15 14:57:56.433 2019@LM_INFO@Inst_Gm_Svrd_App::InitInstance end.
Jan 15 14:57:56.434 2019@LM_INFO@Inst_Gm_Svrd_App::Run.
Jan 15 15:25:39.965 2019@LM_INFO@Init QY_Log_Report Succ...
Jan 15 15:25:39.988 2019@LM_INFO@Read DB Conf Configure File. [../../cfg/set_common.conf] .
Jan 15 15:25:39.998 2019@LM_INFO@Read DB Conf From DB. [127.0.0.1|root|qy22players|3306] .
Jan 15 15:25:40.000 2019@LM_INFO@Read GMSvrd DB Config Form Mysql [127.0.0.1] Succ.
Jan 15 15:25:40.757 2019@LM_INFO@Get GMSvrd DB Config Data Succ.
Jan 15 15:25:40.877 2019@LM_INFO@QY_DB_Config_Mgr::Initialize Succ.
Jan 15 15:25:40.888 2019@LM_INFO@Get config db data server_type_=1,server_id_=1000001,lan_ip=2130706433,lan_port=11001,wan_ip_1=0,wan_port_1=0,wan_ip_2=0,wan_port_2=0,udp_lan_ip=0, udp_wan_ip=0, udp_port=0, set_no_=1, game_set_id=0,idc_no_=0,cfg_info_=.
Jan 15 15:25:40.897 2019@LM_INFO@Get config db data server_type_=2,server_id_=1000001,lan_ip=2130706433,lan_port=12001,wan_ip_1=0,wan_port_1=0,wan_ip_2=0,wan_port_2=0,udp_lan_ip=0, udp_wan_ip=0, udp_port=0, set_no_=1, game_set_id=0,idc_no_=0,cfg_info_=.
Jan 15 15:25:40.902 2019@LM_INFO@Get config db data server_type_=3,server_id_=1000001,lan_ip=2130706433,lan_port=13001,wan_ip_1=3232286820,wan_port_1=13001,wan_ip_2=0,wan_port_2=0,udp_lan_ip=0, udp_wan_ip=0, udp_port=0, set_no_=1, game_set_id=0,idc_no_=0,cfg_info_=.
Jan 15 15:25:40.913 2019@LM_INFO@Get config db data server_type_=4,server_id_=1000001,lan_ip=2130706433,lan_port=14001,wan_ip_1=0,wan_port_1=0,wan_ip_2=0,wan_port_2=0,udp_lan_ip=0, udp_wan_ip=0, udp_port=0, set_no_=1, game_set_id=0,idc_no_=0,cfg_info_=.
Jan 15 15:25:40.915 2019@LM_INFO@Get config db data server_type_=5,server_id_=1000001,lan_ip=2130706433,lan_port=15001,wan_ip_1=0,wan_port_1=0,wan_ip_2=0,wan_port_2=0,udp_lan_ip=0, udp_wan_ip=0, udp_port=0, set_no_=1, game_set_id=0,idc_no_=0,cfg_info_=.
Jan 15 15:25:40.930 2019@LM_INFO@Get config db data server_type_=6,server_id_=1000001,lan_ip=2130706433,lan_port=16001,wan_ip_1=3232286820,wan_port_1=16001,wan_ip_2=0,wan_port_2=0,udp_lan_ip=0, udp_wan_ip=0, udp_port=0, set_no_=1, game_set_id=0,idc_no_=0,cfg_info_=.
Jan 15 15:25:40.936 2019@LM_INFO@Get config db data server_type_=7,server_id_=1000001,lan_ip=2130706433,lan_port=17001,wan_ip_1=0,wan_port_1=0,wan_ip_2=0,wan_port_2=0,udp_lan_ip=0, udp_wan_ip=0, udp_port=0, set_no_=1, game_set_id=0,idc_no_=0,cfg_info_=.
Jan 15 15:25:40.955 2019@LM_INFO@Get config db data server_type_=10,server_id_=1000001,lan_ip=2130706433,lan_port=20001,wan_ip_1=0,wan_port_1=0,wan_ip_2=0,wan_port_2=0,udp_lan_ip=0, udp_wan_ip=0, udp_port=0, set_no_=1, game_set_id=0,idc_no_=0,cfg_info_=.
Jan 15 15:25:40.963 2019@LM_INFO@Get config db data server_type_=12,server_id_=1000001,lan_ip=2130706433,lan_port=22001,wan_ip_1=0,wan_port_1=0,wan_ip_2=0,wan_port_2=0,udp_lan_ip=0, udp_wan_ip=0, udp_port=0, set_no_=1, game_set_id=0,idc_no_=0,cfg_info_=.
Jan 15 15:25:40.973 2019@LM_INFO@Get config db data server_type_=13,server_id_=1000001,lan_ip=2130706433,lan_port=23001,wan_ip_1=0,wan_port_1=0,wan_ip_2=0,wan_port_2=0,udp_lan_ip=0, udp_wan_ip=0, udp_port=0, set_no_=1, game_set_id=0,idc_no_=0,cfg_info_=.
Jan 15 15:25:40.984 2019@LM_INFO@Get config db data server_type_=14,server_id_=1000001,lan_ip=2130706433,lan_port=24001,wan_ip_1=0,wan_port_1=0,wan_ip_2=0,wan_port_2=0,udp_lan_ip=0, udp_wan_ip=0, udp_port=0, set_no_=1, game_set_id=0,idc_no_=0,cfg_info_=.
Jan 15 15:25:40.993 2019@LM_INFO@Get config db data server_type_=15,server_id_=1000001,lan_ip=2130706433,lan_port=25001,wan_ip_1=0,wan_port_1=0,wan_ip_2=0,wan_port_2=0,udp_lan_ip=0, udp_wan_ip=0, udp_port=0, set_no_=1, game_set_id=0,idc_no_=0,cfg_info_=.
Jan 15 15:25:41.002 2019@LM_INFO@Get config db data server_type_=17,server_id_=1000001,lan_ip=2130706433,lan_port=27001,wan_ip_1=0,wan_port_1=0,wan_ip_2=0,wan_port_2=0,udp_lan_ip=0, udp_wan_ip=0, udp_port=0, set_no_=1, game_set_id=0,idc_no_=0,cfg_info_=.
Jan 15 15:25:41.013 2019@LM_INFO@Get config db data server_type_=18,server_id_=1000001,lan_ip=2130706433,lan_port=28001,wan_ip_1=0,wan_port_1=0,wan_ip_2=0,wan_port_2=0,udp_lan_ip=0, udp_wan_ip=0, udp_port=0, set_no_=1, game_set_id=0,idc_no_=0,cfg_info_=.
Jan 15 15:25:41.024 2019@LM_INFO@Get config db data server_type_=19,server_id_=1000001,lan_ip=2130706433,lan_port=29001,wan_ip_1=0,wan_port_1=0,wan_ip_2=0,wan_port_2=0,udp_lan_ip=0, udp_wan_ip=0, udp_port=0, set_no_=1, game_set_id=0,idc_no_=0,cfg_info_=.
Jan 15 15:25:41.029 2019@LM_INFO@Get config db data server_type_=20,server_id_=1000001,lan_ip=2130706433,lan_port=30001,wan_ip_1=3232286820,wan_port_1=0,wan_ip_2=0,wan_port_2=0,udp_lan_ip=0, udp_wan_ip=0, udp_port=0, set_no_=1, game_set_id=0,idc_no_=0,cfg_info_=.
Jan 15 15:25:41.041 2019@LM_INFO@Get config db data server_type_=21,server_id_=1000001,lan_ip=2130706433,lan_port=31001,wan_ip_1=0,wan_port_1=0,wan_ip_2=0,wan_port_2=0,udp_lan_ip=0, udp_wan_ip=0, udp_port=0, set_no_=1, game_set_id=0,idc_no_=0,cfg_info_=.
Jan 15 15:25:41.049 2019@LM_INFO@Get config db data server_type_=22,server_id_=1000001,lan_ip=2130706433,lan_port=32001,wan_ip_1=0,wan_port_1=0,wan_ip_2=0,wan_port_2=0,udp_lan_ip=2130706433, udp_wan_ip=3232286820, udp_port=52431, set_no_=1, game_set_id=0,idc_no_=0,cfg_info_=.
Jan 15 15:25:41.067 2019@LM_INFO@Get config db data server_type_=8,server_id_=1001101,lan_ip=2130706433,lan_port=18001,wan_ip_1=0,wan_port_1=0,wan_ip_2=0,wan_port_2=0,udp_lan_ip=0, udp_wan_ip=0, udp_port=0, set_no_=1, game_set_id=11,idc_no_=0,cfg_info_=.
Jan 15 15:25:41.085 2019@LM_INFO@Get config db data server_type_=9,server_id_=1001101,lan_ip=2130706433,lan_port=19001,wan_ip_1=0,wan_port_1=0,wan_ip_2=0,wan_port_2=0,udp_lan_ip=0, udp_wan_ip=0, udp_port=0, set_no_=1, game_set_id=11,idc_no_=0,cfg_info_=.
Jan 15 15:25:41.096 2019@LM_INFO@Get config db data server_type_=11,server_id_=1001101,lan_ip=2130706433,lan_port=21001,wan_ip_1=0,wan_port_1=0,wan_ip_2=0,wan_port_2=0,udp_lan_ip=0, udp_wan_ip=0, udp_port=0, set_no_=1, game_set_id=11,idc_no_=0,cfg_info_=.
Jan 15 15:25:41.120 2019@LM_INFO@Get config db data server_type_=8,server_id_=1001201,lan_ip=2130706433,lan_port=18002,wan_ip_1=0,wan_port_1=0,wan_ip_2=0,wan_port_2=0,udp_lan_ip=0, udp_wan_ip=0, udp_port=0, set_no_=1, game_set_id=12,idc_no_=0,cfg_info_=.
Jan 15 15:25:41.128 2019@LM_INFO@Get config db data server_type_=9,server_id_=1001201,lan_ip=2130706433,lan_port=19002,wan_ip_1=0,wan_port_1=0,wan_ip_2=0,wan_port_2=0,udp_lan_ip=0, udp_wan_ip=0, udp_port=0, set_no_=1, game_set_id=12,idc_no_=0,cfg_info_=.
Jan 15 15:25:41.147 2019@LM_INFO@Get config db data server_type_=11,server_id_=1001201,lan_ip=2130706433,lan_port=21002,wan_ip_1=0,wan_port_1=0,wan_ip_2=0,wan_port_2=0,udp_lan_ip=0, udp_wan_ip=0, udp_port=0, set_no_=1, game_set_id=12,idc_no_=0,cfg_info_=.
Jan 15 15:25:41.167 2019@LM_INFO@ReLoadSvrList server_info set_no:1, svr_info:8|1001201.
Jan 15 15:25:41.176 2019@LM_INFO@ReLoadSvrList server_info set_no:1, svr_info:19|1000001.
Jan 15 15:25:41.177 2019@LM_INFO@ReLoadSvrList server_info set_no:1, svr_info:13|1000001.
Jan 15 15:25:41.182 2019@LM_INFO@ReLoadSvrList server_info set_no:1, svr_info:10|1000001.
Jan 15 15:25:41.185 2019@LM_INFO@ReLoadSvrList server_info set_no:1, svr_info:7|1000001.
Jan 15 15:25:41.198 2019@LM_INFO@ReLoadSvrList server_info set_no:1, svr_info:4|1000001.
Jan 15 15:25:41.204 2019@LM_INFO@ReLoadSvrList server_info set_no:1, svr_info:1|1000001.
Jan 15 15:25:41.206 2019@LM_INFO@ReLoadSvrList server_info set_no:1, svr_info:21|1000001.
Jan 15 15:25:41.207 2019@LM_INFO@ReLoadSvrList server_info set_no:1, svr_info:18|1000001.
Jan 15 15:25:41.208 2019@LM_INFO@ReLoadSvrList server_info set_no:1, svr_info:15|1000001.
Jan 15 15:25:41.212 2019@LM_INFO@ReLoadSvrList server_info set_no:1, svr_info:12|1000001.
Jan 15 15:25:41.217 2019@LM_INFO@ReLoadSvrList server_info set_no:1, svr_info:6|1000001.
Jan 15 15:25:41.218 2019@LM_INFO@ReLoadSvrList server_info set_no:1, svr_info:3|1000001.
Jan 15 15:25:41.220 2019@LM_INFO@ReLoadSvrList server_info set_no:1, svr_info:9|1001101.
Jan 15 15:25:41.225 2019@LM_INFO@ReLoadSvrList server_info set_no:1, svr_info:9|1001201.
Jan 15 15:25:41.227 2019@LM_INFO@ReLoadSvrList server_info set_no:1, svr_info:20|1000001.
Jan 15 15:25:41.230 2019@LM_INFO@ReLoadSvrList server_info set_no:1, svr_info:17|1000001.
Jan 15 15:25:41.235 2019@LM_INFO@ReLoadSvrList server_info set_no:1, svr_info:14|1000001.
Jan 15 15:25:41.240 2019@LM_INFO@ReLoadSvrList server_info set_no:1, svr_info:5|1000001.
Jan 15 15:25:41.241 2019@LM_INFO@ReLoadSvrList server_info set_no:1, svr_info:2|1000001.
Jan 15 15:25:41.242 2019@LM_INFO@ReLoadSvrList server_info set_no:1, svr_info:11|1001101.
Jan 15 15:25:41.244 2019@LM_INFO@ReLoadSvrList server_info set_no:1, svr_info:11|1001201.
Jan 15 15:25:41.246 2019@LM_INFO@ReLoadSvrList server_info set_no:1, svr_info:22|1000001.
Jan 15 15:25:41.249 2019@LM_INFO@ReLoadSvrList server_info set_no:1, svr_info:8|1001101.
Jan 15 15:25:41.255 2019@LM_INFO@Read Server Configure File. [./cfg/gmsvrd.conf] .
Jan 15 15:25:41.256 2019@LM_INFO@Read CommSvrd Server Configure File. [./cfg/gmsvrd.conf] .
Jan 15 15:25:41.270 2019@LM_INFO@MML Console is close.
Jan 15 15:25:41.273 2019@LM_INFO@Console Initialize ret =6019 .
Jan 15 15:25:41.274 2019@LM_INFO@Inst_Gm_Svrd_App::InitInstance end.
Jan 15 15:25:41.274 2019@LM_INFO@Inst_Gm_Svrd_App::Run.
