Jan 16 04:18:16.760 2019@LM_INFO@Init QY_Log_Report Succ...
Jan 16 04:18:16.776 2019@LM_INFO@Read DB Conf Configure File. [../../cfg/set_common.conf] .
Jan 16 04:18:16.777 2019@LM_INFO@Read DB Conf From DB. [127.0.0.1|root|qy22players|3306] .
Jan 16 04:18:16.802 2019@LM_INFO@Read GMSvrd DB Config Form Mysql [127.0.0.1] Succ.
Jan 16 04:18:18.783 2019@LM_INFO@Get GMSvrd DB Config Data Succ.
Jan 16 04:18:19.122 2019@LM_INFO@QY_DB_Config_Mgr::Initialize Succ.
Jan 16 04:18:19.240 2019@LM_INFO@Get config db data server_type_=1,server_id_=1000001,lan_ip=2130706433,lan_port=11001,wan_ip_1=0,wan_port_1=0,wan_ip_2=0,wan_port_2=0,udp_lan_ip=0, udp_wan_ip=0, udp_port=0, set_no_=1, game_set_id=0,idc_no_=0,cfg_info_=.
Jan 16 04:18:19.287 2019@LM_INFO@Get config db data server_type_=2,server_id_=1000001,lan_ip=2130706433,lan_port=12001,wan_ip_1=0,wan_port_1=0,wan_ip_2=0,wan_port_2=0,udp_lan_ip=0, udp_wan_ip=0, udp_port=0, set_no_=1, game_set_id=0,idc_no_=0,cfg_info_=.
Jan 16 04:18:19.330 2019@LM_INFO@Get config db data server_type_=3,server_id_=1000001,lan_ip=2130706433,lan_port=13001,wan_ip_1=3232286820,wan_port_1=13001,wan_ip_2=0,wan_port_2=0,udp_lan_ip=0, udp_wan_ip=0, udp_port=0, set_no_=1, game_set_id=0,idc_no_=0,cfg_info_=.
Jan 16 04:18:19.359 2019@LM_INFO@Get config db data server_type_=4,server_id_=1000001,lan_ip=2130706433,lan_port=14001,wan_ip_1=0,wan_port_1=0,wan_ip_2=0,wan_port_2=0,udp_lan_ip=0, udp_wan_ip=0, udp_port=0, set_no_=1, game_set_id=0,idc_no_=0,cfg_info_=.
Jan 16 04:18:19.430 2019@LM_INFO@Get config db data server_type_=5,server_id_=1000001,lan_ip=2130706433,lan_port=15001,wan_ip_1=0,wan_port_1=0,wan_ip_2=0,wan_port_2=0,udp_lan_ip=0, udp_wan_ip=0, udp_port=0, set_no_=1, game_set_id=0,idc_no_=0,cfg_info_=.
Jan 16 04:18:19.475 2019@LM_INFO@Get config db data server_type_=6,server_id_=1000001,lan_ip=2130706433,lan_port=16001,wan_ip_1=3232286820,wan_port_1=16001,wan_ip_2=0,wan_port_2=0,udp_lan_ip=0, udp_wan_ip=0, udp_port=0, set_no_=1, game_set_id=0,idc_no_=0,cfg_info_=.
Jan 16 04:18:19.504 2019@LM_INFO@Get config db data server_type_=7,server_id_=1000001,lan_ip=2130706433,lan_port=17001,wan_ip_1=0,wan_port_1=0,wan_ip_2=0,wan_port_2=0,udp_lan_ip=0, udp_wan_ip=0, udp_port=0, set_no_=1, game_set_id=0,idc_no_=0,cfg_info_=.
Jan 16 04:18:19.517 2019@LM_INFO@Get config db data server_type_=10,server_id_=1000001,lan_ip=2130706433,lan_port=20001,wan_ip_1=0,wan_port_1=0,wan_ip_2=0,wan_port_2=0,udp_lan_ip=0, udp_wan_ip=0, udp_port=0, set_no_=1, game_set_id=0,idc_no_=0,cfg_info_=.
Jan 16 04:18:19.550 2019@LM_INFO@Get config db data server_type_=12,server_id_=1000001,lan_ip=2130706433,lan_port=22001,wan_ip_1=0,wan_port_1=0,wan_ip_2=0,wan_port_2=0,udp_lan_ip=0, udp_wan_ip=0, udp_port=0, set_no_=1, game_set_id=0,idc_no_=0,cfg_info_=.
Jan 16 04:18:19.574 2019@LM_INFO@Get config db data server_type_=13,server_id_=1000001,lan_ip=2130706433,lan_port=23001,wan_ip_1=0,wan_port_1=0,wan_ip_2=0,wan_port_2=0,udp_lan_ip=0, udp_wan_ip=0, udp_port=0, set_no_=1, game_set_id=0,idc_no_=0,cfg_info_=.
Jan 16 04:18:19.651 2019@LM_INFO@Get config db data server_type_=14,server_id_=1000001,lan_ip=2130706433,lan_port=24001,wan_ip_1=0,wan_port_1=0,wan_ip_2=0,wan_port_2=0,udp_lan_ip=0, udp_wan_ip=0, udp_port=0, set_no_=1, game_set_id=0,idc_no_=0,cfg_info_=.
Jan 16 04:18:19.726 2019@LM_INFO@Get config db data server_type_=15,server_id_=1000001,lan_ip=2130706433,lan_port=25001,wan_ip_1=0,wan_port_1=0,wan_ip_2=0,wan_port_2=0,udp_lan_ip=0, udp_wan_ip=0, udp_port=0, set_no_=1, game_set_id=0,idc_no_=0,cfg_info_=.
Jan 16 04:18:19.803 2019@LM_INFO@Get config db data server_type_=17,server_id_=1000001,lan_ip=2130706433,lan_port=27001,wan_ip_1=0,wan_port_1=0,wan_ip_2=0,wan_port_2=0,udp_lan_ip=0, udp_wan_ip=0, udp_port=0, set_no_=1, game_set_id=0,idc_no_=0,cfg_info_=.
Jan 16 04:18:19.821 2019@LM_INFO@Get config db data server_type_=18,server_id_=1000001,lan_ip=2130706433,lan_port=28001,wan_ip_1=0,wan_port_1=0,wan_ip_2=0,wan_port_2=0,udp_lan_ip=0, udp_wan_ip=0, udp_port=0, set_no_=1, game_set_id=0,idc_no_=0,cfg_info_=.
Jan 16 04:18:19.853 2019@LM_INFO@Get config db data server_type_=19,server_id_=1000001,lan_ip=2130706433,lan_port=29001,wan_ip_1=0,wan_port_1=0,wan_ip_2=0,wan_port_2=0,udp_lan_ip=0, udp_wan_ip=0, udp_port=0, set_no_=1, game_set_id=0,idc_no_=0,cfg_info_=.
Jan 16 04:18:19.882 2019@LM_INFO@Get config db data server_type_=20,server_id_=1000001,lan_ip=2130706433,lan_port=30001,wan_ip_1=3232286820,wan_port_1=0,wan_ip_2=0,wan_port_2=0,udp_lan_ip=0, udp_wan_ip=0, udp_port=0, set_no_=1, game_set_id=0,idc_no_=0,cfg_info_=.
Jan 16 04:18:20.071 2019@LM_INFO@Get config db data server_type_=21,server_id_=1000001,lan_ip=2130706433,lan_port=31001,wan_ip_1=0,wan_port_1=0,wan_ip_2=0,wan_port_2=0,udp_lan_ip=0, udp_wan_ip=0, udp_port=0, set_no_=1, game_set_id=0,idc_no_=0,cfg_info_=.
Jan 16 04:18:20.146 2019@LM_INFO@Get config db data server_type_=22,server_id_=1000001,lan_ip=2130706433,lan_port=32001,wan_ip_1=0,wan_port_1=0,wan_ip_2=0,wan_port_2=0,udp_lan_ip=2130706433, udp_wan_ip=3232286820, udp_port=52431, set_no_=1, game_set_id=0,idc_no_=0,cfg_info_=.
Jan 16 04:18:20.172 2019@LM_INFO@Get config db data server_type_=8,server_id_=1001101,lan_ip=2130706433,lan_port=18001,wan_ip_1=0,wan_port_1=0,wan_ip_2=0,wan_port_2=0,udp_lan_ip=0, udp_wan_ip=0, udp_port=0, set_no_=1, game_set_id=11,idc_no_=0,cfg_info_=.
Jan 16 04:18:20.198 2019@LM_INFO@Get config db data server_type_=9,server_id_=1001101,lan_ip=2130706433,lan_port=19001,wan_ip_1=0,wan_port_1=0,wan_ip_2=0,wan_port_2=0,udp_lan_ip=0, udp_wan_ip=0, udp_port=0, set_no_=1, game_set_id=11,idc_no_=0,cfg_info_=.
Jan 16 04:18:20.226 2019@LM_INFO@Get config db data server_type_=11,server_id_=1001101,lan_ip=2130706433,lan_port=21001,wan_ip_1=0,wan_port_1=0,wan_ip_2=0,wan_port_2=0,udp_lan_ip=0, udp_wan_ip=0, udp_port=0, set_no_=1, game_set_id=11,idc_no_=0,cfg_info_=.
Jan 16 04:18:20.238 2019@LM_INFO@Get config db data server_type_=8,server_id_=1001201,lan_ip=2130706433,lan_port=18002,wan_ip_1=0,wan_port_1=0,wan_ip_2=0,wan_port_2=0,udp_lan_ip=0, udp_wan_ip=0, udp_port=0, set_no_=1, game_set_id=12,idc_no_=0,cfg_info_=.
Jan 16 04:18:20.259 2019@LM_INFO@Get config db data server_type_=9,server_id_=1001201,lan_ip=2130706433,lan_port=19002,wan_ip_1=0,wan_port_1=0,wan_ip_2=0,wan_port_2=0,udp_lan_ip=0, udp_wan_ip=0, udp_port=0, set_no_=1, game_set_id=12,idc_no_=0,cfg_info_=.
Jan 16 04:18:20.275 2019@LM_INFO@Get config db data server_type_=11,server_id_=1001201,lan_ip=2130706433,lan_port=21002,wan_ip_1=0,wan_port_1=0,wan_ip_2=0,wan_port_2=0,udp_lan_ip=0, udp_wan_ip=0, udp_port=0, set_no_=1, game_set_id=12,idc_no_=0,cfg_info_=.
Jan 16 04:18:20.305 2019@LM_INFO@ReLoadSvrList server_info set_no:1, svr_info:8|1001201.
Jan 16 04:18:20.318 2019@LM_INFO@ReLoadSvrList server_info set_no:1, svr_info:19|1000001.
Jan 16 04:18:20.329 2019@LM_INFO@ReLoadSvrList server_info set_no:1, svr_info:13|1000001.
Jan 16 04:18:20.336 2019@LM_INFO@ReLoadSvrList server_info set_no:1, svr_info:10|1000001.
Jan 16 04:18:20.337 2019@LM_INFO@ReLoadSvrList server_info set_no:1, svr_info:7|1000001.
Jan 16 04:18:20.354 2019@LM_INFO@ReLoadSvrList server_info set_no:1, svr_info:4|1000001.
Jan 16 04:18:20.357 2019@LM_INFO@ReLoadSvrList server_info set_no:1, svr_info:1|1000001.
Jan 16 04:18:20.441 2019@LM_INFO@ReLoadSvrList server_info set_no:1, svr_info:21|1000001.
Jan 16 04:18:20.451 2019@LM_INFO@ReLoadSvrList server_info set_no:1, svr_info:18|1000001.
Jan 16 04:18:20.460 2019@LM_INFO@ReLoadSvrList server_info set_no:1, svr_info:15|1000001.
Jan 16 04:18:20.462 2019@LM_INFO@ReLoadSvrList server_info set_no:1, svr_info:12|1000001.
Jan 16 04:18:20.469 2019@LM_INFO@ReLoadSvrList server_info set_no:1, svr_info:6|1000001.
Jan 16 04:18:20.471 2019@LM_INFO@ReLoadSvrList server_info set_no:1, svr_info:3|1000001.
Jan 16 04:18:20.480 2019@LM_INFO@ReLoadSvrList server_info set_no:1, svr_info:9|1001101.
Jan 16 04:18:20.490 2019@LM_INFO@ReLoadSvrList server_info set_no:1, svr_info:9|1001201.
Jan 16 04:18:20.491 2019@LM_INFO@ReLoadSvrList server_info set_no:1, svr_info:20|1000001.
Jan 16 04:18:20.492 2019@LM_INFO@ReLoadSvrList server_info set_no:1, svr_info:17|1000001.
Jan 16 04:18:20.500 2019@LM_INFO@ReLoadSvrList server_info set_no:1, svr_info:14|1000001.
Jan 16 04:18:20.509 2019@LM_INFO@ReLoadSvrList server_info set_no:1, svr_info:5|1000001.
Jan 16 04:18:20.509 2019@LM_INFO@ReLoadSvrList server_info set_no:1, svr_info:2|1000001.
Jan 16 04:18:20.510 2019@LM_INFO@ReLoadSvrList server_info set_no:1, svr_info:11|1001101.
Jan 16 04:18:20.510 2019@LM_INFO@ReLoadSvrList server_info set_no:1, svr_info:11|1001201.
Jan 16 04:18:20.519 2019@LM_INFO@ReLoadSvrList server_info set_no:1, svr_info:22|1000001.
Jan 16 04:18:20.520 2019@LM_INFO@ReLoadSvrList server_info set_no:1, svr_info:8|1001101.
Jan 16 04:18:20.521 2019@LM_INFO@Read Server Configure File. [./cfg/gmsvrd.conf] .
Jan 16 04:18:20.536 2019@LM_INFO@Read CommSvrd Server Configure File. [./cfg/gmsvrd.conf] .
Jan 16 04:18:20.539 2019@LM_INFO@MML Console is close.
Jan 16 04:18:20.548 2019@LM_INFO@Console Initialize ret =6019 .
Jan 16 04:18:20.549 2019@LM_INFO@Inst_Gm_Svrd_App::InitInstance end.
Jan 16 04:18:20.549 2019@LM_INFO@Inst_Gm_Svrd_App::Run.
