Apr  2 20:42:53.103 2021@LM_DEBUG@[db_process_query]SQL:[SELECT svr_type, svr_id,lan_ip,lan_port,wan_ip_1,wan_port_1,wan_ip_2,wan_port_2,udp_lan_ip,udp_wan_ip,udp_port,set_id,game_set_id,idc_no,svr_info FROM yt_cfg.server_info WHERE valid=1 order by svr_id; ]
Apr  2 20:42:53.144 2021@LM_INFO@Get config db data server_type_=1,server_id_=1000001,lan_ip=2130706433,lan_port=11001,wan_ip_1=0,wan_port_1=0,wan_ip_2=0,wan_port_2=0,udp_lan_ip=0, udp_wan_ip=0, udp_port=0, set_no_=1, game_set_id=0,idc_no_=0,cfg_info_=.
Apr  2 20:42:53.209 2021@LM_INFO@Get config db data server_type_=2,server_id_=1000001,lan_ip=2130706433,lan_port=12001,wan_ip_1=0,wan_port_1=0,wan_ip_2=0,wan_port_2=0,udp_lan_ip=0, udp_wan_ip=0, udp_port=0, set_no_=1, game_set_id=0,idc_no_=0,cfg_info_=.
Apr  2 20:42:53.235 2021@LM_INFO@Get config db data server_type_=3,server_id_=1000001,lan_ip=2130706433,lan_port=13001,wan_ip_1=3232286820,wan_port_1=13001,wan_ip_2=0,wan_port_2=0,udp_lan_ip=0, udp_wan_ip=0, udp_port=0, set_no_=1, game_set_id=0,idc_no_=0,cfg_info_=.
Apr  2 20:42:53.260 2021@LM_INFO@Get config db data server_type_=4,server_id_=1000001,lan_ip=2130706433,lan_port=14001,wan_ip_1=0,wan_port_1=0,wan_ip_2=0,wan_port_2=0,udp_lan_ip=0, udp_wan_ip=0, udp_port=0, set_no_=1, game_set_id=0,idc_no_=0,cfg_info_=.
Apr  2 20:42:53.354 2021@LM_INFO@Get config db data server_type_=5,server_id_=1000001,lan_ip=2130706433,lan_port=15001,wan_ip_1=0,wan_port_1=0,wan_ip_2=0,wan_port_2=0,udp_lan_ip=0, udp_wan_ip=0, udp_port=0, set_no_=1, game_set_id=0,idc_no_=0,cfg_info_=.
Apr  2 20:42:53.366 2021@LM_INFO@Get config db data server_type_=6,server_id_=1000001,lan_ip=2130706433,lan_port=16001,wan_ip_1=3232286820,wan_port_1=16001,wan_ip_2=0,wan_port_2=0,udp_lan_ip=0, udp_wan_ip=0, udp_port=0, set_no_=1, game_set_id=0,idc_no_=0,cfg_info_=.
Apr  2 20:42:53.395 2021@LM_INFO@Get config db data server_type_=7,server_id_=1000001,lan_ip=2130706433,lan_port=17001,wan_ip_1=0,wan_port_1=0,wan_ip_2=0,wan_port_2=0,udp_lan_ip=0, udp_wan_ip=0, udp_port=0, set_no_=1, game_set_id=0,idc_no_=0,cfg_info_=.
Apr  2 20:42:53.406 2021@LM_INFO@Get config db data server_type_=10,server_id_=1000001,lan_ip=2130706433,lan_port=20001,wan_ip_1=0,wan_port_1=0,wan_ip_2=0,wan_port_2=0,udp_lan_ip=0, udp_wan_ip=0, udp_port=0, set_no_=1, game_set_id=0,idc_no_=0,cfg_info_=.
Apr  2 20:42:53.436 2021@LM_INFO@Get config db data server_type_=12,server_id_=1000001,lan_ip=2130706433,lan_port=22001,wan_ip_1=0,wan_port_1=0,wan_ip_2=0,wan_port_2=0,udp_lan_ip=0, udp_wan_ip=0, udp_port=0, set_no_=1, game_set_id=0,idc_no_=0,cfg_info_=.
Apr  2 20:42:53.459 2021@LM_INFO@Get config db data server_type_=13,server_id_=1000001,lan_ip=2130706433,lan_port=23001,wan_ip_1=0,wan_port_1=0,wan_ip_2=0,wan_port_2=0,udp_lan_ip=0, udp_wan_ip=0, udp_port=0, set_no_=1, game_set_id=0,idc_no_=0,cfg_info_=.
Apr  2 20:42:53.484 2021@LM_INFO@Get config db data server_type_=14,server_id_=1000001,lan_ip=2130706433,lan_port=24001,wan_ip_1=0,wan_port_1=0,wan_ip_2=0,wan_port_2=0,udp_lan_ip=0, udp_wan_ip=0, udp_port=0, set_no_=1, game_set_id=0,idc_no_=0,cfg_info_=.
Apr  2 20:42:53.530 2021@LM_INFO@Get config db data server_type_=15,server_id_=1000001,lan_ip=2130706433,lan_port=25001,wan_ip_1=0,wan_port_1=0,wan_ip_2=0,wan_port_2=0,udp_lan_ip=0, udp_wan_ip=0, udp_port=0, set_no_=1, game_set_id=0,idc_no_=0,cfg_info_=.
Apr  2 20:42:53.564 2021@LM_INFO@Get config db data server_type_=17,server_id_=1000001,lan_ip=2130706433,lan_port=27001,wan_ip_1=0,wan_port_1=0,wan_ip_2=0,wan_port_2=0,udp_lan_ip=0, udp_wan_ip=0, udp_port=0, set_no_=1, game_set_id=0,idc_no_=0,cfg_info_=.
Apr  2 20:42:53.609 2021@LM_INFO@Get config db data server_type_=18,server_id_=1000001,lan_ip=2130706433,lan_port=28001,wan_ip_1=0,wan_port_1=0,wan_ip_2=0,wan_port_2=0,udp_lan_ip=0, udp_wan_ip=0, udp_port=0, set_no_=1, game_set_id=0,idc_no_=0,cfg_info_=.
Apr  2 20:42:53.633 2021@LM_INFO@Get config db data server_type_=19,server_id_=1000001,lan_ip=2130706433,lan_port=29001,wan_ip_1=0,wan_port_1=0,wan_ip_2=0,wan_port_2=0,udp_lan_ip=0, udp_wan_ip=0, udp_port=0, set_no_=1, game_set_id=0,idc_no_=0,cfg_info_=.
Apr  2 20:42:53.738 2021@LM_INFO@Get config db data server_type_=20,server_id_=1000001,lan_ip=2130706433,lan_port=30001,wan_ip_1=3232286820,wan_port_1=0,wan_ip_2=0,wan_port_2=0,udp_lan_ip=0, udp_wan_ip=0, udp_port=0, set_no_=1, game_set_id=0,idc_no_=0,cfg_info_=.
Apr  2 20:42:53.771 2021@LM_INFO@Get config db data server_type_=21,server_id_=1000001,lan_ip=2130706433,lan_port=31001,wan_ip_1=0,wan_port_1=0,wan_ip_2=0,wan_port_2=0,udp_lan_ip=0, udp_wan_ip=0, udp_port=0, set_no_=1, game_set_id=0,idc_no_=0,cfg_info_=.
Apr  2 20:42:53.790 2021@LM_INFO@Get config db data server_type_=22,server_id_=1000001,lan_ip=2130706433,lan_port=32001,wan_ip_1=0,wan_port_1=0,wan_ip_2=0,wan_port_2=0,udp_lan_ip=2130706433, udp_wan_ip=3232286820, udp_port=52431, set_no_=1, game_set_id=0,idc_no_=0,cfg_info_=.
Apr  2 20:42:53.799 2021@LM_INFO@Get config db data server_type_=8,server_id_=1001101,lan_ip=2130706433,lan_port=18001,wan_ip_1=0,wan_port_1=0,wan_ip_2=0,wan_port_2=0,udp_lan_ip=0, udp_wan_ip=0, udp_port=0, set_no_=1, game_set_id=11,idc_no_=0,cfg_info_=.
Apr  2 20:42:53.822 2021@LM_INFO@Get config db data server_type_=9,server_id_=1001101,lan_ip=2130706433,lan_port=19001,wan_ip_1=0,wan_port_1=0,wan_ip_2=0,wan_port_2=0,udp_lan_ip=0, udp_wan_ip=0, udp_port=0, set_no_=1, game_set_id=11,idc_no_=0,cfg_info_=.
Apr  2 20:42:53.867 2021@LM_INFO@Get config db data server_type_=11,server_id_=1001101,lan_ip=2130706433,lan_port=21001,wan_ip_1=0,wan_port_1=0,wan_ip_2=0,wan_port_2=0,udp_lan_ip=0, udp_wan_ip=0, udp_port=0, set_no_=1, game_set_id=11,idc_no_=0,cfg_info_=.
Apr  2 20:42:53.873 2021@LM_INFO@Get config db data server_type_=8,server_id_=1001201,lan_ip=2130706433,lan_port=18002,wan_ip_1=0,wan_port_1=0,wan_ip_2=0,wan_port_2=0,udp_lan_ip=0, udp_wan_ip=0, udp_port=0, set_no_=1, game_set_id=12,idc_no_=0,cfg_info_=.
Apr  2 20:42:53.900 2021@LM_INFO@Get config db data server_type_=9,server_id_=1001201,lan_ip=2130706433,lan_port=19002,wan_ip_1=0,wan_port_1=0,wan_ip_2=0,wan_port_2=0,udp_lan_ip=0, udp_wan_ip=0, udp_port=0, set_no_=1, game_set_id=12,idc_no_=0,cfg_info_=.
Apr  2 20:42:53.962 2021@LM_INFO@Get config db data server_type_=11,server_id_=1001201,lan_ip=2130706433,lan_port=21002,wan_ip_1=0,wan_port_1=0,wan_ip_2=0,wan_port_2=0,udp_lan_ip=0, udp_wan_ip=0, udp_port=0, set_no_=1, game_set_id=12,idc_no_=0,cfg_info_=.
Apr  2 20:42:53.995 2021@LM_INFO@ReLoadSvrList server_info set_no:1, svr_info:8|1001201.
Apr  2 20:42:54.039 2021@LM_INFO@ReLoadSvrList server_info set_no:1, svr_info:19|1000001.
Apr  2 20:42:54.045 2021@LM_INFO@ReLoadSvrList server_info set_no:1, svr_info:13|1000001.
Apr  2 20:42:54.046 2021@LM_INFO@ReLoadSvrList server_info set_no:1, svr_info:10|1000001.
Apr  2 20:42:54.058 2021@LM_INFO@ReLoadSvrList server_info set_no:1, svr_info:7|1000001.
Apr  2 20:42:54.065 2021@LM_INFO@ReLoadSvrList server_info set_no:1, svr_info:4|1000001.
Apr  2 20:42:54.065 2021@LM_INFO@ReLoadSvrList server_info set_no:1, svr_info:1|1000001.
Apr  2 20:42:54.080 2021@LM_INFO@ReLoadSvrList server_info set_no:1, svr_info:21|1000001.
Apr  2 20:42:54.081 2021@LM_INFO@ReLoadSvrList server_info set_no:1, svr_info:18|1000001.
Apr  2 20:42:54.082 2021@LM_INFO@ReLoadSvrList server_info set_no:1, svr_info:15|1000001.
Apr  2 20:42:54.097 2021@LM_INFO@ReLoadSvrList server_info set_no:1, svr_info:12|1000001.
Apr  2 20:42:54.098 2021@LM_INFO@ReLoadSvrList server_info set_no:1, svr_info:6|1000001.
Apr  2 20:42:54.098 2021@LM_INFO@ReLoadSvrList server_info set_no:1, svr_info:3|1000001.
Apr  2 20:42:54.117 2021@LM_INFO@ReLoadSvrList server_info set_no:1, svr_info:9|1001101.
Apr  2 20:42:54.126 2021@LM_INFO@ReLoadSvrList server_info set_no:1, svr_info:9|1001201.
Apr  2 20:42:54.127 2021@LM_INFO@ReLoadSvrList server_info set_no:1, svr_info:20|1000001.
Apr  2 20:42:54.177 2021@LM_INFO@ReLoadSvrList server_info set_no:1, svr_info:17|1000001.
Apr  2 20:42:54.184 2021@LM_INFO@ReLoadSvrList server_info set_no:1, svr_info:14|1000001.
Apr  2 20:42:54.185 2021@LM_INFO@ReLoadSvrList server_info set_no:1, svr_info:5|1000001.
Apr  2 20:42:54.193 2021@LM_INFO@ReLoadSvrList server_info set_no:1, svr_info:2|1000001.
Apr  2 20:42:54.210 2021@LM_INFO@ReLoadSvrList server_info set_no:1, svr_info:11|1001101.
Apr  2 20:42:54.211 2021@LM_INFO@ReLoadSvrList server_info set_no:1, svr_info:11|1001201.
Apr  2 20:42:54.225 2021@LM_INFO@ReLoadSvrList server_info set_no:1, svr_info:22|1000001.
Apr  2 20:42:54.254 2021@LM_INFO@ReLoadSvrList server_info set_no:1, svr_info:8|1001101.
Apr  2 20:42:54.255 2021@LM_INFO@Read Server Configure File. [./cfg/trfsvrd.conf] .
Apr  2 20:42:54.255 2021@LM_INFO@Read CommSvrd Server Configure File. [./cfg/trfsvrd.conf] .
Apr  2 20:42:54.283 2021@LM_INFO@Inst_Trf_Svrd_App::InitInstance end.
Apr  2 20:42:54.294 2021@LM_INFO@Inst_Trf_Svrd_App::Run.
Apr  2 20:42:54.324 2021@LM_DEBUG@[Out Pkg head:]Len:46 PkgFlag:0x0 SvrPkgFlag:0x0 Cmd:28203 Uin:0 TransID:0 Sendip:0 Rcvsvr:9002|1 Sndsvr:7|1000001
Apr  2 20:42:54.395 2021@LM_DEBUG@[Out Pkg head:]Len:46 PkgFlag:0x0 SvrPkgFlag:0x0 Cmd:28303 Uin:0 TransID:0 Sendip:0 Rcvsvr:9005|1 Sndsvr:7|1000001
Apr  2 20:42:54.396 2021@LM_DEBUG@Send Dir Report Data, Success.
Apr  2 20:43:04.322 2021@LM_DEBUG@Send Dir Report Data, Success.
Apr  2 20:43:14.746 2021@LM_DEBUG@Send Dir Report Data, Success.
Apr  2 20:43:23.215 2021@LM_DEBUG@[Out Pkg head:]Len:46 PkgFlag:0x0 SvrPkgFlag:0x0 Cmd:28203 Uin:0 TransID:0 Sendip:0 Rcvsvr:9002|1 Sndsvr:7|1000001
Apr  2 20:43:23.217 2021@LM_DEBUG@[Out Pkg head:]Len:46 PkgFlag:0x0 SvrPkgFlag:0x0 Cmd:28303 Uin:0 TransID:0 Sendip:0 Rcvsvr:9005|1 Sndsvr:7|1000001
Apr  2 20:43:24.283 2021@LM_DEBUG@Send Dir Report Data, Success.
Apr  2 20:43:34.283 2021@LM_DEBUG@Send Dir Report Data, Success.
Apr  2 20:43:44.283 2021@LM_DEBUG@Send Dir Report Data, Success.
Apr  2 20:43:53.413 2021@LM_DEBUG@[Out Pkg head:]Len:46 PkgFlag:0x0 SvrPkgFlag:0x0 Cmd:28203 Uin:0 TransID:0 Sendip:0 Rcvsvr:9002|1 Sndsvr:7|1000001
Apr  2 20:43:53.415 2021@LM_DEBUG@[Out Pkg head:]Len:46 PkgFlag:0x0 SvrPkgFlag:0x0 Cmd:28303 Uin:0 TransID:0 Sendip:0 Rcvsvr:9005|1 Sndsvr:7|1000001
Apr  2 20:43:54.283 2021@LM_DEBUG@Send Dir Report Data, Success.
Apr  2 20:44:04.284 2021@LM_DEBUG@Send Dir Report Data, Success.
Apr  2 20:44:14.283 2021@LM_DEBUG@Send Dir Report Data, Success.
Apr  2 20:44:23.254 2021@LM_DEBUG@[Out Pkg head:]Len:46 PkgFlag:0x0 SvrPkgFlag:0x0 Cmd:28203 Uin:0 TransID:0 Sendip:0 Rcvsvr:9002|1 Sndsvr:7|1000001
Apr  2 20:44:23.290 2021@LM_DEBUG@[Out Pkg head:]Len:46 PkgFlag:0x0 SvrPkgFlag:0x0 Cmd:28303 Uin:0 TransID:0 Sendip:0 Rcvsvr:9005|1 Sndsvr:7|1000001
Apr  2 20:44:24.283 2021@LM_DEBUG@Send Dir Report Data, Success.
Apr  2 20:44:34.283 2021@LM_DEBUG@Send Dir Report Data, Success.
Apr  2 20:44:44.283 2021@LM_DEBUG@Send Dir Report Data, Success.
Apr  2 20:44:53.177 2021@LM_DEBUG@[Out Pkg head:]Len:46 PkgFlag:0x0 SvrPkgFlag:0x0 Cmd:28203 Uin:0 TransID:0 Sendip:0 Rcvsvr:9002|1 Sndsvr:7|1000001
Apr  2 20:44:53.178 2021@LM_DEBUG@[Out Pkg head:]Len:46 PkgFlag:0x0 SvrPkgFlag:0x0 Cmd:28303 Uin:0 TransID:0 Sendip:0 Rcvsvr:9005|1 Sndsvr:7|1000001
Apr  2 20:44:54.283 2021@LM_DEBUG@Send Dir Report Data, Success.
Apr  2 20:45:00.454 2021@LM_DEBUG@[ProcessPipePkg:]Len:42 PkgFlag:0x0 SvrPkgFlag:0x4 Cmd:7015 Uin:0 TransID:307784 Sendip:2130706433 Rcvsvr:7|1000001 Sndsvr:9|1001101
Apr  2 20:45:00.650 2021@LM_DEBUG@25Trf_Trans_Load_Bbs_Reward::OnInit start,TransID:326.
Apr  2 20:45:00.650 2021@LM_DEBUG@[Out Pkg head:]Len:42 PkgFlag:0x0 SvrPkgFlag:0x0 Cmd:28307 Uin:0 TransID:326 Sendip:0 Rcvsvr:9005|1 Sndsvr:7|1000001
Apr  2 20:45:00.655 2021@LM_DEBUG@25Trf_Trans_Load_Bbs_Reward::OnInit end,TransID:326,process:1,phase:1000.
Apr  2 20:45:00.806 2021@LM_DEBUG@Create Trascation ,Command:7015 Transaction ID:326 .
Apr  2 20:45:02.404 2021@LM_DEBUG@[ProcessPipePkg:]Len:44 PkgFlag:0x0 SvrPkgFlag:0x4 Cmd:28308 Uin:0 TransID:326 Sendip:2130706433 Rcvsvr:7|1000001 Sndsvr:8|101
Apr  2 20:45:02.410 2021@LM_DEBUG@Find raw Transaction ID: 326. 
Apr  2 20:45:02.411 2021@LM_DEBUG@25Trf_Trans_Load_Bbs_Reward::OnActive start,TransID:326,phase:1000.
Apr  2 20:45:02.467 2021@LM_DEBUG@[Out Pkg head:]Len:44 PkgFlag:0x0 SvrPkgFlag:0x0 Cmd:7016 Uin:0 TransID:307784 Sendip:0 Rcvsvr:9|1001101Apr  2 20:57:36.514 2021@LM_DEBUG@[db_process_query]SQL:[SELECT svr_type, svr_id,lan_ip,lan_port,wan_ip_1,wan_port_1,wan_ip_2,wan_port_2,udp_lan_ip,udp_wan_ip,udp_port,set_id,game_set_id,idc_no,svr_info FROM yt_cfg.server_info WHERE valid=1 order by svr_id; ]
Apr  2 20:57:36.516 2021@LM_INFO@Get config db data server_type_=1,server_id_=1000001,lan_ip=2130706433,lan_port=11001,wan_ip_1=0,wan_port_1=0,wan_ip_2=0,wan_port_2=0,udp_lan_ip=0, udp_wan_ip=0, udp_port=0, set_no_=1, game_set_id=0,idc_no_=0,cfg_info_=.
Apr  2 20:57:36.518 2021@LM_INFO@Get config db data server_type_=2,server_id_=1000001,lan_ip=2130706433,lan_port=12001,wan_ip_1=0,wan_port_1=0,wan_ip_2=0,wan_port_2=0,udp_lan_ip=0, udp_wan_ip=0, udp_port=0, set_no_=1, game_set_id=0,idc_no_=0,cfg_info_=.
Apr  2 20:57:36.520 2021@LM_INFO@Get config db data server_type_=3,server_id_=1000001,lan_ip=2130706433,lan_port=13001,wan_ip_1=3232286820,wan_port_1=13001,wan_ip_2=0,wan_port_2=0,udp_lan_ip=0, udp_wan_ip=0, udp_port=0, set_no_=1, game_set_id=0,idc_no_=0,cfg_info_=.
Apr  2 20:57:36.522 2021@LM_INFO@Get config db data server_type_=4,server_id_=1000001,lan_ip=2130706433,lan_port=14001,wan_ip_1=0,wan_port_1=0,wan_ip_2=0,wan_port_2=0,udp_lan_ip=0, udp_wan_ip=0, udp_port=0, set_no_=1, game_set_id=0,idc_no_=0,cfg_info_=.
Apr  2 20:57:36.530 2021@LM_INFO@Get config db data server_type_=5,server_id_=1000001,lan_ip=2130706433,lan_port=15001,wan_ip_1=0,wan_port_1=0,wan_ip_2=0,wan_port_2=0,udp_lan_ip=0, udp_wan_ip=0, udp_port=0, set_no_=1, game_set_id=0,idc_no_=0,cfg_info_=.
Apr  2 20:57:36.531 2021@LM_INFO@Get config db data server_type_=6,server_id_=1000001,lan_ip=2130706433,lan_port=16001,wan_ip_1=3232286820,wan_port_1=16001,wan_ip_2=0,wan_port_2=0,udp_lan_ip=0, udp_wan_ip=0, udp_port=0, set_no_=1, game_set_id=0,idc_no_=0,cfg_info_=.
Apr  2 20:57:36.533 2021@LM_INFO@Get config db data server_type_=7,server_id_=1000001,lan_ip=2130706433,lan_port=17001,wan_ip_1=0,wan_port_1=0,wan_ip_2=0,wan_port_2=0,udp_lan_ip=0, udp_wan_ip=0, udp_port=0, set_no_=1, game_set_id=0,idc_no_=0,cfg_info_=.
Apr  2 20:57:36.535 2021@LM_INFO@Get config db data server_type_=10,server_id_=1000001,lan_ip=2130706433,lan_port=20001,wan_ip_1=0,wan_port_1=0,wan_ip_2=0,wan_port_2=0,udp_lan_ip=0, udp_wan_ip=0, udp_port=0, set_no_=1, game_set_id=0,idc_no_=0,cfg_info_=.
Apr  2 20:57:36.536 2021@LM_INFO@Get config db data server_type_=12,server_id_=1000001,lan_ip=2130706433,lan_port=22001,wan_ip_1=0,wan_port_1=0,wan_ip_2=0,wan_port_2=0,udp_lan_ip=0, udp_wan_ip=0, udp_port=0, set_no_=1, game_set_id=0,idc_no_=0,cfg_info_=.
Apr  2 20:57:36.539 2021@LM_INFO@Get config db data server_type_=13,server_id_=1000001,lan_ip=2130706433,lan_port=23001,wan_ip_1=0,wan_port_1=0,wan_ip_2=0,wan_port_2=0,udp_lan_ip=0, udp_wan_ip=0, udp_port=0, set_no_=1, game_set_id=0,idc_no_=0,cfg_info_=.
Apr  2 20:57:36.546 2021@LM_INFO@Get config db data server_type_=14,server_id_=1000001,lan_ip=2130706433,lan_port=24001,wan_ip_1=0,wan_port_1=0,wan_ip_2=0,wan_port_2=0,udp_lan_ip=0, udp_wan_ip=0, udp_port=0, set_no_=1, game_set_id=0,idc_no_=0,cfg_info_=.
Apr  2 20:57:36.550 2021@LM_INFO@Get config db data server_type_=15,server_id_=1000001,lan_ip=2130706433,lan_port=25001,wan_ip_1=0,wan_port_1=0,wan_ip_2=0,wan_port_2=0,udp_lan_ip=0, udp_wan_ip=0, udp_port=0, set_no_=1, game_set_id=0,idc_no_=0,cfg_info_=.
Apr  2 20:57:36.552 2021@LM_INFO@Get config db data server_type_=17,server_id_=1000001,lan_ip=2130706433,lan_port=27001,wan_ip_1=0,wan_port_1=0,wan_ip_2=0,wan_port_2=0,udp_lan_ip=0, udp_wan_ip=0, udp_port=0, set_no_=1, game_set_id=0,idc_no_=0,cfg_info_=.
Apr  2 20:57:36.560 2021@LM_INFO@Get config db data server_type_=18,server_id_=1000001,lan_ip=2130706433,lan_port=28001,wan_ip_1=0,wan_port_1=0,wan_ip_2=0,wan_port_2=0,udp_lan_ip=0, udp_wan_ip=0, udp_port=0, set_no_=1, game_set_id=0,idc_no_=0,cfg_info_=.
Apr  2 20:57:36.563 2021@LM_INFO@Get config db data server_type_=19,server_id_=1000001,lan_ip=2130706433,lan_port=29001,wan_ip_1=0,wan_port_1=0,wan_ip_2=0,wan_port_2=0,udp_lan_ip=0, udp_wan_ip=0, udp_port=0, set_no_=1, game_set_id=0,idc_no_=0,cfg_info_=.
Apr  2 20:57:36.565 2021@LM_INFO@Get config db data server_type_=20,server_id_=1000001,lan_ip=2130706433,lan_port=30001,wan_ip_1=3232286820,wan_port_1=0,wan_ip_2=0,wan_port_2=0,udp_lan_ip=0, udp_wan_ip=0, udp_port=0, set_no_=1, game_set_id=0,idc_no_=0,cfg_info_=.
Apr  2 20:57:36.567 2021@LM_INFO@Get config db data server_type_=21,server_id_=1000001,lan_ip=2130706433,lan_port=31001,wan_ip_1=0,wan_port_1=0,wan_ip_2=0,wan_port_2=0,udp_lan_ip=0, udp_wan_ip=0, udp_port=0, set_no_=1, game_set_id=0,idc_no_=0,cfg_info_=.
Apr  2 20:57:36.569 2021@LM_INFO@Get config db data server_type_=22,server_id_=1000001,lan_ip=2130706433,lan_port=32001,wan_ip_1=0,wan_port_1=0,wan_ip_2=0,wan_port_2=0,udp_lan_ip=2130706433, udp_wan_ip=3232286820, udp_port=52431, set_no_=1, game_set_id=0,idc_no_=0,cfg_info_=.
Apr  2 20:57:36.572 2021@LM_INFO@Get config db data server_type_=8,server_id_=1001101,lan_ip=2130706433,lan_port=18001,wan_ip_1=0,wan_port_1=0,wan_ip_2=0,wan_port_2=0,udp_lan_ip=0, udp_wan_ip=0, udp_port=0, set_no_=1, game_set_id=11,idc_no_=0,cfg_info_=.
Apr  2 20:57:36.574 2021@LM_INFO@Get config db data server_type_=9,server_id_=1001101,lan_ip=2130706433,lan_port=19001,wan_ip_1=0,wan_port_1=0,wan_ip_2=0,wan_port_2=0,udp_lan_ip=0, udp_wan_ip=0, udp_port=0, set_no_=1, game_set_id=11,idc_no_=0,cfg_info_=.
Apr  2 20:57:36.577 2021@LM_INFO@Get config db data server_type_=11,server_id_=1001101,lan_ip=2130706433,lan_port=21001,wan_ip_1=0,wan_port_1=0,wan_ip_2=0,wan_port_2=0,udp_lan_ip=0, udp_wan_ip=0, udp_port=0, set_no_=1, game_set_id=11,idc_no_=0,cfg_info_=.
Apr  2 20:57:36.579 2021@LM_INFO@Get config db data server_type_=8,server_id_=1001201,lan_ip=2130706433,lan_port=18002,wan_ip_1=0,wan_port_1=0,wan_ip_2=0,wan_port_2=0,udp_lan_ip=0, udp_wan_ip=0, udp_port=0, set_no_=1, game_set_id=12,idc_no_=0,cfg_info_=.
Apr  2 20:57:36.582 2021@LM_INFO@Get config db data server_type_=9,server_id_=1001201,lan_ip=2130706433,lan_port=19002,wan_ip_1=0,wan_port_1=0,wan_ip_2=0,wan_port_2=0,udp_lan_ip=0, udp_wan_ip=0, udp_port=0, set_no_=1, game_set_id=12,idc_no_=0,cfg_info_=.
Apr  2 20:57:36.585 2021@LM_INFO@Get config db data server_type_=11,server_id_=1001201,lan_ip=2130706433,lan_port=21002,wan_ip_1=0,wan_port_1=0,wan_ip_2=0,wan_port_2=0,udp_lan_ip=0, udp_wan_ip=0, udp_port=0, set_no_=1, game_set_id=12,idc_no_=0,cfg_info_=.
Apr  2 20:57:36.588 2021@LM_INFO@ReLoadSvrList server_info set_no:1, svr_info:8|1001201.
Apr  2 20:57:36.589 2021@LM_INFO@ReLoadSvrList server_info set_no:1, svr_info:19|1000001.
Apr  2 20:57:36.590 2021@LM_INFO@ReLoadSvrList server_info set_no:1, svr_info:13|1000001.
Apr  2 20:57:36.591 2021@LM_INFO@ReLoadSvrList server_info set_no:1, svr_info:10|1000001.
Apr  2 20:57:36.592 2021@LM_INFO@ReLoadSvrList server_info set_no:1, svr_info:7|1000001.
Apr  2 20:57:36.593 2021@LM_INFO@ReLoadSvrList server_info set_no:1, svr_info:4|1000001.
Apr  2 20:57:36.593 2021@LM_INFO@ReLoadSvrList server_info set_no:1, svr_info:1|1000001.
Apr  2 20:57:36.594 2021@LM_INFO@ReLoadSvrList server_info set_no:1, svr_info:21|1000001.
Apr  2 20:57:36.595 2021@LM_INFO@ReLoadSvrList server_info set_no:1, svr_info:18|1000001.
Apr  2 20:57:36.595 2021@LM_INFO@ReLoadSvrList server_info set_no:1, svr_info:15|1000001.
Apr  2 20:57:36.596 2021@LM_INFO@ReLoadSvrList server_info set_no:1, svr_info:12|1000001.
Apr  2 20:57:36.596 2021@LM_INFO@ReLoadSvrList server_info set_no:1, svr_info:6|1000001.
Apr  2 20:57:36.597 2021@LM_INFO@ReLoadSvrList server_info set_no:1, svr_info:3|1000001.
Apr  2 20:57:36.598 2021@LM_INFO@ReLoadSvrList server_info set_no:1, svr_info:9|1001101.
Apr  2 20:57:36.599 2021@LM_INFO@ReLoadSvrList server_info set_no:1, svr_info:9|1001201.
Apr  2 20:57:36.600 2021@LM_INFO@ReLoadSvrList server_info set_no:1, svr_info:20|1000001.
Apr  2 20:57:36.601 2021@LM_INFO@ReLoadSvrList server_info set_no:1, svr_info:17|1000001.
Apr  2 20:57:36.601 2021@LM_INFO@ReLoadSvrList server_info set_no:1, svr_info:14|1000001.
Apr  2 20:57:36.602 2021@LM_INFO@ReLoadSvrList server_info set_no:1, svr_info:5|1000001.
Apr  2 20:57:36.602 2021@LM_INFO@ReLoadSvrList server_info set_no:1, svr_info:2|1000001.
Apr  2 20:57:36.603 2021@LM_INFO@ReLoadSvrList server_info set_no:1, svr_info:11|1001101.
Apr  2 20:57:36.603 2021@LM_INFO@ReLoadSvrList server_info set_no:1, svr_info:11|1001201.
Apr  2 20:57:36.603 2021@LM_INFO@ReLoadSvrList server_info set_no:1, svr_info:22|1000001.
Apr  2 20:57:36.604 2021@LM_INFO@ReLoadSvrList server_info set_no:1, svr_info:8|1001101.
Apr  2 20:57:36.633 2021@LM_INFO@Read Server Configure File. [./cfg/trfsvrd.conf] .
Apr  2 20:57:36.634 2021@LM_INFO@Read CommSvrd Server Configure File. [./cfg/trfsvrd.conf] .
Apr  2 20:57:36.634 2021@LM_INFO@Inst_Trf_Svrd_App::InitInstance end.
Apr  2 20:57:36.635 2021@LM_INFO@Inst_Trf_Svrd_App::Run.
Apr  2 20:57:36.650 2021@LM_DEBUG@[Out Pkg head:]Len:46 PkgFlag:0x0 SvrPkgFlag:0x0 Cmd:28203 Uin:0 TransID:0 Sendip:0 Rcvsvr:9002|1 Sndsvr:7|1000001
Apr  2 20:57:36.651 2021@LM_DEBUG@[Out Pkg head:]Len:46 PkgFlag:0x0 SvrPkgFlag:0x0 Cmd:28303 Uin:0 TransID:0 Sendip:0 Rcvsvr:9005|1 Sndsvr:7|1000001
Apr  2 20:57:36.652 2021@LM_DEBUG@Send Dir Report Data, Success.
Apr  2 20:57:46.635 2021@LM_DEBUG@Send Dir Report Data, Success.
Apr  2 20:57:58.485 2021@LM_DEBUG@Send Dir Report Data, Success.
Apr  2 20:58:01.169 2021@LM_DEBUG@[ProcessPipePkg:]Len:634 PkgFlag:0x0 SvrPkgFlag:0x4 Cmd:7003 Uin:0 TransID:3603 Sendip:2130706433 Rcvsvr:7|1000001 Sndsvr:6|1000001
Apr  2 20:58:01.538 2021@LM_DEBUG@32Trf_Trans_Account_Login_Validate::OnInit start,TransID:326.
Apr  2 20:58:02.601 2021@LM_DEBUG@[Out Pkg head:]Len:634 PkgFlag:0x0 SvrPkgFlag:0x0 Cmd:28003 Uin:0 TransID:326 Sendip:0 Rcvsvr:9001|1 Sndsvr:7|1000001
Apr  2 20:58:02.962 2021@LM_DEBUG@32Trf_Trans_Account_Login_Validate::OnInit end,TransID:326,process:1,phase:1101.
Apr  2 20:58:03.027 2021@LM_DEBUG@Create Trascation ,Command:7003 Transaction ID:326 .
Apr  2 20:58:06.611 2021@LM_DEBUG@[Out Pkg head:]Len:46 PkgFlag:0x0 SvrPkgFlag:0x0 Cmd:28203 Uin:0 TransID:0 Sendip:0 Rcvsvr:9002|1 Sndsvr:7|1000001
Apr  2 20:58:06.613 2021@LM_DEBUG@[Out Pkg head:]Len:46 PkgFlag:0x0 SvrPkgFlag:0x0 Cmd:28303 Uin:0 TransID:0 Sendip:0 Rcvsvr:9005|1 Sndsvr:7|1000001
Apr  2 20:58:06.726 2021@LM_DEBUG@Send Dir Report Data, Success.
Apr  2 20:58:16.726 2021@LM_DEBUG@Send Dir Report Data, Success.
Apr  2 20:58:18.312 2021@LM_DEBUG@32Trf_Trans_Account_Login_Validate::TimeOut touch off,TransID:326,phase:1101.
Apr  2 20:58:18.468 2021@LM_DEBUG@[Timeout]::ID:326 Uin:0 Cmd:7003 State:2 Phase:1101 ReqSndSvr:6|1000001 ReqRcvSvr:7|1000001 Reqproxy:0|0 ReqtransID:3603 TimeoutID:6 TouchID:-1 
Apr  2 20:58:18.470 2021@LM_ERROR@32Trf_Trans_Account_Login_Validate::OnTimeOut start,TransID:326,phase:1101.
Apr  2 20:58:18.731 2021@LM_DEBUG@[Out Pkg head:]Len:44 PkgFlag:0x0 SvrPkgFlag:0x0 Cmd:7004 Uin:0 TransID:3603 Sendip:0 Rcvsvr:6|1000001 Sndsvr:7|1000001
Apr  2 20:58:18.733 2021@LM_DEBUG@32Trf_Trans_Account_Login_Validate::OnTimeOut end,TransID:326,process:3,phase:1101.
Apr  2 20:58:26.690 2021@LM_DEBUG@Send Dir Report Data, Success.
Apr  2 20:58:27.393 2021@LM_DEBUG@[ProcessPipePkg:]Len:71 PkgFlag:0x0 SvrPkgFlag:0x4 Cmd:28004 Uin:0 TransID:326 Sendip:2130706433 Rcvsvr:7|1000001 Sndsvr:2|101
Apr  2 20:58:27.396 2021@LM_INFO@GetHandlerFromTransID,Can't Find Trans ID:326,CMD:28004 From MAP.
Apr  2 20:58:36.692 2021@LM_DEBUG@[Out Pkg head:]Len:46 PkgFlag:0x0 SvrPkgFlag:0x0 Cmd:28203 Uin:0 TransID:0 Sendip:0 Rcvsvr:9002|1 Sndsvr:7|1000001
Apr  2 20:58:36.694 2021@LM_DEBUG@[Out Pkg head:]Len:46 PkgFlag:0x0 SvrPkgFlag:0x0 Cmd:28303 Uin:0 TransID:0 Sendip:0 Rcvsvr:9005|1 Sndsvr:7|1000001
Apr  2 20:58:36.816 2021@LM_DEBUG@Send Dir Report Data, Success.
Apr  2 20:58:46.635 2021@LM_DEBUG@Send Dir Report Data, Success.
Apr  2 20:58:56.636 2021@LM_DEBUG@Send Dir Report Data, Success.
Apr  2 20:59:06.522 2021@LM_DEBUG@[Out Pkg head:]Len:46 PkgFlag:0x0 SvrPkgFlag:0x0 Cmd:28203 Uin:0 TransID:0 Sendip:0 Rcvsvr:9002|1 Sndsvr:7|1000001
Apr  2 20:59:06.524 2021@LM_DEBUG@[Out Pkg head:]Len:46 PkgFlag:0x0 SvrPkgFlag:0x0 Cmd:28303 Uin:0 TransID:0 Sendip:0 Rcvsvr:9005|1 Sndsvr:7|1000001
Apr  2 20:59:06.635 2021@LM_DEBUG@Send Dir Report Data, Success.
Apr  2 20:59:16.635 2021@LM_DEBUG@Send Dir Report Data, Success.
Apr  2 20:59:26.634 2021@LM_DEBUG@Send Dir Report Data, Success.
Apr  2 20:59:36.495 2021@LM_DEBUG@[Out Pkg head:]Len:46 PkgFlag:0x0 SvrPkgFlag:0x0 Cmd:28203 Uin:0 TransID:0 Sendip:0 Rcvsvr:9002|1 Sndsvr:7|1000001
Apr  2 20:59:36.497 2021@LM_DEBUG@[Out Pkg head:]Len:46 PkgFlag:0x0 SvrPkgFlag:0x0 Cmd:28303 Uin:0 TransID:0 Sendip:0 Rcvsvr:9005|1 Sndsvr:7|1000001
Apr  2 20:59:36.635 2021@LM_DEBUG@Send Dir Report Data, Success.
Apr  2 20:59:46.635 2021@LM_DEBUG@Send Dir Report Data, Success.
Apr  2 20:59:56.635 2021@LM_DEBUG@Send Dir Report Data, Success.
Apr  2 21:00:00.509 2021@LM_DEBUG@[ProcessPipePkg:]Len:42 PkgFlag:0x0 SvrPkgFlag:0x4 Cmd:7015 Uin:0 TransID:307788 Sendip:2130706433 Rcvsvr:7|1000001 Sndsvr:9|1001101
Apr  2 21:00:00.862 2021@LM_DEBUG@25Trf_Trans_Load_Bbs_Reward::OnInit start,TransID:327.
Apr  2 21:00:00.863 2021@LM_DEBUG@[Out Pkg head:]Len:42 PkgFlag:0x0 SvrPkgFlag:0x0 Cmd:28307 Uin:0 TransID:327 Sendip:0 Rcvsvr:9005|1 Sndsvr:7|1000001
Apr  2 21:00:00.864 2021@LM_DEBUG@25Trf_Trans_Load_Bbs_Reward::OnInit end,TransID:327,process:1,phase:1000.
Apr  2 21:00:00.907 2021@LM_DEBUG@Create Trascation ,Command:7015 Transaction ID:327 .
Apr  2 21:00:06.530 2021@LM_DEBUG@[Out Pkg head:]Len:46 PkgFlag:0x0 SvrPkgFlag:0x0 Cmd:28203 Uin:0 TransID:0 Sendip:0 Rcvsvr:9002|1 Sndsvr:7|1000001
Apr  2 21:00:06.536 2021@LM_DEBUG@[Out Pkg head:]Len:46 PkgFlag:0x0 SvrPkgFlag:0x0 Cmd:28303 Uin:0 TransID:0 Sendip:0 Rcvsvr:9005|1 Sndsvr:7|1000001
Apr  2 21:00:06.634 2021@LM_DEBUG@Send Dir Report Data, Success.
Apr  2 21:00:08.544 2021@LM_DEBUG@[ProcessPipePkg:]Len:44 PkgFlag:0x0 SvrPkgFlag:0x4 Cmd:28308 Uin:0 TransID:327 Sendip:2130706433 Rcvsvr:7|1000001 Sndsvr:8|101
Apr  2 21:00:08.545 2021@LM_DEBUG@Find raw Transaction ID: 327. 
Apr  2 21:00:08.546 2021@LM_DEBUG@25Trf_Trans_Load_Bbs_Reward::OnActive start,TransID:327,phase:1000.
Apr  2 21:00:08.551 2021@LM_DEBUG@[Out Pkg head:]Len:44 PkgFlag:0x0 SvrPkgFlag:0x0 Cmd:7016 Uin:0 TransID:307788 Sendip:0 Rcvsvr:9|1001101 Sndsvr:7|1000001
Apr  2 21:00:08.552 2021@LM_DEBUG@25Trf_Trans_Load_Bbs_Reward::OnActive end,TransID:327,process:3,phase:1000, src_trans_id:307788.
Apr  2 21:00:16.634 2021@LM_DEBUG@Send Dir Report Data, Success.
Apr  2 21:00:26.635 2021@LM_DEBUG@Send Dir Report Data, Success.
Apr  2 21:00:36.511 2021@LM_DEBUG@[Out Pkg head:]Len:46 PkgFlag:0x0 SvrPkgFlag:0x0 Cmd:28203 Uin:0 TransID:0 Sendip:0 Rcvsvr:9002|1 Sndsvr:7|1000001
Apr  2 21:00:36.513 2021@LM_DEBUG@[Out Pkg head:]Len:46 PkgFlag:0x0 SvrPkgFlag:0x0 Cmd:28303 Uin:0 TransID:0 Sendip:0 Rcvsvr:9005|1 Sndsvr:7|1000001
Apr  2 21:00:36.634 2021@LM_DEBUG@Send Dir Report Data, Success.
Apr  2 21:00:46.637 2021@LM_DEBUG@Send Dir Report Data, Success.
Apr  2 21:00:56.635 2021@LM_DEBUG@Send Dir Report Data, Success.
Apr  2 21:01:06.494 2021@LM_DEBUG@[Out Pkg head:]Len:46 PkgFlag:0x0 SvrPkgFlag:0x0 Cmd:28203 Uin:0 TransID:0 Sendip:0 Rcvsvr:9002|1 Sndsvr:7|1000001
Apr  2 21:01:06.497 2021@LM_DEBUG@[Out Pkg head:]Len:46 PkgFlag:0x0 SvrPkgFlag:0x0 Cmd:28303 Uin:0 TransID:0 Sendip:0 Rcvsvr:9005|1 Sndsvr:7|1000001
Apr  2 21:01:06.635 2021@LM_DEBUG@Send Dir Report Data, Success.
Apr  2 21:01:16.634 2021@LM_DEBUG@Send Dir Report Data, Success.
Apr  2 21:01:26.635 2021@LM_DEBUG@Send Dir Report Data, Success.
Apr  2 21:01:36.494 2021@LM_DEBUG@[Out Pkg head:]Len:46 PkgFlag:0x0 SvrPkgFlag:0x0 Cmd:28203 Uin:0 TransID:0 Sendip:0 Rcvsvr:9002|1 Sndsvr:7|1000001
Apr  2 21:01:36.495 2021@LM_DEBUG@[Out Pkg head:]Len:46 PkgFlag:0x0 SvrPkgFlag:0x0 Cmd:28303 Uin:0 TransID:0 Sendip:0 Rcvsvr:9005|1 Sndsvr:7|1000001
Apr  2 21:01:36.634 2021@LM_DEBUG@Send Dir Report Data, Success.
Apr  2 21:01:46.814 2021@LM_DEBUG@Send Dir Report Data, Success.
Apr  2 21:01:56.634 2021@LM_DEBUG@Send Dir Report Data, Success.
Apr  2 21:02:06.495 2021@LM_DEBUG@[Out Pkg head:]Len:46 PkgFlag:0x0 SvrPkgFlag:0x0 Cmd:28203 Uin:0 TransID:0 Sendip:0 Rcvsvr:9002|1 Sndsvr:7|1000001
Apr  2 21:02:06.501 2021@LM_DEBUG@[Out Pkg head:]Len:46 PkgFlag:0x0 SvrPkgFlag:0x0 Cmd:28303 Uin:0 TransID:0 Sendip:0 Rcvsvr:9005|1 Sndsvr:7|1000001
Apr  2 21:02:06.634 2021@LM_DEBUG@Send Dir Report Data, Success.
Apr  2 21:02:16.636 2021@LM_DEBUG@Send Dir Report Data, Success.
Apr  2 21:02:26.635 2021@LM_DEBUG@Send Dir Report Data, Success.
Apr  2 21:02:36.495 2021@LM_DEBUG@[Out Pkg head:]Len:46 PkgFlag:0x0 SvrPkgFlag:0x0 Cmd:28203 Uin:0 TransID:0 Sendip:0 Rcvsvr:9002|1 Sndsvr:7|1000001
Apr  2 21:02:36.496 2021@LM_DEBUG@[Out Pkg head:]Len:46 PkgFlag:0x0 SvrPkgFlag:0x0 Cmd:28303 Uin:0 TransID:0 Sendip:0 Rcvsvr:9005|1 Sndsvr:7|1000001
Apr  2 21:02:36.635 2021@LM_DEBUG@Send Dir Report Data, Success.
Apr  2 21:02:44.097 2021@LM_DEBUG@[ProcessPipePkg:]Len:634 PkgFlag:0x0 SvrPkgFlag:0x4 Cmd:7003 Uin:0 TransID:3662 Sendip:2130706433 Rcvsvr:7|1000001 Sndsvr:6|1000001
Apr  2 21:02:44.102 2021@LM_DEBUG@32Trf_Trans_Account_Login_Validate::OnInit start,TransID:328.
Apr  2 21:02:44.107 2021@LM_DEBUG@[Out Pkg head:]Len:634 PkgFlag:0x0 SvrPkgFlag:0x0 Cmd:28003 Uin:0 TransID:328 Sendip:0 Rcvsvr:9001|1 Sndsvr:7|1000001
Apr  2 21:02:44.113 2021@LM_DEBUG@32Trf_Trans_Account_Login_Validate::OnInit end,TransID:328,process:1,phase:1101.
Apr  2 21:02:44.117 2021@LM_DEBUG@Create Trascation ,Command:7003 Transaction ID:328 .
Apr  2 21:02:44.945 2021@LM_DEBUG@[ProcessPipePkg:]Len:72 PkgFlag:0x0 SvrPkgFlag:0x4 Cmd:28004 Uin:0 TransID:328 Sendip:2130706433 Rcvsvr:7|1000001 Sndsvr:2|101
Apr  2 21:02:44.948 2021@LM_DEBUG@Find raw Transaction ID: 328. 
Apr  2 21:02:44.949 2021@LM_DEBUG@32Trf_Trans_Account_Login_Validate::OnActive start,TransID:328,phase:1101.
Apr  2 21:02:45.018 2021@LM_INFO@Trf_Trans_Account_Login_Vefify::OnGetAccountVerifyFromPlatsvrd data:10100007|1.
Apr  2 21:02:45.020 2021@LM_DEBUG@[Out Pkg head:]Len:72 PkgFlag:0x0 SvrPkgFlag:0x0 Cmd:7004 Uin:0 TransID:3662 Sendip:0 Rcvsvr:6|1000001 Sndsvr:7|1000001
Apr  2 21:02:45.030 2021@LM_DEBUG@32Trf_Trans_Account_Login_Validate::OnActive end,TransID:328,process:3,phase:1101, src_trans_id:3662.
Apr  2 21:02:46.635 2021@LM_DEBUG@Send Dir Report Data, Success.
Apr  2 21:02:56.636 2021@LM_DEBUG@Send Dir Report Data, Success.
Apr  2 21:03:06.495 2021@LM_DEBUG@[Out Pkg head:]Len:46 PkgFlag:0x0 SvrPkgFlag:0x0 Cmd:28203 Uin:0 TransID:0 Sendip:0 Rcvsvr:9002|1 Sndsvr:7|1000001
Apr  2 21:03:06.503 2021@LM_DEBUG@[Out Pkg head:]Len:46 PkgFlag:0x0 SvrPkgFlag:0x0 Cmd:28303 Uin:0 TransID:0 Sendip:0 Rcvsvr:9005|1 Sndsvr:7|1000001
Apr  2 21:03:06.635 2021@LM_DEBUG@Send Dir Report Data, Success.
Apr  2 21:03:16.636 2021@LM_DEBUG@Send Dir Report Data, Success.
Apr  2 21:03:26.635 2021@LM_DEBUG@Send Dir Report Data, Success.
Apr  2 21:03:36.495 2021@LM_DEBUG@[Out Pkg head:]Len:46 PkgFlag:0x0 SvrPkgFlag:0x0 Cmd:28203 Uin:0 TransID:0 Sendip:0 Rcvsvr:9002|1 Sndsvr:7|1000001
Apr  2 21:03:36.500 2021@LM_DEBUG@[Out Pkg head:]Len:46 PkgFlag:0x0 SvrPkgFlag:0x0 Cmd:28303 Uin:0 TransID:0 Sendip:0 Rcvsvr:9005|1 Sndsvr:7|1000001
Apr  2 21:03:36.635 2021@LM_DEBUG@Send Dir Report Data, Success.
Apr  2 21:03:46.636 2021@LM_DEBUG@Send Dir Report Data, Success.
Apr  2 21:03:56.636 2021@LM_DEBUG@Send Dir Report Data, Success.
Apr  2 21:04:06.496 2021@LM_DEBUG@[Out Pkg head:]Len:46 PkgFlag:0x0 SvrPkgFlag:0x0 Cmd:28203 Uin:0 TransID:0 Sendip:0 Rcvsvr:9002|1 Sndsvr:7|1000001
Apr  2 21:04:06.503 2021@LM_DEBUG@[Out Pkg head:]Len:46 PkgFlag:0x0 SvrPkgFlag:0x0 Cmd:28303 Uin:0 TransID:0 Sendip:0 Rcvsvr:9005|1 Sndsvr:7|1000001
Apr  2 21:04:06.635 2021@LM_DEBUG@Send Dir Report Data, Success.
Apr  2 21:04:16.654 2021@LM_DEBUG@Send Dir Report Data, Success.
Apr  2 21:04:26.636 2021@LM_DEBUG@Send Dir Report Data, Success.
Apr  2 21:04:36.495 2021@LM_DEBUG@[Out Pkg head:]Len:46 PkgFlag:0x0 SvrPkgFlag:0x0 Cmd:28203 Uin:0 TransID:0 Sendip:0 Rcvsvr:9002|1 Sndsvr:7|1000001
Apr  2 21:04:36.500 2021@LM_DEBUG@[Out Pkg head:]Len:46 PkgFlag:0x0 SvrPkgFlag:0x0 Cmd:28303 Uin:0 TransID:0 Sendip:0 Rcvsvr:9005|1 Sndsvr:7|1000001
Apr  2 21:04:36.635 2021@LM_DEBUG@Send Dir Report Data, Success.
Apr  2 21:04:46.636 2021@LM_DEBUG@Send Dir Report Data, Success.
Apr  2 21:04:56.638 2021@LM_DEBUG@Send Dir Report Data, Success.
Apr  2 21:05:00.254 2021@LM_DEBUG@[ProcessPipePkg:]Len:42 PkgFlag:0x0 SvrPkgFlag:0x4 Cmd:7015 Uin:0 TransID:307794 Sendip:2130706433 Rcvsvr:7|1000001 Sndsvr:9|1001101
Apr  2 21:05:00.256 2021@LM_DEBUG@25Trf_Trans_Load_Bbs_Reward::OnInit start,TransID:329.
Apr  2 21:05:00.257 2021@LM_DEBUG@[Out Pkg head:]Len:42 PkgFlag:0x0 SvrPkgFlag:0x0 Cmd:28307 Uin:0 TransID:329 Sendip:0 Rcvsvr:9005|1 Sndsvr:7|1000001
Apr  2 21:05:00.261 2021@LM_DEBUG@25Trf_Trans_Load_Bbs_Reward::OnInit end,TransID:329,process:1,phase:1000.
Apr  2 21:05:00.264 2021@LM_DEBUG@Create Trascation ,Command:7015 Transaction ID:329 .
Apr  2 21:05:00.795 2021@LM_DEBUG@[ProcessPipePkg:]Len:44 PkgFlag:0x0 SvrPkgFlag:0x4 Cmd:28308 Uin:0 TransID:329 Sendip:2130706433 Rcvsvr:7|1000001 Sndsvr:8|101
Apr  2 21:05:00.796 2021@LM_DEBUG@Find raw Transaction ID: 329. 
Apr  2 21:05:00.797 2021@LM_DEBUG@25Trf_Trans_Load_Bbs_Reward::OnActive start,TransID:329,phase:1000.
Apr  2 21:05:00.804 2021@LM_DEBUG@[Out Pkg head:]Len:44 PkgFlag:0x0 SvrPkgFlag:0x0 Cmd:7016 Uin:0 TransID:307794 Sendip:0 Rcvsvr:9|1001101 Sndsvr:7|1000001
Apr  2 21:05:00.810 2021@LM_DEBUG@25Trf_Trans_Load_Bbs_Reward::OnActive end,TransID:329,process:3,phase:1000, src_trans_id:307794.
Apr  2 21:05:06.516 2021@LM_DEBUG@[Out Pkg head:]Len:46 PkgFlag:0x0 SvrPkgFlag:0x0 Cmd:28203 Uin:0 TransID:0 Sendip:0 Rcvsvr:9002|1 Sndsvr:7|1000001
Apr  2 21:05:06.521 2021@LM_DEBUG@[Out Pkg head:]Len:46 PkgFlag:0x0 SvrPkgFlag:0x0 Cmd:28303 Uin:0 TransID:0 Sendip:0 Rcvsvr:9005|1 Sndsvr:7|1000001
Apr  2 21:05:06.636 2021@LM_DEBUG@Send Dir Report Data, Success.
Apr  2 21:05:16.636 2021@LM_DEBUG@Send Dir Report Data, Success.
Apr  2 21:05:26.636 2021@LM_DEBUG@Send Dir Report Data, Success.
Apr  2 21:05:36.494 2021@LM_DEBUG@[Out Pkg head:]Len:46 PkgFlag:0x0 SvrPkgFlag:0x0 Cmd:28203 Uin:0 TransID:0 Sendip:0 Rcvsvr:9002|1 Sndsvr:7|1000001
Apr  2 21:05:36.498 2021@LM_DEBUG@[Out Pkg head:]Len:46 PkgFlag:0x0 SvrPkgFlag:0x0 Cmd:28303 Uin:0 TransID:0 Sendip:0 Rcvsvr:9005|1 Sndsvr:7|1000001
Apr  2 21:05:36.636 2021@LM_DEBUG@Send Dir Report Data, Success.
Apr  2 21:05:46.635 2021@LM_DEBUG@Send Dir Report Data, Success.
Apr  2 21:05:56.635 2021@LM_DEBUG@Send Dir Report Data, Success.
Apr  2 21:06:06.496 2021@LM_DEBUG@[Out Pkg head:]Len:46 PkgFlag:0x0 SvrPkgFlag:0x0 Cmd:28203 Uin:0 TransID:0 Sendip:0 Rcvsvr:9002|1 Sndsvr:7|1000001
Apr  2 21:06:06.504 2021@LM_DEBUG@[Out Pkg head:]Len:46 PkgFlag:0x0 SvrPkgFlag:0x0 Cmd:28303 Uin:0 TransID:0 Sendip:0 Rcvsvr:9005|1 Sndsvr:7|1000001
Apr  2 21:06:06.635 2021@LM_DEBUG@Send Dir Report Data, Success.
Apr  2 21:06:16.636 2021@LM_DEBUG@Send Dir Report Data, Success.
Apr  2 21:06:26.636 2021@LM_DEBUG@Send Dir Report Data, Success.
Apr  2 21:06:26.888 2021@LM_DEBUG@[ProcessPipePkg:]Len:634 PkgFlag:0x0 SvrPkgFlag:0x4 Cmd:7003 Uin:10100007 TransID:3713 Sendip:2130706433 Rcvsvr:7|1000001 Sndsvr:6|1000001
Apr  2 21:06:26.891 2021@LM_DEBUG@32Trf_Trans_Account_Login_Validate::OnInit start,TransID:330.
Apr  2 21:06:26.911 2021@LM_DEBUG@[Out Pkg head:]Len:634 PkgFlag:0x0 SvrPkgFlag:0x0 Cmd:28003 Uin:0 TransID:330 Sendip:0 Rcvsvr:9001|1 Sndsvr:7|1000001
Apr  2 21:06:26.912 2021@LM_DEBUG@32Trf_Trans_Account_Login_Validate::OnInit end,TransID:330,process:1,phase:1101.
Apr  2 21:06:26.918 2021@LM_DEBUG@Create Trascation ,Command:7003 Transaction ID:330 .
Apr  2 21:06:27.544 2021@LM_DEBUG@[ProcessPipePkg:]Len:72 PkgFlag:0x0 SvrPkgFlag:0x4 Cmd:28004 Uin:0 TransID:330 Sendip:2130706433 Rcvsvr:7|1000001 Sndsvr:2|101
Apr  2 21:06:27.550 2021@LM_DEBUG@Find raw Transaction ID: 330. 
Apr  2 21:06:27.554 2021@LM_DEBUG@32Trf_Trans_Account_Login_Validate::OnActive start,TransID:330,phase:1101.
Apr  2 21:06:27.562 2021@LM_INFO@Trf_Trans_Account_Login_Vefify::OnGetAccountVerifyFromPlatsvrd data:10100007|0.
Apr  2 21:06:27.567 2021@LM_DEBUG@[Out Pkg head:]Len:72 PkgFlag:0x0 SvrPkgFlag:0x0 Cmd:7004 Uin:10100007 TransID:3713 Sendip:0 Rcvsvr:6|1000001 Sndsvr:7|1000001
Apr  2 21:06:27.573 2021@LM_DEBUG@32Trf_Trans_Account_Login_Validate::OnActive end,TransID:330,process:3,phase:1101, src_trans_id:3713.
Apr  2 21:06:29.400 2021@LM_DEBUG@[ProcessPipePkg:]Len:51 PkgFlag:0x0 SvrPkgFlag:0x4 Cmd:7011 Uin:0 TransID:0 Sendip:2130706433 Rcvsvr:7|1000001 Sndsvr:8|1001101
Apr  2 21:06:29.407 2021@LM_DEBUG@36Trf_Trans_Recharge_Get_Rebate_Reward::OnInit start,TransID:331.
Apr  2 21:06:29.412 2021@LM_DEBUG@[Out Pkg head:]Len:45 PkgFlag:0x0 SvrPkgFlag:0x0 Cmd:28207 Uin:0 TransID:331 Sendip:0 Rcvsvr:9002|1 Sndsvr:7|1000001
Apr  2 21:06:29.414 2021@LM_DEBUG@36Trf_Trans_Recharge_Get_Rebate_Reward::OnInit end,TransID:331,process:1,phase:1101.
Apr  2 21:06:29.422 2021@LM_DEBUG@Create Trascation ,Command:7011 Transaction ID:331 .
Apr  2 21:06:29.424 2021@LM_DEBUG@[ProcessPipePkg:]Len:96 PkgFlag:0x0 SvrPkgFlag:0x4 Cmd:7013 Uin:0 TransID:0 Sendip:2130706433 Rcvsvr:7|1000001 Sndsvr:8|1001101
Apr  2 21:06:29.426 2021@LM_DEBUG@29Trf_Trans_Report_PF_Role_Data::OnInit start,TransID:332.
Apr  2 21:06:29.431 2021@LM_DEBUG@[Out Pkg head:]Len:96 PkgFlag:0x0 SvrPkgFlag:0x0 Cmd:28301 Uin:0 TransID:332 Sendip:0 Rcvsvr:9005|1 Sndsvr:7|1000001
Apr  2 21:06:29.437 2021@LM_DEBUG@29Trf_Trans_Report_PF_Role_Data::OnInit end,TransID:332,process:3,phase:0.
Apr  2 21:06:31.544 2021@LM_DEBUG@[ProcessPipePkg:]Len:44 PkgFlag:0x0 SvrPkgFlag:0x4 Cmd:28208 Uin:0 TransID:331 Sendip:2130706433 Rcvsvr:7|1000001 Sndsvr:3|101
Apr  2 21:06:31.545 2021@LM_DEBUG@Find raw Transaction ID: 331. 
Apr  2 21:06:31.546 2021@LM_DEBUG@36Trf_Trans_Recharge_Get_Rebate_Reward::OnActive start,TransID:331,phase:1101.
Apr  2 21:06:31.553 2021@LM_DEBUG@36Trf_Trans_Recharge_Get_Rebate_Reward::OnActive end,TransID:331,process:3,phase:1101, src_trans_id:0.
Apr  2 21:06:36.495 2021@LM_DEBUG@[Out Pkg head:]Len:46 PkgFlag:0x0 SvrPkgFlag:0x0 Cmd:28203 Uin:0 TransID:0 Sendip:0 Rcvsvr:9002|1 Sndsvr:7|1000001
Apr  2 21:06:36.496 2021@LM_DEBUG@[Out Pkg head:]Len:46 PkgFlag:0x0 SvrPkgFlag:0x0 Cmd:28303 Uin:0 TransID:0 Sendip:0 Rcvsvr:9005|1 Sndsvr:7|1000001
Apr  2 21:06:36.636 2021@LM_DEBUG@Send Dir Report Data, Success.
Apr  2 21:06:46.638 2021@LM_DEBUG@Send Dir Report Data, Success.
Apr  2 21:06:56.637 2021@LM_DEBUG@Send Dir Report Data, Success.
Apr  2 21:07:06.494 2021@LM_DEBUG@[Out Pkg head:]Len:46 PkgFlag:0x0 SvrPkgFlag:0x0 Cmd:28203 Uin:0 TransID:0 Sendip:0 Rcvsvr:9002|1 Sndsvr:7|1000001
Apr  2 21:07:06.503 2021@LM_DEBUG@[Out Pkg head:]Len:46 PkgFlag:0x0 SvrPkgFlag:0x0 Cmd:28303 Uin:0 TransID:0 Sendip:0 Rcvsvr:9005|1 Sndsvr:7|1000001
Apr  2 21:07:06.635 2021@LM_DEBUG@Send Dir Report Data, Success.
Apr  2 21:07:16.635 2021@LM_DEBUG@Send Dir Report Data, Success.
Apr  2 21:07:26.638 2021@LM_DEBUG@Send Dir Report Data, Success.
Apr  2 21:07:36.529 2021@LM_DEBUG@[Out Pkg head:]Len:46 PkgFlag:0x0 SvrPkgFlag:0x0 Cmd:28203 Uin:0 TransID:0 Sendip:0 Rcvsvr:9002|1 Sndsvr:7|1000001
Apr  2 21:07:36.530 2021@LM_DEBUG@[Out Pkg head:]Len:46 PkgFlag:0x0 SvrPkgFlag:0x0 Cmd:28303 Uin:0 TransID:0 Sendip:0 Rcvsvr:9005|1 Sndsvr:7|1000001
Apr  2 21:07:36.634 2021@LM_DEBUG@Send Dir Report Data, Success.
Apr  2 21:23:53.367 2021@LM_DEBUG@[db_process_query]SQL:[SELECT svr_type, svr_id,lan_ip,lan_port,wan_ip_1,wan_port_1,wan_ip_2,wan_port_2,udp_lan_ip,udp_wan_ip,udp_port,set_id,game_set_id,idc_no,svr_info FROM yt_cfg.server_info WHERE valid=1 order by svr_id; ]
Apr  2 21:23:53.445 2021@LM_INFO@Get config db data server_type_=1,server_id_=1000001,lan_ip=2130706433,lan_port=11001,wan_ip_1=0,wan_port_1=0,wan_ip_2=0,wan_port_2=0,udp_lan_ip=0, udp_wan_ip=0, udp_port=0, set_no_=1, game_set_id=0,idc_no_=0,cfg_info_=.
Apr  2 21:23:53.446 2021@LM_INFO@Get config db data server_type_=2,server_id_=1000001,lan_ip=2130706433,lan_port=12001,wan_ip_1=0,wan_port_1=0,wan_ip_2=0,wan_port_2=0,udp_lan_ip=0, udp_wan_ip=0, udp_port=0, set_no_=1, game_set_id=0,idc_no_=0,cfg_info_=.
Apr  2 21:23:53.447 2021@LM_INFO@Get config db data server_type_=3,server_id_=1000001,lan_ip=2130706433,lan_port=13001,wan_ip_1=3232286820,wan_port_1=13001,wan_ip_2=0,wan_port_2=0,udp_lan_ip=0, udp_wan_ip=0, udp_port=0, set_no_=1, game_set_id=0,idc_no_=0,cfg_info_=.
Apr  2 21:23:53.448 2021@LM_INFO@Get config db data server_type_=4,server_id_=1000001,lan_ip=2130706433,lan_port=14001,wan_ip_1=0,wan_port_1=0,wan_ip_2=0,wan_port_2=0,udp_lan_ip=0, udp_wan_ip=0, udp_port=0, set_no_=1, game_set_id=0,idc_no_=0,cfg_info_=.
Apr  2 21:23:53.449 2021@LM_INFO@Get config db data server_type_=5,server_id_=1000001,lan_ip=2130706433,lan_port=15001,wan_ip_1=0,wan_port_1=0,wan_ip_2=0,wan_port_2=0,udp_lan_ip=0, udp_wan_ip=0, udp_port=0, set_no_=1, game_set_id=0,idc_no_=0,cfg_info_=.
Apr  2 21:23:53.454 2021@LM_INFO@Get config db data server_type_=6,server_id_=1000001,lan_ip=2130706433,lan_port=16001,wan_ip_1=3232286820,wan_port_1=16001,wan_ip_2=0,wan_port_2=0,udp_lan_ip=0, udp_wan_ip=0, udp_port=0, set_no_=1, game_set_id=0,idc_no_=0,cfg_info_=.
Apr  2 21:23:53.459 2021@LM_INFO@Get config db data server_type_=7,server_id_=1000001,lan_ip=2130706433,lan_port=17001,wan_ip_1=0,wan_port_1=0,wan_ip_2=0,wan_port_2=0,udp_lan_ip=0, udp_wan_ip=0, udp_port=0, set_no_=1, game_set_id=0,idc_no_=0,cfg_info_=.
Apr  2 21:23:53.463 2021@LM_INFO@Get config db data server_type_=10,server_id_=1000001,lan_ip=2130706433,lan_port=20001,wan_ip_1=0,wan_port_1=0,wan_ip_2=0,wan_port_2=0,udp_lan_ip=0, udp_wan_ip=0, udp_port=0, set_no_=1, game_set_id=0,idc_no_=0,cfg_info_=.
Apr  2 21:23:53.465 2021@LM_INFO@Get config db data server_type_=12,server_id_=1000001,lan_ip=2130706433,lan_port=22001,wan_ip_1=0,wan_port_1=0,wan_ip_2=0,wan_port_2=0,udp_lan_ip=0, udp_wan_ip=0, udp_port=0, set_no_=1, game_set_id=0,idc_no_=0,cfg_info_=.
Apr  2 21:23:53.480 2021@LM_INFO@Get config db data server_type_=13,server_id_=1000001,lan_ip=2130706433,lan_port=23001,wan_ip_1=0,wan_port_1=0,wan_ip_2=0,wan_port_2=0,udp_lan_ip=0, udp_wan_ip=0, udp_port=0, set_no_=1, game_set_id=0,idc_no_=0,cfg_info_=.
Apr  2 21:23:53.490 2021@LM_INFO@Get config db data server_type_=14,server_id_=1000001,lan_ip=2130706433,lan_port=24001,wan_ip_1=0,wan_port_1=0,wan_ip_2=0,wan_port_2=0,udp_lan_ip=0, udp_wan_ip=0, udp_port=0, set_no_=1, game_set_id=0,idc_no_=0,cfg_info_=.
Apr  2 21:23:53.497 2021@LM_INFO@Get config db data server_type_=15,server_id_=1000001,lan_ip=2130706433,lan_port=25001,wan_ip_1=0,wan_port_1=0,wan_ip_2=0,wan_port_2=0,udp_lan_ip=0, udp_wan_ip=0, udp_port=0, set_no_=1, game_set_id=0,idc_no_=0,cfg_info_=.
Apr  2 21:23:53.505 2021@LM_INFO@Get config db data server_type_=17,server_id_=1000001,lan_ip=2130706433,lan_port=27001,wan_ip_1=0,wan_port_1=0,wan_ip_2=0,wan_port_2=0,udp_lan_ip=0, udp_wan_ip=0, udp_port=0, set_no_=1, game_set_id=0,idc_no_=0,cfg_info_=.
Apr  2 21:23:53.508 2021@LM_INFO@Get config db data server_type_=18,server_id_=1000001,lan_ip=2130706433,lan_port=28001,wan_ip_1=0,wan_port_1=0,wan_ip_2=0,wan_port_2=0,udp_lan_ip=0, udp_wan_ip=0, udp_port=0, set_no_=1, game_set_id=0,idc_no_=0,cfg_info_=.
Apr  2 21:23:53.510 2021@LM_INFO@Get config db data server_type_=19,server_id_=1000001,lan_ip=2130706433,lan_port=29001,wan_ip_1=0,wan_port_1=0,wan_ip_2=0,wan_port_2=0,udp_lan_ip=0, udp_wan_ip=0, udp_port=0, set_no_=1, game_set_id=0,idc_no_=0,cfg_info_=.
Apr  2 21:23:53.513 2021@LM_INFO@Get config db data server_type_=20,server_id_=1000001,lan_ip=2130706433,lan_port=30001,wan_ip_1=3232286820,wan_port_1=0,wan_ip_2=0,wan_port_2=0,udp_lan_ip=0, udp_wan_ip=0, udp_port=0, set_no_=1, game_set_id=0,idc_no_=0,cfg_info_=.
Apr  2 21:23:53.515 2021@LM_INFO@Get config db data server_type_=21,server_id_=1000001,lan_ip=2130706433,lan_port=31001,wan_ip_1=0,wan_port_1=0,wan_ip_2=0,wan_port_2=0,udp_lan_ip=0, udp_wan_ip=0, udp_port=0, set_no_=1, game_set_id=0,idc_no_=0,cfg_info_=.
Apr  2 21:23:53.517 2021@LM_INFO@Get config db data server_type_=22,server_id_=1000001,lan_ip=2130706433,lan_port=32001,wan_ip_1=0,wan_port_1=0,wan_ip_2=0,wan_port_2=0,udp_lan_ip=2130706433, udp_wan_ip=3232286820, udp_port=52431, set_no_=1, game_set_id=0,idc_no_=0,cfg_info_=.
Apr  2 21:23:53.519 2021@LM_INFO@Get config db data server_type_=8,server_id_=1001101,lan_ip=2130706433,lan_port=18001,wan_ip_1=0,wan_port_1=0,wan_ip_2=0,wan_port_2=0,udp_lan_ip=0, udp_wan_ip=0, udp_port=0, set_no_=1, game_set_id=11,idc_no_=0,cfg_info_=.
Apr  2 21:23:53.521 2021@LM_INFO@Get config db data server_type_=9,server_id_=1001101,lan_ip=2130706433,lan_port=19001,wan_ip_1=0,wan_port_1=0,wan_ip_2=0,wan_port_2=0,udp_lan_ip=0, udp_wan_ip=0, udp_port=0, set_no_=1, game_set_id=11,idc_no_=0,cfg_info_=.
Apr  2 21:23:53.524 2021@LM_INFO@Get config db data server_type_=11,server_id_=1001101,lan_ip=2130706433,lan_port=21001,wan_ip_1=0,wan_port_1=0,wan_ip_2=0,wan_port_2=0,udp_lan_ip=0, udp_wan_ip=0, udp_port=0, set_no_=1, game_set_id=11,idc_no_=0,cfg_info_=.
Apr  2 21:23:53.527 2021@LM_INFO@Get config db data server_type_=8,server_id_=1001201,lan_ip=2130706433,lan_port=18002,wan_ip_1=0,wan_port_1=0,wan_ip_2=0,wan_port_2=0,udp_lan_ip=0, udp_wan_ip=0, udp_port=0, set_no_=1, game_set_id=12,idc_no_=0,cfg_info_=.
Apr  2 21:23:53.529 2021@LM_INFO@Get config db data server_type_=9,server_id_=1001201,lan_ip=2130706433,lan_port=19002,wan_ip_1=0,wan_port_1=0,wan_ip_2=0,wan_port_2=0,udp_lan_ip=0, udp_wan_ip=0, udp_port=0, set_no_=1, game_set_id=12,idc_no_=0,cfg_info_=.
Apr  2 21:23:53.532 2021@LM_INFO@Get config db data server_type_=11,server_id_=1001201,lan_ip=2130706433,lan_port=21002,wan_ip_1=0,wan_port_1=0,wan_ip_2=0,wan_port_2=0,udp_lan_ip=0, udp_wan_ip=0, udp_port=0, set_no_=1, game_set_id=12,idc_no_=0,cfg_info_=.
Apr  2 21:23:53.543 2021@LM_INFO@ReLoadSvrList server_info set_no:1, svr_info:8|1001201.
Apr  2 21:23:53.546 2021@LM_INFO@ReLoadSvrList server_info set_no:1, svr_info:19|1000001.
Apr  2 21:23:53.547 2021@LM_INFO@ReLoadSvrList server_info set_no:1, svr_info:13|1000001.
Apr  2 21:23:53.549 2021@LM_INFO@ReLoadSvrList server_info set_no:1, svr_info:10|1000001.
Apr  2 21:23:53.554 2021@LM_INFO@ReLoadSvrList server_info set_no:1, svr_info:7|1000001.
Apr  2 21:23:53.554 2021@LM_INFO@ReLoadSvrList server_info set_no:1, svr_info:4|1000001.
Apr  2 21:23:53.555 2021@LM_INFO@ReLoadSvrList server_info set_no:1, svr_info:1|1000001.
Apr  2 21:23:53.556 2021@LM_INFO@ReLoadSvrList server_info set_no:1, svr_info:21|1000001.
Apr  2 21:23:53.556 2021@LM_INFO@ReLoadSvrList server_info set_no:1, svr_info:18|1000001.
Apr  2 21:23:53.557 2021@LM_INFO@ReLoadSvrList server_info set_no:1, svr_info:15|1000001.
Apr  2 21:23:53.557 2021@LM_INFO@ReLoadSvrList server_info set_no:1, svr_info:12|1000001.
Apr  2 21:23:53.558 2021@LM_INFO@ReLoadSvrList server_info set_no:1, svr_info:6|1000001.
Apr  2 21:23:53.559 2021@LM_INFO@ReLoadSvrList server_info set_no:1, svr_info:3|1000001.
Apr  2 21:23:53.559 2021@LM_INFO@ReLoadSvrList server_info set_no:1, svr_info:9|1001101.
Apr  2 21:23:53.560 2021@LM_INFO@ReLoadSvrList server_info set_no:1, svr_info:9|1001201.
Apr  2 21:23:53.562 2021@LM_INFO@ReLoadSvrList server_info set_no:1, svr_info:20|1000001.
Apr  2 21:23:53.562 2021@LM_INFO@ReLoadSvrList server_info set_no:1, svr_info:17|1000001.
Apr  2 21:23:53.562 2021@LM_INFO@ReLoadSvrList server_info set_no:1, svr_info:14|1000001.
Apr  2 21:23:53.563 2021@LM_INFO@ReLoadSvrList server_info set_no:1, svr_info:5|1000001.
Apr  2 21:23:53.563 2021@LM_INFO@ReLoadSvrList server_info set_no:1, svr_info:2|1000001.
Apr  2 21:23:53.564 2021@LM_INFO@ReLoadSvrList server_info set_no:1, svr_info:11|1001101.
Apr  2 21:23:53.564 2021@LM_INFO@ReLoadSvrList server_info set_no:1, svr_info:11|1001201.
Apr  2 21:23:53.564 2021@LM_INFO@ReLoadSvrList server_info set_no:1, svr_info:22|1000001.
Apr  2 21:23:53.565 2021@LM_INFO@ReLoadSvrList server_info set_no:1, svr_info:8|1001101.
Apr  2 21:23:53.565 2021@LM_INFO@Read Server Configure File. [./cfg/trfsvrd.conf] .
Apr  2 21:23:53.565 2021@LM_INFO@Read CommSvrd Server Configure File. [./cfg/trfsvrd.conf] .
Apr  2 21:23:53.566 2021@LM_INFO@Inst_Trf_Svrd_App::InitInstance end.
Apr  2 21:23:53.566 2021@LM_INFO@Inst_Trf_Svrd_App::Run.
Apr  2 21:23:53.567 2021@LM_DEBUG@[Out Pkg head:]Len:46 PkgFlag:0x0 SvrPkgFlag:0x0 Cmd:28203 Uin:0 TransID:0 Sendip:0 Rcvsvr:9002|1 Sndsvr:7|1000001
Apr  2 21:23:53.567 2021@LM_DEBUG@[Out Pkg head:]Len:46 PkgFlag:0x0 SvrPkgFlag:0x0 Cmd:28303 Uin:0 TransID:0 Sendip:0 Rcvsvr:9005|1 Sndsvr:7|1000001
Apr  2 21:23:53.570 2021@LM_DEBUG@Send Dir Report Data, Success.
Apr  2 21:24:03.694 2021@LM_DEBUG@Send Dir Report Data, Success.
Apr  2 21:24:13.740 2021@LM_DEBUG@Send Dir Report Data, Success.
Apr  2 21:24:23.343 2021@LM_DEBUG@[Out Pkg head:]Len:46 PkgFlag:0x0 SvrPkgFlag:0x0 Cmd:28203 Uin:0 TransID:0 Sendip:0 Rcvsvr:9002|1 Sndsvr:7|1000001
Apr  2 21:24:23.351 2021@LM_DEBUG@[Out Pkg head:]Len:46 PkgFlag:0x0 SvrPkgFlag:0x0 Cmd:28303 Uin:0 TransID:0 Sendip:0 Rcvsvr:9005|1 Sndsvr:7|1000001
Apr  2 21:24:23.600 2021@LM_DEBUG@Send Dir Report Data, Success.
Apr  2 21:24:33.569 2021@LM_DEBUG@Send Dir Report Data, Success.
Apr  2 21:24:43.566 2021@LM_DEBUG@Send Dir Report Data, Success.
Apr  2 21:24:53.341 2021@LM_DEBUG@[Out Pkg head:]Len:46 PkgFlag:0x0 SvrPkgFlag:0x0 Cmd:28203 Uin:0 TransID:0 Sendip:0 Rcvsvr:9002|1 Sndsvr:7|1000001
Apr  2 21:24:53.347 2021@LM_DEBUG@[Out Pkg head:]Len:46 PkgFlag:0x0 SvrPkgFlag:0x0 Cmd:28303 Uin:0 TransID:0 Sendip:0 Rcvsvr:9005|1 Sndsvr:7|1000001
Apr  2 21:24:53.599 2021@LM_DEBUG@Send Dir Report Data, Success.
Apr  2 21:25:00.340 2021@LM_DEBUG@[ProcessPipePkg:]Len:42 PkgFlag:0x0 SvrPkgFlag:0x4 Cmd:7015 Uin:0 TransID:307801 Sendip:2130706433 Rcvsvr:7|1000001 Sndsvr:9|1001101
Apr  2 21:25:00.421 2021@LM_DEBUG@25Trf_Trans_Load_Bbs_Reward::OnInit start,TransID:333.
Apr  2 21:25:00.429 2021@LM_DEBUG@[Out Pkg head:]Len:42 PkgFlag:0x0 SvrPkgFlag:0x0 Cmd:28307 Uin:0 TransID:333 Sendip:0 Rcvsvr:9005|1 Sndsvr:7|1000001
Apr  2 21:25:00.433 2021@LM_DEBUG@25Trf_Trans_Load_Bbs_Reward::OnInit end,TransID:333,process:1,phase:1000.
Apr  2 21:25:00.440 2021@LM_DEBUG@Create Trascation ,Command:7015 Transaction ID:333 .
Apr  2 21:25:03.567 2021@LM_DEBUG@Send Dir Report Data, Success.
Apr  2 21:25:04.020 2021@LM_DEBUG@[ProcessPipePkg:]Len:44 PkgFlag:0x0 SvrPkgFlag:0x4 Cmd:28308 Uin:0 TransID:333 Sendip:2130706433 Rcvsvr:7|1000001 Sndsvr:8|101
Apr  2 21:25:04.022 2021@LM_DEBUG@Find raw Transaction ID: 333. 
Apr  2 21:25:04.022 2021@LM_DEBUG@25Trf_Trans_Load_Bbs_Reward::OnActive start,TransID:333,phase:1000.
Apr  2 21:25:04.037 2021@LM_DEBUG@[Out Pkg head:]Len:44 PkgFlag:0x0 SvrPkgFlag:0x0 Cmd:7016 Uin:0 TransID:307801 Sendip:0 Rcvsvr:9|1001101 Sndsvr:7|1000001
Apr  2 21:25:04.044 2021@LM_DEBUG@25Trf_Trans_Load_Bbs_Reward::OnActive end,TransID:333,process:3,phase:1000, src_trans_id:307801.
Apr  2 21:25:13.566 2021@LM_DEBUG@Send Dir Report Data, Success.
Apr  2 21:25:23.362 2021@LM_DEBUG@[Out Pkg head:]Len:46 PkgFlag:0x0 SvrPkgFlag:0x0 Cmd:28203 Uin:0 TransID:0 Sendip:0 Rcvsvr:9002|1 Sndsvr:7|1000001
Apr  2 21:25:23.420 2021@LM_DEBUG@[Out Pkg head:]Len:46 PkgFlag:0x0 SvrPkgFlag:0x0 Cmd:28303 Uin:0 TransID:0 Sendip:0 Rcvsvr:9005|1 Sndsvr:7|1000001
Apr  2 21:25:23.566 2021@LM_DEBUG@Send Dir Report Data, Success.
Apr  2 21:25:33.566 2021@LM_DEBUG@Send Dir Report Data, Success.
Apr  2 21:25:43.566 2021@LM_DEBUG@Send Dir Report Data, Success.
Apr  2 21:25:53.341 2021@LM_DEBUG@[Out Pkg head:]Len:46 PkgFlag:0x0 SvrPkgFlag:0x0 Cmd:28203 Uin:0 TransID:0 Sendip:0 Rcvsvr:9002|1 Sndsvr:7|1000001
Apr  2 21:25:53.343 2021@LM_DEBUG@[Out Pkg head:]Len:46 PkgFlag:0x0 SvrPkgFlag:0x0 Cmd:28303 Uin:0 TransID:0 Sendip:0 Rcvsvr:9005|1 Sndsvr:7|1000001
Apr  2 21:25:53.566 2021@LM_DEBUG@Send Dir Report Data, Success.
Apr  2 21:26:03.566 2021@LM_DEBUG@Send Dir Report Data, Success.
Apr  2 21:26:13.569 2021@LM_DEBUG@Send Dir Report Data, Success.
Apr  2 21:26:23.348 2021@LM_DEBUG@[Out Pkg head:]Len:46 PkgFlag:0x0 SvrPkgFlag:0x0 Cmd:28203 Uin:0 TransID:0 Sendip:0 Rcvsvr:9002|1 Sndsvr:7|1000001
Apr  2 21:26:23.400 2021@LM_DEBUG@[Out Pkg head:]Len:46 PkgFlag:0x0 SvrPkgFlag:0x0 Cmd:28303 Uin:0 TransID:0 Sendip:0 Rcvsvr:9005|1 Sndsvr:7|1000001
Apr  2 21:26:23.566 2021@LM_DEBUG@Send Dir Report Data, Success.
Apr  2 21:26:33.566 2021@LM_DEBUG@Send Dir Report Data, Success.
Apr  2 21:26:43.567 2021@LM_DEBUG@Send Dir Report Data, Success.
Apr  2 21:26:53.349 2021@LM_DEBUG@[Out Pkg head:]Len:46 PkgFlag:0x0 SvrPkgFlag:0x0 Cmd:28203 Uin:0 TransID:0 Sendip:0 Rcvsvr:9002|1 Sndsvr:7|1000001
Apr  2 21:26:53.367 2021@LM_DEBUG@[Out Pkg head:]Len:46 PkgFlag:0x0 SvrPkgFlag:0x0 Cmd:28303 Uin:0 TransID:0 Sendip:0 Rcvsvr:9005|1 Sndsvr:7|1000001
Apr  2 21:26:53.915 2021@LM_DEBUG@Send Dir Report Data, Success.
Apr  2 21:27:03.578 2021@LM_DEBUG@Send Dir Report Data, Success.
Apr  2 21:27:13.566 2021@LM_DEBUG@Send Dir Report Data, Success.
Apr  2 21:27:23.341 2021@LM_DEBUG@[Out Pkg head:]Len:46 PkgFlag:0x0 SvrPkgFlag:0x0 Cmd:28203 Uin:0 TransID:0 Sendip:0 Rcvsvr:9002|1 Sndsvr:7|1000001
Apr  2 21:27:23.344 2021@LM_DEBUG@[Out Pkg head:]Len:46 PkgFlag:0x0 SvrPkgFlag:0x0 Cmd:28303 Uin:0 TransID:0 Sendip:0 Rcvsvr:9005|1 Sndsvr:7|1000001
Apr  2 21:27:23.566 2021@LM_DEBUG@Send Dir Report Data, Success.
Apr  2 21:27:33.566 2021@LM_DEBUG@Send Dir Report Data, Success.
Apr  2 21:27:43.567 2021@LM_DEBUG@Send Dir Report Data, Success.
Apr  2 21:27:53.341 2021@LM_DEBUG@[Out Pkg head:]Len:46 PkgFlag:0x0 SvrPkgFlag:0x0 Cmd:28203 Uin:0 TransID:0 Sendip:0 Rcvsvr:9002|1 Sndsvr:7|1000001
Apr  2 21:27:53.346 2021@LM_DEBUG@[Out Pkg head:]Len:46 PkgFlag:0x0 SvrPkgFlag:0x0 Cmd:28303 Uin:0 TransID:0 Sendip:0 Rcvsvr:9005|1 Sndsvr:7|1000001
Apr  2 21:27:53.566 2021@LM_DEBUG@Send Dir Report Data, Success.
Apr  2 21:28:03.603 2021@LM_DEBUG@Send Dir Report Data, Success.
Apr  2 21:28:13.567 2021@LM_DEBUG@Send Dir Report Data, Success.
Apr  2 21:28:23.344 2021@LM_DEBUG@[Out Pkg head:]Len:46 PkgFlag:0x0 SvrPkgFlag:0x0 Cmd:28203 Uin:0 TransID:0 Sendip:0 Rcvsvr:9002|1 Sndsvr:7|1000001
Apr  2 21:28:23.346 2021@LM_DEBUG@[Out Pkg head:]Len:46 PkgFlag:0x0 SvrPkgFlag:0x0 Cmd:28303 Uin:0 TransID:0 Sendip:0 Rcvsvr:9005|1 Sndsvr:7|1000001
Apr  2 21:28:23.567 2021@LM_DEBUG@Send Dir Report Data, Success.
Apr  2 21:28:33.566 2021@LM_DEBUG@Send Dir Report Data, Success.
Apr  2 21:28:43.566 2021@LM_DEBUG@Send Dir Report Data, Success.
Apr  2 21:28:53.341 2021@LM_DEBUG@[Out Pkg head:]Len:46 PkgFlag:0x0 SvrPkgFlag:0x0 Cmd:28203 Uin:0 TransID:0 Sendip:0 Rcvsvr:9002|1 Sndsvr:7|1000001
Apr  2 21:28:53.365 2021@LM_DEBUG@[Out Pkg head:]Len:46 PkgFlag:0x0 SvrPkgFlag:0x0 Cmd:28303 Uin:0 TransID:0 Sendip:0 Rcvsvr:9005|1 Sndsvr:7|1000001
Apr  2 21:28:53.574 2021@LM_DEBUG@Send Dir Report Data, Success.
Apr  2 21:29:03.568 2021@LM_DEBUG@Send Dir Report Data, Success.
Apr  2 21:29:13.566 2021@LM_DEBUG@Send Dir Report Data, Success.
Apr  2 21:29:23.342 2021@LM_DEBUG@[Out Pkg head:]Len:46 PkgFlag:0x0 SvrPkgFlag:0x0 Cmd:28203 Uin:0 TransID:0 Sendip:0 Rcvsvr:9002|1 Sndsvr:7|1000001
Apr  2 21:29:23.345 2021@LM_DEBUG@[Out Pkg head:]Len:46 PkgFlag:0x0 SvrPkgFlag:0x0 Cmd:28303 Uin:0 TransID:0 Sendip:0 Rcvsvr:9005|1 Sndsvr:7|1000001
Apr  2 21:29:23.567 2021@LM_DEBUG@Send Dir Report Data, Success.
Apr  2 21:29:33.566 2021@LM_DEBUG@Send Dir Report Data, Success.
Apr  2 21:29:43.566 2021@LM_DEBUG@Send Dir Report Data, Success.
Apr  2 21:29:53.341 2021@LM_DEBUG@[Out Pkg head:]Len:46 PkgFlag:0x0 SvrPkgFlag:0x0 Cmd:28203 Uin:0 TransID:0 Sendip:0 Rcvsvr:9002|1 Sndsvr:7|1000001
Apr  2 21:29:53.343 2021@LM_DEBUG@[Out Pkg head:]Len:46 PkgFlag:0x0 SvrPkgFlag:0x0 Cmd:28303 Uin:0 TransID:0 Sendip:0 Rcvsvr:9005|1 Sndsvr:7|1000001
Apr  2 21:29:53.567 2021@LM_DEBUG@Send Dir Report Data, Success.
Apr  2 21:30:00.340 2021@LM_DEBUG@[ProcessPipePkg:]Len:42 PkgFlag:0x0 SvrPkgFlag:0x4 Cmd:7015 Uin:0 TransID:307807 Sendip:2130706433 Rcvsvr:7|1000001 Sndsvr:9|1001101
Apr  2 21:30:00.366 2021@LM_DEBUG@25Trf_Trans_Load_Bbs_Reward::OnInit start,TransID:334.
Apr  2 21:30:00.367 2021@LM_DEBUG@[Out Pkg head:]Len:42 PkgFlag:0x0 SvrPkgFlag:0x0 Cmd:28307 Uin:0 TransID:334 Sendip:0 Rcvsvr:9005|1 Sndsvr:7|1000001
Apr  2 21:30:00.368 2021@LM_DEBUG@25Trf_Trans_Load_Bbs_Reward::OnInit end,TransID:334,process:1,phase:1000.
Apr  2 21:30:00.371 2021@LM_DEBUG@Create Trascation ,Command:7015 Transaction ID:334 .
Apr  2 21:30:01.082 2021@LM_DEBUG@[ProcessPipePkg:]Len:44 PkgFlag:0x0 SvrPkgFlag:0x4 Cmd:28308 Uin:0 TransID:334 Sendip:2130706433 Rcvsvr:7|1000001 Sndsvr:8|101
Apr  2 21:30:01.084 2021@LM_DEBUG@Find raw Transaction ID: 334. 
Apr  2 21:30:01.089 2021@LM_DEBUG@25Trf_Trans_Load_Bbs_Reward::OnActive start,TransID:334,phase:1000.
Apr  2 21:30:01.097 2021@LM_DEBUG@[Out Pkg head:]Len:44 PkgFlag:0x0 SvrPkgFlag:0x0 Cmd:7016 Uin:0 TransID:307807 Sendip:0 Rcvsvr:9|1001101 Sndsvr:7|1000001
Apr  2 21:30:01.105 2021@LM_DEBUG@25Trf_Trans_Load_Bbs_Reward::OnActive end,TransID:334,process:3,phase:1000, src_trans_id:307807.
Apr  2 21:30:03.566 2021@LM_DEBUG@Send Dir Report Data, Success.
Apr  2 21:30:13.586 2021@LM_DEBUG@Send Dir Report Data, Success.
Apr  2 21:30:23.344 2021@LM_DEBUG@[Out Pkg head:]Len:46 PkgFlag:0x0 SvrPkgFlag:0x0 Cmd:28203 Uin:0 TransID:0 Sendip:0 Rcvsvr:9002|1 Sndsvr:7|1000001
Apr  2 21:30:23.357 2021@LM_DEBUG@[Out Pkg head:]Len:46 PkgFlag:0x0 SvrPkgFlag:0x0 Cmd:28303 Uin:0 TransID:0 Sendip:0 Rcvsvr:9005|1 Sndsvr:7|1000001
Apr  2 21:30:23.580 2021@LM_DEBUG@Send Dir Report Data, Success.
Apr  2 21:30:33.566 2021@LM_DEBUG@Send Dir Report Data, Success.
Apr  2 21:30:43.566 2021@LM_DEBUG@Send Dir Report Data, Success.
Apr  2 21:30:53.341 2021@LM_DEBUG@[Out Pkg head:]Len:46 PkgFlag:0x0 SvrPkgFlag:0x0 Cmd:28203 Uin:0 TransID:0 Sendip:0 Rcvsvr:9002|1 Sndsvr:7|1000001
Apr  2 21:30:53.343 2021@LM_DEBUG@[Out Pkg head:]Len:46 PkgFlag:0x0 SvrPkgFlag:0x0 Cmd:28303 Uin:0 TransID:0 Sendip:0 Rcvsvr:9005|1 Sndsvr:7|1000001
Apr  2 21:30:53.571 2021@LM_DEBUG@Send Dir Report Data, Success.
Apr  2 21:31:03.566 2021@LM_DEBUG@Send Dir Report Data, Success.
Apr  2 21:31:13.567 2021@LM_DEBUG@Send Dir Report Data, Success.
Apr  2 21:31:23.341 2021@LM_DEBUG@[Out Pkg head:]Len:46 PkgFlag:0x0 SvrPkgFlag:0x0 Cmd:28203 Uin:0 TransID:0 Sendip:0 Rcvsvr:9002|1 Sndsvr:7|1000001
Apr  2 21:31:23.343 2021@LM_DEBUG@[Out Pkg head:]Len:46 PkgFlag:0x0 SvrPkgFlag:0x0 Cmd:28303 Uin:0 TransID:0 Sendip:0 Rcvsvr:9005|1 Sndsvr:7|1000001
Apr  2 21:31:23.566 2021@LM_DEBUG@Send Dir Report Data, Success.
Apr  2 21:31:33.566 2021@LM_DEBUG@Send Dir Report Data, Success.
Apr  2 21:31:43.566 2021@LM_DEBUG@Send Dir Report Data, Success.
Apr  2 21:31:53.341 2021@LM_DEBUG@[Out Pkg head:]Len:46 PkgFlag:0x0 SvrPkgFlag:0x0 Cmd:28203 Uin:0 TransID:0 Sendip:0 Rcvsvr:9002|1 Sndsvr:7|1000001
Apr  2 21:31:53.349 2021@LM_DEBUG@[Out Pkg head:]Len:46 PkgFlag:0x0 SvrPkgFlag:0x0 Cmd:28303 Uin:0 TransID:0 Sendip:0 Rcvsvr:9005|1 Sndsvr:7|1000001
Apr  2 21:31:53.566 2021@LM_DEBUG@Send Dir Report Data, Success.
Apr  2 21:32:03.567 2021@LM_DEBUG@Send Dir Report Data, Success.
Apr  2 21:32:13.790 2021@LM_DEBUG@Send Dir Report Data, Success.
Apr  2 21:32:23.342 2021@LM_DEBUG@[Out Pkg head:]Len:46 PkgFlag:0x0 SvrPkgFlag:0x0 Cmd:28203 Uin:0 TransID:0 Sendip:0 Rcvsvr:9002|1 Sndsvr:7|1000001
Apr  2 21:32:23.348 2021@LM_DEBUG@[Out Pkg head:]Len:46 PkgFlag:0x0 SvrPkgFlag:0x0 Cmd:28303 Uin:0 TransID:0 Sendip:0 Rcvsvr:9005|1 Sndsvr:7|1000001
Apr  2 21:32:23.567 2021@LM_DEBUG@Send Dir Report Data, Success.
Apr  2 21:32:33.723 2021@LM_DEBUG@Send Dir Report Data, Success.
Apr  2 21:32:43.567 2021@LM_DEBUG@Send Dir Report Data, Success.
Apr  2 21:32:53.343 2021@LM_DEBUG@[Out Pkg head:]Len:46 PkgFlag:0x0 SvrPkgFlag:0x0 Cmd:28203 Uin:0 TransID:0 Sendip:0 Rcvsvr:9002|1 Sndsvr:7|1000001
Apr  2 21:32:53.344 2021@LM_DEBUG@[Out Pkg head:]Len:46 PkgFlag:0x0 SvrPkgFlag:0x0 Cmd:28303 Uin:0 TransID:0 Sendip:0 Rcvsvr:9005|1 Sndsvr:7|1000001
Apr  2 21:32:53.566 2021@LM_DEBUG@Send Dir Report Data, Success.
Apr  2 21:33:03.567 2021@LM_DEBUG@Send Dir Report Data, Success.
Apr  2 21:33:13.567 2021@LM_DEBUG@Send Dir Report Data, Success.
Apr  2 21:33:23.343 2021@LM_DEBUG@[Out Pkg head:]Len:46 PkgFlag:0x0 SvrPkgFlag:0x0 Cmd:28203 Uin:0 TransID:0 Sendip:0 Rcvsvr:9002|1 Sndsvr:7|1000001
Apr  2 21:33:23.345 2021@LM_DEBUG@[Out Pkg head:]Len:46 PkgFlag:0x0 SvrPkgFlag:0x0 Cmd:28303 Uin:0 TransID:0 Sendip:0 Rcvsvr:9005|1 Sndsvr:7|1000001
Apr  2 21:33:23.571 2021@LM_DEBUG@Send Dir Report Data, Success.
Apr  2 21:33:33.567 2021@LM_DEBUG@Send Dir Report Data, Success.
Apr  2 21:33:43.567 2021@LM_DEBUG@Send Dir Report Data, Success.
Apr  2 21:33:53.341 2021@LM_DEBUG@[Out Pkg head:]Len:46 PkgFlag:0x0 SvrPkgFlag:0x0 Cmd:28203 Uin:0 TransID:0 Sendip:0 Rcvsvr:9002|1 Sndsvr:7|1000001
Apr  2 21:33:53.369 2021@LM_DEBUG@[Out Pkg head:]Len:46 PkgFlag:0x0 SvrPkgFlag:0x0 Cmd:28303 Uin:0 TransID:0 Sendip:0 Rcvsvr:9005|1 Sndsvr:7|1000001
Apr  2 21:33:53.566 2021@LM_DEBUG@Send Dir Report Data, Success.
Apr  2 21:34:03.567 2021@LM_DEBUG@Send Dir Report Data, Success.
Apr  2 21:34:13.566 2021@LM_DEBUG@Send Dir Report Data, Success.
Apr  2 21:34:23.397 2021@LM_DEBUG@[Out Pkg head:]Len:46 PkgFlag:0x0 SvrPkgFlag:0x0 Cmd:28203 Uin:0 TransID:0 Sendip:0 Rcvsvr:9002|1 Sndsvr:7|1000001
Apr  2 21:34:23.460 2021@LM_DEBUG@[Out Pkg head:]Len:46 PkgFlag:0x0 SvrPkgFlag:0x0 Cmd:28303 Uin:0 TransID:0 Sendip:0 Rcvsvr:9005|1 Sndsvr:7|1000001
Apr  2 21:34:23.567 2021@LM_DEBUG@Send Dir Report Data, Success.
Apr  2 21:34:33.569 2021@LM_DEBUG@Send Dir Report Data, Success.
Apr  2 21:34:43.566 2021@LM_DEBUG@Send Dir Report Data, Success.
Apr  2 21:34:53.352 2021@LM_DEBUG@[Out Pkg head:]Len:46 PkgFlag:0x0 SvrPkgFlag:0x0 Cmd:28203 Uin:0 TransID:0 Sendip:0 Rcvsvr:9002|1 Sndsvr:7|1000001
Apr  2 21:34:53.366 2021@LM_DEBUG@[Out Pkg head:]Len:46 PkgFlag:0x0 SvrPkgFlag:0x0 Cmd:28303 Uin:0 TransID:0 Sendip:0 Rcvsvr:9005|1 Sndsvr:7|1000001
Apr  2 21:34:53.566 2021@LM_DEBUG@Send Dir Report Data, Success.
Apr  2 21:35:00.390 2021@LM_DEBUG@[ProcessPipePkg:]Len:42 PkgFlag:0x0 SvrPkgFlag:0x4 Cmd:7015 Uin:0 TransID:307813 Sendip:2130706433 Rcvsvr:7|1000001 Sndsvr:9|1001101
Apr  2 21:35:00.404 2021@LM_DEBUG@25Trf_Trans_Load_Bbs_Reward::OnInit start,TransID:335.
Apr  2 21:35:00.406 2021@LM_DEBUG@[Out Pkg head:]Len:42 PkgFlag:0x0 SvrPkgFlag:0x0 Cmd:28307 Uin:0 TransID:335 Sendip:0 Rcvsvr:9005|1 Sndsvr:7|1000001
Apr  2 21:35:00.408 2021@LM_DEBUG@25Trf_Trans_Load_Bbs_Reward::OnInit end,TransID:335,process:1,phase:1000.
Apr  2 21:35:00.413 2021@LM_DEBUG@Create Trascation ,Command:7015 Transaction ID:335 .
Apr  2 21:35:01.072 2021@LM_DEBUG@[ProcessPipePkg:]Len:44 PkgFlag:0x0 SvrPkgFlag:0x4 Cmd:28308 Uin:0 TransID:335 Sendip:2130706433 Rcvsvr:7|1000001 Sndsvr:8|101
Apr  2 21:35:01.083 2021@LM_DEBUG@Find raw Transaction ID: 335. 
Apr  2 21:35:01.084 2021@LM_DEBUG@25Trf_Trans_Load_Bbs_Reward::OnActive start,TransID:335,phase:1000.
Apr  2 21:35:01.096 2021@LM_DEBUG@[Out Pkg head:]Len:44 PkgFlag:0x0 SvrPkgFlag:0x0 Cmd:7016 Uin:0 TransID:307813 Sendip:0 Rcvsvr:9|1001101 Sndsvr:7|1000001
Apr  2 21:35:01.114 2021@LM_DEBUG@25Trf_Trans_Load_Bbs_Reward::OnActive end,TransID:335,process:3,phase:1000, src_trans_id:307813.
Apr  2 21:35:03.566 2021@LM_DEBUG@Send Dir Report Data, Success.
Apr  2 21:35:13.567 2021@LM_DEBUG@Send Dir Report Data, Success.
Apr  2 21:35:23.343 2021@LM_DEBUG@[Out Pkg head:]Len:46 PkgFlag:0x0 SvrPkgFlag:0x0 Cmd:28203 Uin:0 TransID:0 Sendip:0 Rcvsvr:9002|1 Sndsvr:7|1000001
Apr  2 21:35:23.350 2021@LM_DEBUG@[Out Pkg head:]Len:46 PkgFlag:0x0 SvrPkgFlag:0x0 Cmd:28303 Uin:0 TransID:0 Sendip:0 Rcvsvr:9005|1 Sndsvr:7|1000001
Apr  2 21:35:23.566 2021@LM_DEBUG@Send Dir Report Data, Success.
Apr  2 21:35:33.568 2021@LM_DEBUG@Send Dir Report Data, Success.
Apr  2 21:35:43.568 2021@LM_DEBUG@Send Dir Report Data, Success.
Apr  2 21:35:53.342 2021@LM_DEBUG@[Out Pkg head:]Len:46 PkgFlag:0x0 SvrPkgFlag:0x0 Cmd:28203 Uin:0 TransID:0 Sendip:0 Rcvsvr:9002|1 Sndsvr:7|1000001
Apr  2 21:35:53.344 2021@LM_DEBUG@[Out Pkg head:]Len:46 PkgFlag:0x0 SvrPkgFlag:0x0 Cmd:28303 Uin:0 TransID:0 Sendip:0 Rcvsvr:9005|1 Sndsvr:7|1000001
Apr  2 21:35:53.566 2021@LM_DEBUG@Send Dir Report Data, Success.
Apr  2 21:36:03.567 2021@LM_DEBUG@Send Dir Report Data, Success.
Apr  2 21:36:13.574 2021@LM_DEBUG@Send Dir Report Data, Success.
Apr  2 21:36:23.345 2021@LM_DEBUG@[Out Pkg head:]Len:46 PkgFlag:0x0 SvrPkgFlag:0x0 Cmd:28203 Uin:0 TransID:0 Sendip:0 Rcvsvr:9002|1 Sndsvr:7|1000001
Apr  2 21:36:23.347 2021@LM_DEBUG@[Out Pkg head:]Len:46 PkgFlag:0x0 SvrPkgFlag:0x0 Cmd:28303 Uin:0 TransID:0 Sendip:0 Rcvsvr:9005|1 Sndsvr:7|1000001
Apr  2 21:36:23.567 2021@LM_DEBUG@Send Dir Report Data, Success.
Apr  2 21:36:33.567 2021@LM_DEBUG@Send Dir Report Data, Success.
Apr  2 21:36:43.566 2021@LM_DEBUG@Send Dir Report Data, Success.
Apr  2 21:36:53.344 2021@LM_DEBUG@[Out Pkg head:]Len:46 PkgFlag:0x0 SvrPkgFlag:0x0 Cmd:28203 Uin:0 TransID:0 Sendip:0 Rcvsvr:9002|1 Sndsvr:7|1000001
Apr  2 21:36:53.352 2021@LM_DEBUG@[Out Pkg head:]Len:46 PkgFlag:0x0 SvrPkgFlag:0x0 Cmd:28303 Uin:0 TransID:0 Sendip:0 Rcvsvr:9005|1 Sndsvr:7|1000001
Apr  2 21:36:53.566 2021@LM_DEBUG@Send Dir Report Data, Success.
Apr  2 21:37:03.567 2021@LM_DEBUG@Send Dir Report Data, Success.
Apr  2 21:37:13.566 2021@LM_DEBUG@Send Dir Report Data, Success.
Apr  2 21:37:23.344 2021@LM_DEBUG@[Out Pkg head:]Len:46 PkgFlag:0x0 SvrPkgFlag:0x0 Cmd:28203 Uin:0 TransID:0 Sendip:0 Rcvsvr:9002|1 Sndsvr:7|1000001
Apr  2 21:37:23.353 2021@LM_DEBUG@[Out Pkg head:]Len:46 PkgFlag:0x0 SvrPkgFlag:0x0 Cmd:28303 Uin:0 TransID:0 Sendip:0 Rcvsvr:9005|1 Sndsvr:7|1000001
Apr  2 21:37:23.568 2021@LM_DEBUG@Send Dir Report Data, Success.
Apr  2 21:37:33.566 2021@LM_DEBUG@Send Dir Report Data, Success.
Apr  2 21:37:43.566 2021@LM_DEBUG@Send Dir Report Data, Success.
Apr  2 21:37:53.342 2021@LM_DEBUG@[Out Pkg head:]Len:46 PkgFlag:0x0 SvrPkgFlag:0x0 Cmd:28203 Uin:0 TransID:0 Sendip:0 Rcvsvr:9002|1 Sndsvr:7|1000001
Apr  2 21:37:53.355 2021@LM_DEBUG@[Out Pkg head:]Len:46 PkgFlag:0x0 SvrPkgFlag:0x0 Cmd:28303 Uin:0 TransID:0 Sendip:0 Rcvsvr:9005|1 Sndsvr:7|1000001
Apr  2 21:37:53.571 2021@LM_DEBUG@Send Dir Report Data, Success.
Apr  2 21:38:05.451 2021@LM_DEBUG@Send Dir Report Data, Success.
Apr  2 21:38:13.566 2021@LM_DEBUG@Send Dir Report Data, Success.
Apr  2 21:38:23.343 2021@LM_DEBUG@[Out Pkg head:]Len:46 PkgFlag:0x0 SvrPkgFlag:0x0 Cmd:28203 Uin:0 TransID:0 Sendip:0 Rcvsvr:9002|1 Sndsvr:7|1000001
Apr  2 21:38:23.346 2021@LM_DEBUG@[Out Pkg head:]Len:46 PkgFlag:0x0 SvrPkgFlag:0x0 Cmd:28303 Uin:0 TransID:0 Sendip:0 Rcvsvr:9005|1 Sndsvr:7|1000001
Apr  2 21:38:23.566 2021@LM_DEBUG@Send Dir Report Data, Success.
Apr  2 21:38:33.566 2021@LM_DEBUG@Send Dir Report Data, Success.
Apr  2 21:38:43.566 2021@LM_DEBUG@Send Dir Report Data, Success.
Apr  2 21:38:53.344 2021@LM_DEBUG@[Out Pkg head:]Len:46 PkgFlag:0x0 SvrPkgFlag:0x0 Cmd:28203 Uin:0 TransID:0 Sendip:0 Rcvsvr:9002|1 Sndsvr:7|1000001
Apr  2 21:38:53.355 2021@LM_DEBUG@[Out Pkg head:]Len:46 PkgFlag:0x0 SvrPkgFlag:0x0 Cmd:28303 Uin:0 TransID:0 Sendip:0 Rcvsvr:9005|1 Sndsvr:7|1000001
Apr  2 21:38:53.569 2021@LM_DEBUG@Send Dir Report Data, Success.
Apr  2 21:39:03.566 2021@LM_DEBUG@Send Dir Report Data, Success.
Apr  2 21:39:13.566 2021@LM_DEBUG@Send Dir Report Data, Success.
Apr  2 21:39:23.352 2021@LM_DEBUG@[Out Pkg head:]Len:46 PkgFlag:0x0 SvrPkgFlag:0x0 Cmd:28203 Uin:0 TransID:0 Sendip:0 Rcvsvr:9002|1 Sndsvr:7|1000001
Apr  2 21:39:23.354 2021@LM_DEBUG@[Out Pkg head:]Len:46 PkgFlag:0x0 SvrPkgFlag:0x0 Cmd:28303 Uin:0 TransID:0 Sendip:0 Rcvsvr:9005|1 Sndsvr:7|1000001
Apr  2 21:39:23.566 2021@LM_DEBUG@Send Dir Report Data, Success.
Apr  2 21:39:33.566 2021@LM_DEBUG@Send Dir Report Data, Success.
Apr  2 21:39:43.566 2021@LM_DEBUG@Send Dir Report Data, Success.
Apr  2 21:39:53.341 2021@LM_DEBUG@[Out Pkg head:]Len:46 PkgFlag:0x0 SvrPkgFlag:0x0 Cmd:28203 Uin:0 TransID:0 Sendip:0 Rcvsvr:9002|1 Sndsvr:7|1000001
Apr  2 21:39:53.349 2021@LM_DEBUG@[Out Pkg head:]Len:46 PkgFlag:0x0 SvrPkgFlag:0x0 Cmd:28303 Uin:0 TransID:0 Sendip:0 Rcvsvr:9005|1 Sndsvr:7|1000001
Apr  2 21:39:53.568 2021@LM_DEBUG@Send Dir Report Data, Success.
Apr  2 21:40:00.390 2021@LM_DEBUG@[ProcessPipePkg:]Len:42 PkgFlag:0x0 SvrPkgFlag:0x4 Cmd:7015 Uin:0 TransID:307819 Sendip:2130706433 Rcvsvr:7|1000001 Sndsvr:9|1001101
Apr  2 21:40:00.413 2021@LM_DEBUG@25Trf_Trans_Load_Bbs_Reward::OnInit start,TransID:336.
Apr  2 21:40:00.415 2021@LM_DEBUG@[Out Pkg head:]Len:42 PkgFlag:0x0 SvrPkgFlag:0x0 Cmd:28307 Uin:0 TransID:336 Sendip:0 Rcvsvr:9005|1 Sndsvr:7|1000001
Apr  2 21:40:00.416 2021@LM_DEBUG@25Trf_Trans_Load_Bbs_Reward::OnInit end,TransID:336,process:1,phase:1000.
Apr  2 21:40:00.420 2021@LM_DEBUG@Create Trascation ,Command:7015 Transaction ID:336 .
Apr  2 21:40:00.926 2021@LM_DEBUG@[ProcessPipePkg:]Len:44 PkgFlag:0x0 SvrPkgFlag:0x4 Cmd:28308 Uin:0 TransID:336 Sendip:2130706433 Rcvsvr:7|1000001 Sndsvr:8|101
Apr  2 21:40:00.928 2021@LM_DEBUG@Find raw Transaction ID: 336. 
Apr  2 21:40:00.928 2021@LM_DEBUG@25Trf_Trans_Load_Bbs_Reward::OnActive start,TransID:336,phase:1000.
Apr  2 21:40:00.951 2021@LM_DEBUG@[Out Pkg head:]Len:44 PkgFlag:0x0 SvrPkgFlag:0x0 Cmd:7016 Uin:0 TransID:307819 Sendip:0 Rcvsvr:9|1001101 Sndsvr:7|1000001
Apr  2 21:40:00.954 2021@LM_DEBUG@25Trf_Trans_Load_Bbs_Reward::OnActive end,TransID:336,process:3,phase:1000, src_trans_id:307819.
Apr  2 21:40:03.566 2021@LM_DEBUG@Send Dir Report Data, Success.
Apr  2 21:40:13.566 2021@LM_DEBUG@Send Dir Report Data, Success.
Apr  2 21:40:23.341 2021@LM_DEBUG@[Out Pkg head:]Len:46 PkgFlag:0x0 SvrPkgFlag:0x0 Cmd:28203 Uin:0 TransID:0 Sendip:0 Rcvsvr:9002|1 Sndsvr:7|1000001
Apr  2 21:40:23.350 2021@LM_DEBUG@[Out Pkg head:]Len:46 PkgFlag:0x0 SvrPkgFlag:0x0 Cmd:28303 Uin:0 TransID:0 Sendip:0 Rcvsvr:9005|1 Sndsvr:7|1000001
Apr  2 21:40:23.566 2021@LM_DEBUG@Send Dir Report Data, Success.
Apr  2 21:40:33.566 2021@LM_DEBUG@Send Dir Report Data, Success.
Apr  2 21:40:43.566 2021@LM_DEBUG@Send Dir Report Data, Success.
Apr  2 21:40:53.341 2021@LM_DEBUG@[Out Pkg head:]Len:46 PkgFlag:0x0 SvrPkgFlag:0x0 Cmd:28203 Uin:0 TransID:0 Sendip:0 Rcvsvr:9002|1 Sndsvr:7|1000001
Apr  2 21:40:53.346 2021@LM_DEBUG@[Out Pkg head:]Len:46 PkgFlag:0x0 SvrPkgFlag:0x0 Cmd:28303 Uin:0 TransID:0 Sendip:0 Rcvsvr:9005|1 Sndsvr:7|1000001
Apr  2 21:40:53.566 2021@LM_DEBUG@Send Dir Report Data, Success.
Apr  2 21:41:03.567 2021@LM_DEBUG@Send Dir Report Data, Success.
Apr  2 21:41:13.566 2021@LM_DEBUG@Send Dir Report Data, Success.
Apr  2 21:41:23.341 2021@LM_DEBUG@[Out Pkg head:]Len:46 PkgFlag:0x0 SvrPkgFlag:0x0 Cmd:28203 Uin:0 TransID:0 Sendip:0 Rcvsvr:9002|1 Sndsvr:7|1000001
Apr  2 21:41:23.350 2021@LM_DEBUG@[Out Pkg head:]Len:46 PkgFlag:0x0 SvrPkgFlag:0x0 Cmd:28303 Uin:0 TransID:0 Sendip:0 Rcvsvr:9005|1 Sndsvr:7|1000001
Apr  2 21:41:23.567 2021@LM_DEBUG@Send Dir Report Data, Success.
Apr  2 21:41:33.566 2021@LM_DEBUG@Send Dir Report Data, Success.
Apr  2 21:41:43.566 2021@LM_DEBUG@Send Dir Report Data, Success.
Apr  2 21:41:53.340 2021@LM_DEBUG@[Out Pkg head:]Len:46 PkgFlag:0x0 SvrPkgFlag:0x0 Cmd:28203 Uin:0 TransID:0 Sendip:0 Rcvsvr:9002|1 Sndsvr:7|1000001
Apr  2 21:41:53.346 2021@LM_DEBUG@[Out Pkg head:]Len:46 PkgFlag:0x0 SvrPkgFlag:0x0 Cmd:28303 Uin:0 TransID:0 Sendip:0 Rcvsvr:9005|1 Sndsvr:7|1000001
Apr  2 21:41:53.566 2021@LM_DEBUG@Send Dir Report Data, Success.
Apr  2 21:42:03.566 2021@LM_DEBUG@Send Dir Report Data, Success.
Apr  2 21:42:13.566 2021@LM_DEBUG@Send Dir Report Data, Success.
Apr  2 21:42:23.341 2021@LM_DEBUG@[Out Pkg head:]Len:46 PkgFlag:0x0 SvrPkgFlag:0x0 Cmd:28203 Uin:0 TransID:0 Sendip:0 Rcvsvr:9002|1 Sndsvr:7|1000001
Apr  2 21:42:23.349 2021@LM_DEBUG@[Out Pkg head:]Len:46 PkgFlag:0x0 SvrPkgFlag:0x0 Cmd:28303 Uin:0 TransID:0 Sendip:0 Rcvsvr:9005|1 Sndsvr:7|1000001
Apr  2 21:42:23.566 2021@LM_DEBUG@Send Dir Report Data, Success.
Apr  2 21:42:33.566 2021@LM_DEBUG@Send Dir Report Data, Success.
Apr  2 21:42:43.566 2021@LM_DEBUG@Send Dir Report Data, Success.
Apr  2 21:42:53.340 2021@LM_DEBUG@[Out Pkg head:]Len:46 PkgFlag:0x0 SvrPkgFlag:0x0 Cmd:28203 Uin:0 TransID:0 Sendip:0 Rcvsvr:9002|1 Sndsvr:7|1000001
Apr  2 21:42:53.347 2021@LM_DEBUG@[Out Pkg head:]Len:46 PkgFlag:0x0 SvrPkgFlag:0x0 Cmd:28303 Uin:0 TransID:0 Sendip:0 Rcvsvr:9005|1 Sndsvr:7|1000001
Apr  2 21:42:53.566 2021@LM_DEBUG@Send Dir Report Data, Success.
Apr  2 21:43:03.566 2021@LM_DEBUG@Send Dir Report Data, Success.
Apr  2 21:43:13.566 2021@LM_DEBUG@Send Dir Report Data, Success.
Apr  2 21:43:23.340 2021@LM_DEBUG@[Out Pkg head:]Len:46 PkgFlag:0x0 SvrPkgFlag:0x0 Cmd:28203 Uin:0 TransID:0 Sendip:0 Rcvsvr:9002|1 Sndsvr:7|1000001
Apr  2 21:43:23.352 2021@LM_DEBUG@[Out Pkg head:]Len:46 PkgFlag:0x0 SvrPkgFlag:0x0 Cmd:28303 Uin:0 TransID:0 Sendip:0 Rcvsvr:9005|1 Sndsvr:7|1000001
Apr  2 21:43:23.566 2021@LM_DEBUG@Send Dir Report Data, Success.
Apr  2 21:43:33.567 2021@LM_DEBUG@Send Dir Report Data, Success.
Apr  2 21:43:43.566 2021@LM_DEBUG@Send Dir Report Data, Success.
Apr  2 21:43:53.343 2021@LM_DEBUG@[Out Pkg head:]Len:46 PkgFlag:0x0 SvrPkgFlag:0x0 Cmd:28203 Uin:0 TransID:0 Sendip:0 Rcvsvr:9002|1 Sndsvr:7|1000001
Apr  2 21:43:53.355 2021@LM_DEBUG@[Out Pkg head:]Len:46 PkgFlag:0x0 SvrPkgFlag:0x0 Cmd:28303 Uin:0 TransID:0 Sendip:0 Rcvsvr:9005|1 Sndsvr:7|1000001
Apr  2 21:43:53.566 2021@LM_DEBUG@Send Dir Report Data, Success.
Apr  2 21:44:03.566 2021@LM_DEBUG@Send Dir Report Data, Success.
Apr  2 21:44:13.566 2021@LM_DEBUG@Send Dir Report Data, Success.
Apr  2 21:44:23.352 2021@LM_DEBUG@[Out Pkg head:]Len:46 PkgFlag:0x0 SvrPkgFlag:0x0 Cmd:28203 Uin:0 TransID:0 Sendip:0 Rcvsvr:9002|1 Sndsvr:7|1000001
Apr  2 21:44:23.360 2021@LM_DEBUG@[Out Pkg head:]Len:46 PkgFlag:0x0 SvrPkgFlag:0x0 Cmd:28303 Uin:0 TransID:0 Sendip:0 Rcvsvr:9005|1 Sndsvr:7|1000001
Apr  2 21:44:23.566 2021@LM_DEBUG@Send Dir Report Data, Success.
Apr  2 21:44:33.566 2021@LM_DEBUG@Send Dir Report Data, Success.
Apr  2 21:44:43.566 2021@LM_DEBUG@Send Dir Report Data, Success.
Apr  2 21:44:53.341 2021@LM_DEBUG@[Out Pkg head:]Len:46 PkgFlag:0x0 SvrPkgFlag:0x0 Cmd:28203 Uin:0 TransID:0 Sendip:0 Rcvsvr:9002|1 Sndsvr:7|1000001
Apr  2 21:44:53.346 2021@LM_DEBUG@[Out Pkg head:]Len:46 PkgFlag:0x0 SvrPkgFlag:0x0 Cmd:28303 Uin:0 TransID:0 Sendip:0 Rcvsvr:9005|1 Sndsvr:7|1000001
Apr  2 21:44:53.566 2021@LM_DEBUG@Send Dir Report Data, Success.
Apr  2 21:45:00.440 2021@LM_DEBUG@[ProcessPipePkg:]Len:42 PkgFlag:0x0 SvrPkgFlag:0x4 Cmd:7015 Uin:0 TransID:307825 Sendip:2130706433 Rcvsvr:7|1000001 Sndsvr:9|1001101
Apr  2 21:45:00.457 2021@LM_DEBUG@25Trf_Trans_Load_Bbs_Reward::OnInit start,TransID:337.
Apr  2 21:45:00.462 2021@LM_DEBUG@[Out Pkg head:]Len:42 PkgFlag:0x0 SvrPkgFlag:0x0 Cmd:28307 Uin:0 TransID:337 Sendip:0 Rcvsvr:9005|1 Sndsvr:7|1000001
Apr  2 21:45:00.464 2021@LM_DEBUG@25Trf_Trans_Load_Bbs_Reward::OnInit end,TransID:337,process:1,phase:1000.
Apr  2 21:45:00.471 2021@LM_DEBUG@Create Trascation ,Command:7015 Transaction ID:337 .
Apr  2 21:45:01.592 2021@LM_DEBUG@[ProcessPipePkg:]Len:44 PkgFlag:0x0 SvrPkgFlag:0x4 Cmd:28308 Uin:0 TransID:337 Sendip:2130706433 Rcvsvr:7|1000001 Sndsvr:8|101
Apr  2 21:45:01.595 2021@LM_DEBUG@Find raw Transaction ID: 337. 
Apr  2 21:45:01.597 2021@LM_DEBUG@25Trf_Trans_Load_Bbs_Reward::OnActive start,TransID:337,phase:1000.
Apr  2 21:45:01.677 2021@LM_DEBUG@[Out Pkg head:]Len:44 PkgFlag:0x0 SvrPkgFlag:0x0 Cmd:7016 Uin:0 TransID:307825 Sendip:0 Rcvsvr:9|1001101 Sndsvr:7|1000001
Apr  2 21:45:01.685 2021@LM_DEBUG@25Trf_Trans_Load_Bbs_Reward::OnActive end,TransID:337,process:3,phase:1000, src_trans_id:307825.
Apr  2 21:45:03.577 2021@LM_DEBUG@Send Dir Report Data, Success.
Apr  2 21:45:13.566 2021@LM_DEBUG@Send Dir Report Data, Success.
Apr  2 21:45:18.845 2021@LM_DEBUG@[ProcessPipePkg:]Len:634 PkgFlag:0x0 SvrPkgFlag:0x4 Cmd:7003 Uin:0 TransID:4010 Sendip:2130706433 Rcvsvr:7|1000001 Sndsvr:6|1000001
Apr  2 21:45:18.882 2021@LM_DEBUG@32Trf_Trans_Account_Login_Validate::OnInit start,TransID:338.
Apr  2 21:45:18.900 2021@LM_DEBUG@[Out Pkg head:]Len:634 PkgFlag:0x0 SvrPkgFlag:0x0 Cmd:28003 Uin:0 TransID:338 Sendip:0 Rcvsvr:9001|1 Sndsvr:7|1000001
Apr  2 21:45:18.902 2021@LM_DEBUG@32Trf_Trans_Account_Login_Validate::OnInit end,TransID:338,process:1,phase:1101.
Apr  2 21:45:18.913 2021@LM_DEBUG@Create Trascation ,Command:7003 Transaction ID:338 .
Apr  2 21:45:21.280 2021@LM_DEBUG@[ProcessPipePkg:]Len:71 PkgFlag:0x0 SvrPkgFlag:0x4 Cmd:28004 Uin:0 TransID:338 Sendip:2130706433 Rcvsvr:7|1000001 Sndsvr:2|101
Apr  2 21:45:21.282 2021@LM_DEBUG@Find raw Transaction ID: 338. 
Apr  2 21:45:21.285 2021@LM_DEBUG@32Trf_Trans_Account_Login_Validate::OnActive start,TransID:338,phase:1101.
Apr  2 21:45:21.297 2021@LM_INFO@Trf_Trans_Account_Login_Vefify::OnGetAccountVerifyFromPlatsvrd data:10100006|0.
Apr  2 21:45:21.307 2021@LM_DEBUG@[Out Pkg head:]Len:71 PkgFlag:0x0 SvrPkgFlag:0x0 Cmd:7004 Uin:0 TransID:4010 Sendip:0 Rcvsvr:6|1000001 Sndsvr:7|1000001
Apr  2 21:45:21.317 2021@LM_DEBUG@32Trf_Trans_Account_Login_Validate::OnActive end,TransID:338,process:3,phase:1101, src_trans_id:4010.
Apr  2 21:45:23.598 2021@LM_DEBUG@[Out Pkg head:]Len:46 PkgFlag:0x0 SvrPkgFlag:0x0 Cmd:28203 Uin:0 TransID:0 Sendip:0 Rcvsvr:9002|1 Sndsvr:7|1000001
Apr  2 21:45:23.600 2021@LM_DEBUG@[Out Pkg head:]Len:46 PkgFlag:0x0 SvrPkgFlag:0x0 Cmd:28303 Uin:0 TransID:0 Sendip:0 Rcvsvr:9005|1 Sndsvr:7|1000001
Apr  2 21:45:23.602 2021@LM_DEBUG@Send Dir Report Data, Success.
Apr  2 21:45:33.566 2021@LM_DEBUG@Send Dir Report Data, Success.
Apr  2 21:45:43.566 2021@LM_DEBUG@Send Dir Report Data, Success.
Apr  2 21:45:53.343 2021@LM_DEBUG@[Out Pkg head:]Len:46 PkgFlag:0x0 SvrPkgFlag:0x0 Cmd:28203 Uin:0 TransID:0 Sendip:0 Rcvsvr:9002|1 Sndsvr:7|1000001
Apr  2 21:45:53.350 2021@LM_DEBUG@[Out Pkg head:]Len:46 PkgFlag:0x0 SvrPkgFlag:0x0 Cmd:28303 Uin:0 TransID:0 Sendip:0 Rcvsvr:9005|1 Sndsvr:7|1000001
Apr  2 21:45:53.566 2021@LM_DEBUG@Send Dir Report Data, Success.
Apr  2 21:46:03.566 2021@LM_DEBUG@Send Dir Report Data, Success.
Apr  2 21:46:13.566 2021@LM_DEBUG@Send Dir Report Data, Success.
Apr  2 21:46:23.340 2021@LM_DEBUG@[Out Pkg head:]Len:46 PkgFlag:0x0 SvrPkgFlag:0x0 Cmd:28203 Uin:0 TransID:0 Sendip:0 Rcvsvr:9002|1 Sndsvr:7|1000001
Apr  2 21:46:23.346 2021@LM_DEBUG@[Out Pkg head:]Len:46 PkgFlag:0x0 SvrPkgFlag:0x0 Cmd:28303 Uin:0 TransID:0 Sendip:0 Rcvsvr:9005|1 Sndsvr:7|1000001
Apr  2 21:46:23.567 2021@LM_DEBUG@Send Dir Report Data, Success.
Apr  2 21:46:33.566 2021@LM_DEBUG@Send Dir Report Data, Success.
Apr  2 21:46:43.566 2021@LM_DEBUG@Send Dir Report Data, Success.
Apr  2 21:46:53.344 2021@LM_DEBUG@[Out Pkg head:]Len:46 PkgFlag:0x0 SvrPkgFlag:0x0 Cmd:28203 Uin:0 TransID:0 Sendip:0 Rcvsvr:9002|1 Sndsvr:7|1000001
Apr  2 21:46:53.360 2021@LM_DEBUG@[Out Pkg head:]Len:46 PkgFlag:0x0 SvrPkgFlag:0x0 Cmd:28303 Uin:0 TransID:0 Sendip:0 Rcvsvr:9005|1 Sndsvr:7|1000001
Apr  2 21:46:53.572 2021@LM_DEBUG@Send Dir Report Data, Success.
Apr  2 21:47:03.569 2021@LM_DEBUG@Send Dir Report Data, Success.
Apr  2 21:47:07.543 2021@LM_DEBUG@[ProcessPipePkg:]Len:634 PkgFlag:0x0 SvrPkgFlag:0x4 Cmd:7003 Uin:0 TransID:4034 Sendip:2130706433 Rcvsvr:7|1000001 Sndsvr:6|1000001
Apr  2 21:47:07.550 2021@LM_DEBUG@32Trf_Trans_Account_Login_Validate::OnInit start,TransID:339.
Apr  2 21:47:07.552 2021@LM_DEBUG@[Out Pkg head:]Len:634 PkgFlag:0x0 SvrPkgFlag:0x0 Cmd:28003 Uin:0 TransID:339 Sendip:0 Rcvsvr:9001|1 Sndsvr:7|1000001
Apr  2 21:47:07.554 2021@LM_DEBUG@32Trf_Trans_Account_Login_Validate::OnInit end,TransID:339,process:1,phase:1101.
Apr  2 21:47:07.566 2021@LM_DEBUG@Create Trascation ,Command:7003 Transaction ID:339 .
Apr  2 21:47:08.130 2021@LM_DEBUG@[ProcessPipePkg:]Len:71 PkgFlag:0x0 SvrPkgFlag:0x4 Cmd:28004 Uin:0 TransID:339 Sendip:2130706433 Rcvsvr:7|1000001 Sndsvr:2|101
Apr  2 21:47:08.131 2021@LM_DEBUG@Find raw Transaction ID: 339. 
Apr  2 21:47:08.132 2021@LM_DEBUG@32Trf_Trans_Account_Login_Validate::OnActive start,TransID:339,phase:1101.
Apr  2 21:47:08.134 2021@LM_INFO@Trf_Trans_Account_Login_Vefify::OnGetAccountVerifyFromPlatsvrd data:10100006|0.
Apr  2 21:47:08.140 2021@LM_DEBUG@[Out Pkg head:]Len:71 PkgFlag:0x0 SvrPkgFlag:0x0 Cmd:7004 Uin:0 TransID:4034 Sendip:0 Rcvsvr:6|1000001 Sndsvr:7|1000001
Apr  2 21:47:08.143 2021@LM_DEBUG@32Trf_Trans_Account_Login_Validate::OnActive end,TransID:339,process:3,phase:1101, src_trans_id:4034.
Apr  2 21:47:13.570 2021@LM_DEBUG@Send Dir Report Data, Success.
Apr  2 21:47:23.341 2021@LM_DEBUG@[Out Pkg head:]Len:46 PkgFlag:0x0 SvrPkgFlag:0x0 Cmd:28203 Uin:0 TransID:0 Sendip:0 Rcvsvr:9002|1 Sndsvr:7|1000001
Apr  2 21:47:23.349 2021@LM_DEBUG@[Out Pkg head:]Len:46 PkgFlag:0x0 SvrPkgFlag:0x0 Cmd:28303 Uin:0 TransID:0 Sendip:0 Rcvsvr:9005|1 Sndsvr:7|1000001
Apr  2 21:47:23.569 2021@LM_DEBUG@Send Dir Report Data, Success.
Apr  2 21:47:33.566 2021@LM_DEBUG@Send Dir Report Data, Success.
Apr  2 21:47:43.566 2021@LM_DEBUG@Send Dir Report Data, Success.
Apr  2 21:47:53.343 2021@LM_DEBUG@[Out Pkg head:]Len:46 PkgFlag:0x0 SvrPkgFlag:0x0 Cmd:28203 Uin:0 TransID:0 Sendip:0 Rcvsvr:9002|1 Sndsvr:7|1000001
Apr  2 21:47:53.356 2021@LM_DEBUG@[Out Pkg head:]Len:46 PkgFlag:0x0 SvrPkgFlag:0x0 Cmd:28303 Uin:0 TransID:0 Sendip:0 Rcvsvr:9005|1 Sndsvr:7|1000001
Apr  2 21:47:53.566 2021@LM_DEBUG@Send Dir Report Data, Success.
Apr  2 21:48:03.566 2021@LM_DEBUG@Send Dir Report Data, Success.
Apr  2 21:48:13.569 2021@LM_DEBUG@Send Dir Report Data, Success.
Apr  2 21:48:23.342 2021@LM_DEBUG@[Out Pkg head:]Len:46 PkgFlag:0x0 SvrPkgFlag:0x0 Cmd:28203 Uin:0 TransID:0 Sendip:0 Rcvsvr:9002|1 Sndsvr:7|1000001
Apr  2 21:48:23.344 2021@LM_DEBUG@[Out Pkg head:]Len:46 PkgFlag:0x0 SvrPkgFlag:0x0 Cmd:28303 Uin:0 TransID:0 Sendip:0 Rcvsvr:9005|1 Sndsvr:7|1000001
Apr  2 21:48:23.567 2021@LM_DEBUG@Send Dir Report Data, Success.
Apr  2 21:48:33.566 2021@LM_DEBUG@Send Dir Report Data, Success.
Apr  2 21:48:39.590 2021@LM_DEBUG@[ProcessPipePkg:]Len:634 PkgFlag:0x0 SvrPkgFlag:0x4 Cmd:7003 Uin:0 TransID:4054 Sendip:2130706433 Rcvsvr:7|1000001 Sndsvr:6|1000001
Apr  2 21:48:39.594 2021@LM_DEBUG@32Trf_Trans_Account_Login_Validate::OnInit start,TransID:340.
Apr  2 21:48:39.600 2021@LM_DEBUG@[Out Pkg head:]Len:634 PkgFlag:0x0 SvrPkgFlag:0x0 Cmd:28003 Uin:0 TransID:340 Sendip:0 Rcvsvr:9001|1 Sndsvr:7|1000001
Apr  2 21:48:39.618 2021@LM_DEBUG@32Trf_Trans_Account_Login_Validate::OnInit end,TransID:340,process:1,phase:1101.
Apr  2 21:48:39.630 2021@LM_DEBUG@Create Trascation ,Command:7003 Transaction ID:340 .
Apr  2 21:48:40.742 2021@LM_DEBUG@[ProcessPipePkg:]Len:72 PkgFlag:0x0 SvrPkgFlag:0x4 Cmd:28004 Uin:0 TransID:340 Sendip:2130706433 Rcvsvr:7|1000001 Sndsvr:2|101
Apr  2 21:48:40.743 2021@LM_DEBUG@Find raw Transaction ID: 340. 
Apr  2 21:48:40.744 2021@LM_DEBUG@32Trf_Trans_Account_Login_Validate::OnActive start,TransID:340,phase:1101.
Apr  2 21:48:40.748 2021@LM_INFO@Trf_Trans_Account_Login_Vefify::OnGetAccountVerifyFromPlatsvrd data:10100007|0.
Apr  2 21:48:40.753 2021@LM_DEBUG@[Out Pkg head:]Len:72 PkgFlag:0x0 SvrPkgFlag:0x0 Cmd:7004 Uin:0 TransID:4054 Sendip:0 Rcvsvr:6|1000001 Sndsvr:7|1000001
Apr  2 21:48:40.756 2021@LM_DEBUG@32Trf_Trans_Account_Login_Validate::OnActive end,TransID:340,process:3,phase:1101, src_trans_id:4054.
Apr  2 21:48:43.566 2021@LM_DEBUG@Send Dir Report Data, Success.
Apr  2 21:48:53.341 2021@LM_DEBUG@[Out Pkg head:]Len:46 PkgFlag:0x0 SvrPkgFlag:0x0 Cmd:28203 Uin:0 TransID:0 Sendip:0 Rcvsvr:9002|1 Sndsvr:7|1000001
Apr  2 21:48:53.346 2021@LM_DEBUG@[Out Pkg head:]Len:46 PkgFlag:0x0 SvrPkgFlag:0x0 Cmd:28303 Uin:0 TransID:0 Sendip:0 Rcvsvr:9005|1 Sndsvr:7|1000001
Apr  2 21:48:53.566 2021@LM_DEBUG@Send Dir Report Data, Success.
Apr  2 21:49:03.588 2021@LM_DEBUG@Send Dir Report Data, Success.
Apr  2 21:49:13.566 2021@LM_DEBUG@Send Dir Report Data, Success.
Apr  2 21:49:23.340 2021@LM_DEBUG@[Out Pkg head:]Len:46 PkgFlag:0x0 SvrPkgFlag:0x0 Cmd:28203 Uin:0 TransID:0 Sendip:0 Rcvsvr:9002|1 Sndsvr:7|1000001
Apr  2 21:49:23.347 2021@LM_DEBUG@[Out Pkg head:]Len:46 PkgFlag:0x0 SvrPkgFlag:0x0 Cmd:28303 Uin:0 TransID:0 Sendip:0 Rcvsvr:9005|1 Sndsvr:7|1000001
Apr  2 21:49:23.566 2021@LM_DEBUG@Send Dir Report Data, Success.
Apr  2 21:49:33.566 2021@LM_DEBUG@Send Dir Report Data, Success.
Apr  2 21:49:43.566 2021@LM_DEBUG@Send Dir Report Data, Success.
Apr  2 21:49:53.340 2021@LM_DEBUG@[Out Pkg head:]Len:46 PkgFlag:0x0 SvrPkgFlag:0x0 Cmd:28203 Uin:0 TransID:0 Sendip:0 Rcvsvr:9002|1 Sndsvr:7|1000001
Apr  2 21:49:53.345 2021@LM_DEBUG@[Out Pkg head:]Len:46 PkgFlag:0x0 SvrPkgFlag:0x0 Cmd:28303 Uin:0 TransID:0 Sendip:0 Rcvsvr:9005|1 Sndsvr:7|1000001
Apr  2 21:49:53.566 2021@LM_DEBUG@Send Dir Report Data, Success.
Apr  2 21:50:00.340 2021@LM_DEBUG@[ProcessPipePkg:]Len:42 PkgFlag:0x0 SvrPkgFlag:0x4 Cmd:7015 Uin:0 TransID:307831 Sendip:2130706433 Rcvsvr:7|1000001 Sndsvr:9|1001101
Apr  2 21:50:00.343 2021@LM_DEBUG@25Trf_Trans_Load_Bbs_Reward::OnInit start,TransID:341.
Apr  2 21:50:00.344 2021@LM_DEBUG@[Out Pkg head:]Len:42 PkgFlag:0x0 SvrPkgFlag:0x0 Cmd:28307 Uin:0 TransID:341 Sendip:0 Rcvsvr:9005|1 Sndsvr:7|1000001
Apr  2 21:50:00.345 2021@LM_DEBUG@25Trf_Trans_Load_Bbs_Reward::OnInit end,TransID:341,process:1,phase:1000.
Apr  2 21:50:00.350 2021@LM_DEBUG@Create Trascation ,Command:7015 Transaction ID:341 .
Apr  2 21:50:00.805 2021@LM_DEBUG@[ProcessPipePkg:]Len:44 PkgFlag:0x0 SvrPkgFlag:0x4 Cmd:28308 Uin:0 TransID:341 Sendip:2130706433 Rcvsvr:7|1000001 Sndsvr:8|101
Apr  2 21:50:00.806 2021@LM_DEBUG@Find raw Transaction ID: 341. 
Apr  2 21:50:00.807 2021@LM_DEBUG@25Trf_Trans_Load_Bbs_Reward::OnActive start,TransID:341,phase:1000.
Apr  2 21:50:00.813 2021@LM_DEBUG@[Out Pkg head:]Len:44 PkgFlag:0x0 SvrPkgFlag:0x0 Cmd:7016 Uin:0 TransID:307831 Sendip:0 Rcvsvr:9|1001101 Sndsvr:7|1000001
Apr  2 21:50:00.819 2021@LM_DEBUG@25Trf_Trans_Load_Bbs_Reward::OnActive end,TransID:341,process:3,phase:1000, src_trans_id:307831.
Apr  2 21:50:03.567 2021@LM_DEBUG@Send Dir Report Data, Success.
Apr  2 21:50:13.566 2021@LM_DEBUG@Send Dir Report Data, Success.
Apr  2 21:50:23.341 2021@LM_DEBUG@[Out Pkg head:]Len:46 PkgFlag:0x0 SvrPkgFlag:0x0 Cmd:28203 Uin:0 TransID:0 Sendip:0 Rcvsvr:9002|1 Sndsvr:7|1000001
Apr  2 21:50:23.347 2021@LM_DEBUG@[Out Pkg head:]Len:46 PkgFlag:0x0 SvrPkgFlag:0x0 Cmd:28303 Uin:0 TransID:0 Sendip:0 Rcvsvr:9005|1 Sndsvr:7|1000001
Apr  2 21:50:23.566 2021@LM_DEBUG@Send Dir Report Data, Success.
Apr  2 21:50:33.572 2021@LM_DEBUG@Send Dir Report Data, Success.
Apr  2 21:50:43.566 2021@LM_DEBUG@Send Dir Report Data, Success.
Apr  2 21:50:53.340 2021@LM_DEBUG@[Out Pkg head:]Len:46 PkgFlag:0x0 SvrPkgFlag:0x0 Cmd:28203 Uin:0 TransID:0 Sendip:0 Rcvsvr:9002|1 Sndsvr:7|1000001
Apr  2 21:50:53.346 2021@LM_DEBUG@[Out Pkg head:]Len:46 PkgFlag:0x0 SvrPkgFlag:0x0 Cmd:28303 Uin:0 TransID:0 Sendip:0 Rcvsvr:9005|1 Sndsvr:7|1000001
Apr  2 21:50:53.566 2021@LM_DEBUG@Send Dir Report Data, Success.
Apr  2 21:51:03.566 2021@LM_DEBUG@Send Dir Report Data, Success.
Apr  2 21:51:13.566 2021@LM_DEBUG@Send Dir Report Data, Success.
Apr  2 21:51:23.347 2021@LM_DEBUG@[Out Pkg head:]Len:46 PkgFlag:0x0 SvrPkgFlag:0x0 Cmd:28203 Uin:0 TransID:0 Sendip:0 Rcvsvr:9002|1 Sndsvr:7|1000001
Apr  2 21:51:23.349 2021@LM_DEBUG@[Out Pkg head:]Len:46 PkgFlag:0x0 SvrPkgFlag:0x0 Cmd:28303 Uin:0 TransID:0 Sendip:0 Rcvsvr:9005|1 Sndsvr:7|1000001
Apr  2 21:51:23.617 2021@LM_DEBUG@Send Dir Report Data, Success.
Apr  2 21:51:33.566 2021@LM_DEBUG@Send Dir Report Data, Success.
Apr  2 21:51:43.566 2021@LM_DEBUG@Send Dir Report Data, Success.
Apr  2 21:51:53.341 2021@LM_DEBUG@[Out Pkg head:]Len:46 PkgFlag:0x0 SvrPkgFlag:0x0 Cmd:28203 Uin:0 TransID:0 Sendip:0 Rcvsvr:9002|1 Sndsvr:7|1000001
Apr  2 21:51:53.343 2021@LM_DEBUG@[Out Pkg head:]Len:46 PkgFlag:0x0 SvrPkgFlag:0x0 Cmd:28303 Uin:0 TransID:0 Sendip:0 Rcvsvr:9005|1 Sndsvr:7|1000001
Apr  2 21:51:53.566 2021@LM_DEBUG@Send Dir Report Data, Success.
Apr  2 21:52:03.566 2021@LM_DEBUG@Send Dir Report Data, Success.
Apr  2 21:52:13.566 2021@LM_DEBUG@Send Dir Report Data, Success.
Apr  2 21:52:23.343 2021@LM_DEBUG@[Out Pkg head:]Len:46 PkgFlag:0x0 SvrPkgFlag:0x0 Cmd:28203 Uin:0 TransID:0 Sendip:0 Rcvsvr:9002|1 Sndsvr:7|1000001
Apr  2 21:52:23.345 2021@LM_DEBUG@[Out Pkg head:]Len:46 PkgFlag:0x0 SvrPkgFlag:0x0 Cmd:28303 Uin:0 TransID:0 Sendip:0 Rcvsvr:9005|1 Sndsvr:7|1000001
Apr  2 21:52:23.566 2021@LM_DEBUG@Send Dir Report Data, Success.
Apr  2 21:52:28.843 2021@LM_DEBUG@[ProcessPipePkg:]Len:96 PkgFlag:0x0 SvrPkgFlag:0x4 Cmd:7013 Uin:0 TransID:0 Sendip:2130706433 Rcvsvr:7|1000001 Sndsvr:8|1001101
Apr  2 21:52:28.861 2021@LM_DEBUG@29Trf_Trans_Report_PF_Role_Data::OnInit start,TransID:342.
Apr  2 21:52:28.861 2021@LM_DEBUG@[Out Pkg head:]Len:96 PkgFlag:0x0 SvrPkgFlag:0x0 Cmd:28301 Uin:0 TransID:342 Sendip:0 Rcvsvr:9005|1 Sndsvr:7|1000001
Apr  2 21:52:28.863 2021@LM_DEBUG@29Trf_Trans_Report_PF_Role_Data::OnInit end,TransID:342,process:3,phase:0.
Apr  2 21:52:33.566 2021@LM_DEBUG@Send Dir Report Data, Success.
Apr  2 21:52:43.566 2021@LM_DEBUG@Send Dir Report Data, Success.
Apr  2 21:52:53.371 2021@LM_DEBUG@[Out Pkg head:]Len:46 PkgFlag:0x0 SvrPkgFlag:0x0 Cmd:28203 Uin:0 TransID:0 Sendip:0 Rcvsvr:9002|1 Sndsvr:7|1000001
Apr  2 21:52:53.391 2021@LM_DEBUG@[Out Pkg head:]Len:46 PkgFlag:0x0 SvrPkgFlag:0x0 Cmd:28303 Uin:0 TransID:0 Sendip:0 Rcvsvr:9005|1 Sndsvr:7|1000001
Apr  2 21:52:53.566 2021@LM_DEBUG@Send Dir Report Data, Success.
Apr  2 21:53:03.566 2021@LM_DEBUG@Send Dir Report Data, Success.
Apr  2 21:53:13.566 2021@LM_DEBUG@Send Dir Report Data, Success.
Apr  2 21:53:23.340 2021@LM_DEBUG@[Out Pkg head:]Len:46 PkgFlag:0x0 SvrPkgFlag:0x0 Cmd:28203 Uin:0 TransID:0 Sendip:0 Rcvsvr:9002|1 Sndsvr:7|1000001
Apr  2 21:53:23.348 2021@LM_DEBUG@[Out Pkg head:]Len:46 PkgFlag:0x0 SvrPkgFlag:0x0 Cmd:28303 Uin:0 TransID:0 Sendip:0 Rcvsvr:9005|1 Sndsvr:7|1000001
Apr  2 21:53:23.566 2021@LM_DEBUG@Send Dir Report Data, Success.
Apr  2 21:53:33.566 2021@LM_DEBUG@Send Dir Report Data, Success.
Apr  2 21:53:43.570 2021@LM_DEBUG@Send Dir Report Data, Success.
Apr  2 21:53:53.341 2021@LM_DEBUG@[Out Pkg head:]Len:46 PkgFlag:0x0 SvrPkgFlag:0x0 Cmd:28203 Uin:0 TransID:0 Sendip:0 Rcvsvr:9002|1 Sndsvr:7|1000001
Apr  2 21:53:53.346 2021@LM_DEBUG@[Out Pkg head:]Len:46 PkgFlag:0x0 SvrPkgFlag:0x0 Cmd:28303 Uin:0 TransID:0 Sendip:0 Rcvsvr:9005|1 Sndsvr:7|1000001
Apr  2 21:53:53.566 2021@LM_DEBUG@Send Dir Report Data, Success.
Apr  2 21:54:03.566 2021@LM_DEBUG@Send Dir Report Data, Success.
Apr  2 21:54:13.566 2021@LM_DEBUG@Send Dir Report Data, Success.
Apr  2 21:54:23.341 2021@LM_DEBUG@[Out Pkg head:]Len:46 PkgFlag:0x0 SvrPkgFlag:0x0 Cmd:28203 Uin:0 TransID:0 Sendip:0 Rcvsvr:9002|1 Sndsvr:7|1000001
Apr  2 21:54:23.347 2021@LM_DEBUG@[Out Pkg head:]Len:46 PkgFlag:0x0 SvrPkgFlag:0x0 Cmd:28303 Uin:0 TransID:0 Sendip:0 Rcvsvr:9005|1 Sndsvr:7|1000001
Apr  2 21:54:23.566 2021@LM_DEBUG@Send Dir Report Data, Success.
Apr  2 21:54:33.566 2021@LM_DEBUG@Send Dir Report Data, Success.
Apr  2 21:54:43.566 2021@LM_DEBUG@Send Dir Report Data, Success.
Apr  2 21:54:53.348 2021@LM_DEBUG@[Out Pkg head:]Len:46 PkgFlag:0x0 SvrPkgFlag:0x0 Cmd:28203 Uin:0 TransID:0 Sendip:0 Rcvsvr:9002|1 Sndsvr:7|1000001
Apr  2 21:54:53.369 2021@LM_DEBUG@[Out Pkg head:]Len:46 PkgFlag:0x0 SvrPkgFlag:0x0 Cmd:28303 Uin:0 TransID:0 Sendip:0 Rcvsvr:9005|1 Sndsvr:7|1000001
Apr  2 21:54:53.574 2021@LM_DEBUG@Send Dir Report Data, Success.
Apr  2 21:55:00.340 2021@LM_DEBUG@[ProcessPipePkg:]Len:42 PkgFlag:0x0 SvrPkgFlag:0x4 Cmd:7015 Uin:0 TransID:307837 Sendip:2130706433 Rcvsvr:7|1000001 Sndsvr:9|1001101
Apr  2 21:55:00.344 2021@LM_DEBUG@25Trf_Trans_Load_Bbs_Reward::OnInit start,TransID:343.
Apr  2 21:55:00.344 2021@LM_DEBUG@[Out Pkg head:]Len:42 PkgFlag:0x0 SvrPkgFlag:0x0 Cmd:28307 Uin:0 TransID:343 Sendip:0 Rcvsvr:9005|1 Sndsvr:7|1000001
Apr  2 21:55:00.353 2021@LM_DEBUG@25Trf_Trans_Load_Bbs_Reward::OnInit end,TransID:343,process:1,phase:1000.
Apr  2 21:55:00.359 2021@LM_DEBUG@Create Trascation ,Command:7015 Transaction ID:343 .
Apr  2 21:55:00.562 2021@LM_DEBUG@[ProcessPipePkg:]Len:44 PkgFlag:0x0 SvrPkgFlag:0x4 Cmd:28308 Uin:0 TransID:343 Sendip:2130706433 Rcvsvr:7|1000001 Sndsvr:8|101
Apr  2 21:55:00.564 2021@LM_DEBUG@Find raw Transaction ID: 343. 
Apr  2 21:55:00.565 2021@LM_DEBUG@25Trf_Trans_Load_Bbs_Reward::OnActive start,TransID:343,phase:1000.
Apr  2 21:55:00.574 2021@LM_DEBUG@[Out Pkg head:]Len:44 PkgFlag:0x0 SvrPkgFlag:0x0 Cmd:7016 Uin:0 TransID:307837 Sendip:0 Rcvsvr:9|1001101 Sndsvr:7|1000001
Apr  2 21:55:00.584 2021@LM_DEBUG@25Trf_Trans_Load_Bbs_Reward::OnActive end,TransID:343,process:3,phase:1000, src_trans_id:307837.
Apr  2 21:55:03.567 2021@LM_DEBUG@Send Dir Report Data, Success.
Apr  2 21:55:13.566 2021@LM_DEBUG@Send Dir Report Data, Success.
Apr  2 21:55:23.341 2021@LM_DEBUG@[Out Pkg head:]Len:46 PkgFlag:0x0 SvrPkgFlag:0x0 Cmd:28203 Uin:0 TransID:0 Sendip:0 Rcvsvr:9002|1 Sndsvr:7|1000001
Apr  2 21:55:23.348 2021@LM_DEBUG@[Out Pkg head:]Len:46 PkgFlag:0x0 SvrPkgFlag:0x0 Cmd:28303 Uin:0 TransID:0 Sendip:0 Rcvsvr:9005|1 Sndsvr:7|1000001
Apr  2 21:55:23.566 2021@LM_DEBUG@Send Dir Report Data, Success.
Apr  2 21:55:33.569 2021@LM_DEBUG@Send Dir Report Data, Success.
Apr  2 21:55:43.566 2021@LM_DEBUG@Send Dir Report Data, Success.
Apr  2 21:55:53.341 2021@LM_DEBUG@[Out Pkg head:]Len:46 PkgFlag:0x0 SvrPkgFlag:0x0 Cmd:28203 Uin:0 TransID:0 Sendip:0 Rcvsvr:9002|1 Sndsvr:7|1000001
Apr  2 21:55:53.345 2021@LM_DEBUG@[Out Pkg head:]Len:46 PkgFlag:0x0 SvrPkgFlag:0x0 Cmd:28303 Uin:0 TransID:0 Sendip:0 Rcvsvr:9005|1 Sndsvr:7|1000001
Apr  2 21:55:53.566 2021@LM_DEBUG@Send Dir Report Data, Success.
Apr  2 21:56:03.566 2021@LM_DEBUG@Send Dir Report Data, Success.
Apr  2 21:56:13.566 2021@LM_DEBUG@Send Dir Report Data, Success.
Apr  2 21:56:23.341 2021@LM_DEBUG@[Out Pkg head:]Len:46 PkgFlag:0x0 SvrPkgFlag:0x0 Cmd:28203 Uin:0 TransID:0 Sendip:0 Rcvsvr:9002|1 Sndsvr:7|1000001
Apr  2 21:56:23.346 2021@LM_DEBUG@[Out Pkg head:]Len:46 PkgFlag:0x0 SvrPkgFlag:0x0 Cmd:28303 Uin:0 TransID:0 Sendip:0 Rcvsvr:9005|1 Sndsvr:7|1000001
Apr  2 21:56:23.566 2021@LM_DEBUG@Send Dir Report Data, Success.
Apr  2 21:56:33.566 2021@LM_DEBUG@Send Dir Report Data, Success.
Apr  2 21:56:43.567 2021@LM_DEBUG@Send Dir Report Data, Success.
Apr  2 21:56:53.354 2021@LM_DEBUG@[Out Pkg head:]Len:46 PkgFlag:0x0 SvrPkgFlag:0x0 Cmd:28203 Uin:0 TransID:0 Sendip:0 Rcvsvr:9002|1 Sndsvr:7|1000001
Apr  2 21:56:53.355 2021@LM_DEBUG@[Out Pkg head:]Len:46 PkgFlag:0x0 SvrPkgFlag:0x0 Cmd:28303 Uin:0 TransID:0 Sendip:0 Rcvsvr:9005|1 Sndsvr:7|1000001
Apr  2 21:56:53.566 2021@LM_DEBUG@Send Dir Report Data, Success.
Apr  2 21:57:03.566 2021@LM_DEBUG@Send Dir Report Data, Success.
Apr  2 21:57:13.566 2021@LM_DEBUG@Send Dir Report Data, Success.
Apr  2 21:57:23.343 2021@LM_DEBUG@[Out Pkg head:]Len:46 PkgFlag:0x0 SvrPkgFlag:0x0 Cmd:28203 Uin:0 TransID:0 Sendip:0 Rcvsvr:9002|1 Sndsvr:7|1000001
Apr  2 21:57:23.352 2021@LM_DEBUG@[Out Pkg head:]Len:46 PkgFlag:0x0 SvrPkgFlag:0x0 Cmd:28303 Uin:0 TransID:0 Sendip:0 Rcvsvr:9005|1 Sndsvr:7|1000001
Apr  2 21:57:23.567 2021@LM_DEBUG@Send Dir Report Data, Success.
Apr  2 21:57:33.566 2021@LM_DEBUG@Send Dir Report Data, Success.
Apr  2 21:57:43.566 2021@LM_DEBUG@Send Dir Report Data, Success.
Apr  2 21:57:53.341 2021@LM_DEBUG@[Out Pkg head:]Len:46 PkgFlag:0x0 SvrPkgFlag:0x0 Cmd:28203 Uin:0 TransID:0 Sendip:0 Rcvsvr:9002|1 Sndsvr:7|1000001
Apr  2 21:57:53.345 2021@LM_DEBUG@[Out Pkg head:]Len:46 PkgFlag:0x0 SvrPkgFlag:0x0 Cmd:28303 Uin:0 TransID:0 Sendip:0 Rcvsvr:9005|1 Sndsvr:7|1000001
Apr  2 21:57:53.566 2021@LM_DEBUG@Send Dir Report Data, Success.
Apr  2 21:58:03.566 2021@LM_DEBUG@Send Dir Report Data, Success.
Apr  2 21:58:13.566 2021@LM_DEBUG@Send Dir Report Data, Success.
Apr  2 21:58:23.341 2021@LM_DEBUG@[Out Pkg head:]Len:46 PkgFlag:0x0 SvrPkgFlag:0x0 Cmd:28203 Uin:0 TransID:0 Sendip:0 Rcvsvr:9002|1 Sndsvr:7|1000001
Apr  2 21:58:23.347 2021@LM_DEBUG@[Out Pkg head:]Len:46 PkgFlag:0x0 SvrPkgFlag:0x0 Cmd:28303 Uin:0 TransID:0 Sendip:0 Rcvsvr:9005|1 Sndsvr:7|1000001
Apr  2 21:58:23.566 2021@LM_DEBUG@Send Dir Report Data, Success.
Apr  2 21:58:33.566 2021@LM_DEBUG@Send Dir Report Data, Success.
Apr  2 21:58:43.566 2021@LM_DEBUG@Send Dir Report Data, Success.
Apr  2 21:58:47.847 2021@LM_DEBUG@[ProcessPipePkg:]Len:40 PkgFlag:0x0 SvrPkgFlag:0x0 Cmd:2 Uin:0 TransID:0 Sendip:0 Rcvsvr:0|0 Sndsvr:9003|1
Apr  2 21:58:53.341 2021@LM_DEBUG@[Out Pkg head:]Len:46 PkgFlag:0x0 SvrPkgFlag:0x0 Cmd:28203 Uin:0 TransID:0 Sendip:0 Rcvsvr:9002|1 Sndsvr:7|1000001
Apr  2 21:58:53.347 2021@LM_DEBUG@[Out Pkg head:]Len:46 PkgFlag:0x0 SvrPkgFlag:0x0 Cmd:28303 Uin:0 TransID:0 Sendip:0 Rcvsvr:9005|1 Sndsvr:7|1000001
Apr  2 21:58:53.567 2021@LM_DEBUG@Send Dir Report Data, Success.
Apr  2 21:59:03.566 2021@LM_DEBUG@Send Dir Report Data, Success.
Apr  2 21:59:13.566 2021@LM_DEBUG@Send Dir Report Data, Success.
Apr  2 21:59:23.341 2021@LM_DEBUG@[Out Pkg head:]Len:46 PkgFlag:0x0 SvrPkgFlag:0x0 Cmd:28203 Uin:0 TransID:0 Sendip:0 Rcvsvr:9002|1 Sndsvr:7|1000001
Apr  2 21:59:23.343 2021@LM_DEBUG@[Out Pkg head:]Len:46 PkgFlag:0x0 SvrPkgFlag:0x0 Cmd:28303 Uin:0 TransID:0 Sendip:0 Rcvsvr:9005|1 Sndsvr:7|1000001
Apr  2 21:59:23.566 2021@LM_DEBUG@Send Dir Report Data, Success.
Apr  2 21:59:33.566 2021@LM_DEBUG@Send Dir Report Data, Success.
Apr  2 21:59:43.566 2021@LM_DEBUG@Send Dir Report Data, Success.
Apr  2 21:59:53.343 2021@LM_DEBUG@[Out Pkg head:]Len:46 PkgFlag:0x0 SvrPkgFlag:0x0 Cmd:28203 Uin:0 TransID:0 Sendip:0 Rcvsvr:9002|1 Sndsvr:7|1000001
Apr  2 21:59:53.351 2021@LM_DEBUG@[Out Pkg head:]Len:46 PkgFlag:0x0 SvrPkgFlag:0x0 Cmd:28303 Uin:0 TransID:0 Sendip:0 Rcvsvr:9005|1 Sndsvr:7|1000001
Apr  2 21:59:53.566 2021@LM_DEBUG@Send Dir Report Data, Success.
Apr  2 22:00:00.375 2021@LM_DEBUG@[ProcessPipePkg:]Len:42 PkgFlag:0x0 SvrPkgFlag:0x4 Cmd:7015 Uin:0 TransID:307843 Sendip:2130706433 Rcvsvr:7|1000001 Sndsvr:9|1001101
Apr  2 22:00:00.391 2021@LM_DEBUG@25Trf_Trans_Load_Bbs_Reward::OnInit start,TransID:344.
Apr  2 22:00:00.392 2021@LM_DEBUG@[Out Pkg head:]Len:42 PkgFlag:0x0 SvrPkgFlag:0x0 Cmd:28307 Uin:0 TransID:344 Sendip:0 Rcvsvr:9005|1 Sndsvr:7|1000001
Apr  2 22:00:00.400 2021@LM_DEBUG@25Trf_Trans_Load_Bbs_Reward::OnInit end,TransID:344,process:1,phase:1000.
Apr  2 22:00:00.413 2021@LM_DEBUG@Create Trascation ,Command:7015 Transaction ID:344 .
Apr  2 22:00:00.776 2021@LM_DEBUG@[ProcessPipePkg:]Len:44 PkgFlag:0x0 SvrPkgFlag:0x4 Cmd:28308 Uin:0 TransID:344 Sendip:2130706433 Rcvsvr:7|1000001 Sndsvr:8|101
Apr  2 22:00:00.781 2021@LM_DEBUG@Find raw Transaction ID: 344. 
Apr  2 22:00:00.782 2021@LM_DEBUG@25Trf_Trans_Load_Bbs_Reward::OnActive start,TransID:344,phase:1000.
Apr  2 22:00:00.787 2021@LM_DEBUG@[Out Pkg head:]Len:44 PkgFlag:0x0 SvrPkgFlag:0x0 Cmd:7016 Uin:0 TransID:307843 Sendip:0 Rcvsvr:9|1001101 Sndsvr:7|1000001
Apr  2 22:00:00.792 2021@LM_DEBUG@25Trf_Trans_Load_Bbs_Reward::OnActive end,TransID:344,process:3,phase:1000, src_trans_id:307843.
Apr  2 22:00:03.566 2021@LM_DEBUG@Send Dir Report Data, Success.
Apr  2 22:00:13.585 2021@LM_DEBUG@Send Dir Report Data, Success.
Apr  2 22:00:23.353 2021@LM_DEBUG@[Out Pkg head:]Len:46 PkgFlag:0x0 SvrPkgFlag:0x0 Cmd:28203 Uin:0 TransID:0 Sendip:0 Rcvsvr:9002|1 Sndsvr:7|1000001
Apr  2 22:00:23.358 2021@LM_DEBUG@[Out Pkg head:]Len:46 PkgFlag:0x0 SvrPkgFlag:0x0 Cmd:28303 Uin:0 TransID:0 Sendip:0 Rcvsvr:9005|1 Sndsvr:7|1000001
Apr  2 22:00:23.566 2021@LM_DEBUG@Send Dir Report Data, Success.
Apr  2 22:00:33.566 2021@LM_DEBUG@Send Dir Report Data, Success.
