Mar 24 09:57:39.926 2023@LM_INFO@ACE Log Strategy init succ.
Mar 24 09:57:40.124 2023@LM_INFO@ExtendBufferList size:[128] total:[0] need memory [26265600] ,total use memory [0].
Mar 24 09:57:40.186 2023@LM_INFO@Comm_Accept_Handle::CreateListenPeer bind success 127.0.0.1|11001, svr_info:1|1000001.
Mar 24 09:57:40.186 2023@LM_INFO@Comm_Accept_Handle::CreateListenPeer old_buf, snd:16384, recv:87380.
Mar 24 09:57:40.186 2023@LM_INFO@Comm_Accept_Handle::CreateListenPeer new_buf, snd:249856, recv:249856.
Mar 24 09:57:40.187 2023@LM_INFO@Inst_Comm_Svrd_App::Run Start.
Mar 24 09:57:57.548 2023@LM_INFO@Accept peer socket IP Address:[127.0.0.1|38697] Success. 
Mar 24 09:57:57.548 2023@LM_ERROR@Accept peer SO_RCVBUF:249856 SO_SNDBUF 249856.
Mar 24 09:57:57.548 2023@LM_INFO@Comm_Accept_Handle accept success  self_svr_info:1|1000001.
Mar 24 09:57:57.550 2023@LM_ERROR@TIMEOUT_STONE Comm_TCP_Svr_Handler::PreProcessRecvPkg cmd:601, uin:0, trans_id:0, recv_svr:1|1000001, send_svr:5|1000001.
Mar 24 09:57:57.551 2023@LM_ERROR@Comm_TCP_Svr_Handler::PreProcessRecvPkg peer_svr_info:5|1000001, reactor_index:0!
Mar 24 09:57:57.552 2023@LM_INFO@Accept peer server[5|1000001],IP|port[127.0.0.1|38697] regist success.
Mar 24 09:57:57.553 2023@LM_INFO@TIMEOUT Comm_TCP_Svr_Handler::PreProcessRecvPkg push over cmd:601, pipe_size:10000000, free_size:10000000, pkg_ptr->send_server_.svr_id_:1000001.
Mar 24 09:58:03.933 2023@LM_ERROR@TIMEOUT_STONE Comm_TCP_Svr_Handler::PreProcessRecvPkg cmd:14003, uin:0, trans_id:0, recv_svr:15|1000001, send_svr:5|1000001.
Mar 24 09:58:03.944 2023@LM_INFO@TIMEOUT Comm_TCP_Svr_Handler::PreProcessRecvPkg push over cmd:14003, pipe_size:10000000, free_size:9999944, pkg_ptr->send_server_.svr_id_:1000001.
Mar 24 09:58:06.566 2023@LM_INFO@Accept peer socket IP Address:[127.0.0.1|38712] Success. 
Mar 24 09:58:06.566 2023@LM_ERROR@Accept peer SO_RCVBUF:249856 SO_SNDBUF 249856.
Mar 24 09:58:06.566 2023@LM_INFO@Comm_Accept_Handle accept success  self_svr_info:1|1000001.
Mar 24 09:58:06.572 2023@LM_ERROR@Comm_TCP_Svr_Handler::PreProcessRecvPkg peer_svr_info:12|1000001, reactor_index:0!
Mar 24 09:58:06.572 2023@LM_INFO@Accept peer server[12|1000001],IP|port[127.0.0.1|38712] regist success.
Mar 24 09:58:13.889 2023@LM_ERROR@TIMEOUT_STONE Comm_TCP_Svr_Handler::PreProcessRecvPkg cmd:14003, uin:0, trans_id:0, recv_svr:15|1000001, send_svr:5|1000001.
Mar 24 09:58:13.890 2023@LM_INFO@TIMEOUT Comm_TCP_Svr_Handler::PreProcessRecvPkg push over cmd:14003, pipe_size:10000000, free_size:9999944, pkg_ptr->send_server_.svr_id_:1000001.
Mar 24 09:58:15.591 2023@LM_INFO@Accept peer socket IP Address:[127.0.0.1|38729] Success. 
Mar 24 09:58:15.591 2023@LM_ERROR@Accept peer SO_RCVBUF:249856 SO_SNDBUF 249856.
Mar 24 09:58:15.592 2023@LM_INFO@Comm_Accept_Handle accept success  self_svr_info:1|1000001.
Mar 24 09:58:15.596 2023@LM_ERROR@Comm_TCP_Svr_Handler::PreProcessRecvPkg peer_svr_info:15|1000001, reactor_index:0!
Mar 24 09:58:15.598 2023@LM_INFO@Accept peer server[15|1000001],IP|port[127.0.0.1|38729] regist success.
Mar 24 09:58:23.887 2023@LM_ERROR@TIMEOUT_STONE Comm_TCP_Svr_Handler::PreProcessRecvPkg cmd:14003, uin:0, trans_id:0, recv_svr:15|1000001, send_svr:5|1000001.
Mar 24 09:58:23.890 2023@LM_INFO@TIMEOUT Comm_TCP_Svr_Handler::PreProcessRecvPkg push over cmd:14003, pipe_size:10000000, free_size:9999944, pkg_ptr->send_server_.svr_id_:1000001.
Mar 24 09:58:24.723 2023@LM_INFO@Accept peer socket IP Address:[127.0.0.1|38739] Success. 
Mar 24 09:58:24.724 2023@LM_ERROR@Accept peer SO_RCVBUF:249856 SO_SNDBUF 249856.
Mar 24 09:58:24.724 2023@LM_INFO@Comm_Accept_Handle accept success  self_svr_info:1|1000001.
Mar 24 09:58:24.740 2023@LM_ERROR@Comm_TCP_Svr_Handler::PreProcessRecvPkg peer_svr_info:6|1000001, reactor_index:0!
Mar 24 09:58:24.740 2023@LM_INFO@Accept peer server[6|1000001],IP|port[127.0.0.1|38739] regist success.
Mar 24 09:58:33.613 2023@LM_INFO@Accept peer socket IP Address:[127.0.0.1|38755] Success. 
Mar 24 09:58:33.614 2023@LM_ERROR@Accept peer SO_RCVBUF:249856 SO_SNDBUF 249856.
Mar 24 09:58:33.614 2023@LM_INFO@Comm_Accept_Handle accept success  self_svr_info:1|1000001.
Mar 24 09:58:33.616 2023@LM_ERROR@Comm_TCP_Svr_Handler::PreProcessRecvPkg peer_svr_info:3|1000001, reactor_index:0!
Mar 24 09:58:33.616 2023@LM_INFO@Accept peer server[3|1000001],IP|port[127.0.0.1|38755] regist success.
Mar 24 09:58:33.889 2023@LM_ERROR@TIMEOUT_STONE Comm_TCP_Svr_Handler::PreProcessRecvPkg cmd:14003, uin:0, trans_id:0, recv_svr:15|1000001, send_svr:5|1000001.
Mar 24 09:58:33.889 2023@LM_INFO@TIMEOUT Comm_TCP_Svr_Handler::PreProcessRecvPkg push over cmd:14003, pipe_size:10000000, free_size:9999944, pkg_ptr->send_server_.svr_id_:1000001.
Mar 24 09:58:42.727 2023@LM_INFO@Accept peer socket IP Address:[127.0.0.1|38771] Success. 
Mar 24 09:58:42.728 2023@LM_ERROR@Accept peer SO_RCVBUF:249856 SO_SNDBUF 249856.
Mar 24 09:58:42.728 2023@LM_INFO@Comm_Accept_Handle accept success  self_svr_info:1|1000001.
Mar 24 09:58:42.742 2023@LM_ERROR@Comm_TCP_Svr_Handler::PreProcessRecvPkg peer_svr_info:2|1000001, reactor_index:0!
Mar 24 09:58:42.743 2023@LM_INFO@Accept peer server[2|1000001],IP|port[127.0.0.1|38771] regist success.
Mar 24 09:58:43.888 2023@LM_ERROR@TIMEOUT_STONE Comm_TCP_Svr_Handler::PreProcessRecvPkg cmd:14003, uin:0, trans_id:0, recv_svr:15|1000001, send_svr:5|1000001.
Mar 24 09:58:43.889 2023@LM_INFO@TIMEOUT Comm_TCP_Svr_Handler::PreProcessRecvPkg push over cmd:14003, pipe_size:10000000, free_size:9999944, pkg_ptr->send_server_.svr_id_:1000001.
Mar 24 09:58:51.695 2023@LM_INFO@Accept peer socket IP Address:[127.0.0.1|38796] Success. 
Mar 24 09:58:51.696 2023@LM_ERROR@Accept peer SO_RCVBUF:249856 SO_SNDBUF 249856.
Mar 24 09:58:51.696 2023@LM_INFO@Comm_Accept_Handle accept success  self_svr_info:1|1000001.
Mar 24 09:58:51.699 2023@LM_ERROR@Comm_TCP_Svr_Handler::PreProcessRecvPkg peer_svr_info:19|1000001, reactor_index:0!
Mar 24 09:58:51.701 2023@LM_INFO@Accept peer server[19|1000001],IP|port[127.0.0.1|38796] regist success.
Mar 24 09:58:53.888 2023@LM_ERROR@TIMEOUT_STONE Comm_TCP_Svr_Handler::PreProcessRecvPkg cmd:14003, uin:0, trans_id:0, recv_svr:15|1000001, send_svr:5|1000001.
Mar 24 09:58:53.889 2023@LM_INFO@TIMEOUT Comm_TCP_Svr_Handler::PreProcessRecvPkg push over cmd:14003, pipe_size:10000000, free_size:9999944, pkg_ptr->send_server_.svr_id_:1000001.
Mar 24 09:59:00.804 2023@LM_INFO@Accept peer socket IP Address:[127.0.0.1|38821] Success. 
Mar 24 09:59:00.806 2023@LM_ERROR@Accept peer SO_RCVBUF:249856 SO_SNDBUF 249856.
Mar 24 09:59:00.806 2023@LM_INFO@Comm_Accept_Handle accept success  self_svr_info:1|1000001.
Mar 24 09:59:00.831 2023@LM_ERROR@Comm_TCP_Svr_Handler::PreProcessRecvPkg peer_svr_info:11|1001101, reactor_index:0!
Mar 24 09:59:00.832 2023@LM_INFO@Accept peer server[11|1001101],IP|port[127.0.0.1|38821] regist success.
Mar 24 09:59:03.888 2023@LM_ERROR@TIMEOUT_STONE Comm_TCP_Svr_Handler::PreProcessRecvPkg cmd:14003, uin:0, trans_id:0, recv_svr:15|1000001, send_svr:5|1000001.
Mar 24 09:59:03.888 2023@LM_INFO@TIMEOUT Comm_TCP_Svr_Handler::PreProcessRecvPkg push over cmd:14003, pipe_size:10000000, free_size:9999944, pkg_ptr->send_server_.svr_id_:1000001.
Mar 24 09:59:09.815 2023@LM_INFO@Accept peer socket IP Address:[127.0.0.1|38873] Success. 
Mar 24 09:59:09.816 2023@LM_ERROR@Accept peer SO_RCVBUF:249856 SO_SNDBUF 249856.
Mar 24 09:59:09.816 2023@LM_INFO@Comm_Accept_Handle accept success  self_svr_info:1|1000001.
Mar 24 09:59:09.841 2023@LM_ERROR@Comm_TCP_Svr_Handler::PreProcessRecvPkg peer_svr_info:8|1001101, reactor_index:0!
Mar 24 09:59:09.842 2023@LM_INFO@Accept peer server[8|1001101],IP|port[127.0.0.1|38873] regist success.
Mar 24 09:59:13.889 2023@LM_ERROR@TIMEOUT_STONE Comm_TCP_Svr_Handler::PreProcessRecvPkg cmd:14003, uin:0, trans_id:0, recv_svr:15|1000001, send_svr:5|1000001.
Mar 24 09:59:13.890 2023@LM_INFO@TIMEOUT Comm_TCP_Svr_Handler::PreProcessRecvPkg push over cmd:14003, pipe_size:10000000, free_size:9999944, pkg_ptr->send_server_.svr_id_:1000001.
Mar 24 09:59:19.210 2023@LM_INFO@Accept peer socket IP Address:[127.0.0.1|38928] Success. 
Mar 24 09:59:19.211 2023@LM_ERROR@Accept peer SO_RCVBUF:249856 SO_SNDBUF 249856.
Mar 24 09:59:19.211 2023@LM_INFO@Comm_Accept_Handle accept success  self_svr_info:1|1000001.
Mar 24 09:59:19.275 2023@LM_ERROR@Comm_TCP_Svr_Handler::PreProcessRecvPkg peer_svr_info:9|1001101, reactor_index:0!
Mar 24 09:59:19.276 2023@LM_INFO@Accept peer server[9|1001101],IP|port[127.0.0.1|38928] regist success.
Mar 24 09:59:23.890 2023@LM_ERROR@TIMEOUT_STONE Comm_TCP_Svr_Handler::PreProcessRecvPkg cmd:14003, uin:0, trans_id:0, recv_svr:15|1000001, send_svr:5|1000001.
Mar 24 09:59:23.891 2023@LM_INFO@TIMEOUT Comm_TCP_Svr_Handler::PreProcessRecvPkg push over cmd:14003, pipe_size:10000000, free_size:9999944, pkg_ptr->send_server_.svr_id_:1000001.
Mar 24 09:59:28.521 2023@LM_INFO@Accept peer socket IP Address:[127.0.0.1|38982] Success. 
Mar 24 09:59:28.524 2023@LM_ERROR@Accept peer SO_RCVBUF:249856 SO_SNDBUF 249856.
Mar 24 09:59:28.529 2023@LM_INFO@Comm_Accept_Handle accept success  self_svr_info:1|1000001.
Mar 24 09:59:28.534 2023@LM_ERROR@Comm_TCP_Svr_Handler::PreProcessRecvPkg peer_svr_info:18|1000001, reactor_index:0!
Mar 24 09:59:28.535 2023@LM_INFO@Accept peer server[18|1000001],IP|port[127.0.0.1|38982] regist success.
Mar 24 09:59:33.893 2023@LM_ERROR@TIMEOUT_STONE Comm_TCP_Svr_Handler::PreProcessRecvPkg cmd:14003, uin:0, trans_id:0, recv_svr:15|1000001, send_svr:5|1000001.
Mar 24 09:59:33.897 2023@LM_INFO@TIMEOUT Comm_TCP_Svr_Handler::PreProcessRecvPkg push over cmd:14003, pipe_size:10000000, free_size:9999944, pkg_ptr->send_server_.svr_id_:1000001.
Mar 24 09:59:38.082 2023@LM_INFO@Accept peer socket IP Address:[127.0.0.1|39039] Success. 
Mar 24 09:59:38.084 2023@LM_ERROR@Accept peer SO_RCVBUF:249856 SO_SNDBUF 249856.
Mar 24 09:59:38.085 2023@LM_INFO@Comm_Accept_Handle accept success  self_svr_info:1|1000001.
Mar 24 09:59:38.273 2023@LM_ERROR@Comm_TCP_Svr_Handler::PreProcessRecvPkg peer_svr_info:20|1000001, reactor_index:0!
Mar 24 09:59:38.277 2023@LM_INFO@Accept peer server[20|1000001],IP|port[127.0.0.1|39039] regist success.
Mar 24 09:59:43.888 2023@LM_ERROR@TIMEOUT_STONE Comm_TCP_Svr_Handler::PreProcessRecvPkg cmd:14003, uin:0, trans_id:0, recv_svr:15|1000001, send_svr:5|1000001.
Mar 24 09:59:43.889 2023@LM_INFO@TIMEOUT Comm_TCP_Svr_Handler::PreProcessRecvPkg push over cmd:14003, pipe_size:10000000, free_size:9999944, pkg_ptr->send_server_.svr_id_:1000001.
Mar 24 09:59:53.888 2023@LM_ERROR@TIMEOUT_STONE Comm_TCP_Svr_Handler::PreProcessRecvPkg cmd:14003, uin:0, trans_id:0, recv_svr:15|1000001, send_svr:5|1000001.
Mar 24 09:59:53.894 2023@LM_INFO@TIMEOUT Comm_TCP_Svr_Handler::PreProcessRecvPkg push over cmd:14003, pipe_size:10000000, free_size:9999944, pkg_ptr->send_server_.svr_id_:1000001.
Mar 24 09:59:56.075 2023@LM_INFO@Accept peer socket IP Address:[127.0.0.1|39128] Success. 
Mar 24 09:59:56.076 2023@LM_ERROR@Accept peer SO_RCVBUF:249856 SO_SNDBUF 249856.
Mar 24 09:59:56.076 2023@LM_INFO@Comm_Accept_Handle accept success  self_svr_info:1|1000001.
Mar 24 09:59:56.086 2023@LM_ERROR@Comm_TCP_Svr_Handler::PreProcessRecvPkg peer_svr_info:14|1000001, reactor_index:0!
Mar 24 09:59:56.087 2023@LM_INFO@Accept peer server[14|1000001],IP|port[127.0.0.1|39128] regist success.
Mar 24 10:00:03.889 2023@LM_ERROR@TIMEOUT_STONE Comm_TCP_Svr_Handler::PreProcessRecvPkg cmd:14003, uin:0, trans_id:0, recv_svr:15|1000001, send_svr:5|1000001.
Mar 24 10:00:03.890 2023@LM_INFO@TIMEOUT Comm_TCP_Svr_Handler::PreProcessRecvPkg push over cmd:14003, pipe_size:10000000, free_size:9999944, pkg_ptr->send_server_.svr_id_:1000001.
Mar 24 10:00:05.062 2023@LM_INFO@Accept peer socket IP Address:[127.0.0.1|39151] Success. 
Mar 24 10:00:05.062 2023@LM_ERROR@Accept peer SO_RCVBUF:249856 SO_SNDBUF 249856.
Mar 24 10:00:05.063 2023@LM_INFO@Comm_Accept_Handle accept success  self_svr_info:1|1000001.
Mar 24 10:00:05.113 2023@LM_ERROR@Comm_TCP_Svr_Handler::PreProcessRecvPkg peer_svr_info:17|1000001, reactor_index:0!
Mar 24 10:00:05.114 2023@LM_INFO@Accept peer server[17|1000001],IP|port[127.0.0.1|39151] regist success.
Mar 24 10:00:13.894 2023@LM_ERROR@TIMEOUT_STONE Comm_TCP_Svr_Handler::PreProcessRecvPkg cmd:14003, uin:0, trans_id:0, recv_svr:15|1000001, send_svr:5|1000001.
Mar 24 10:00:13.895 2023@LM_INFO@TIMEOUT Comm_TCP_Svr_Handler::PreProcessRecvPkg push over cmd:14003, pipe_size:10000000, free_size:9999944, pkg_ptr->send_server_.svr_id_:1000001.
Mar 24 10:00:14.157 2023@LM_INFO@Accept peer socket IP Address:[127.0.0.1|39176] Success. 
Mar 24 10:00:14.158 2023@LM_ERROR@Accept peer SO_RCVBUF:249856 SO_SNDBUF 249856.
Mar 24 10:00:14.158 2023@LM_INFO@Comm_Accept_Handle accept success  self_svr_info:1|1000001.
Mar 24 10:00:14.213 2023@LM_ERROR@Comm_TCP_Svr_Handler::PreProcessRecvPkg peer_svr_info:7|1000001, reactor_index:0!
Mar 24 10:00:14.213 2023@LM_INFO@Accept peer server[7|1000001],IP|port[127.0.0.1|39176] regist success.
Mar 24 10:00:23.901 2023@LM_ERROR@TIMEOUT_STONE Comm_TCP_Svr_Handler::PreProcessRecvPkg cmd:14003, uin:0, trans_id:0, recv_svr:15|1000001, send_svr:5|1000001.
Mar 24 10:00:23.910 2023@LM_INFO@TIMEOUT Comm_TCP_Svr_Handler::PreProcessRecvPkg push over cmd:14003, pipe_size:10000000, free_size:9997551, pkg_ptr->send_server_.svr_id_:1000001.
Mar 24 10:00:33.889 2023@LM_ERROR@TIMEOUT_STONE Comm_TCP_Svr_Handler::PreProcessRecvPkg cmd:14003, uin:0, trans_id:0, recv_svr:15|1000001, send_svr:5|1000001.
Mar 24 10:00:33.890 2023@LM_INFO@TIMEOUT Comm_TCP_Svr_Handler::PreProcessRecvPkg push over cmd:14003, pipe_size:10000000, free_size:9999944, pkg_ptr->send_server_.svr_id_:1000001.
Mar 24 10:00:43.889 2023@LM_ERROR@TIMEOUT_STONE Comm_TCP_Svr_Handler::PreProcessRecvPkg cmd:14003, uin:0, trans_id:0, recv_svr:15|1000001, send_svr:5|1000001.
Mar 24 10:00:43.890 2023@LM_INFO@TIMEOUT Comm_TCP_Svr_Handler::PreProcessRecvPkg push over cmd:14003, pipe_size:10000000, free_size:9999944, pkg_ptr->send_server_.svr_id_:1000001.
Mar 24 10:00:53.888 2023@LM_ERROR@TIMEOUT_STONE Comm_TCP_Svr_Handler::PreProcessRecvPkg cmd:14003, uin:0, trans_id:0, recv_svr:15|1000001, send_svr:5|1000001.
Mar 24 10:00:53.889 2023@LM_INFO@TIMEOUT Comm_TCP_Svr_Handler::PreProcessRecvPkg push over cmd:14003, pipe_size:10000000, free_size:9999944, pkg_ptr->send_server_.svr_id_:1000001.
Mar 24 10:01:03.889 2023@LM_ERROR@TIMEOUT_STONE Comm_TCP_Svr_Handler::PreProcessRecvPkg cmd:14003, uin:0, trans_id:0, recv_svr:15|1000001, send_svr:5|1000001.
Mar 24 10:01:03.890 2023@LM_INFO@TIMEOUT Comm_TCP_Svr_Handler::PreProcessRecvPkg push over cmd:14003, pipe_size:10000000, free_size:9999944, pkg_ptr->send_server_.svr_id_:1000001.
Mar 24 10:01:13.889 2023@LM_ERROR@TIMEOUT_STONE Comm_TCP_Svr_Handler::PreProcessRecvPkg cmd:14003, uin:0, trans_id:0, recv_svr:15|1000001, send_svr:5|1000001.
Mar 24 10:01:13.890 2023@LM_INFO@TIMEOUT Comm_TCP_Svr_Handler::PreProcessRecvPkg push over cmd:14003, pipe_size:10000000, free_size:9999944, pkg_ptr->send_server_.svr_id_:1000001.
Mar 24 10:01:23.888 2023@LM_ERROR@TIMEOUT_STONE Comm_TCP_Svr_Handler::PreProcessRecvPkg cmd:14003, uin:0, trans_id:0, recv_svr:15|1000001, send_svr:5|1000001.
Mar 24 10:01:23.890 2023@LM_INFO@TIMEOUT Comm_TCP_Svr_Handler::PreProcessRecvPkg push over cmd:14003, pipe_size:10000000, free_size:9999944, pkg_ptr->send_server_.svr_id_:1000001.
Mar 24 10:01:33.889 2023@LM_ERROR@TIMEOUT_STONE Comm_TCP_Svr_Handler::PreProcessRecvPkg cmd:14003, uin:0, trans_id:0, recv_svr:15|1000001, send_svr:5|1000001.
Mar 24 10:01:33.891 2023@LM_INFO@TIMEOUT Comm_TCP_Svr_Handler::PreProcessRecvPkg push over cmd:14003, pipe_size:10000000, free_size:9999944, pkg_ptr->send_server_.svr_id_:1000001.
Mar 24 10:01:43.892 2023@LM_ERROR@TIMEOUT_STONE Comm_TCP_Svr_Handler::PreProcessRecvPkg cmd:14003, uin:0, trans_id:0, recv_svr:15|1000001, send_svr:5|1000001.
Mar 24 10:01:43.893 2023@LM_INFO@TIMEOUT Comm_TCP_Svr_Handler::PreProcessRecvPkg push over cmd:14003, pipe_size:10000000, free_size:9999944, pkg_ptr->send_server_.svr_id_:1000001.
Mar 24 10:01:53.889 2023@LM_ERROR@TIMEOUT_STONE Comm_TCP_Svr_Handler::PreProcessRecvPkg cmd:14003, uin:0, trans_id:0, recv_svr:15|1000001, send_svr:5|1000001.
Mar 24 10:01:53.890 2023@LM_INFO@TIMEOUT Comm_TCP_Svr_Handler::PreProcessRecvPkg push over cmd:14003, pipe_size:10000000, free_size:9999944, pkg_ptr->send_server_.svr_id_:1000001.
Mar 24 10:02:03.898 2023@LM_ERROR@TIMEOUT_STONE Comm_TCP_Svr_Handler::PreProcessRecvPkg cmd:14003, uin:0, trans_id:0, recv_svr:15|1000001, send_svr:5|1000001.
Mar 24 10:02:03.905 2023@LM_INFO@TIMEOUT Comm_TCP_Svr_Handler::PreProcessRecvPkg push over cmd:14003, pipe_size:10000000, free_size:9999944, pkg_ptr->send_server_.svr_id_:1000001.
Mar 24 10:02:13.888 2023@LM_ERROR@TIMEOUT_STONE Comm_TCP_Svr_Handler::PreProcessRecvPkg cmd:14003, uin:0, trans_id:0, recv_svr:15|1000001, send_svr:5|1000001.
Mar 24 10:02:13.891 2023@LM_INFO@TIMEOUT Comm_TCP_Svr_Handler::PreProcessRecvPkg push over cmd:14003, pipe_size:10000000, free_size:9999944, pkg_ptr->send_server_.svr_id_:1000001.
Mar 24 10:02:23.898 2023@LM_ERROR@TIMEOUT_STONE Comm_TCP_Svr_Handler::PreProcessRecvPkg cmd:14003, uin:0, trans_id:0, recv_svr:15|1000001, send_svr:5|1000001.
Mar 24 10:02:23.898 2023@LM_INFO@TIMEOUT Comm_TCP_Svr_Handler::PreProcessRecvPkg push over cmd:14003, pipe_size:10000000, free_size:9999944, pkg_ptr->send_server_.svr_id_:1000001.
Mar 24 10:02:33.890 2023@LM_ERROR@TIMEOUT_STONE Comm_TCP_Svr_Handler::PreProcessRecvPkg cmd:14003, uin:0, trans_id:0, recv_svr:15|1000001, send_svr:5|1000001.
Mar 24 10:02:33.901 2023@LM_INFO@TIMEOUT Comm_TCP_Svr_Handler::PreProcessRecvPkg push over cmd:14003, pipe_size:10000000, free_size:9999944, pkg_ptr->send_server_.svr_id_:1000001.
Mar 24 10:02:43.889 2023@LM_ERROR@TIMEOUT_STONE Comm_TCP_Svr_Handler::PreProcessRecvPkg cmd:14003, uin:0, trans_id:0, recv_svr:15|1000001, send_svr:5|1000001.
Mar 24 10:02:43.892 2023@LM_INFO@TIMEOUT Comm_TCP_Svr_Handler::PreProcessRecvPkg push over cmd:14003, pipe_size:10000000, free_size:9999944, pkg_ptr->send_server_.svr_id_:1000001.
Mar 24 10:02:53.889 2023@LM_ERROR@TIMEOUT_STONE Comm_TCP_Svr_Handler::PreProcessRecvPkg cmd:14003, uin:0, trans_id:0, recv_svr:15|1000001, send_svr:5|1000001.
Mar 24 10:02:53.890 2023@LM_INFO@TIMEOUT Comm_TCP_Svr_Handler::PreProcessRecvPkg push over cmd:14003, pipe_size:10000000, free_size:9999944, pkg_ptr->send_server_.svr_id_:1000001.
Mar 24 10:03:03.888 2023@LM_ERROR@TIMEOUT_STONE Comm_TCP_Svr_Handler::PreProcessRecvPkg cmd:14003, uin:0, trans_id:0, recv_svr:15|1000001, send_svr:5|1000001.
Mar 24 10:03:03.889 2023@LM_INFO@TIMEOUT Comm_TCP_Svr_Handler::PreProcessRecvPkg push over cmd:14003, pipe_size:10000000, free_size:9999944, pkg_ptr->send_server_.svr_id_:1000001.
Mar 24 10:03:13.890 2023@LM_ERROR@TIMEOUT_STONE Comm_TCP_Svr_Handler::PreProcessRecvPkg cmd:14003, uin:0, trans_id:0, recv_svr:15|1000001, send_svr:5|1000001.
Mar 24 10:03:13.890 2023@LM_INFO@TIMEOUT Comm_TCP_Svr_Handler::PreProcessRecvPkg push over cmd:14003, pipe_size:10000000, free_size:9999944, pkg_ptr->send_server_.svr_id_:1000001.
Mar 24 10:03:23.888 2023@LM_ERROR@TIMEOUT_STONE Comm_TCP_Svr_Handler::PreProcessRecvPkg cmd:14003, uin:0, trans_id:0, recv_svr:15|1000001, send_svr:5|1000001.
Mar 24 10:03:23.889 2023@LM_INFO@TIMEOUT Comm_TCP_Svr_Handler::PreProcessRecvPkg push over cmd:14003, pipe_size:10000000, free_size:9999944, pkg_ptr->send_server_.svr_id_:1000001.
Mar 24 10:03:33.890 2023@LM_ERROR@TIMEOUT_STONE Comm_TCP_Svr_Handler::PreProcessRecvPkg cmd:14003, uin:0, trans_id:0, recv_svr:15|1000001, send_svr:5|1000001.
Mar 24 10:03:33.892 2023@LM_INFO@TIMEOUT Comm_TCP_Svr_Handler::PreProcessRecvPkg push over cmd:14003, pipe_size:10000000, free_size:9999944, pkg_ptr->send_server_.svr_id_:1000001.
Mar 24 10:03:43.889 2023@LM_ERROR@TIMEOUT_STONE Comm_TCP_Svr_Handler::PreProcessRecvPkg cmd:14003, uin:0, trans_id:0, recv_svr:15|1000001, send_svr:5|1000001.
Mar 24 10:03:43.892 2023@LM_INFO@TIMEOUT Comm_TCP_Svr_Handler::PreProcessRecvPkg push over cmd:14003, pipe_size:10000000, free_size:9999944, pkg_ptr->send_server_.svr_id_:1000001.
Mar 24 10:03:53.888 2023@LM_ERROR@TIMEOUT_STONE Comm_TCP_Svr_Handler::PreProcessRecvPkg cmd:14003, uin:0, trans_id:0, recv_svr:15|1000001, send_svr:5|1000001.
Mar 24 10:03:53.891 2023@LM_INFO@TIMEOUT Comm_TCP_Svr_Handler::PreProcessRecvPkg push over cmd:14003, pipe_size:10000000, free_size:9999944, pkg_ptr->send_server_.svr_id_:1000001.
Mar 24 10:04:03.889 2023@LM_ERROR@TIMEOUT_STONE Comm_TCP_Svr_Handler::PreProcessRecvPkg cmd:14003, uin:0, trans_id:0, recv_svr:15|1000001, send_svr:5|1000001.
Mar 24 10:04:03.891 2023@LM_INFO@TIMEOUT Comm_TCP_Svr_Handler::PreProcessRecvPkg push over cmd:14003, pipe_size:10000000, free_size:9999944, pkg_ptr->send_server_.svr_id_:1000001.
Mar 24 10:04:13.893 2023@LM_ERROR@TIMEOUT_STONE Comm_TCP_Svr_Handler::PreProcessRecvPkg cmd:14003, uin:0, trans_id:0, recv_svr:15|1000001, send_svr:5|1000001.
Mar 24 10:04:13.895 2023@LM_INFO@TIMEOUT Comm_TCP_Svr_Handler::PreProcessRecvPkg push over cmd:14003, pipe_size:10000000, free_size:9999944, pkg_ptr->send_server_.svr_id_:1000001.
Mar 24 10:04:23.888 2023@LM_ERROR@TIMEOUT_STONE Comm_TCP_Svr_Handler::PreProcessRecvPkg cmd:14003, uin:0, trans_id:0, recv_svr:15|1000001, send_svr:5|1000001.
Mar 24 10:04:23.890 2023@LM_INFO@TIMEOUT Comm_TCP_Svr_Handler::PreProcessRecvPkg push over cmd:14003, pipe_size:10000000, free_size:9999944, pkg_ptr->send_server_.svr_id_:1000001.
Mar 24 10:04:33.890 2023@LM_ERROR@TIMEOUT_STONE Comm_TCP_Svr_Handler::PreProcessRecvPkg cmd:14003, uin:0, trans_id:0, recv_svr:15|1000001, send_svr:5|1000001.
Mar 24 10:04:33.891 2023@LM_INFO@TIMEOUT Comm_TCP_Svr_Handler::PreProcessRecvPkg push over cmd:14003, pipe_size:10000000, free_size:9999944, pkg_ptr->send_server_.svr_id_:1000001.
Mar 24 10:04:43.889 2023@LM_ERROR@TIMEOUT_STONE Comm_TCP_Svr_Handler::PreProcessRecvPkg cmd:14003, uin:0, trans_id:0, recv_svr:15|1000001, send_svr:5|1000001.
Mar 24 10:04:43.893 2023@LM_INFO@TIMEOUT Comm_TCP_Svr_Handler::PreProcessRecvPkg push over cmd:14003, pipe_size:10000000, free_size:9999944, pkg_ptr->send_server_.svr_id_:1000001.
Mar 24 10:04:53.889 2023@LM_ERROR@TIMEOUT_STONE Comm_TCP_Svr_Handler::PreProcessRecvPkg cmd:14003, uin:0, trans_id:0, recv_svr:15|1000001, send_svr:5|1000001.
Mar 24 10:04:53.890 2023@LM_INFO@TIMEOUT Comm_TCP_Svr_Handler::PreProcessRecvPkg push over cmd:14003, pipe_size:10000000, free_size:9999944, pkg_ptr->send_server_.svr_id_:1000001.
Mar 24 10:05:03.888 2023@LM_ERROR@TIMEOUT_STONE Comm_TCP_Svr_Handler::PreProcessRecvPkg cmd:14003, uin:0, trans_id:0, recv_svr:15|1000001, send_svr:5|1000001.
Mar 24 10:05:03.889 2023@LM_INFO@TIMEOUT Comm_TCP_Svr_Handler::PreProcessRecvPkg push over cmd:14003, pipe_size:10000000, free_size:9999944, pkg_ptr->send_server_.svr_id_:1000001.
Mar 24 10:05:13.889 2023@LM_ERROR@TIMEOUT_STONE Comm_TCP_Svr_Handler::PreProcessRecvPkg cmd:14003, uin:0, trans_id:0, recv_svr:15|1000001, send_svr:5|1000001.
Mar 24 10:05:13.889 2023@LM_INFO@TIMEOUT Comm_TCP_Svr_Handler::PreProcessRecvPkg push over cmd:14003, pipe_size:10000000, free_size:9999944, pkg_ptr->send_server_.svr_id_:1000001.
Mar 24 10:05:23.889 2023@LM_ERROR@TIMEOUT_STONE Comm_TCP_Svr_Handler::PreProcessRecvPkg cmd:14003, uin:0, trans_id:0, recv_svr:15|1000001, send_svr:5|1000001.
Mar 24 10:05:23.890 2023@LM_INFO@TIMEOUT Comm_TCP_Svr_Handler::PreProcessRecvPkg push over cmd:14003, pipe_size:10000000, free_size:9999944, pkg_ptr->send_server_.svr_id_:1000001.
Mar 24 10:05:33.890 2023@LM_ERROR@TIMEOUT_STONE Comm_TCP_Svr_Handler::PreProcessRecvPkg cmd:14003, uin:0, trans_id:0, recv_svr:15|1000001, send_svr:5|1000001.
Mar 24 10:05:33.896 2023@LM_INFO@TIMEOUT Comm_TCP_Svr_Handler::PreProcessRecvPkg push over cmd:14003, pipe_size:10000000, free_size:9999944, pkg_ptr->send_server_.svr_id_:1000001.
Mar 24 10:05:43.896 2023@LM_ERROR@TIMEOUT_STONE Comm_TCP_Svr_Handler::PreProcessRecvPkg cmd:14003, uin:0, trans_id:0, recv_svr:15|1000001, send_svr:5|1000001.
Mar 24 10:05:43.901 2023@LM_INFO@TIMEOUT Comm_TCP_Svr_Handler::PreProcessRecvPkg push over cmd:14003, pipe_size:10000000, free_size:9999944, pkg_ptr->send_server_.svr_id_:1000001.
Mar 24 10:05:53.889 2023@LM_ERROR@TIMEOUT_STONE Comm_TCP_Svr_Handler::PreProcessRecvPkg cmd:14003, uin:0, trans_id:0, recv_svr:15|1000001, send_svr:5|1000001.
Mar 24 10:05:53.890 2023@LM_INFO@TIMEOUT Comm_TCP_Svr_Handler::PreProcessRecvPkg push over cmd:14003, pipe_size:10000000, free_size:9999944, pkg_ptr->send_server_.svr_id_:1000001.
Mar 24 10:06:03.888 2023@LM_ERROR@TIMEOUT_STONE Comm_TCP_Svr_Handler::PreProcessRecvPkg cmd:14003, uin:0, trans_id:0, recv_svr:15|1000001, send_svr:5|1000001.
Mar 24 10:06:03.889 2023@LM_INFO@TIMEOUT Comm_TCP_Svr_Handler::PreProcessRecvPkg push over cmd:14003, pipe_size:10000000, free_size:9999944, pkg_ptr->send_server_.svr_id_:1000001.
Mar 24 10:06:13.894 2023@LM_ERROR@TIMEOUT_STONE Comm_TCP_Svr_Handler::PreProcessRecvPkg cmd:14003, uin:0, trans_id:0, recv_svr:15|1000001, send_svr:5|1000001.
Mar 24 10:06:13.896 2023@LM_INFO@TIMEOUT Comm_TCP_Svr_Handler::PreProcessRecvPkg push over cmd:14003, pipe_size:10000000, free_size:9999944, pkg_ptr->send_server_.svr_id_:1000001.
Mar 24 10:06:23.889 2023@LM_ERROR@TIMEOUT_STONE Comm_TCP_Svr_Handler::PreProcessRecvPkg cmd:14003, uin:0, trans_id:0, recv_svr:15|1000001, send_svr:5|1000001.
Mar 24 10:06:23.890 2023@LM_INFO@TIMEOUT Comm_TCP_Svr_Handler::PreProcessRecvPkg push over cmd:14003, pipe_size:10000000, free_size:9999944, pkg_ptr->send_server_.svr_id_:1000001.
Mar 24 10:06:33.888 2023@LM_ERROR@TIMEOUT_STONE Comm_TCP_Svr_Handler::PreProcessRecvPkg cmd:14003, uin:0, trans_id:0, recv_svr:15|1000001, send_svr:5|1000001.
Mar 24 10:06:33.889 2023@LM_INFO@TIMEOUT Comm_TCP_Svr_Handler::PreProcessRecvPkg push over cmd:14003, pipe_size:10000000, free_size:9999944, pkg_ptr->send_server_.svr_id_:1000001.
Mar 24 10:06:43.889 2023@LM_ERROR@TIMEOUT_STONE Comm_TCP_Svr_Handler::PreProcessRecvPkg cmd:14003, uin:0, trans_id:0, recv_svr:15|1000001, send_svr:5|1000001.
Mar 24 10:06:43.889 2023@LM_INFO@TIMEOUT Comm_TCP_Svr_Handler::PreProcessRecvPkg push over cmd:14003, pipe_size:10000000, free_size:9999944, pkg_ptr->send_server_.svr_id_:1000001.
Mar 24 10:06:53.889 2023@LM_ERROR@TIMEOUT_STONE Comm_TCP_Svr_Handler::PreProcessRecvPkg cmd:14003, uin:0, trans_id:0, recv_svr:15|1000001, send_svr:5|1000001.
Mar 24 10:06:53.891 2023@LM_INFO@TIMEOUT Comm_TCP_Svr_Handler::PreProcessRecvPkg push over cmd:14003, pipe_size:10000000, free_size:9999944, pkg_ptr->send_server_.svr_id_:1000001.
Mar 24 10:07:03.993 2023@LM_ERROR@TIMEOUT_STONE Comm_TCP_Svr_Handler::PreProcessRecvPkg cmd:14003, uin:0, trans_id:0, recv_svr:15|1000001, send_svr:5|1000001.
Mar 24 10:07:04.042 2023@LM_INFO@TIMEOUT Comm_TCP_Svr_Handler::PreProcessRecvPkg push over cmd:14003, pipe_size:10000000, free_size:9999944, pkg_ptr->send_server_.svr_id_:1000001.
Mar 24 10:07:13.891 2023@LM_ERROR@TIMEOUT_STONE Comm_TCP_Svr_Handler::PreProcessRecvPkg cmd:14003, uin:0, trans_id:0, recv_svr:15|1000001, send_svr:5|1000001.
Mar 24 10:07:13.892 2023@LM_INFO@TIMEOUT Comm_TCP_Svr_Handler::PreProcessRecvPkg push over cmd:14003, pipe_size:10000000, free_size:9999944, pkg_ptr->send_server_.svr_id_:1000001.
Mar 24 10:07:23.888 2023@LM_ERROR@TIMEOUT_STONE Comm_TCP_Svr_Handler::PreProcessRecvPkg cmd:14003, uin:0, trans_id:0, recv_svr:15|1000001, send_svr:5|1000001.
Mar 24 10:07:23.889 2023@LM_INFO@TIMEOUT Comm_TCP_Svr_Handler::PreProcessRecvPkg push over cmd:14003, pipe_size:10000000, free_size:9999944, pkg_ptr->send_server_.svr_id_:1000001.
Mar 24 10:07:33.889 2023@LM_ERROR@TIMEOUT_STONE Comm_TCP_Svr_Handler::PreProcessRecvPkg cmd:14003, uin:0, trans_id:0, recv_svr:15|1000001, send_svr:5|1000001.
Mar 24 10:07:33.890 2023@LM_INFO@TIMEOUT Comm_TCP_Svr_Handler::PreProcessRecvPkg push over cmd:14003, pipe_size:10000000, free_size:9999944, pkg_ptr->send_server_.svr_id_:1000001.
Mar 24 10:07:43.888 2023@LM_ERROR@TIMEOUT_STONE Comm_TCP_Svr_Handler::PreProcessRecvPkg cmd:14003, uin:0, trans_id:0, recv_svr:15|1000001, send_svr:5|1000001.
Mar 24 10:07:43.889 2023@LM_INFO@TIMEOUT Comm_TCP_Svr_Handler::PreProcessRecvPkg push over cmd:14003, pipe_size:10000000, free_size:9999944, pkg_ptr->send_server_.svr_id_:1000001.
Mar 24 10:07:53.888 2023@LM_ERROR@TIMEOUT_STONE Comm_TCP_Svr_Handler::PreProcessRecvPkg cmd:14003, uin:0, trans_id:0, recv_svr:15|1000001, send_svr:5|1000001.
Mar 24 10:07:53.889 2023@LM_INFO@TIMEOUT Comm_TCP_Svr_Handler::PreProcessRecvPkg push over cmd:14003, pipe_size:10000000, free_size:9999944, pkg_ptr->send_server_.svr_id_:1000001.
Mar 24 10:08:03.893 2023@LM_ERROR@TIMEOUT_STONE Comm_TCP_Svr_Handler::PreProcessRecvPkg cmd:14003, uin:0, trans_id:0, recv_svr:15|1000001, send_svr:5|1000001.
Mar 24 10:08:03.894 2023@LM_INFO@TIMEOUT Comm_TCP_Svr_Handler::PreProcessRecvPkg push over cmd:14003, pipe_size:10000000, free_size:9999944, pkg_ptr->send_server_.svr_id_:1000001.
Mar 24 10:08:13.889 2023@LM_ERROR@TIMEOUT_STONE Comm_TCP_Svr_Handler::PreProcessRecvPkg cmd:14003, uin:0, trans_id:0, recv_svr:15|1000001, send_svr:5|1000001.
Mar 24 10:08:13.891 2023@LM_INFO@TIMEOUT Comm_TCP_Svr_Handler::PreProcessRecvPkg push over cmd:14003, pipe_size:10000000, free_size:9999944, pkg_ptr->send_server_.svr_id_:1000001.
Mar 24 10:08:23.888 2023@LM_ERROR@TIMEOUT_STONE Comm_TCP_Svr_Handler::PreProcessRecvPkg cmd:14003, uin:0, trans_id:0, recv_svr:15|1000001, send_svr:5|1000001.
Mar 24 10:08:23.889 2023@LM_INFO@TIMEOUT Comm_TCP_Svr_Handler::PreProcessRecvPkg push over cmd:14003, pipe_size:10000000, free_size:9999944, pkg_ptr->send_server_.svr_id_:1000001.
Mar 24 10:08:33.889 2023@LM_ERROR@TIMEOUT_STONE Comm_TCP_Svr_Handler::PreProcessRecvPkg cmd:14003, uin:0, trans_id:0, recv_svr:15|1000001, send_svr:5|1000001.
Mar 24 10:08:33.890 2023@LM_INFO@TIMEOUT Comm_TCP_Svr_Handler::PreProcessRecvPkg push over cmd:14003, pipe_size:10000000, free_size:9999944, pkg_ptr->send_server_.svr_id_:1000001.
Mar 24 10:08:43.889 2023@LM_ERROR@TIMEOUT_STONE Comm_TCP_Svr_Handler::PreProcessRecvPkg cmd:14003, uin:0, trans_id:0, recv_svr:15|1000001, send_svr:5|1000001.
Mar 24 10:08:43.889 2023@LM_INFO@TIMEOUT Comm_TCP_Svr_Handler::PreProcessRecvPkg push over cmd:14003, pipe_size:10000000, free_size:9999944, pkg_ptr->send_server_.svr_id_:1000001.
Mar 24 10:08:53.889 2023@LM_ERROR@TIMEOUT_STONE Comm_TCP_Svr_Handler::PreProcessRecvPkg cmd:14003, uin:0, trans_id:0, recv_svr:15|1000001, send_svr:5|1000001.
Mar 24 10:08:53.893 2023@LM_INFO@TIMEOUT Comm_TCP_Svr_Handler::PreProcessRecvPkg push over cmd:14003, pipe_size:10000000, free_size:9999944, pkg_ptr->send_server_.svr_id_:1000001.
Mar 24 10:09:03.889 2023@LM_ERROR@TIMEOUT_STONE Comm_TCP_Svr_Handler::PreProcessRecvPkg cmd:14003, uin:0, trans_id:0, recv_svr:15|1000001, send_svr:5|1000001.
Mar 24 10:09:03.890 2023@LM_INFO@TIMEOUT Comm_TCP_Svr_Handler::PreProcessRecvPkg push over cmd:14003, pipe_size:10000000, free_size:9999944, pkg_ptr->send_server_.svr_id_:1000001.
Mar 24 10:09:13.888 2023@LM_ERROR@TIMEOUT_STONE Comm_TCP_Svr_Handler::PreProcessRecvPkg cmd:14003, uin:0, trans_id:0, recv_svr:15|1000001, send_svr:5|1000001.
Mar 24 10:09:13.889 2023@LM_INFO@TIMEOUT Comm_TCP_Svr_Handler::PreProcessRecvPkg push over cmd:14003, pipe_size:10000000, free_size:9999944, pkg_ptr->send_server_.svr_id_:1000001.
Mar 24 10:09:23.889 2023@LM_ERROR@TIMEOUT_STONE Comm_TCP_Svr_Handler::PreProcessRecvPkg cmd:14003, uin:0, trans_id:0, recv_svr:15|1000001, send_svr:5|1000001.
Mar 24 10:09:23.896 2023@LM_INFO@TIMEOUT Comm_TCP_Svr_Handler::PreProcessRecvPkg push over cmd:14003, pipe_size:10000000, free_size:9999944, pkg_ptr->send_server_.svr_id_:1000001.
Mar 24 10:09:33.891 2023@LM_ERROR@TIMEOUT_STONE Comm_TCP_Svr_Handler::PreProcessRecvPkg cmd:14003, uin:0, trans_id:0, recv_svr:15|1000001, send_svr:5|1000001.
Mar 24 10:09:33.893 2023@LM_INFO@TIMEOUT Comm_TCP_Svr_Handler::PreProcessRecvPkg push over cmd:14003, pipe_size:10000000, free_size:9999944, pkg_ptr->send_server_.svr_id_:1000001.
Mar 24 10:09:43.888 2023@LM_ERROR@TIMEOUT_STONE Comm_TCP_Svr_Handler::PreProcessRecvPkg cmd:14003, uin:0, trans_id:0, recv_svr:15|1000001, send_svr:5|1000001.
Mar 24 10:09:43.889 2023@LM_INFO@TIMEOUT Comm_TCP_Svr_Handler::PreProcessRecvPkg push over cmd:14003, pipe_size:10000000, free_size:9999944, pkg_ptr->send_server_.svr_id_:1000001.
Mar 24 10:09:53.889 2023@LM_ERROR@TIMEOUT_STONE Comm_TCP_Svr_Handler::PreProcessRecvPkg cmd:14003, uin:0, trans_id:0, recv_svr:15|1000001, send_svr:5|1000001.
Mar 24 10:09:53.889 2023@LM_INFO@TIMEOUT Comm_TCP_Svr_Handler::PreProcessRecvPkg push over cmd:14003, pipe_size:10000000, free_size:9999944, pkg_ptr->send_server_.svr_id_:1000001.
Mar 24 10:10:03.890 2023@LM_ERROR@TIMEOUT_STONE Comm_TCP_Svr_Handler::PreProcessRecvPkg cmd:14003, uin:0, trans_id:0, recv_svr:15|1000001, send_svr:5|1000001.
Mar 24 10:10:03.891 2023@LM_INFO@TIMEOUT Comm_TCP_Svr_Handler::PreProcessRecvPkg push over cmd:14003, pipe_size:10000000, free_size:9999944, pkg_ptr->send_server_.svr_id_:1000001.
Mar 24 10:10:13.888 2023@LM_ERROR@TIMEOUT_STONE Comm_TCP_Svr_Handler::PreProcessRecvPkg cmd:14003, uin:0, trans_id:0, recv_svr:15|1000001, send_svr:5|1000001.
Mar 24 10:10:13.889 2023@LM_INFO@TIMEOUT Comm_TCP_Svr_Handler::PreProcessRecvPkg push over cmd:14003, pipe_size:10000000, free_size:9999944, pkg_ptr->send_server_.svr_id_:1000001.
Mar 24 10:12:46.060 2023@LM_INFO@ACE Log Strategy init succ.
Mar 24 10:12:46.101 2023@LM_INFO@ExtendBufferList size:[128] total:[0] need memory [26265600] ,total use memory [0].
Mar 24 10:12:46.105 2023@LM_INFO@Comm_Accept_Handle::CreateListenPeer bind success 127.0.0.1|11001, svr_info:1|1000001.
Mar 24 10:12:46.105 2023@LM_INFO@Comm_Accept_Handle::CreateListenPeer old_buf, snd:16384, recv:87380.
Mar 24 10:12:46.105 2023@LM_INFO@Comm_Accept_Handle::CreateListenPeer new_buf, snd:249856, recv:249856.
Mar 24 10:12:46.105 2023@LM_INFO@Inst_Comm_Svrd_App::Run Start.
Mar 24 10:13:04.016 2023@LM_INFO@Accept peer socket IP Address:[127.0.0.1|39813] Success. 
Mar 24 10:13:04.016 2023@LM_ERROR@Accept peer SO_RCVBUF:249856 SO_SNDBUF 249856.
Mar 24 10:13:04.016 2023@LM_INFO@Comm_Accept_Handle accept success  self_svr_info:1|1000001.
Mar 24 10:13:04.020 2023@LM_ERROR@TIMEOUT_STONE Comm_TCP_Svr_Handler::PreProcessRecvPkg cmd:601, uin:0, trans_id:0, recv_svr:1|1000001, send_svr:5|1000001.
Mar 24 10:13:04.020 2023@LM_ERROR@Comm_TCP_Svr_Handler::PreProcessRecvPkg peer_svr_info:5|1000001, reactor_index:0!
Mar 24 10:13:04.020 2023@LM_INFO@Accept peer server[5|1000001],IP|port[127.0.0.1|39813] regist success.
Mar 24 10:13:04.020 2023@LM_INFO@TIMEOUT Comm_TCP_Svr_Handler::PreProcessRecvPkg push over cmd:601, pipe_size:10000000, free_size:10000000, pkg_ptr->send_server_.svr_id_:1000001.
Mar 24 10:13:10.090 2023@LM_ERROR@TIMEOUT_STONE Comm_TCP_Svr_Handler::PreProcessRecvPkg cmd:14003, uin:0, trans_id:0, recv_svr:15|1000001, send_svr:5|1000001.
Mar 24 10:13:10.090 2023@LM_INFO@TIMEOUT Comm_TCP_Svr_Handler::PreProcessRecvPkg push over cmd:14003, pipe_size:10000000, free_size:9999944, pkg_ptr->send_server_.svr_id_:1000001.
Mar 24 10:13:13.002 2023@LM_INFO@Accept peer socket IP Address:[127.0.0.1|39828] Success. 
Mar 24 10:13:13.002 2023@LM_ERROR@Accept peer SO_RCVBUF:249856 SO_SNDBUF 249856.
Mar 24 10:13:13.002 2023@LM_INFO@Comm_Accept_Handle accept success  self_svr_info:1|1000001.
Mar 24 10:13:13.003 2023@LM_ERROR@Comm_TCP_Svr_Handler::PreProcessRecvPkg peer_svr_info:12|1000001, reactor_index:0!
Mar 24 10:13:13.003 2023@LM_INFO@Accept peer server[12|1000001],IP|port[127.0.0.1|39828] regist success.
Mar 24 10:13:20.085 2023@LM_ERROR@TIMEOUT_STONE Comm_TCP_Svr_Handler::PreProcessRecvPkg cmd:14003, uin:0, trans_id:0, recv_svr:15|1000001, send_svr:5|1000001.
Mar 24 10:13:20.085 2023@LM_INFO@TIMEOUT Comm_TCP_Svr_Handler::PreProcessRecvPkg push over cmd:14003, pipe_size:10000000, free_size:9999944, pkg_ptr->send_server_.svr_id_:1000001.
Mar 24 10:13:22.024 2023@LM_INFO@Accept peer socket IP Address:[127.0.0.1|39844] Success. 
Mar 24 10:13:22.024 2023@LM_ERROR@Accept peer SO_RCVBUF:249856 SO_SNDBUF 249856.
Mar 24 10:13:22.024 2023@LM_INFO@Comm_Accept_Handle accept success  self_svr_info:1|1000001.
Mar 24 10:13:22.025 2023@LM_ERROR@Comm_TCP_Svr_Handler::PreProcessRecvPkg peer_svr_info:15|1000001, reactor_index:0!
Mar 24 10:13:22.025 2023@LM_INFO@Accept peer server[15|1000001],IP|port[127.0.0.1|39844] regist success.
Mar 24 10:13:30.084 2023@LM_ERROR@TIMEOUT_STONE Comm_TCP_Svr_Handler::PreProcessRecvPkg cmd:14003, uin:0, trans_id:0, recv_svr:15|1000001, send_svr:5|1000001.
Mar 24 10:13:30.084 2023@LM_INFO@TIMEOUT Comm_TCP_Svr_Handler::PreProcessRecvPkg push over cmd:14003, pipe_size:10000000, free_size:9999944, pkg_ptr->send_server_.svr_id_:1000001.
Mar 24 10:13:31.060 2023@LM_INFO@Accept peer socket IP Address:[127.0.0.1|39853] Success. 
Mar 24 10:13:31.060 2023@LM_ERROR@Accept peer SO_RCVBUF:249856 SO_SNDBUF 249856.
Mar 24 10:13:31.060 2023@LM_INFO@Comm_Accept_Handle accept success  self_svr_info:1|1000001.
Mar 24 10:13:31.067 2023@LM_ERROR@Comm_TCP_Svr_Handler::PreProcessRecvPkg peer_svr_info:6|1000001, reactor_index:0!
Mar 24 10:13:31.067 2023@LM_INFO@Accept peer server[6|1000001],IP|port[127.0.0.1|39853] regist success.
Mar 24 10:13:40.076 2023@LM_INFO@Accept peer socket IP Address:[127.0.0.1|39871] Success. 
Mar 24 10:13:40.076 2023@LM_ERROR@Accept peer SO_RCVBUF:249856 SO_SNDBUF 249856.
Mar 24 10:13:40.076 2023@LM_INFO@Comm_Accept_Handle accept success  self_svr_info:1|1000001.
Mar 24 10:13:40.076 2023@LM_ERROR@Comm_TCP_Svr_Handler::PreProcessRecvPkg peer_svr_info:3|1000001, reactor_index:0!
Mar 24 10:13:40.076 2023@LM_INFO@Accept peer server[3|1000001],IP|port[127.0.0.1|39871] regist success.
Mar 24 10:13:40.085 2023@LM_ERROR@TIMEOUT_STONE Comm_TCP_Svr_Handler::PreProcessRecvPkg cmd:14003, uin:0, trans_id:0, recv_svr:15|1000001, send_svr:5|1000001.
Mar 24 10:13:40.085 2023@LM_INFO@TIMEOUT Comm_TCP_Svr_Handler::PreProcessRecvPkg push over cmd:14003, pipe_size:10000000, free_size:9999944, pkg_ptr->send_server_.svr_id_:1000001.
Mar 24 10:13:49.088 2023@LM_INFO@Accept peer socket IP Address:[127.0.0.1|39886] Success. 
Mar 24 10:13:49.088 2023@LM_ERROR@Accept peer SO_RCVBUF:249856 SO_SNDBUF 249856.
Mar 24 10:13:49.088 2023@LM_INFO@Comm_Accept_Handle accept success  self_svr_info:1|1000001.
Mar 24 10:13:49.090 2023@LM_ERROR@Comm_TCP_Svr_Handler::PreProcessRecvPkg peer_svr_info:2|1000001, reactor_index:0!
Mar 24 10:13:49.090 2023@LM_INFO@Accept peer server[2|1000001],IP|port[127.0.0.1|39886] regist success.
Mar 24 10:13:50.085 2023@LM_ERROR@TIMEOUT_STONE Comm_TCP_Svr_Handler::PreProcessRecvPkg cmd:14003, uin:0, trans_id:0, recv_svr:15|1000001, send_svr:5|1000001.
Mar 24 10:13:50.085 2023@LM_INFO@TIMEOUT Comm_TCP_Svr_Handler::PreProcessRecvPkg push over cmd:14003, pipe_size:10000000, free_size:9999944, pkg_ptr->send_server_.svr_id_:1000001.
Mar 24 10:13:58.110 2023@LM_INFO@Accept peer socket IP Address:[127.0.0.1|39913] Success. 
Mar 24 10:13:58.110 2023@LM_ERROR@Accept peer SO_RCVBUF:249856 SO_SNDBUF 249856.
Mar 24 10:13:58.110 2023@LM_INFO@Comm_Accept_Handle accept success  self_svr_info:1|1000001.
Mar 24 10:13:58.111 2023@LM_ERROR@Comm_TCP_Svr_Handler::PreProcessRecvPkg peer_svr_info:19|1000001, reactor_index:0!
Mar 24 10:13:58.111 2023@LM_INFO@Accept peer server[19|1000001],IP|port[127.0.0.1|39913] regist success.
Mar 24 10:14:00.085 2023@LM_ERROR@TIMEOUT_STONE Comm_TCP_Svr_Handler::PreProcessRecvPkg cmd:14003, uin:0, trans_id:0, recv_svr:15|1000001, send_svr:5|1000001.
Mar 24 10:14:00.085 2023@LM_INFO@TIMEOUT Comm_TCP_Svr_Handler::PreProcessRecvPkg push over cmd:14003, pipe_size:10000000, free_size:9999944, pkg_ptr->send_server_.svr_id_:1000001.
Mar 24 10:14:07.196 2023@LM_INFO@Accept peer socket IP Address:[127.0.0.1|39939] Success. 
Mar 24 10:14:07.196 2023@LM_ERROR@Accept peer SO_RCVBUF:249856 SO_SNDBUF 249856.
Mar 24 10:14:07.196 2023@LM_INFO@Comm_Accept_Handle accept success  self_svr_info:1|1000001.
Mar 24 10:14:07.200 2023@LM_ERROR@Comm_TCP_Svr_Handler::PreProcessRecvPkg peer_svr_info:11|1001101, reactor_index:0!
Mar 24 10:14:07.200 2023@LM_INFO@Accept peer server[11|1001101],IP|port[127.0.0.1|39939] regist success.
Mar 24 10:14:10.086 2023@LM_ERROR@TIMEOUT_STONE Comm_TCP_Svr_Handler::PreProcessRecvPkg cmd:14003, uin:0, trans_id:0, recv_svr:15|1000001, send_svr:5|1000001.
Mar 24 10:14:10.086 2023@LM_INFO@TIMEOUT Comm_TCP_Svr_Handler::PreProcessRecvPkg push over cmd:14003, pipe_size:10000000, free_size:9999944, pkg_ptr->send_server_.svr_id_:1000001.
Mar 24 10:14:16.190 2023@LM_INFO@Accept peer socket IP Address:[127.0.0.1|39991] Success. 
Mar 24 10:14:16.191 2023@LM_ERROR@Accept peer SO_RCVBUF:249856 SO_SNDBUF 249856.
Mar 24 10:14:16.191 2023@LM_INFO@Comm_Accept_Handle accept success  self_svr_info:1|1000001.
Mar 24 10:14:16.193 2023@LM_ERROR@Comm_TCP_Svr_Handler::PreProcessRecvPkg peer_svr_info:8|1001101, reactor_index:0!
Mar 24 10:14:16.193 2023@LM_INFO@Accept peer server[8|1001101],IP|port[127.0.0.1|39991] regist success.
Mar 24 10:14:20.086 2023@LM_ERROR@TIMEOUT_STONE Comm_TCP_Svr_Handler::PreProcessRecvPkg cmd:14003, uin:0, trans_id:0, recv_svr:15|1000001, send_svr:5|1000001.
Mar 24 10:14:20.086 2023@LM_INFO@TIMEOUT Comm_TCP_Svr_Handler::PreProcessRecvPkg push over cmd:14003, pipe_size:10000000, free_size:9999944, pkg_ptr->send_server_.svr_id_:1000001.
Mar 24 10:14:25.448 2023@LM_INFO@Accept peer socket IP Address:[127.0.0.1|40046] Success. 
Mar 24 10:14:25.449 2023@LM_ERROR@Accept peer SO_RCVBUF:249856 SO_SNDBUF 249856.
Mar 24 10:14:25.449 2023@LM_INFO@Comm_Accept_Handle accept success  self_svr_info:1|1000001.
Mar 24 10:14:25.453 2023@LM_ERROR@Comm_TCP_Svr_Handler::PreProcessRecvPkg peer_svr_info:9|1001101, reactor_index:0!
Mar 24 10:14:25.453 2023@LM_INFO@Accept peer server[9|1001101],IP|port[127.0.0.1|40046] regist success.
Mar 24 10:14:30.085 2023@LM_ERROR@TIMEOUT_STONE Comm_TCP_Svr_Handler::PreProcessRecvPkg cmd:14003, uin:0, trans_id:0, recv_svr:15|1000001, send_svr:5|1000001.
Mar 24 10:14:30.086 2023@LM_INFO@TIMEOUT Comm_TCP_Svr_Handler::PreProcessRecvPkg push over cmd:14003, pipe_size:10000000, free_size:9999944, pkg_ptr->send_server_.svr_id_:1000001.
Mar 24 10:14:34.657 2023@LM_INFO@Accept peer socket IP Address:[127.0.0.1|40103] Success. 
Mar 24 10:14:34.658 2023@LM_ERROR@Accept peer SO_RCVBUF:249856 SO_SNDBUF 249856.
Mar 24 10:14:34.658 2023@LM_INFO@Comm_Accept_Handle accept success  self_svr_info:1|1000001.
Mar 24 10:14:34.665 2023@LM_ERROR@Comm_TCP_Svr_Handler::PreProcessRecvPkg peer_svr_info:18|1000001, reactor_index:0!
Mar 24 10:14:34.665 2023@LM_INFO@Accept peer server[18|1000001],IP|port[127.0.0.1|40103] regist success.
Mar 24 10:14:40.085 2023@LM_ERROR@TIMEOUT_STONE Comm_TCP_Svr_Handler::PreProcessRecvPkg cmd:14003, uin:0, trans_id:0, recv_svr:15|1000001, send_svr:5|1000001.
Mar 24 10:14:40.086 2023@LM_INFO@TIMEOUT Comm_TCP_Svr_Handler::PreProcessRecvPkg push over cmd:14003, pipe_size:10000000, free_size:9999944, pkg_ptr->send_server_.svr_id_:1000001.
Mar 24 10:14:43.509 2023@LM_INFO@Accept peer socket IP Address:[127.0.0.1|40155] Success. 
Mar 24 10:14:43.526 2023@LM_ERROR@Accept peer SO_RCVBUF:249856 SO_SNDBUF 249856.
Mar 24 10:14:43.527 2023@LM_INFO@Comm_Accept_Handle accept success  self_svr_info:1|1000001.
Mar 24 10:14:43.531 2023@LM_ERROR@Comm_TCP_Svr_Handler::PreProcessRecvPkg peer_svr_info:20|1000001, reactor_index:0!
Mar 24 10:14:43.531 2023@LM_INFO@Accept peer server[20|1000001],IP|port[127.0.0.1|40155] regist success.
Mar 24 10:14:50.085 2023@LM_ERROR@TIMEOUT_STONE Comm_TCP_Svr_Handler::PreProcessRecvPkg cmd:14003, uin:0, trans_id:0, recv_svr:15|1000001, send_svr:5|1000001.
Mar 24 10:14:50.086 2023@LM_INFO@TIMEOUT Comm_TCP_Svr_Handler::PreProcessRecvPkg push over cmd:14003, pipe_size:10000000, free_size:9999944, pkg_ptr->send_server_.svr_id_:1000001.
Mar 24 10:15:00.092 2023@LM_ERROR@TIMEOUT_STONE Comm_TCP_Svr_Handler::PreProcessRecvPkg cmd:14003, uin:0, trans_id:0, recv_svr:15|1000001, send_svr:5|1000001.
Mar 24 10:15:00.095 2023@LM_INFO@TIMEOUT Comm_TCP_Svr_Handler::PreProcessRecvPkg push over cmd:14003, pipe_size:10000000, free_size:9999944, pkg_ptr->send_server_.svr_id_:1000001.
Mar 24 10:15:01.803 2023@LM_INFO@Accept peer socket IP Address:[127.0.0.1|40253] Success. 
Mar 24 10:15:01.803 2023@LM_ERROR@Accept peer SO_RCVBUF:249856 SO_SNDBUF 249856.
Mar 24 10:15:01.803 2023@LM_INFO@Comm_Accept_Handle accept success  self_svr_info:1|1000001.
Mar 24 10:15:01.807 2023@LM_ERROR@Comm_TCP_Svr_Handler::PreProcessRecvPkg peer_svr_info:14|1000001, reactor_index:0!
Mar 24 10:15:01.807 2023@LM_INFO@Accept peer server[14|1000001],IP|port[127.0.0.1|40253] regist success.
Mar 24 10:15:10.086 2023@LM_ERROR@TIMEOUT_STONE Comm_TCP_Svr_Handler::PreProcessRecvPkg cmd:14003, uin:0, trans_id:0, recv_svr:15|1000001, send_svr:5|1000001.
Mar 24 10:15:10.091 2023@LM_INFO@TIMEOUT Comm_TCP_Svr_Handler::PreProcessRecvPkg push over cmd:14003, pipe_size:10000000, free_size:9999944, pkg_ptr->send_server_.svr_id_:1000001.
Mar 24 10:15:10.960 2023@LM_INFO@Accept peer socket IP Address:[127.0.0.1|40274] Success. 
Mar 24 10:15:10.960 2023@LM_ERROR@Accept peer SO_RCVBUF:249856 SO_SNDBUF 249856.
Mar 24 10:15:10.963 2023@LM_INFO@Comm_Accept_Handle accept success  self_svr_info:1|1000001.
Mar 24 10:15:10.966 2023@LM_ERROR@Comm_TCP_Svr_Handler::PreProcessRecvPkg peer_svr_info:17|1000001, reactor_index:0!
Mar 24 10:15:10.966 2023@LM_INFO@Accept peer server[17|1000001],IP|port[127.0.0.1|40274] regist success.
Mar 24 10:15:19.817 2023@LM_INFO@Accept peer socket IP Address:[127.0.0.1|40299] Success. 
Mar 24 10:15:19.825 2023@LM_ERROR@Accept peer SO_RCVBUF:249856 SO_SNDBUF 249856.
Mar 24 10:15:19.825 2023@LM_INFO@Comm_Accept_Handle accept success  self_svr_info:1|1000001.
Mar 24 10:15:19.826 2023@LM_ERROR@Comm_TCP_Svr_Handler::PreProcessRecvPkg peer_svr_info:7|1000001, reactor_index:0!
Mar 24 10:15:19.826 2023@LM_INFO@Accept peer server[7|1000001],IP|port[127.0.0.1|40299] regist success.
Mar 24 10:15:20.086 2023@LM_ERROR@TIMEOUT_STONE Comm_TCP_Svr_Handler::PreProcessRecvPkg cmd:14003, uin:0, trans_id:0, recv_svr:15|1000001, send_svr:5|1000001.
Mar 24 10:15:20.088 2023@LM_INFO@TIMEOUT Comm_TCP_Svr_Handler::PreProcessRecvPkg push over cmd:14003, pipe_size:10000000, free_size:9999944, pkg_ptr->send_server_.svr_id_:1000001.
Mar 24 10:15:30.087 2023@LM_ERROR@TIMEOUT_STONE Comm_TCP_Svr_Handler::PreProcessRecvPkg cmd:14003, uin:0, trans_id:0, recv_svr:15|1000001, send_svr:5|1000001.
Mar 24 10:15:30.087 2023@LM_INFO@TIMEOUT Comm_TCP_Svr_Handler::PreProcessRecvPkg push over cmd:14003, pipe_size:10000000, free_size:9999944, pkg_ptr->send_server_.svr_id_:1000001.
Mar 24 10:15:40.086 2023@LM_ERROR@TIMEOUT_STONE Comm_TCP_Svr_Handler::PreProcessRecvPkg cmd:14003, uin:0, trans_id:0, recv_svr:15|1000001, send_svr:5|1000001.
Mar 24 10:15:40.086 2023@LM_INFO@TIMEOUT Comm_TCP_Svr_Handler::PreProcessRecvPkg push over cmd:14003, pipe_size:10000000, free_size:9999944, pkg_ptr->send_server_.svr_id_:1000001.
Mar 24 10:15:50.085 2023@LM_ERROR@TIMEOUT_STONE Comm_TCP_Svr_Handler::PreProcessRecvPkg cmd:14003, uin:0, trans_id:0, recv_svr:15|1000001, send_svr:5|1000001.
Mar 24 10:15:50.085 2023@LM_INFO@TIMEOUT Comm_TCP_Svr_Handler::PreProcessRecvPkg push over cmd:14003, pipe_size:10000000, free_size:9999944, pkg_ptr->send_server_.svr_id_:1000001.
Mar 24 10:16:00.086 2023@LM_ERROR@TIMEOUT_STONE Comm_TCP_Svr_Handler::PreProcessRecvPkg cmd:14003, uin:0, trans_id:0, recv_svr:15|1000001, send_svr:5|1000001.
Mar 24 10:16:00.087 2023@LM_INFO@TIMEOUT Comm_TCP_Svr_Handler::PreProcessRecvPkg push over cmd:14003, pipe_size:10000000, free_size:9999944, pkg_ptr->send_server_.svr_id_:1000001.
Mar 24 10:16:10.084 2023@LM_ERROR@TIMEOUT_STONE Comm_TCP_Svr_Handler::PreProcessRecvPkg cmd:14003, uin:0, trans_id:0, recv_svr:15|1000001, send_svr:5|1000001.
Mar 24 10:16:10.084 2023@LM_INFO@TIMEOUT Comm_TCP_Svr_Handler::PreProcessRecvPkg push over cmd:14003, pipe_size:10000000, free_size:9999944, pkg_ptr->send_server_.svr_id_:1000001.
Mar 24 10:16:20.086 2023@LM_ERROR@TIMEOUT_STONE Comm_TCP_Svr_Handler::PreProcessRecvPkg cmd:14003, uin:0, trans_id:0, recv_svr:15|1000001, send_svr:5|1000001.
Mar 24 10:16:20.086 2023@LM_INFO@TIMEOUT Comm_TCP_Svr_Handler::PreProcessRecvPkg push over cmd:14003, pipe_size:10000000, free_size:9999944, pkg_ptr->send_server_.svr_id_:1000001.
Mar 24 10:16:30.091 2023@LM_ERROR@TIMEOUT_STONE Comm_TCP_Svr_Handler::PreProcessRecvPkg cmd:14003, uin:0, trans_id:0, recv_svr:15|1000001, send_svr:5|1000001.
Mar 24 10:16:30.092 2023@LM_INFO@TIMEOUT Comm_TCP_Svr_Handler::PreProcessRecvPkg push over cmd:14003, pipe_size:10000000, free_size:9999944, pkg_ptr->send_server_.svr_id_:1000001.
Mar 24 10:16:40.086 2023@LM_ERROR@TIMEOUT_STONE Comm_TCP_Svr_Handler::PreProcessRecvPkg cmd:14003, uin:0, trans_id:0, recv_svr:15|1000001, send_svr:5|1000001.
Mar 24 10:16:40.086 2023@LM_INFO@TIMEOUT Comm_TCP_Svr_Handler::PreProcessRecvPkg push over cmd:14003, pipe_size:10000000, free_size:9999944, pkg_ptr->send_server_.svr_id_:1000001.
Mar 24 10:16:50.090 2023@LM_ERROR@TIMEOUT_STONE Comm_TCP_Svr_Handler::PreProcessRecvPkg cmd:14003, uin:0, trans_id:0, recv_svr:15|1000001, send_svr:5|1000001.
Mar 24 10:16:50.090 2023@LM_INFO@TIMEOUT Comm_TCP_Svr_Handler::PreProcessRecvPkg push over cmd:14003, pipe_size:10000000, free_size:9999944, pkg_ptr->send_server_.svr_id_:1000001.
Mar 24 10:17:00.086 2023@LM_ERROR@TIMEOUT_STONE Comm_TCP_Svr_Handler::PreProcessRecvPkg cmd:14003, uin:0, trans_id:0, recv_svr:15|1000001, send_svr:5|1000001.
Mar 24 10:17:00.086 2023@LM_INFO@TIMEOUT Comm_TCP_Svr_Handler::PreProcessRecvPkg push over cmd:14003, pipe_size:10000000, free_size:9999944, pkg_ptr->send_server_.svr_id_:1000001.
Mar 24 10:17:10.087 2023@LM_ERROR@TIMEOUT_STONE Comm_TCP_Svr_Handler::PreProcessRecvPkg cmd:14003, uin:0, trans_id:0, recv_svr:15|1000001, send_svr:5|1000001.
Mar 24 10:17:10.087 2023@LM_INFO@TIMEOUT Comm_TCP_Svr_Handler::PreProcessRecvPkg push over cmd:14003, pipe_size:10000000, free_size:9999944, pkg_ptr->send_server_.svr_id_:1000001.
Mar 24 10:17:20.102 2023@LM_ERROR@TIMEOUT_STONE Comm_TCP_Svr_Handler::PreProcessRecvPkg cmd:14003, uin:0, trans_id:0, recv_svr:15|1000001, send_svr:5|1000001.
Mar 24 10:17:20.102 2023@LM_INFO@TIMEOUT Comm_TCP_Svr_Handler::PreProcessRecvPkg push over cmd:14003, pipe_size:10000000, free_size:9999944, pkg_ptr->send_server_.svr_id_:1000001.
Mar 24 10:17:30.090 2023@LM_ERROR@TIMEOUT_STONE Comm_TCP_Svr_Handler::PreProcessRecvPkg cmd:14003, uin:0, trans_id:0, recv_svr:15|1000001, send_svr:5|1000001.
Mar 24 10:17:30.090 2023@LM_INFO@TIMEOUT Comm_TCP_Svr_Handler::PreProcessRecvPkg push over cmd:14003, pipe_size:10000000, free_size:9999944, pkg_ptr->send_server_.svr_id_:1000001.
